diff --git a/config/config.json b/config/config.json
index 264872b..877efbe 100644
--- a/config/config.json
+++ b/config/config.json
@@ -1,12 +1,14 @@
 {
   "detection": {
-    "suspicious_ports": [445, 3389, 5985, 5986],
+    "suspicious_ports": [80, 88, 445, 3389, 5985, 5986],
     "suspicious_extensions": ["exe", "dll", "vbs", "bat", "com", "scr", "pif", "msi"],
     "suspicious_ips": {
       "multicast": "^224\\.0\\.0\\.\\d+",
       "broadcast": "^239\\.255\\.255\\.250",
       "full_broadcast": "^255\\.255\\.255\\.255",
-      "any": "^0\\.0\\.0\\.0"
+      "any": "^0\\.0\\.0\\.0",
+      "lab_range_10": "^10\\.10\\.10\\.",
+      "lab_range_172": "^172\\.18\\.(38|39)\\."
     },
     "suspicious_domains": [
       ".tk", ".ml", ".ga", ".cf",
diff --git a/data/raw/current_dataset.ndjson b/data/raw/current_dataset.ndjson
index 6779091..8a3d280 100644
--- a/data/raw/current_dataset.ndjson
+++ b/data/raw/current_dataset.ndjson
@@ -1,184 +1,4373 @@
-{"SubjectUserName":"wardog","TimeCreated":"2020-10-18 07:50:06.220","SubjectLogonId":"0xc61d9","ResourceAttributes":null,"SubjectDomainName":"WORKSTATION5","PrivilegeList":null,"ObjectServer":null,"ObjectType":null,"SubjectUserSid":"S-1-5-21-3940915590-64593676-1414006259-500","EventID":4689,"Channel":"Security","Task":"13313","ObjectName":null,"AccessMask":null,"Message":"A process has exited.\r\n\r\nSubject:\r\n\tSecurity ID:\t\tS-1-5-21-3940915590-64593676-1414006259-500\r\n\tAccount Name:\t\twardog\r\n\tAccount Domain:\t\tWORKSTATION5\r\n\tLogon ID:\t\t0xC61D9\r\n\r\nProcess Information:\r\n\tProcess ID:\t0x12d8\r\n\tProcess Name:\tC:\\Windows\\System32\\rundll32.exe\r\n\tExit Status:\t0x0","Hostname":"WORKSTATION5","ProcessName":"C:\\Windows\\System32\\rundll32.exe","ProcessId":"0x12d8","AccessReason":null,"RestrictedSidCount":null,"AccessList":null,"SourceName":"Microsoft-Windows-Security-Auditing","HandleId":null,"TransactionId":null,"Status":"0x0","TargetProcessId":null,"SourceHandleId":null,"TargetHandleId":null,"SourceProcessId":null,"CommandLine":null,"NewProcessId":null,"TargetLogonId":null,"TokenElevationType":null,"NewProcessName":null,"MandatoryLabel":null,"ParentProcessName":null,"TargetUserSid":null,"TargetDomainName":null,"TargetUserName":null,"RemoteMachineID":null,"LayerRTID":null,"Direction":null,"DestAddress":null,"RemoteUserID":null,"SourcePort":null,"LayerName":null,"SourceAddress":null,"Protocol":null,"ProcessID":null,"DestPort":null,"FilterRTID":null,"Application":null,"SourceImage":null,"GrantedAccess":null,"SourceThreadId":null,"CallTrace":null,"UtcTime":null,"TargetProcessGUID":null,"RuleName":null,"TargetImage":null,"SourceProcessGUID":null,"ProcessGuid":null,"Image":null,"Details":null,"EventType":null,"TargetObject":null,"TargetFilename":null,"CreationUtcTime":null,"SignatureStatus":null,"Signature":null,"Product":null,"Hashes":null,"ImageLoaded":null,"FileVersion":null,"Description":null,"Company":null,"Signed":null,"OriginalFileName":null}
-{"SubjectUserName":"wardog","TimeCreated":"2020-10-18 07:50:06.191","SubjectLogonId":"0xc61d9","ResourceAttributes":null,"SubjectDomainName":"WORKSTATION5","PrivilegeList":null,"ObjectServer":"Security","ObjectType":null,"SubjectUserSid":"S-1-5-21-3940915590-64593676-1414006259-500","EventID":4658,"Channel":"Security","Task":"12802","ObjectName":null,"AccessMask":null,"Message":"The handle to an object was closed.\r\n\r\nSubject :\r\n\tSecurity ID:\t\tS-1-5-21-3940915590-64593676-1414006259-500\r\n\tAccount Name:\t\twardog\r\n\tAccount Domain:\t\tWORKSTATION5\r\n\tLogon ID:\t\t0xC61D9\r\n\r\nObject:\r\n\tObject Server:\t\tSecurity\r\n\tHandle ID:\t\t0x160\r\n\r\nProcess Information:\r\n\tProcess ID:\t\t0x12d8\r\n\tProcess Name:\t\tC:\\Windows\\System32\\rundll32.exe","Hostname":"WORKSTATION5","ProcessName":"C:\\Windows\\System32\\rundll32.exe","ProcessId":"0x12d8","AccessReason":null,"RestrictedSidCount":null,"AccessList":null,"SourceName":"Microsoft-Windows-Security-Auditing","HandleId":"0x160","TransactionId":null,"Status":null,"TargetProcessId":null,"SourceHandleId":null,"TargetHandleId":null,"SourceProcessId":null,"CommandLine":null,"NewProcessId":null,"TargetLogonId":null,"TokenElevationType":null,"NewProcessName":null,"MandatoryLabel":null,"ParentProcessName":null,"TargetUserSid":null,"TargetDomainName":null,"TargetUserName":null,"RemoteMachineID":null,"LayerRTID":null,"Direction":null,"DestAddress":null,"RemoteUserID":null,"SourcePort":null,"LayerName":null,"SourceAddress":null,"Protocol":null,"ProcessID":null,"DestPort":null,"FilterRTID":null,"Application":null,"SourceImage":null,"GrantedAccess":null,"SourceThreadId":null,"CallTrace":null,"UtcTime":null,"TargetProcessGUID":null,"RuleName":null,"TargetImage":null,"SourceProcessGUID":null,"ProcessGuid":null,"Image":null,"Details":null,"EventType":null,"TargetObject":null,"TargetFilename":null,"CreationUtcTime":null,"SignatureStatus":null,"Signature":null,"Product":null,"Hashes":null,"ImageLoaded":null,"FileVersion":null,"Description":null,"Company":null,"Signed":null,"OriginalFileName":null}
-{"SubjectUserName":"wardog","TimeCreated":"2020-10-18 07:50:06.010","SubjectLogonId":"0xc61d9","ResourceAttributes":"-","SubjectDomainName":"WORKSTATION5","PrivilegeList":null,"ObjectServer":"Security","ObjectType":"Process","SubjectUserSid":"S-1-5-21-3940915590-64593676-1414006259-500","EventID":4663,"Channel":"Security","Task":"12802","ObjectName":"\\Device\\HarddiskVolume2\\Windows\\System32\\lsass.exe","AccessMask":"0x10","Message":"An attempt was made to access an object.\r\n\r\nSubject:\r\n\tSecurity ID:\t\tS-1-5-21-3940915590-64593676-1414006259-500\r\n\tAccount Name:\t\twardog\r\n\tAccount Domain:\t\tWORKSTATION5\r\n\tLogon ID:\t\t0xC61D9\r\n\r\nObject:\r\n\tObject Server:\t\tSecurity\r\n\tObject Type:\t\tProcess\r\n\tObject Name:\t\t\\Device\\HarddiskVolume2\\Windows\\System32\\lsass.exe\r\n\tHandle ID:\t\t0x160\r\n\tResource Attributes:\t-\r\n\r\nProcess Information:\r\n\tProcess ID:\t\t0x12d8\r\n\tProcess Name:\t\tC:\\Windows\\System32\\rundll32.exe\r\n\r\nAccess Request Information:\r\n\tAccesses:\t\tRead from process memory\r\n\t\t\t\t\r\n\tAccess Mask:\t\t0x10","Hostname":"WORKSTATION5","ProcessName":"C:\\Windows\\System32\\rundll32.exe","ProcessId":"0x12d8","AccessReason":null,"RestrictedSidCount":null,"AccessList":"%%4484\n\t\t\t\t","SourceName":"Microsoft-Windows-Security-Auditing","HandleId":"0x160","TransactionId":null,"Status":null,"TargetProcessId":null,"SourceHandleId":null,"TargetHandleId":null,"SourceProcessId":null,"CommandLine":null,"NewProcessId":null,"TargetLogonId":null,"TokenElevationType":null,"NewProcessName":null,"MandatoryLabel":null,"ParentProcessName":null,"TargetUserSid":null,"TargetDomainName":null,"TargetUserName":null,"RemoteMachineID":null,"LayerRTID":null,"Direction":null,"DestAddress":null,"RemoteUserID":null,"SourcePort":null,"LayerName":null,"SourceAddress":null,"Protocol":null,"ProcessID":null,"DestPort":null,"FilterRTID":null,"Application":null,"SourceImage":null,"GrantedAccess":null,"SourceThreadId":null,"CallTrace":null,"UtcTime":null,"TargetProcessGUID":null,"RuleName":null,"TargetImage":null,"SourceProcessGUID":null,"ProcessGuid":null,"Image":null,"Details":null,"EventType":null,"TargetObject":null,"TargetFilename":null,"CreationUtcTime":null,"SignatureStatus":null,"Signature":null,"Product":null,"Hashes":null,"ImageLoaded":null,"FileVersion":null,"Description":null,"Company":null,"Signed":null,"OriginalFileName":null}
-{"SubjectUserName":"wardog","TimeCreated":"2020-10-18 07:50:06.010","SubjectLogonId":"0xc61d9","ResourceAttributes":null,"SubjectDomainName":"WORKSTATION5","PrivilegeList":null,"ObjectServer":"Security","ObjectType":null,"SubjectUserSid":"S-1-5-21-3940915590-64593676-1414006259-500","EventID":4658,"Channel":"Security","Task":"12802","ObjectName":null,"AccessMask":null,"Message":"The handle to an object was closed.\r\n\r\nSubject :\r\n\tSecurity ID:\t\tS-1-5-21-3940915590-64593676-1414006259-500\r\n\tAccount Name:\t\twardog\r\n\tAccount Domain:\t\tWORKSTATION5\r\n\tLogon ID:\t\t0xC61D9\r\n\r\nObject:\r\n\tObject Server:\t\tSecurity\r\n\tHandle ID:\t\t0x170\r\n\r\nProcess Information:\r\n\tProcess ID:\t\t0x12d8\r\n\tProcess Name:\t\tC:\\Windows\\System32\\rundll32.exe","Hostname":"WORKSTATION5","ProcessName":"C:\\Windows\\System32\\rundll32.exe","ProcessId":"0x12d8","AccessReason":null,"RestrictedSidCount":null,"AccessList":null,"SourceName":"Microsoft-Windows-Security-Auditing","HandleId":"0x170","TransactionId":null,"Status":null,"TargetProcessId":null,"SourceHandleId":null,"TargetHandleId":null,"SourceProcessId":null,"CommandLine":null,"NewProcessId":null,"TargetLogonId":null,"TokenElevationType":null,"NewProcessName":null,"MandatoryLabel":null,"ParentProcessName":null,"TargetUserSid":null,"TargetDomainName":null,"TargetUserName":null,"RemoteMachineID":null,"LayerRTID":null,"Direction":null,"DestAddress":null,"RemoteUserID":null,"SourcePort":null,"LayerName":null,"SourceAddress":null,"Protocol":null,"ProcessID":null,"DestPort":null,"FilterRTID":null,"Application":null,"SourceImage":null,"GrantedAccess":null,"SourceThreadId":null,"CallTrace":null,"UtcTime":null,"TargetProcessGUID":null,"RuleName":null,"TargetImage":null,"SourceProcessGUID":null,"ProcessGuid":null,"Image":null,"Details":null,"EventType":null,"TargetObject":null,"TargetFilename":null,"CreationUtcTime":null,"SignatureStatus":null,"Signature":null,"Product":null,"Hashes":null,"ImageLoaded":null,"FileVersion":null,"Description":null,"Company":null,"Signed":null,"OriginalFileName":null}
-{"SubjectUserName":"wardog","TimeCreated":"2020-10-18 07:50:06.009","SubjectLogonId":"0xc61d9","ResourceAttributes":"-","SubjectDomainName":"WORKSTATION5","PrivilegeList":null,"ObjectServer":"Security","ObjectType":"Process","SubjectUserSid":"S-1-5-21-3940915590-64593676-1414006259-500","EventID":4663,"Channel":"Security","Task":"12802","ObjectName":"\\Device\\HarddiskVolume2\\Windows\\System32\\lsass.exe","AccessMask":"0x10","Message":"An attempt was made to access an object.\r\n\r\nSubject:\r\n\tSecurity ID:\t\tS-1-5-21-3940915590-64593676-1414006259-500\r\n\tAccount Name:\t\twardog\r\n\tAccount Domain:\t\tWORKSTATION5\r\n\tLogon ID:\t\t0xC61D9\r\n\r\nObject:\r\n\tObject Server:\t\tSecurity\r\n\tObject Type:\t\tProcess\r\n\tObject Name:\t\t\\Device\\HarddiskVolume2\\Windows\\System32\\lsass.exe\r\n\tHandle ID:\t\t0x170\r\n\tResource Attributes:\t-\r\n\r\nProcess Information:\r\n\tProcess ID:\t\t0x12d8\r\n\tProcess Name:\t\tC:\\Windows\\System32\\rundll32.exe\r\n\r\nAccess Request Information:\r\n\tAccesses:\t\tRead from process memory\r\n\t\t\t\t\r\n\tAccess Mask:\t\t0x10","Hostname":"WORKSTATION5","ProcessName":"C:\\Windows\\System32\\rundll32.exe","ProcessId":"0x12d8","AccessReason":null,"RestrictedSidCount":null,"AccessList":"%%4484\n\t\t\t\t","SourceName":"Microsoft-Windows-Security-Auditing","HandleId":"0x170","TransactionId":null,"Status":null,"TargetProcessId":null,"SourceHandleId":null,"TargetHandleId":null,"SourceProcessId":null,"CommandLine":null,"NewProcessId":null,"TargetLogonId":null,"TokenElevationType":null,"NewProcessName":null,"MandatoryLabel":null,"ParentProcessName":null,"TargetUserSid":null,"TargetDomainName":null,"TargetUserName":null,"RemoteMachineID":null,"LayerRTID":null,"Direction":null,"DestAddress":null,"RemoteUserID":null,"SourcePort":null,"LayerName":null,"SourceAddress":null,"Protocol":null,"ProcessID":null,"DestPort":null,"FilterRTID":null,"Application":null,"SourceImage":null,"GrantedAccess":null,"SourceThreadId":null,"CallTrace":null,"UtcTime":null,"TargetProcessGUID":null,"RuleName":null,"TargetImage":null,"SourceProcessGUID":null,"ProcessGuid":null,"Image":null,"Details":null,"EventType":null,"TargetObject":null,"TargetFilename":null,"CreationUtcTime":null,"SignatureStatus":null,"Signature":null,"Product":null,"Hashes":null,"ImageLoaded":null,"FileVersion":null,"Description":null,"Company":null,"Signed":null,"OriginalFileName":null}
-{"SubjectUserName":"wardog","TimeCreated":"2020-10-18 07:50:06.009","SubjectLogonId":"0xc61d9","ResourceAttributes":"-","SubjectDomainName":"WORKSTATION5","PrivilegeList":"-","ObjectServer":"Security","ObjectType":"Process","SubjectUserSid":"S-1-5-21-3940915590-64593676-1414006259-500","EventID":4656,"Channel":"Security","Task":"12802","ObjectName":"\\Device\\HarddiskVolume2\\Windows\\System32\\lsass.exe","AccessMask":"0x1fffff","Message":"A handle to an object was requested.\r\n\r\nSubject:\r\n\tSecurity ID:\t\tS-1-5-21-3940915590-64593676-1414006259-500\r\n\tAccount Name:\t\twardog\r\n\tAccount Domain:\t\tWORKSTATION5\r\n\tLogon ID:\t\t0xC61D9\r\n\r\nObject:\r\n\tObject Server:\t\tSecurity\r\n\tObject Type:\t\tProcess\r\n\tObject Name:\t\t\\Device\\HarddiskVolume2\\Windows\\System32\\lsass.exe\r\n\tHandle ID:\t\t0x170\r\n\tResource Attributes:\t-\r\n\r\nProcess Information:\r\n\tProcess ID:\t\t0x12d8\r\n\tProcess Name:\t\tC:\\Windows\\System32\\rundll32.exe\r\n\r\nAccess Request Information:\r\n\tTransaction ID:\t\t{00000000-0000-0000-0000-000000000000}\r\n\tAccesses:\t\tDELETE\r\n\t\t\t\tREAD_CONTROL\r\n\t\t\t\tWRITE_DAC\r\n\t\t\t\tWRITE_OWNER\r\n\t\t\t\tSYNCHRONIZE\r\n\t\t\t\tForce process termination\r\n\t\t\t\tCreate new thread in process\r\n\t\t\t\tSet process session ID\r\n\t\t\t\tPerform virtual memory operation\r\n\t\t\t\tRead from process memory\r\n\t\t\t\tWrite to process memory\r\n\t\t\t\tDuplicate handle into or out of process\r\n\t\t\t\tCreate a subprocess of process\r\n\t\t\t\tSet process quotas\r\n\t\t\t\tSet process information\r\n\t\t\t\tQuery process information\r\n\t\t\t\tSet process termination port\r\n\t\t\t\tUndefined Access (no effect) Bit 12\r\n\t\t\t\tUndefined Access (no effect) Bit 13\r\n\t\t\t\tUndefined Access (no effect) Bit 14\r\n\t\t\t\tUndefined Access (no effect) Bit 15\r\n\t\t\t\t\r\n\tAccess Reasons:\t\t-\r\n\tAccess Mask:\t\t0x1FFFFF\r\n\tPrivileges Used for Access Check:\t-\r\n\tRestricted SID Count:\t0","Hostname":"WORKSTATION5","ProcessName":"C:\\Windows\\System32\\rundll32.exe","ProcessId":"0x12d8","AccessReason":"-","RestrictedSidCount":"0","AccessList":"%%1537\n\t\t\t\t%%1538\n\t\t\t\t%%1539\n\t\t\t\t%%1540\n\t\t\t\t%%1541\n\t\t\t\t%%4480\n\t\t\t\t%%4481\n\t\t\t\t%%4482\n\t\t\t\t%%4483\n\t\t\t\t%%4484\n\t\t\t\t%%4485\n\t\t\t\t%%4486\n\t\t\t\t%%4487\n\t\t\t\t%%4488\n\t\t\t\t%%4489\n\t\t\t\t%%4490\n\t\t\t\t%%4491\n\t\t\t\t%%4492\n\t\t\t\t%%4493\n\t\t\t\t%%4494\n\t\t\t\t%%4495\n\t\t\t\t","SourceName":"Microsoft-Windows-Security-Auditing","HandleId":"0x170","TransactionId":"{00000000-0000-0000-0000-000000000000}","Status":null,"TargetProcessId":null,"SourceHandleId":null,"TargetHandleId":null,"SourceProcessId":null,"CommandLine":null,"NewProcessId":null,"TargetLogonId":null,"TokenElevationType":null,"NewProcessName":null,"MandatoryLabel":null,"ParentProcessName":null,"TargetUserSid":null,"TargetDomainName":null,"TargetUserName":null,"RemoteMachineID":null,"LayerRTID":null,"Direction":null,"DestAddress":null,"RemoteUserID":null,"SourcePort":null,"LayerName":null,"SourceAddress":null,"Protocol":null,"ProcessID":null,"DestPort":null,"FilterRTID":null,"Application":null,"SourceImage":null,"GrantedAccess":null,"SourceThreadId":null,"CallTrace":null,"UtcTime":null,"TargetProcessGUID":null,"RuleName":null,"TargetImage":null,"SourceProcessGUID":null,"ProcessGuid":null,"Image":null,"Details":null,"EventType":null,"TargetObject":null,"TargetFilename":null,"CreationUtcTime":null,"SignatureStatus":null,"Signature":null,"Product":null,"Hashes":null,"ImageLoaded":null,"FileVersion":null,"Description":null,"Company":null,"Signed":null,"OriginalFileName":null}
-{"SubjectUserName":"wardog","TimeCreated":"2020-10-18 07:50:06.009","SubjectLogonId":"0xc61d9","ResourceAttributes":null,"SubjectDomainName":"WORKSTATION5","PrivilegeList":null,"ObjectServer":"Security","ObjectType":null,"SubjectUserSid":"S-1-5-21-3940915590-64593676-1414006259-500","EventID":4658,"Channel":"Security","Task":"12802","ObjectName":null,"AccessMask":null,"Message":"The handle to an object was closed.\r\n\r\nSubject :\r\n\tSecurity ID:\t\tS-1-5-21-3940915590-64593676-1414006259-500\r\n\tAccount Name:\t\twardog\r\n\tAccount Domain:\t\tWORKSTATION5\r\n\tLogon ID:\t\t0xC61D9\r\n\r\nObject:\r\n\tObject Server:\t\tSecurity\r\n\tHandle ID:\t\t0x17e0\r\n\r\nProcess Information:\r\n\tProcess ID:\t\t0x12d8\r\n\tProcess Name:\t\tC:\\Windows\\System32\\rundll32.exe","Hostname":"WORKSTATION5","ProcessName":"C:\\Windows\\System32\\rundll32.exe","ProcessId":"0x12d8","AccessReason":null,"RestrictedSidCount":null,"AccessList":null,"SourceName":"Microsoft-Windows-Security-Auditing","HandleId":"0x17e0","TransactionId":null,"Status":null,"TargetProcessId":null,"SourceHandleId":null,"TargetHandleId":null,"SourceProcessId":null,"CommandLine":null,"NewProcessId":null,"TargetLogonId":null,"TokenElevationType":null,"NewProcessName":null,"MandatoryLabel":null,"ParentProcessName":null,"TargetUserSid":null,"TargetDomainName":null,"TargetUserName":null,"RemoteMachineID":null,"LayerRTID":null,"Direction":null,"DestAddress":null,"RemoteUserID":null,"SourcePort":null,"LayerName":null,"SourceAddress":null,"Protocol":null,"ProcessID":null,"DestPort":null,"FilterRTID":null,"Application":null,"SourceImage":null,"GrantedAccess":null,"SourceThreadId":null,"CallTrace":null,"UtcTime":null,"TargetProcessGUID":null,"RuleName":null,"TargetImage":null,"SourceProcessGUID":null,"ProcessGuid":null,"Image":null,"Details":null,"EventType":null,"TargetObject":null,"TargetFilename":null,"CreationUtcTime":null,"SignatureStatus":null,"Signature":null,"Product":null,"Hashes":null,"ImageLoaded":null,"FileVersion":null,"Description":null,"Company":null,"Signed":null,"OriginalFileName":null}
-{"SubjectUserName":"wardog","TimeCreated":"2020-10-18 07:50:06.009","SubjectLogonId":"0xc61d9","ResourceAttributes":null,"SubjectDomainName":"WORKSTATION5","PrivilegeList":null,"ObjectServer":null,"ObjectType":null,"SubjectUserSid":"S-1-5-21-3940915590-64593676-1414006259-500","EventID":4690,"Channel":"Security","Task":"12807","ObjectName":null,"AccessMask":null,"Message":"An attempt was made to duplicate a handle to an object.\r\n\r\nSubject:\r\n\tSecurity ID:\t\tS-1-5-21-3940915590-64593676-1414006259-500\r\n\tAccount Name:\t\twardog\r\n\tAccount Domain:\t\tWORKSTATION5\r\n\tLogon ID:\t\t0xC61D9\r\n\r\nSource Handle Information:\r\n\tSource Handle ID:\t0x170\r\n\tSource Process ID:\t0x12d8\r\n\r\nNew Handle Information:\r\n\tTarget Handle ID:\t0x17e0\r\n\tTarget Process ID:\t0x4","Hostname":"WORKSTATION5","ProcessName":null,"ProcessId":null,"AccessReason":null,"RestrictedSidCount":null,"AccessList":null,"SourceName":"Microsoft-Windows-Security-Auditing","HandleId":null,"TransactionId":null,"Status":null,"TargetProcessId":"0x4","SourceHandleId":"0x170","TargetHandleId":"0x17e0","SourceProcessId":"0x12d8","CommandLine":null,"NewProcessId":null,"TargetLogonId":null,"TokenElevationType":null,"NewProcessName":null,"MandatoryLabel":null,"ParentProcessName":null,"TargetUserSid":null,"TargetDomainName":null,"TargetUserName":null,"RemoteMachineID":null,"LayerRTID":null,"Direction":null,"DestAddress":null,"RemoteUserID":null,"SourcePort":null,"LayerName":null,"SourceAddress":null,"Protocol":null,"ProcessID":null,"DestPort":null,"FilterRTID":null,"Application":null,"SourceImage":null,"GrantedAccess":null,"SourceThreadId":null,"CallTrace":null,"UtcTime":null,"TargetProcessGUID":null,"RuleName":null,"TargetImage":null,"SourceProcessGUID":null,"ProcessGuid":null,"Image":null,"Details":null,"EventType":null,"TargetObject":null,"TargetFilename":null,"CreationUtcTime":null,"SignatureStatus":null,"Signature":null,"Product":null,"Hashes":null,"ImageLoaded":null,"FileVersion":null,"Description":null,"Company":null,"Signed":null,"OriginalFileName":null}
-{"SubjectUserName":"wardog","TimeCreated":"2020-10-18 07:50:05.978","SubjectLogonId":"0xc61d9","ResourceAttributes":"-","SubjectDomainName":"WORKSTATION5","PrivilegeList":"-","ObjectServer":"Security","ObjectType":"Process","SubjectUserSid":"S-1-5-21-3940915590-64593676-1414006259-500","EventID":4656,"Channel":"Security","Task":"12802","ObjectName":"\\Device\\HarddiskVolume2\\Windows\\System32\\lsass.exe","AccessMask":"0x1410","Message":"A handle to an object was requested.\r\n\r\nSubject:\r\n\tSecurity ID:\t\tS-1-5-21-3940915590-64593676-1414006259-500\r\n\tAccount Name:\t\twardog\r\n\tAccount Domain:\t\tWORKSTATION5\r\n\tLogon ID:\t\t0xC61D9\r\n\r\nObject:\r\n\tObject Server:\t\tSecurity\r\n\tObject Type:\t\tProcess\r\n\tObject Name:\t\t\\Device\\HarddiskVolume2\\Windows\\System32\\lsass.exe\r\n\tHandle ID:\t\t0x160\r\n\tResource Attributes:\t-\r\n\r\nProcess Information:\r\n\tProcess ID:\t\t0x12d8\r\n\tProcess Name:\t\tC:\\Windows\\System32\\rundll32.exe\r\n\r\nAccess Request Information:\r\n\tTransaction ID:\t\t{00000000-0000-0000-0000-000000000000}\r\n\tAccesses:\t\tRead from process memory\r\n\t\t\t\tQuery process information\r\n\t\t\t\tUndefined Access (no effect) Bit 12\r\n\t\t\t\t\r\n\tAccess Reasons:\t\t-\r\n\tAccess Mask:\t\t0x1410\r\n\tPrivileges Used for Access Check:\t-\r\n\tRestricted SID Count:\t0","Hostname":"WORKSTATION5","ProcessName":"C:\\Windows\\System32\\rundll32.exe","ProcessId":"0x12d8","AccessReason":"-","RestrictedSidCount":"0","AccessList":"%%4484\n\t\t\t\t%%4490\n\t\t\t\t%%4492\n\t\t\t\t","SourceName":"Microsoft-Windows-Security-Auditing","HandleId":"0x160","TransactionId":"{00000000-0000-0000-0000-000000000000}","Status":null,"TargetProcessId":null,"SourceHandleId":null,"TargetHandleId":null,"SourceProcessId":null,"CommandLine":null,"NewProcessId":null,"TargetLogonId":null,"TokenElevationType":null,"NewProcessName":null,"MandatoryLabel":null,"ParentProcessName":null,"TargetUserSid":null,"TargetDomainName":null,"TargetUserName":null,"RemoteMachineID":null,"LayerRTID":null,"Direction":null,"DestAddress":null,"RemoteUserID":null,"SourcePort":null,"LayerName":null,"SourceAddress":null,"Protocol":null,"ProcessID":null,"DestPort":null,"FilterRTID":null,"Application":null,"SourceImage":null,"GrantedAccess":null,"SourceThreadId":null,"CallTrace":null,"UtcTime":null,"TargetProcessGUID":null,"RuleName":null,"TargetImage":null,"SourceProcessGUID":null,"ProcessGuid":null,"Image":null,"Details":null,"EventType":null,"TargetObject":null,"TargetFilename":null,"CreationUtcTime":null,"SignatureStatus":null,"Signature":null,"Product":null,"Hashes":null,"ImageLoaded":null,"FileVersion":null,"Description":null,"Company":null,"Signed":null,"OriginalFileName":null}
-{"SubjectUserName":"wardog","TimeCreated":"2020-10-18 07:50:05.978","SubjectLogonId":"0xc61d9","ResourceAttributes":null,"SubjectDomainName":"WORKSTATION5","PrivilegeList":null,"ObjectServer":"Security","ObjectType":null,"SubjectUserSid":"S-1-5-21-3940915590-64593676-1414006259-500","EventID":4658,"Channel":"Security","Task":"12802","ObjectName":null,"AccessMask":null,"Message":"The handle to an object was closed.\r\n\r\nSubject :\r\n\tSecurity ID:\t\tS-1-5-21-3940915590-64593676-1414006259-500\r\n\tAccount Name:\t\twardog\r\n\tAccount Domain:\t\tWORKSTATION5\r\n\tLogon ID:\t\t0xC61D9\r\n\r\nObject:\r\n\tObject Server:\t\tSecurity\r\n\tHandle ID:\t\t0x9b0\r\n\r\nProcess Information:\r\n\tProcess ID:\t\t0x12d8\r\n\tProcess Name:\t\tC:\\Windows\\System32\\rundll32.exe","Hostname":"WORKSTATION5","ProcessName":"C:\\Windows\\System32\\rundll32.exe","ProcessId":"0x12d8","AccessReason":null,"RestrictedSidCount":null,"AccessList":null,"SourceName":"Microsoft-Windows-Security-Auditing","HandleId":"0x9b0","TransactionId":null,"Status":null,"TargetProcessId":null,"SourceHandleId":null,"TargetHandleId":null,"SourceProcessId":null,"CommandLine":null,"NewProcessId":null,"TargetLogonId":null,"TokenElevationType":null,"NewProcessName":null,"MandatoryLabel":null,"ParentProcessName":null,"TargetUserSid":null,"TargetDomainName":null,"TargetUserName":null,"RemoteMachineID":null,"LayerRTID":null,"Direction":null,"DestAddress":null,"RemoteUserID":null,"SourcePort":null,"LayerName":null,"SourceAddress":null,"Protocol":null,"ProcessID":null,"DestPort":null,"FilterRTID":null,"Application":null,"SourceImage":null,"GrantedAccess":null,"SourceThreadId":null,"CallTrace":null,"UtcTime":null,"TargetProcessGUID":null,"RuleName":null,"TargetImage":null,"SourceProcessGUID":null,"ProcessGuid":null,"Image":null,"Details":null,"EventType":null,"TargetObject":null,"TargetFilename":null,"CreationUtcTime":null,"SignatureStatus":null,"Signature":null,"Product":null,"Hashes":null,"ImageLoaded":null,"FileVersion":null,"Description":null,"Company":null,"Signed":null,"OriginalFileName":null}
-{"SubjectUserName":"wardog","TimeCreated":"2020-10-18 07:50:05.978","SubjectLogonId":"0xc61d9","ResourceAttributes":null,"SubjectDomainName":"WORKSTATION5","PrivilegeList":null,"ObjectServer":null,"ObjectType":null,"SubjectUserSid":"S-1-5-21-3940915590-64593676-1414006259-500","EventID":4690,"Channel":"Security","Task":"12807","ObjectName":null,"AccessMask":null,"Message":"An attempt was made to duplicate a handle to an object.\r\n\r\nSubject:\r\n\tSecurity ID:\t\tS-1-5-21-3940915590-64593676-1414006259-500\r\n\tAccount Name:\t\twardog\r\n\tAccount Domain:\t\tWORKSTATION5\r\n\tLogon ID:\t\t0xC61D9\r\n\r\nSource Handle Information:\r\n\tSource Handle ID:\t0x160\r\n\tSource Process ID:\t0x12d8\r\n\r\nNew Handle Information:\r\n\tTarget Handle ID:\t0x9b0\r\n\tTarget Process ID:\t0x4","Hostname":"WORKSTATION5","ProcessName":null,"ProcessId":null,"AccessReason":null,"RestrictedSidCount":null,"AccessList":null,"SourceName":"Microsoft-Windows-Security-Auditing","HandleId":null,"TransactionId":null,"Status":null,"TargetProcessId":"0x4","SourceHandleId":"0x160","TargetHandleId":"0x9b0","SourceProcessId":"0x12d8","CommandLine":null,"NewProcessId":null,"TargetLogonId":null,"TokenElevationType":null,"NewProcessName":null,"MandatoryLabel":null,"ParentProcessName":null,"TargetUserSid":null,"TargetDomainName":null,"TargetUserName":null,"RemoteMachineID":null,"LayerRTID":null,"Direction":null,"DestAddress":null,"RemoteUserID":null,"SourcePort":null,"LayerName":null,"SourceAddress":null,"Protocol":null,"ProcessID":null,"DestPort":null,"FilterRTID":null,"Application":null,"SourceImage":null,"GrantedAccess":null,"SourceThreadId":null,"CallTrace":null,"UtcTime":null,"TargetProcessGUID":null,"RuleName":null,"TargetImage":null,"SourceProcessGUID":null,"ProcessGuid":null,"Image":null,"Details":null,"EventType":null,"TargetObject":null,"TargetFilename":null,"CreationUtcTime":null,"SignatureStatus":null,"Signature":null,"Product":null,"Hashes":null,"ImageLoaded":null,"FileVersion":null,"Description":null,"Company":null,"Signed":null,"OriginalFileName":null}
-{"SubjectUserName":"wardog","TimeCreated":"2020-10-18 07:50:05.935","SubjectLogonId":"0xc61d9","ResourceAttributes":null,"SubjectDomainName":"WORKSTATION5","PrivilegeList":null,"ObjectServer":"Security","ObjectType":null,"SubjectUserSid":"S-1-5-21-3940915590-64593676-1414006259-500","EventID":4658,"Channel":"Security","Task":"12801","ObjectName":null,"AccessMask":null,"Message":"The handle to an object was closed.\r\n\r\nSubject :\r\n\tSecurity ID:\t\tS-1-5-21-3940915590-64593676-1414006259-500\r\n\tAccount Name:\t\twardog\r\n\tAccount Domain:\t\tWORKSTATION5\r\n\tLogon ID:\t\t0xC61D9\r\n\r\nObject:\r\n\tObject Server:\t\tSecurity\r\n\tHandle ID:\t\t0x7c\r\n\r\nProcess Information:\r\n\tProcess ID:\t\t0x12d8\r\n\tProcess Name:\t\tC:\\Windows\\System32\\rundll32.exe","Hostname":"WORKSTATION5","ProcessName":"C:\\Windows\\System32\\rundll32.exe","ProcessId":"0x12d8","AccessReason":null,"RestrictedSidCount":null,"AccessList":null,"SourceName":"Microsoft-Windows-Security-Auditing","HandleId":"0x7c","TransactionId":null,"Status":null,"TargetProcessId":null,"SourceHandleId":null,"TargetHandleId":null,"SourceProcessId":null,"CommandLine":null,"NewProcessId":null,"TargetLogonId":null,"TokenElevationType":null,"NewProcessName":null,"MandatoryLabel":null,"ParentProcessName":null,"TargetUserSid":null,"TargetDomainName":null,"TargetUserName":null,"RemoteMachineID":null,"LayerRTID":null,"Direction":null,"DestAddress":null,"RemoteUserID":null,"SourcePort":null,"LayerName":null,"SourceAddress":null,"Protocol":null,"ProcessID":null,"DestPort":null,"FilterRTID":null,"Application":null,"SourceImage":null,"GrantedAccess":null,"SourceThreadId":null,"CallTrace":null,"UtcTime":null,"TargetProcessGUID":null,"RuleName":null,"TargetImage":null,"SourceProcessGUID":null,"ProcessGuid":null,"Image":null,"Details":null,"EventType":null,"TargetObject":null,"TargetFilename":null,"CreationUtcTime":null,"SignatureStatus":null,"Signature":null,"Product":null,"Hashes":null,"ImageLoaded":null,"FileVersion":null,"Description":null,"Company":null,"Signed":null,"OriginalFileName":null}
-{"SubjectUserName":"wardog","TimeCreated":"2020-10-18 07:50:05.935","SubjectLogonId":"0xc61d9","ResourceAttributes":"-","SubjectDomainName":"WORKSTATION5","PrivilegeList":null,"ObjectServer":"Security","ObjectType":"Key","SubjectUserSid":"S-1-5-21-3940915590-64593676-1414006259-500","EventID":4663,"Channel":"Security","Task":"12801","ObjectName":"\\REGISTRY\\MACHINE\\SYSTEM\\ControlSet001\\Control\\Lsa","AccessMask":"0x1","Message":"An attempt was made to access an object.\r\n\r\nSubject:\r\n\tSecurity ID:\t\tS-1-5-21-3940915590-64593676-1414006259-500\r\n\tAccount Name:\t\twardog\r\n\tAccount Domain:\t\tWORKSTATION5\r\n\tLogon ID:\t\t0xC61D9\r\n\r\nObject:\r\n\tObject Server:\t\tSecurity\r\n\tObject Type:\t\tKey\r\n\tObject Name:\t\t\\REGISTRY\\MACHINE\\SYSTEM\\ControlSet001\\Control\\Lsa\r\n\tHandle ID:\t\t0x7c\r\n\tResource Attributes:\t-\r\n\r\nProcess Information:\r\n\tProcess ID:\t\t0x12d8\r\n\tProcess Name:\t\tC:\\Windows\\System32\\rundll32.exe\r\n\r\nAccess Request Information:\r\n\tAccesses:\t\tQuery key value\r\n\t\t\t\t\r\n\tAccess Mask:\t\t0x1","Hostname":"WORKSTATION5","ProcessName":"C:\\Windows\\System32\\rundll32.exe","ProcessId":"0x12d8","AccessReason":null,"RestrictedSidCount":null,"AccessList":"%%4432\n\t\t\t\t","SourceName":"Microsoft-Windows-Security-Auditing","HandleId":"0x7c","TransactionId":null,"Status":null,"TargetProcessId":null,"SourceHandleId":null,"TargetHandleId":null,"SourceProcessId":null,"CommandLine":null,"NewProcessId":null,"TargetLogonId":null,"TokenElevationType":null,"NewProcessName":null,"MandatoryLabel":null,"ParentProcessName":null,"TargetUserSid":null,"TargetDomainName":null,"TargetUserName":null,"RemoteMachineID":null,"LayerRTID":null,"Direction":null,"DestAddress":null,"RemoteUserID":null,"SourcePort":null,"LayerName":null,"SourceAddress":null,"Protocol":null,"ProcessID":null,"DestPort":null,"FilterRTID":null,"Application":null,"SourceImage":null,"GrantedAccess":null,"SourceThreadId":null,"CallTrace":null,"UtcTime":null,"TargetProcessGUID":null,"RuleName":null,"TargetImage":null,"SourceProcessGUID":null,"ProcessGuid":null,"Image":null,"Details":null,"EventType":null,"TargetObject":null,"TargetFilename":null,"CreationUtcTime":null,"SignatureStatus":null,"Signature":null,"Product":null,"Hashes":null,"ImageLoaded":null,"FileVersion":null,"Description":null,"Company":null,"Signed":null,"OriginalFileName":null}
-{"SubjectUserName":"wardog","TimeCreated":"2020-10-18 07:50:05.935","SubjectLogonId":"0xc61d9","ResourceAttributes":"-","SubjectDomainName":"WORKSTATION5","PrivilegeList":"-","ObjectServer":"Security","ObjectType":"Key","SubjectUserSid":"S-1-5-21-3940915590-64593676-1414006259-500","EventID":4656,"Channel":"Security","Task":"12801","ObjectName":"\\REGISTRY\\MACHINE\\SYSTEM\\ControlSet001\\Control\\Lsa","AccessMask":"0x1","Message":"A handle to an object was requested.\r\n\r\nSubject:\r\n\tSecurity ID:\t\tS-1-5-21-3940915590-64593676-1414006259-500\r\n\tAccount Name:\t\twardog\r\n\tAccount Domain:\t\tWORKSTATION5\r\n\tLogon ID:\t\t0xC61D9\r\n\r\nObject:\r\n\tObject Server:\t\tSecurity\r\n\tObject Type:\t\tKey\r\n\tObject Name:\t\t\\REGISTRY\\MACHINE\\SYSTEM\\ControlSet001\\Control\\Lsa\r\n\tHandle ID:\t\t0x7c\r\n\tResource Attributes:\t-\r\n\r\nProcess Information:\r\n\tProcess ID:\t\t0x12d8\r\n\tProcess Name:\t\tC:\\Windows\\System32\\rundll32.exe\r\n\r\nAccess Request Information:\r\n\tTransaction ID:\t\t{00000000-0000-0000-0000-000000000000}\r\n\tAccesses:\t\tQuery key value\r\n\t\t\t\t\r\n\tAccess Reasons:\t\t-\r\n\tAccess Mask:\t\t0x1\r\n\tPrivileges Used for Access Check:\t-\r\n\tRestricted SID Count:\t0","Hostname":"WORKSTATION5","ProcessName":"C:\\Windows\\System32\\rundll32.exe","ProcessId":"0x12d8","AccessReason":"-","RestrictedSidCount":"0","AccessList":"%%4432\n\t\t\t\t","SourceName":"Microsoft-Windows-Security-Auditing","HandleId":"0x7c","TransactionId":"{00000000-0000-0000-0000-000000000000}","Status":null,"TargetProcessId":null,"SourceHandleId":null,"TargetHandleId":null,"SourceProcessId":null,"CommandLine":null,"NewProcessId":null,"TargetLogonId":null,"TokenElevationType":null,"NewProcessName":null,"MandatoryLabel":null,"ParentProcessName":null,"TargetUserSid":null,"TargetDomainName":null,"TargetUserName":null,"RemoteMachineID":null,"LayerRTID":null,"Direction":null,"DestAddress":null,"RemoteUserID":null,"SourcePort":null,"LayerName":null,"SourceAddress":null,"Protocol":null,"ProcessID":null,"DestPort":null,"FilterRTID":null,"Application":null,"SourceImage":null,"GrantedAccess":null,"SourceThreadId":null,"CallTrace":null,"UtcTime":null,"TargetProcessGUID":null,"RuleName":null,"TargetImage":null,"SourceProcessGUID":null,"ProcessGuid":null,"Image":null,"Details":null,"EventType":null,"TargetObject":null,"TargetFilename":null,"CreationUtcTime":null,"SignatureStatus":null,"Signature":null,"Product":null,"Hashes":null,"ImageLoaded":null,"FileVersion":null,"Description":null,"Company":null,"Signed":null,"OriginalFileName":null}
-{"SubjectUserName":"wardog","TimeCreated":"2020-10-18 07:50:05.935","SubjectLogonId":"0xc61d9","ResourceAttributes":null,"SubjectDomainName":"WORKSTATION5","PrivilegeList":null,"ObjectServer":"Security","ObjectType":null,"SubjectUserSid":"S-1-5-21-3940915590-64593676-1414006259-500","EventID":4658,"Channel":"Security","Task":"12801","ObjectName":null,"AccessMask":null,"Message":"The handle to an object was closed.\r\n\r\nSubject :\r\n\tSecurity ID:\t\tS-1-5-21-3940915590-64593676-1414006259-500\r\n\tAccount Name:\t\twardog\r\n\tAccount Domain:\t\tWORKSTATION5\r\n\tLogon ID:\t\t0xC61D9\r\n\r\nObject:\r\n\tObject Server:\t\tSecurity\r\n\tHandle ID:\t\t0x289c\r\n\r\nProcess Information:\r\n\tProcess ID:\t\t0x12d8\r\n\tProcess Name:\t\tC:\\Windows\\System32\\rundll32.exe","Hostname":"WORKSTATION5","ProcessName":"C:\\Windows\\System32\\rundll32.exe","ProcessId":"0x12d8","AccessReason":null,"RestrictedSidCount":null,"AccessList":null,"SourceName":"Microsoft-Windows-Security-Auditing","HandleId":"0x289c","TransactionId":null,"Status":null,"TargetProcessId":null,"SourceHandleId":null,"TargetHandleId":null,"SourceProcessId":null,"CommandLine":null,"NewProcessId":null,"TargetLogonId":null,"TokenElevationType":null,"NewProcessName":null,"MandatoryLabel":null,"ParentProcessName":null,"TargetUserSid":null,"TargetDomainName":null,"TargetUserName":null,"RemoteMachineID":null,"LayerRTID":null,"Direction":null,"DestAddress":null,"RemoteUserID":null,"SourcePort":null,"LayerName":null,"SourceAddress":null,"Protocol":null,"ProcessID":null,"DestPort":null,"FilterRTID":null,"Application":null,"SourceImage":null,"GrantedAccess":null,"SourceThreadId":null,"CallTrace":null,"UtcTime":null,"TargetProcessGUID":null,"RuleName":null,"TargetImage":null,"SourceProcessGUID":null,"ProcessGuid":null,"Image":null,"Details":null,"EventType":null,"TargetObject":null,"TargetFilename":null,"CreationUtcTime":null,"SignatureStatus":null,"Signature":null,"Product":null,"Hashes":null,"ImageLoaded":null,"FileVersion":null,"Description":null,"Company":null,"Signed":null,"OriginalFileName":null}
-{"SubjectUserName":"wardog","TimeCreated":"2020-10-18 07:50:05.935","SubjectLogonId":"0xc61d9","ResourceAttributes":null,"SubjectDomainName":"WORKSTATION5","PrivilegeList":null,"ObjectServer":null,"ObjectType":null,"SubjectUserSid":"S-1-5-21-3940915590-64593676-1414006259-500","EventID":4690,"Channel":"Security","Task":"12807","ObjectName":null,"AccessMask":null,"Message":"An attempt was made to duplicate a handle to an object.\r\n\r\nSubject:\r\n\tSecurity ID:\t\tS-1-5-21-3940915590-64593676-1414006259-500\r\n\tAccount Name:\t\twardog\r\n\tAccount Domain:\t\tWORKSTATION5\r\n\tLogon ID:\t\t0xC61D9\r\n\r\nSource Handle Information:\r\n\tSource Handle ID:\t0x7c\r\n\tSource Process ID:\t0x12d8\r\n\r\nNew Handle Information:\r\n\tTarget Handle ID:\t0x289c\r\n\tTarget Process ID:\t0x4","Hostname":"WORKSTATION5","ProcessName":null,"ProcessId":null,"AccessReason":null,"RestrictedSidCount":null,"AccessList":null,"SourceName":"Microsoft-Windows-Security-Auditing","HandleId":null,"TransactionId":null,"Status":null,"TargetProcessId":"0x4","SourceHandleId":"0x7c","TargetHandleId":"0x289c","SourceProcessId":"0x12d8","CommandLine":null,"NewProcessId":null,"TargetLogonId":null,"TokenElevationType":null,"NewProcessName":null,"MandatoryLabel":null,"ParentProcessName":null,"TargetUserSid":null,"TargetDomainName":null,"TargetUserName":null,"RemoteMachineID":null,"LayerRTID":null,"Direction":null,"DestAddress":null,"RemoteUserID":null,"SourcePort":null,"LayerName":null,"SourceAddress":null,"Protocol":null,"ProcessID":null,"DestPort":null,"FilterRTID":null,"Application":null,"SourceImage":null,"GrantedAccess":null,"SourceThreadId":null,"CallTrace":null,"UtcTime":null,"TargetProcessGUID":null,"RuleName":null,"TargetImage":null,"SourceProcessGUID":null,"ProcessGuid":null,"Image":null,"Details":null,"EventType":null,"TargetObject":null,"TargetFilename":null,"CreationUtcTime":null,"SignatureStatus":null,"Signature":null,"Product":null,"Hashes":null,"ImageLoaded":null,"FileVersion":null,"Description":null,"Company":null,"Signed":null,"OriginalFileName":null}
-{"SubjectUserName":"wardog","TimeCreated":"2020-10-18 07:50:05.910","SubjectLogonId":"0xc61d9","ResourceAttributes":null,"SubjectDomainName":"WORKSTATION5","PrivilegeList":null,"ObjectServer":null,"ObjectType":null,"SubjectUserSid":"S-1-5-21-3940915590-64593676-1414006259-500","EventID":4688,"Channel":"Security","Task":"13312","ObjectName":null,"AccessMask":null,"Message":"A new process has been created.\r\n\r\nCreator Subject:\r\n\tSecurity ID:\t\tS-1-5-21-3940915590-64593676-1414006259-500\r\n\tAccount Name:\t\twardog\r\n\tAccount Domain:\t\tWORKSTATION5\r\n\tLogon ID:\t\t0xC61D9\r\n\r\nTarget Subject:\r\n\tSecurity ID:\t\tS-1-0-0\r\n\tAccount Name:\t\t-\r\n\tAccount Domain:\t\t-\r\n\tLogon ID:\t\t0x0\r\n\r\nProcess Information:\r\n\tNew Process ID:\t\t0x12d8\r\n\tNew Process Name:\tC:\\Windows\\System32\\rundll32.exe\r\n\tToken Elevation Type:\t%%1936\r\n\tMandatory Label:\t\tS-1-16-12288\r\n\tCreator Process ID:\t0x17d4\r\n\tCreator Process Name:\tC:\\Windows\\System32\\WindowsPowerShell\\v1.0\\powershell.exe\r\n\tProcess Command Line:\t\"C:\\Windows\\System32\\rundll32.exe\" C:\\windows\\System32\\comsvcs.dll MiniDump 756 C:\\Users\\wardog\\AppData\\Local\\Temp\\lsass-comsvcs.dmp full\r\n\r\nToken Elevation Type indicates the type of token that was assigned to the new process in accordance with User Account Control policy.\r\n\r\nType 1 is a full token with no privileges removed or groups disabled.  A full token is only used if User Account Control is disabled or if the user is the built-in Administrator account or a service account.\r\n\r\nType 2 is an elevated token with no privileges removed or groups disabled.  An elevated token is used when User Account Control is enabled and the user chooses to start the program using Run as administrator.  An elevated token is also used when an application is configured to always require administrative privilege or to always require maximum privilege, and the user is a member of the Administrators group.\r\n\r\nType 3 is a limited token with administrative privileges removed and administrative groups disabled.  The limited token is used when User Account Control is enabled, the application does not require administrative privilege, and the user does not choose to start the program using Run as administrator.","Hostname":"WORKSTATION5","ProcessName":null,"ProcessId":"0x17d4","AccessReason":null,"RestrictedSidCount":null,"AccessList":null,"SourceName":"Microsoft-Windows-Security-Auditing","HandleId":null,"TransactionId":null,"Status":null,"TargetProcessId":null,"SourceHandleId":null,"TargetHandleId":null,"SourceProcessId":null,"CommandLine":"\"C:\\Windows\\System32\\rundll32.exe\" C:\\windows\\System32\\comsvcs.dll MiniDump 756 C:\\Users\\wardog\\AppData\\Local\\Temp\\lsass-comsvcs.dmp full","NewProcessId":"0x12d8","TargetLogonId":"0x0","TokenElevationType":"%%1936","NewProcessName":"C:\\Windows\\System32\\rundll32.exe","MandatoryLabel":"S-1-16-12288","ParentProcessName":"C:\\Windows\\System32\\WindowsPowerShell\\v1.0\\powershell.exe","TargetUserSid":"S-1-0-0","TargetDomainName":"-","TargetUserName":"-","RemoteMachineID":null,"LayerRTID":null,"Direction":null,"DestAddress":null,"RemoteUserID":null,"SourcePort":null,"LayerName":null,"SourceAddress":null,"Protocol":null,"ProcessID":null,"DestPort":null,"FilterRTID":null,"Application":null,"SourceImage":null,"GrantedAccess":null,"SourceThreadId":null,"CallTrace":null,"UtcTime":null,"TargetProcessGUID":null,"RuleName":null,"TargetImage":null,"SourceProcessGUID":null,"ProcessGuid":null,"Image":null,"Details":null,"EventType":null,"TargetObject":null,"TargetFilename":null,"CreationUtcTime":null,"SignatureStatus":null,"Signature":null,"Product":null,"Hashes":null,"ImageLoaded":null,"FileVersion":null,"Description":null,"Company":null,"Signed":null,"OriginalFileName":null}
-{"SubjectUserName":"wardog","TimeCreated":"2020-10-18 07:50:05.839","SubjectLogonId":"0xc61d9","ResourceAttributes":null,"SubjectDomainName":"WORKSTATION5","PrivilegeList":null,"ObjectServer":"Security","ObjectType":null,"SubjectUserSid":"S-1-5-21-3940915590-64593676-1414006259-500","EventID":4658,"Channel":"Security","Task":"12801","ObjectName":null,"AccessMask":null,"Message":"The handle to an object was closed.\r\n\r\nSubject :\r\n\tSecurity ID:\t\tS-1-5-21-3940915590-64593676-1414006259-500\r\n\tAccount Name:\t\twardog\r\n\tAccount Domain:\t\tWORKSTATION5\r\n\tLogon ID:\t\t0xC61D9\r\n\r\nObject:\r\n\tObject Server:\t\tSecurity\r\n\tHandle ID:\t\t0x8f8\r\n\r\nProcess Information:\r\n\tProcess ID:\t\t0x17d4\r\n\tProcess Name:\t\tC:\\Windows\\System32\\WindowsPowerShell\\v1.0\\powershell.exe","Hostname":"WORKSTATION5","ProcessName":"C:\\Windows\\System32\\WindowsPowerShell\\v1.0\\powershell.exe","ProcessId":"0x17d4","AccessReason":null,"RestrictedSidCount":null,"AccessList":null,"SourceName":"Microsoft-Windows-Security-Auditing","HandleId":"0x8f8","TransactionId":null,"Status":null,"TargetProcessId":null,"SourceHandleId":null,"TargetHandleId":null,"SourceProcessId":null,"CommandLine":null,"NewProcessId":null,"TargetLogonId":null,"TokenElevationType":null,"NewProcessName":null,"MandatoryLabel":null,"ParentProcessName":null,"TargetUserSid":null,"TargetDomainName":null,"TargetUserName":null,"RemoteMachineID":null,"LayerRTID":null,"Direction":null,"DestAddress":null,"RemoteUserID":null,"SourcePort":null,"LayerName":null,"SourceAddress":null,"Protocol":null,"ProcessID":null,"DestPort":null,"FilterRTID":null,"Application":null,"SourceImage":null,"GrantedAccess":null,"SourceThreadId":null,"CallTrace":null,"UtcTime":null,"TargetProcessGUID":null,"RuleName":null,"TargetImage":null,"SourceProcessGUID":null,"ProcessGuid":null,"Image":null,"Details":null,"EventType":null,"TargetObject":null,"TargetFilename":null,"CreationUtcTime":null,"SignatureStatus":null,"Signature":null,"Product":null,"Hashes":null,"ImageLoaded":null,"FileVersion":null,"Description":null,"Company":null,"Signed":null,"OriginalFileName":null}
-{"SubjectUserName":"wardog","TimeCreated":"2020-10-18 07:50:05.839","SubjectLogonId":"0xc61d9","ResourceAttributes":"-","SubjectDomainName":"WORKSTATION5","PrivilegeList":null,"ObjectServer":"Security","ObjectType":"Key","SubjectUserSid":"S-1-5-21-3940915590-64593676-1414006259-500","EventID":4663,"Channel":"Security","Task":"12801","ObjectName":"\\REGISTRY\\MACHINE\\SYSTEM\\ControlSet001\\Control\\Session Manager\\Environment","AccessMask":"0x1","Message":"An attempt was made to access an object.\r\n\r\nSubject:\r\n\tSecurity ID:\t\tS-1-5-21-3940915590-64593676-1414006259-500\r\n\tAccount Name:\t\twardog\r\n\tAccount Domain:\t\tWORKSTATION5\r\n\tLogon ID:\t\t0xC61D9\r\n\r\nObject:\r\n\tObject Server:\t\tSecurity\r\n\tObject Type:\t\tKey\r\n\tObject Name:\t\t\\REGISTRY\\MACHINE\\SYSTEM\\ControlSet001\\Control\\Session Manager\\Environment\r\n\tHandle ID:\t\t0x8f8\r\n\tResource Attributes:\t-\r\n\r\nProcess Information:\r\n\tProcess ID:\t\t0x17d4\r\n\tProcess Name:\t\tC:\\Windows\\System32\\WindowsPowerShell\\v1.0\\powershell.exe\r\n\r\nAccess Request Information:\r\n\tAccesses:\t\tQuery key value\r\n\t\t\t\t\r\n\tAccess Mask:\t\t0x1","Hostname":"WORKSTATION5","ProcessName":"C:\\Windows\\System32\\WindowsPowerShell\\v1.0\\powershell.exe","ProcessId":"0x17d4","AccessReason":null,"RestrictedSidCount":null,"AccessList":"%%4432\n\t\t\t\t","SourceName":"Microsoft-Windows-Security-Auditing","HandleId":"0x8f8","TransactionId":null,"Status":null,"TargetProcessId":null,"SourceHandleId":null,"TargetHandleId":null,"SourceProcessId":null,"CommandLine":null,"NewProcessId":null,"TargetLogonId":null,"TokenElevationType":null,"NewProcessName":null,"MandatoryLabel":null,"ParentProcessName":null,"TargetUserSid":null,"TargetDomainName":null,"TargetUserName":null,"RemoteMachineID":null,"LayerRTID":null,"Direction":null,"DestAddress":null,"RemoteUserID":null,"SourcePort":null,"LayerName":null,"SourceAddress":null,"Protocol":null,"ProcessID":null,"DestPort":null,"FilterRTID":null,"Application":null,"SourceImage":null,"GrantedAccess":null,"SourceThreadId":null,"CallTrace":null,"UtcTime":null,"TargetProcessGUID":null,"RuleName":null,"TargetImage":null,"SourceProcessGUID":null,"ProcessGuid":null,"Image":null,"Details":null,"EventType":null,"TargetObject":null,"TargetFilename":null,"CreationUtcTime":null,"SignatureStatus":null,"Signature":null,"Product":null,"Hashes":null,"ImageLoaded":null,"FileVersion":null,"Description":null,"Company":null,"Signed":null,"OriginalFileName":null}
-{"SubjectUserName":"wardog","TimeCreated":"2020-10-18 07:50:05.839","SubjectLogonId":"0xc61d9","ResourceAttributes":"-","SubjectDomainName":"WORKSTATION5","PrivilegeList":"-","ObjectServer":"Security","ObjectType":"Key","SubjectUserSid":"S-1-5-21-3940915590-64593676-1414006259-500","EventID":4656,"Channel":"Security","Task":"12801","ObjectName":"\\REGISTRY\\MACHINE\\SYSTEM\\ControlSet001\\Control\\Session Manager\\Environment","AccessMask":"0x20019","Message":"A handle to an object was requested.\r\n\r\nSubject:\r\n\tSecurity ID:\t\tS-1-5-21-3940915590-64593676-1414006259-500\r\n\tAccount Name:\t\twardog\r\n\tAccount Domain:\t\tWORKSTATION5\r\n\tLogon ID:\t\t0xC61D9\r\n\r\nObject:\r\n\tObject Server:\t\tSecurity\r\n\tObject Type:\t\tKey\r\n\tObject Name:\t\t\\REGISTRY\\MACHINE\\SYSTEM\\ControlSet001\\Control\\Session Manager\\Environment\r\n\tHandle ID:\t\t0x8f8\r\n\tResource Attributes:\t-\r\n\r\nProcess Information:\r\n\tProcess ID:\t\t0x17d4\r\n\tProcess Name:\t\tC:\\Windows\\System32\\WindowsPowerShell\\v1.0\\powershell.exe\r\n\r\nAccess Request Information:\r\n\tTransaction ID:\t\t{00000000-0000-0000-0000-000000000000}\r\n\tAccesses:\t\tREAD_CONTROL\r\n\t\t\t\tQuery key value\r\n\t\t\t\tEnumerate sub-keys\r\n\t\t\t\tNotify about changes to keys\r\n\t\t\t\t\r\n\tAccess Reasons:\t\t-\r\n\tAccess Mask:\t\t0x20019\r\n\tPrivileges Used for Access Check:\t-\r\n\tRestricted SID Count:\t0","Hostname":"WORKSTATION5","ProcessName":"C:\\Windows\\System32\\WindowsPowerShell\\v1.0\\powershell.exe","ProcessId":"0x17d4","AccessReason":"-","RestrictedSidCount":"0","AccessList":"%%1538\n\t\t\t\t%%4432\n\t\t\t\t%%4435\n\t\t\t\t%%4436\n\t\t\t\t","SourceName":"Microsoft-Windows-Security-Auditing","HandleId":"0x8f8","TransactionId":"{00000000-0000-0000-0000-000000000000}","Status":null,"TargetProcessId":null,"SourceHandleId":null,"TargetHandleId":null,"SourceProcessId":null,"CommandLine":null,"NewProcessId":null,"TargetLogonId":null,"TokenElevationType":null,"NewProcessName":null,"MandatoryLabel":null,"ParentProcessName":null,"TargetUserSid":null,"TargetDomainName":null,"TargetUserName":null,"RemoteMachineID":null,"LayerRTID":null,"Direction":null,"DestAddress":null,"RemoteUserID":null,"SourcePort":null,"LayerName":null,"SourceAddress":null,"Protocol":null,"ProcessID":null,"DestPort":null,"FilterRTID":null,"Application":null,"SourceImage":null,"GrantedAccess":null,"SourceThreadId":null,"CallTrace":null,"UtcTime":null,"TargetProcessGUID":null,"RuleName":null,"TargetImage":null,"SourceProcessGUID":null,"ProcessGuid":null,"Image":null,"Details":null,"EventType":null,"TargetObject":null,"TargetFilename":null,"CreationUtcTime":null,"SignatureStatus":null,"Signature":null,"Product":null,"Hashes":null,"ImageLoaded":null,"FileVersion":null,"Description":null,"Company":null,"Signed":null,"OriginalFileName":null}
