-{"SubjectUserName":"wardog","TimeCreated":"2020-10-18 07:50:05.839","SubjectLogonId":"0xc61d9","ResourceAttributes":null,"SubjectDomainName":"WORKSTATION5","PrivilegeList":null,"ObjectServer":"Security","ObjectType":null,"SubjectUserSid":"S-1-5-21-3940915590-64593676-1414006259-500","EventID":4658,"Channel":"Security","Task":"12801","ObjectName":null,"AccessMask":null,"Message":"The handle to an object was closed.\r\n\r\nSubject :\r\n\tSecurity ID:\t\tS-1-5-21-3940915590-64593676-1414006259-500\r\n\tAccount Name:\t\twardog\r\n\tAccount Domain:\t\tWORKSTATION5\r\n\tLogon ID:\t\t0xC61D9\r\n\r\nObject:\r\n\tObject Server:\t\tSecurity\r\n\tHandle ID:\t\t0x3458\r\n\r\nProcess Information:\r\n\tProcess ID:\t\t0x17d4\r\n\tProcess Name:\t\tC:\\Windows\\System32\\WindowsPowerShell\\v1.0\\powershell.exe","Hostname":"WORKSTATION5","ProcessName":"C:\\Windows\\System32\\WindowsPowerShell\\v1.0\\powershell.exe","ProcessId":"0x17d4","AccessReason":null,"RestrictedSidCount":null,"AccessList":null,"SourceName":"Microsoft-Windows-Security-Auditing","HandleId":"0x3458","TransactionId":null,"Status":null,"TargetProcessId":null,"SourceHandleId":null,"TargetHandleId":null,"SourceProcessId":null,"CommandLine":null,"NewProcessId":null,"TargetLogonId":null,"TokenElevationType":null,"NewProcessName":null,"MandatoryLabel":null,"ParentProcessName":null,"TargetUserSid":null,"TargetDomainName":null,"TargetUserName":null,"RemoteMachineID":null,"LayerRTID":null,"Direction":null,"DestAddress":null,"RemoteUserID":null,"SourcePort":null,"LayerName":null,"SourceAddress":null,"Protocol":null,"ProcessID":null,"DestPort":null,"FilterRTID":null,"Application":null,"SourceImage":null,"GrantedAccess":null,"SourceThreadId":null,"CallTrace":null,"UtcTime":null,"TargetProcessGUID":null,"RuleName":null,"TargetImage":null,"SourceProcessGUID":null,"ProcessGuid":null,"Image":null,"Details":null,"EventType":null,"TargetObject":null,"TargetFilename":null,"CreationUtcTime":null,"SignatureStatus":null,"Signature":null,"Product":null,"Hashes":null,"ImageLoaded":null,"FileVersion":null,"Description":null,"Company":null,"Signed":null,"OriginalFileName":null}
-{"SubjectUserName":"wardog","TimeCreated":"2020-10-18 07:50:05.839","SubjectLogonId":"0xc61d9","ResourceAttributes":null,"SubjectDomainName":"WORKSTATION5","PrivilegeList":null,"ObjectServer":null,"ObjectType":null,"SubjectUserSid":"S-1-5-21-3940915590-64593676-1414006259-500","EventID":4690,"Channel":"Security","Task":"12807","ObjectName":null,"AccessMask":null,"Message":"An attempt was made to duplicate a handle to an object.\r\n\r\nSubject:\r\n\tSecurity ID:\t\tS-1-5-21-3940915590-64593676-1414006259-500\r\n\tAccount Name:\t\twardog\r\n\tAccount Domain:\t\tWORKSTATION5\r\n\tLogon ID:\t\t0xC61D9\r\n\r\nSource Handle Information:\r\n\tSource Handle ID:\t0x8f8\r\n\tSource Process ID:\t0x17d4\r\n\r\nNew Handle Information:\r\n\tTarget Handle ID:\t0x3458\r\n\tTarget Process ID:\t0x4","Hostname":"WORKSTATION5","ProcessName":null,"ProcessId":null,"AccessReason":null,"RestrictedSidCount":null,"AccessList":null,"SourceName":"Microsoft-Windows-Security-Auditing","HandleId":null,"TransactionId":null,"Status":null,"TargetProcessId":"0x4","SourceHandleId":"0x8f8","TargetHandleId":"0x3458","SourceProcessId":"0x17d4","CommandLine":null,"NewProcessId":null,"TargetLogonId":null,"TokenElevationType":null,"NewProcessName":null,"MandatoryLabel":null,"ParentProcessName":null,"TargetUserSid":null,"TargetDomainName":null,"TargetUserName":null,"RemoteMachineID":null,"LayerRTID":null,"Direction":null,"DestAddress":null,"RemoteUserID":null,"SourcePort":null,"LayerName":null,"SourceAddress":null,"Protocol":null,"ProcessID":null,"DestPort":null,"FilterRTID":null,"Application":null,"SourceImage":null,"GrantedAccess":null,"SourceThreadId":null,"CallTrace":null,"UtcTime":null,"TargetProcessGUID":null,"RuleName":null,"TargetImage":null,"SourceProcessGUID":null,"ProcessGuid":null,"Image":null,"Details":null,"EventType":null,"TargetObject":null,"TargetFilename":null,"CreationUtcTime":null,"SignatureStatus":null,"Signature":null,"Product":null,"Hashes":null,"ImageLoaded":null,"FileVersion":null,"Description":null,"Company":null,"Signed":null,"OriginalFileName":null}
-{"SubjectUserName":"wardog","TimeCreated":"2020-10-18 07:50:05.838","SubjectLogonId":"0xc61d9","ResourceAttributes":null,"SubjectDomainName":"WORKSTATION5","PrivilegeList":null,"ObjectServer":"Security","ObjectType":null,"SubjectUserSid":"S-1-5-21-3940915590-64593676-1414006259-500","EventID":4658,"Channel":"Security","Task":"12801","ObjectName":null,"AccessMask":null,"Message":"The handle to an object was closed.\r\n\r\nSubject :\r\n\tSecurity ID:\t\tS-1-5-21-3940915590-64593676-1414006259-500\r\n\tAccount Name:\t\twardog\r\n\tAccount Domain:\t\tWORKSTATION5\r\n\tLogon ID:\t\t0xC61D9\r\n\r\nObject:\r\n\tObject Server:\t\tSecurity\r\n\tHandle ID:\t\t0x8fc\r\n\r\nProcess Information:\r\n\tProcess ID:\t\t0x17d4\r\n\tProcess Name:\t\tC:\\Windows\\System32\\WindowsPowerShell\\v1.0\\powershell.exe","Hostname":"WORKSTATION5","ProcessName":"C:\\Windows\\System32\\WindowsPowerShell\\v1.0\\powershell.exe","ProcessId":"0x17d4","AccessReason":null,"RestrictedSidCount":null,"AccessList":null,"SourceName":"Microsoft-Windows-Security-Auditing","HandleId":"0x8fc","TransactionId":null,"Status":null,"TargetProcessId":null,"SourceHandleId":null,"TargetHandleId":null,"SourceProcessId":null,"CommandLine":null,"NewProcessId":null,"TargetLogonId":null,"TokenElevationType":null,"NewProcessName":null,"MandatoryLabel":null,"ParentProcessName":null,"TargetUserSid":null,"TargetDomainName":null,"TargetUserName":null,"RemoteMachineID":null,"LayerRTID":null,"Direction":null,"DestAddress":null,"RemoteUserID":null,"SourcePort":null,"LayerName":null,"SourceAddress":null,"Protocol":null,"ProcessID":null,"DestPort":null,"FilterRTID":null,"Application":null,"SourceImage":null,"GrantedAccess":null,"SourceThreadId":null,"CallTrace":null,"UtcTime":null,"TargetProcessGUID":null,"RuleName":null,"TargetImage":null,"SourceProcessGUID":null,"ProcessGuid":null,"Image":null,"Details":null,"EventType":null,"TargetObject":null,"TargetFilename":null,"CreationUtcTime":null,"SignatureStatus":null,"Signature":null,"Product":null,"Hashes":null,"ImageLoaded":null,"FileVersion":null,"Description":null,"Company":null,"Signed":null,"OriginalFileName":null}
-{"SubjectUserName":"wardog","TimeCreated":"2020-10-18 07:50:05.838","SubjectLogonId":"0xc61d9","ResourceAttributes":"-","SubjectDomainName":"WORKSTATION5","PrivilegeList":null,"ObjectServer":"Security","ObjectType":"Key","SubjectUserSid":"S-1-5-21-3940915590-64593676-1414006259-500","EventID":4663,"Channel":"Security","Task":"12801","ObjectName":"\\REGISTRY\\MACHINE\\SYSTEM\\ControlSet001\\Control\\Session Manager\\Environment","AccessMask":"0x1","Message":"An attempt was made to access an object.\r\n\r\nSubject:\r\n\tSecurity ID:\t\tS-1-5-21-3940915590-64593676-1414006259-500\r\n\tAccount Name:\t\twardog\r\n\tAccount Domain:\t\tWORKSTATION5\r\n\tLogon ID:\t\t0xC61D9\r\n\r\nObject:\r\n\tObject Server:\t\tSecurity\r\n\tObject Type:\t\tKey\r\n\tObject Name:\t\t\\REGISTRY\\MACHINE\\SYSTEM\\ControlSet001\\Control\\Session Manager\\Environment\r\n\tHandle ID:\t\t0x8fc\r\n\tResource Attributes:\t-\r\n\r\nProcess Information:\r\n\tProcess ID:\t\t0x17d4\r\n\tProcess Name:\t\tC:\\Windows\\System32\\WindowsPowerShell\\v1.0\\powershell.exe\r\n\r\nAccess Request Information:\r\n\tAccesses:\t\tQuery key value\r\n\t\t\t\t\r\n\tAccess Mask:\t\t0x1","Hostname":"WORKSTATION5","ProcessName":"C:\\Windows\\System32\\WindowsPowerShell\\v1.0\\powershell.exe","ProcessId":"0x17d4","AccessReason":null,"RestrictedSidCount":null,"AccessList":"%%4432\n\t\t\t\t","SourceName":"Microsoft-Windows-Security-Auditing","HandleId":"0x8fc","TransactionId":null,"Status":null,"TargetProcessId":null,"SourceHandleId":null,"TargetHandleId":null,"SourceProcessId":null,"CommandLine":null,"NewProcessId":null,"TargetLogonId":null,"TokenElevationType":null,"NewProcessName":null,"MandatoryLabel":null,"ParentProcessName":null,"TargetUserSid":null,"TargetDomainName":null,"TargetUserName":null,"RemoteMachineID":null,"LayerRTID":null,"Direction":null,"DestAddress":null,"RemoteUserID":null,"SourcePort":null,"LayerName":null,"SourceAddress":null,"Protocol":null,"ProcessID":null,"DestPort":null,"FilterRTID":null,"Application":null,"SourceImage":null,"GrantedAccess":null,"SourceThreadId":null,"CallTrace":null,"UtcTime":null,"TargetProcessGUID":null,"RuleName":null,"TargetImage":null,"SourceProcessGUID":null,"ProcessGuid":null,"Image":null,"Details":null,"EventType":null,"TargetObject":null,"TargetFilename":null,"CreationUtcTime":null,"SignatureStatus":null,"Signature":null,"Product":null,"Hashes":null,"ImageLoaded":null,"FileVersion":null,"Description":null,"Company":null,"Signed":null,"OriginalFileName":null}
-{"SubjectUserName":"wardog","TimeCreated":"2020-10-18 07:50:05.838","SubjectLogonId":"0xc61d9","ResourceAttributes":"-","SubjectDomainName":"WORKSTATION5","PrivilegeList":"-","ObjectServer":"Security","ObjectType":"Key","SubjectUserSid":"S-1-5-21-3940915590-64593676-1414006259-500","EventID":4656,"Channel":"Security","Task":"12801","ObjectName":"\\REGISTRY\\MACHINE\\SYSTEM\\ControlSet001\\Control\\Session Manager\\Environment","AccessMask":"0x20019","Message":"A handle to an object was requested.\r\n\r\nSubject:\r\n\tSecurity ID:\t\tS-1-5-21-3940915590-64593676-1414006259-500\r\n\tAccount Name:\t\twardog\r\n\tAccount Domain:\t\tWORKSTATION5\r\n\tLogon ID:\t\t0xC61D9\r\n\r\nObject:\r\n\tObject Server:\t\tSecurity\r\n\tObject Type:\t\tKey\r\n\tObject Name:\t\t\\REGISTRY\\MACHINE\\SYSTEM\\ControlSet001\\Control\\Session Manager\\Environment\r\n\tHandle ID:\t\t0x8fc\r\n\tResource Attributes:\t-\r\n\r\nProcess Information:\r\n\tProcess ID:\t\t0x17d4\r\n\tProcess Name:\t\tC:\\Windows\\System32\\WindowsPowerShell\\v1.0\\powershell.exe\r\n\r\nAccess Request Information:\r\n\tTransaction ID:\t\t{00000000-0000-0000-0000-000000000000}\r\n\tAccesses:\t\tREAD_CONTROL\r\n\t\t\t\tQuery key value\r\n\t\t\t\tEnumerate sub-keys\r\n\t\t\t\tNotify about changes to keys\r\n\t\t\t\t\r\n\tAccess Reasons:\t\t-\r\n\tAccess Mask:\t\t0x20019\r\n\tPrivileges Used for Access Check:\t-\r\n\tRestricted SID Count:\t0","Hostname":"WORKSTATION5","ProcessName":"C:\\Windows\\System32\\WindowsPowerShell\\v1.0\\powershell.exe","ProcessId":"0x17d4","AccessReason":"-","RestrictedSidCount":"0","AccessList":"%%1538\n\t\t\t\t%%4432\n\t\t\t\t%%4435\n\t\t\t\t%%4436\n\t\t\t\t","SourceName":"Microsoft-Windows-Security-Auditing","HandleId":"0x8fc","TransactionId":"{00000000-0000-0000-0000-000000000000}","Status":null,"TargetProcessId":null,"SourceHandleId":null,"TargetHandleId":null,"SourceProcessId":null,"CommandLine":null,"NewProcessId":null,"TargetLogonId":null,"TokenElevationType":null,"NewProcessName":null,"MandatoryLabel":null,"ParentProcessName":null,"TargetUserSid":null,"TargetDomainName":null,"TargetUserName":null,"RemoteMachineID":null,"LayerRTID":null,"Direction":null,"DestAddress":null,"RemoteUserID":null,"SourcePort":null,"LayerName":null,"SourceAddress":null,"Protocol":null,"ProcessID":null,"DestPort":null,"FilterRTID":null,"Application":null,"SourceImage":null,"GrantedAccess":null,"SourceThreadId":null,"CallTrace":null,"UtcTime":null,"TargetProcessGUID":null,"RuleName":null,"TargetImage":null,"SourceProcessGUID":null,"ProcessGuid":null,"Image":null,"Details":null,"EventType":null,"TargetObject":null,"TargetFilename":null,"CreationUtcTime":null,"SignatureStatus":null,"Signature":null,"Product":null,"Hashes":null,"ImageLoaded":null,"FileVersion":null,"Description":null,"Company":null,"Signed":null,"OriginalFileName":null}
-{"SubjectUserName":"wardog","TimeCreated":"2020-10-18 07:50:05.838","SubjectLogonId":"0xc61d9","ResourceAttributes":null,"SubjectDomainName":"WORKSTATION5","PrivilegeList":null,"ObjectServer":"Security","ObjectType":null,"SubjectUserSid":"S-1-5-21-3940915590-64593676-1414006259-500","EventID":4658,"Channel":"Security","Task":"12801","ObjectName":null,"AccessMask":null,"Message":"The handle to an object was closed.\r\n\r\nSubject :\r\n\tSecurity ID:\t\tS-1-5-21-3940915590-64593676-1414006259-500\r\n\tAccount Name:\t\twardog\r\n\tAccount Domain:\t\tWORKSTATION5\r\n\tLogon ID:\t\t0xC61D9\r\n\r\nObject:\r\n\tObject Server:\t\tSecurity\r\n\tHandle ID:\t\t0x3458\r\n\r\nProcess Information:\r\n\tProcess ID:\t\t0x17d4\r\n\tProcess Name:\t\tC:\\Windows\\System32\\WindowsPowerShell\\v1.0\\powershell.exe","Hostname":"WORKSTATION5","ProcessName":"C:\\Windows\\System32\\WindowsPowerShell\\v1.0\\powershell.exe","ProcessId":"0x17d4","AccessReason":null,"RestrictedSidCount":null,"AccessList":null,"SourceName":"Microsoft-Windows-Security-Auditing","HandleId":"0x3458","TransactionId":null,"Status":null,"TargetProcessId":null,"SourceHandleId":null,"TargetHandleId":null,"SourceProcessId":null,"CommandLine":null,"NewProcessId":null,"TargetLogonId":null,"TokenElevationType":null,"NewProcessName":null,"MandatoryLabel":null,"ParentProcessName":null,"TargetUserSid":null,"TargetDomainName":null,"TargetUserName":null,"RemoteMachineID":null,"LayerRTID":null,"Direction":null,"DestAddress":null,"RemoteUserID":null,"SourcePort":null,"LayerName":null,"SourceAddress":null,"Protocol":null,"ProcessID":null,"DestPort":null,"FilterRTID":null,"Application":null,"SourceImage":null,"GrantedAccess":null,"SourceThreadId":null,"CallTrace":null,"UtcTime":null,"TargetProcessGUID":null,"RuleName":null,"TargetImage":null,"SourceProcessGUID":null,"ProcessGuid":null,"Image":null,"Details":null,"EventType":null,"TargetObject":null,"TargetFilename":null,"CreationUtcTime":null,"SignatureStatus":null,"Signature":null,"Product":null,"Hashes":null,"ImageLoaded":null,"FileVersion":null,"Description":null,"Company":null,"Signed":null,"OriginalFileName":null}
-{"SubjectUserName":"wardog","TimeCreated":"2020-10-18 07:50:05.838","SubjectLogonId":"0xc61d9","ResourceAttributes":null,"SubjectDomainName":"WORKSTATION5","PrivilegeList":null,"ObjectServer":null,"ObjectType":null,"SubjectUserSid":"S-1-5-21-3940915590-64593676-1414006259-500","EventID":4690,"Channel":"Security","Task":"12807","ObjectName":null,"AccessMask":null,"Message":"An attempt was made to duplicate a handle to an object.\r\n\r\nSubject:\r\n\tSecurity ID:\t\tS-1-5-21-3940915590-64593676-1414006259-500\r\n\tAccount Name:\t\twardog\r\n\tAccount Domain:\t\tWORKSTATION5\r\n\tLogon ID:\t\t0xC61D9\r\n\r\nSource Handle Information:\r\n\tSource Handle ID:\t0x8fc\r\n\tSource Process ID:\t0x17d4\r\n\r\nNew Handle Information:\r\n\tTarget Handle ID:\t0x3458\r\n\tTarget Process ID:\t0x4","Hostname":"WORKSTATION5","ProcessName":null,"ProcessId":null,"AccessReason":null,"RestrictedSidCount":null,"AccessList":null,"SourceName":"Microsoft-Windows-Security-Auditing","HandleId":null,"TransactionId":null,"Status":null,"TargetProcessId":"0x4","SourceHandleId":"0x8fc","TargetHandleId":"0x3458","SourceProcessId":"0x17d4","CommandLine":null,"NewProcessId":null,"TargetLogonId":null,"TokenElevationType":null,"NewProcessName":null,"MandatoryLabel":null,"ParentProcessName":null,"TargetUserSid":null,"TargetDomainName":null,"TargetUserName":null,"RemoteMachineID":null,"LayerRTID":null,"Direction":null,"DestAddress":null,"RemoteUserID":null,"SourcePort":null,"LayerName":null,"SourceAddress":null,"Protocol":null,"ProcessID":null,"DestPort":null,"FilterRTID":null,"Application":null,"SourceImage":null,"GrantedAccess":null,"SourceThreadId":null,"CallTrace":null,"UtcTime":null,"TargetProcessGUID":null,"RuleName":null,"TargetImage":null,"SourceProcessGUID":null,"ProcessGuid":null,"Image":null,"Details":null,"EventType":null,"TargetObject":null,"TargetFilename":null,"CreationUtcTime":null,"SignatureStatus":null,"Signature":null,"Product":null,"Hashes":null,"ImageLoaded":null,"FileVersion":null,"Description":null,"Company":null,"Signed":null,"OriginalFileName":null}
-{"SubjectUserName":null,"TimeCreated":"2020-10-18 07:49:59.323","SubjectLogonId":null,"ResourceAttributes":null,"SubjectDomainName":null,"PrivilegeList":null,"ObjectServer":null,"ObjectType":null,"SubjectUserSid":null,"EventID":5156,"Channel":"Security","Task":"12810","ObjectName":null,"AccessMask":null,"Message":"The Windows Filtering Platform has permitted a connection.\r\n\r\nApplication Information:\r\n\tProcess ID:\t\t3428\r\n\tApplication Name:\t\\device\\harddiskvolume2\\windowsazure\\guestagent_2.7.41491.993_2020-10-08_063613\\guestagent\\windowsazureguestagent.exe\r\n\r\nNetwork Information:\r\n\tDirection:\t\tOutbound\r\n\tSource Address:\t\t192.168.2.5\r\n\tSource Port:\t\t55509\r\n\tDestination Address:\t168.63.129.16\r\n\tDestination Port:\t\t80\r\n\tProtocol:\t\t6\r\n\r\nFilter Information:\r\n\tFilter Run-Time ID:\t69895\r\n\tLayer Name:\t\tConnect\r\n\tLayer Run-Time ID:\t48","Hostname":"WORKSTATION5","ProcessName":null,"ProcessId":null,"AccessReason":null,"RestrictedSidCount":null,"AccessList":null,"SourceName":"Microsoft-Windows-Security-Auditing","HandleId":null,"TransactionId":null,"Status":null,"TargetProcessId":null,"SourceHandleId":null,"TargetHandleId":null,"SourceProcessId":null,"CommandLine":null,"NewProcessId":null,"TargetLogonId":null,"TokenElevationType":null,"NewProcessName":null,"MandatoryLabel":null,"ParentProcessName":null,"TargetUserSid":null,"TargetDomainName":null,"TargetUserName":null,"RemoteMachineID":"S-1-0-0","LayerRTID":"48","Direction":"%%14593","DestAddress":"168.63.129.16","RemoteUserID":"S-1-0-0","SourcePort":"55509","LayerName":"%%14611","SourceAddress":"192.168.2.5","Protocol":"6","ProcessID":"3428","DestPort":"80","FilterRTID":"69895","Application":"\\device\\harddiskvolume2\\windowsazure\\guestagent_2.7.41491.993_2020-10-08_063613\\guestagent\\windowsazureguestagent.exe","SourceImage":null,"GrantedAccess":null,"SourceThreadId":null,"CallTrace":null,"UtcTime":null,"TargetProcessGUID":null,"RuleName":null,"TargetImage":null,"SourceProcessGUID":null,"ProcessGuid":null,"Image":null,"Details":null,"EventType":null,"TargetObject":null,"TargetFilename":null,"CreationUtcTime":null,"SignatureStatus":null,"Signature":null,"Product":null,"Hashes":null,"ImageLoaded":null,"FileVersion":null,"Description":null,"Company":null,"Signed":null,"OriginalFileName":null}
-{"SubjectUserName":null,"TimeCreated":"2020-10-18 07:49:59.323","SubjectLogonId":null,"ResourceAttributes":null,"SubjectDomainName":null,"PrivilegeList":null,"ObjectServer":null,"ObjectType":null,"SubjectUserSid":null,"EventID":5158,"Channel":"Security","Task":"12810","ObjectName":null,"AccessMask":null,"Message":"The Windows Filtering Platform has permitted a bind to a local port.\r\n\r\nApplication Information:\r\n\tProcess ID:\t\t3428\r\n\tApplication Name:\t\\device\\harddiskvolume2\\windowsazure\\guestagent_2.7.41491.993_2020-10-08_063613\\guestagent\\windowsazureguestagent.exe\r\n\r\nNetwork Information:\r\n\tSource Address:\t\t0.0.0.0\r\n\tSource Port:\t\t55509\r\n\tProtocol:\t\t6\r\n\r\nFilter Information:\r\n\tFilter Run-Time ID:\t0\r\n\tLayer Name:\t\tResource Assignment\r\n\tLayer Run-Time ID:\t36","Hostname":"WORKSTATION5","ProcessName":null,"ProcessId":"3428","AccessReason":null,"RestrictedSidCount":null,"AccessList":null,"SourceName":"Microsoft-Windows-Security-Auditing","HandleId":null,"TransactionId":null,"Status":null,"TargetProcessId":null,"SourceHandleId":null,"TargetHandleId":null,"SourceProcessId":null,"CommandLine":null,"NewProcessId":null,"TargetLogonId":null,"TokenElevationType":null,"NewProcessName":null,"MandatoryLabel":null,"ParentProcessName":null,"TargetUserSid":null,"TargetDomainName":null,"TargetUserName":null,"RemoteMachineID":null,"LayerRTID":"36","Direction":null,"DestAddress":null,"RemoteUserID":null,"SourcePort":"55509","LayerName":"%%14608","SourceAddress":"0.0.0.0","Protocol":"6","ProcessID":null,"DestPort":null,"FilterRTID":"0","Application":"\\device\\harddiskvolume2\\windowsazure\\guestagent_2.7.41491.993_2020-10-08_063613\\guestagent\\windowsazureguestagent.exe","SourceImage":null,"GrantedAccess":null,"SourceThreadId":null,"CallTrace":null,"UtcTime":null,"TargetProcessGUID":null,"RuleName":null,"TargetImage":null,"SourceProcessGUID":null,"ProcessGuid":null,"Image":null,"Details":null,"EventType":null,"TargetObject":null,"TargetFilename":null,"CreationUtcTime":null,"SignatureStatus":null,"Signature":null,"Product":null,"Hashes":null,"ImageLoaded":null,"FileVersion":null,"Description":null,"Company":null,"Signed":null,"OriginalFileName":null}
-{"SubjectUserName":null,"TimeCreated":"2020-10-18 07:49:51.949","SubjectLogonId":null,"ResourceAttributes":null,"SubjectDomainName":null,"PrivilegeList":null,"ObjectServer":null,"ObjectType":null,"SubjectUserSid":null,"EventID":5156,"Channel":"Security","Task":"12810","ObjectName":null,"AccessMask":null,"Message":"The Windows Filtering Platform has permitted a connection.\r\n\r\nApplication Information:\r\n\tProcess ID:\t\t3304\r\n\tApplication Name:\t\\device\\harddiskvolume2\\windowsazure\\guestagent_2.7.41491.993_2020-10-08_063613\\waappagent.exe\r\n\r\nNetwork Information:\r\n\tDirection:\t\tOutbound\r\n\tSource Address:\t\t192.168.2.5\r\n\tSource Port:\t\t55508\r\n\tDestination Address:\t168.63.129.16\r\n\tDestination Port:\t\t80\r\n\tProtocol:\t\t6\r\n\r\nFilter Information:\r\n\tFilter Run-Time ID:\t69895\r\n\tLayer Name:\t\tConnect\r\n\tLayer Run-Time ID:\t48","Hostname":"WORKSTATION5","ProcessName":null,"ProcessId":null,"AccessReason":null,"RestrictedSidCount":null,"AccessList":null,"SourceName":"Microsoft-Windows-Security-Auditing","HandleId":null,"TransactionId":null,"Status":null,"TargetProcessId":null,"SourceHandleId":null,"TargetHandleId":null,"SourceProcessId":null,"CommandLine":null,"NewProcessId":null,"TargetLogonId":null,"TokenElevationType":null,"NewProcessName":null,"MandatoryLabel":null,"ParentProcessName":null,"TargetUserSid":null,"TargetDomainName":null,"TargetUserName":null,"RemoteMachineID":"S-1-0-0","LayerRTID":"48","Direction":"%%14593","DestAddress":"168.63.129.16","RemoteUserID":"S-1-0-0","SourcePort":"55508","LayerName":"%%14611","SourceAddress":"192.168.2.5","Protocol":"6","ProcessID":"3304","DestPort":"80","FilterRTID":"69895","Application":"\\device\\harddiskvolume2\\windowsazure\\guestagent_2.7.41491.993_2020-10-08_063613\\waappagent.exe","SourceImage":null,"GrantedAccess":null,"SourceThreadId":null,"CallTrace":null,"UtcTime":null,"TargetProcessGUID":null,"RuleName":null,"TargetImage":null,"SourceProcessGUID":null,"ProcessGuid":null,"Image":null,"Details":null,"EventType":null,"TargetObject":null,"TargetFilename":null,"CreationUtcTime":null,"SignatureStatus":null,"Signature":null,"Product":null,"Hashes":null,"ImageLoaded":null,"FileVersion":null,"Description":null,"Company":null,"Signed":null,"OriginalFileName":null}
-{"SubjectUserName":null,"TimeCreated":"2020-10-18 07:49:51.948","SubjectLogonId":null,"ResourceAttributes":null,"SubjectDomainName":null,"PrivilegeList":null,"ObjectServer":null,"ObjectType":null,"SubjectUserSid":null,"EventID":5158,"Channel":"Security","Task":"12810","ObjectName":null,"AccessMask":null,"Message":"The Windows Filtering Platform has permitted a bind to a local port.\r\n\r\nApplication Information:\r\n\tProcess ID:\t\t3304\r\n\tApplication Name:\t\\device\\harddiskvolume2\\windowsazure\\guestagent_2.7.41491.993_2020-10-08_063613\\waappagent.exe\r\n\r\nNetwork Information:\r\n\tSource Address:\t\t0.0.0.0\r\n\tSource Port:\t\t55508\r\n\tProtocol:\t\t6\r\n\r\nFilter Information:\r\n\tFilter Run-Time ID:\t0\r\n\tLayer Name:\t\tResource Assignment\r\n\tLayer Run-Time ID:\t36","Hostname":"WORKSTATION5","ProcessName":null,"ProcessId":"3304","AccessReason":null,"RestrictedSidCount":null,"AccessList":null,"SourceName":"Microsoft-Windows-Security-Auditing","HandleId":null,"TransactionId":null,"Status":null,"TargetProcessId":null,"SourceHandleId":null,"TargetHandleId":null,"SourceProcessId":null,"CommandLine":null,"NewProcessId":null,"TargetLogonId":null,"TokenElevationType":null,"NewProcessName":null,"MandatoryLabel":null,"ParentProcessName":null,"TargetUserSid":null,"TargetDomainName":null,"TargetUserName":null,"RemoteMachineID":null,"LayerRTID":"36","Direction":null,"DestAddress":null,"RemoteUserID":null,"SourcePort":"55508","LayerName":"%%14608","SourceAddress":"0.0.0.0","Protocol":"6","ProcessID":null,"DestPort":null,"FilterRTID":"0","Application":"\\device\\harddiskvolume2\\windowsazure\\guestagent_2.7.41491.993_2020-10-08_063613\\waappagent.exe","SourceImage":null,"GrantedAccess":null,"SourceThreadId":null,"CallTrace":null,"UtcTime":null,"TargetProcessGUID":null,"RuleName":null,"TargetImage":null,"SourceProcessGUID":null,"ProcessGuid":null,"Image":null,"Details":null,"EventType":null,"TargetObject":null,"TargetFilename":null,"CreationUtcTime":null,"SignatureStatus":null,"Signature":null,"Product":null,"Hashes":null,"ImageLoaded":null,"FileVersion":null,"Description":null,"Company":null,"Signed":null,"OriginalFileName":null}
-{"SubjectUserName":"WORKSTATION5$","TimeCreated":"2020-10-18 07:49:48.039","SubjectLogonId":"0x3e7","ResourceAttributes":null,"SubjectDomainName":"WORKGROUP","PrivilegeList":null,"ObjectServer":null,"ObjectType":null,"SubjectUserSid":"S-1-5-18","EventID":4689,"Channel":"Security","Task":"13313","ObjectName":null,"AccessMask":null,"Message":"A process has exited.\r\n\r\nSubject:\r\n\tSecurity ID:\t\tS-1-5-18\r\n\tAccount Name:\t\tWORKSTATION5$\r\n\tAccount Domain:\t\tWORKGROUP\r\n\tLogon ID:\t\t0x3E7\r\n\r\nProcess Information:\r\n\tProcess ID:\t0x9a0\r\n\tProcess Name:\tC:\\Windows\\System32\\SearchFilterHost.exe\r\n\tExit Status:\t0x0","Hostname":"WORKSTATION5","ProcessName":"C:\\Windows\\System32\\SearchFilterHost.exe","ProcessId":"0x9a0","AccessReason":null,"RestrictedSidCount":null,"AccessList":null,"SourceName":"Microsoft-Windows-Security-Auditing","HandleId":null,"TransactionId":null,"Status":"0x0","TargetProcessId":null,"SourceHandleId":null,"TargetHandleId":null,"SourceProcessId":null,"CommandLine":null,"NewProcessId":null,"TargetLogonId":null,"TokenElevationType":null,"NewProcessName":null,"MandatoryLabel":null,"ParentProcessName":null,"TargetUserSid":null,"TargetDomainName":null,"TargetUserName":null,"RemoteMachineID":null,"LayerRTID":null,"Direction":null,"DestAddress":null,"RemoteUserID":null,"SourcePort":null,"LayerName":null,"SourceAddress":null,"Protocol":null,"ProcessID":null,"DestPort":null,"FilterRTID":null,"Application":null,"SourceImage":null,"GrantedAccess":null,"SourceThreadId":null,"CallTrace":null,"UtcTime":null,"TargetProcessGUID":null,"RuleName":null,"TargetImage":null,"SourceProcessGUID":null,"ProcessGuid":null,"Image":null,"Details":null,"EventType":null,"TargetObject":null,"TargetFilename":null,"CreationUtcTime":null,"SignatureStatus":null,"Signature":null,"Product":null,"Hashes":null,"ImageLoaded":null,"FileVersion":null,"Description":null,"Company":null,"Signed":null,"OriginalFileName":null}
-{"SubjectUserName":"WORKSTATION5$","TimeCreated":"2020-10-18 07:49:48.033","SubjectLogonId":"0x3e7","ResourceAttributes":null,"SubjectDomainName":"WORKGROUP","PrivilegeList":null,"ObjectServer":null,"ObjectType":null,"SubjectUserSid":"S-1-5-18","EventID":4689,"Channel":"Security","Task":"13313","ObjectName":null,"AccessMask":null,"Message":"A process has exited.\r\n\r\nSubject:\r\n\tSecurity ID:\t\tS-1-5-18\r\n\tAccount Name:\t\tWORKSTATION5$\r\n\tAccount Domain:\t\tWORKGROUP\r\n\tLogon ID:\t\t0x3E7\r\n\r\nProcess Information:\r\n\tProcess ID:\t0x118c\r\n\tProcess Name:\tC:\\Windows\\System32\\SearchProtocolHost.exe\r\n\tExit Status:\t0x0","Hostname":"WORKSTATION5","ProcessName":"C:\\Windows\\System32\\SearchProtocolHost.exe","ProcessId":"0x118c","AccessReason":null,"RestrictedSidCount":null,"AccessList":null,"SourceName":"Microsoft-Windows-Security-Auditing","HandleId":null,"TransactionId":null,"Status":"0x0","TargetProcessId":null,"SourceHandleId":null,"TargetHandleId":null,"SourceProcessId":null,"CommandLine":null,"NewProcessId":null,"TargetLogonId":null,"TokenElevationType":null,"NewProcessName":null,"MandatoryLabel":null,"ParentProcessName":null,"TargetUserSid":null,"TargetDomainName":null,"TargetUserName":null,"RemoteMachineID":null,"LayerRTID":null,"Direction":null,"DestAddress":null,"RemoteUserID":null,"SourcePort":null,"LayerName":null,"SourceAddress":null,"Protocol":null,"ProcessID":null,"DestPort":null,"FilterRTID":null,"Application":null,"SourceImage":null,"GrantedAccess":null,"SourceThreadId":null,"CallTrace":null,"UtcTime":null,"TargetProcessGUID":null,"RuleName":null,"TargetImage":null,"SourceProcessGUID":null,"ProcessGuid":null,"Image":null,"Details":null,"EventType":null,"TargetObject":null,"TargetFilename":null,"CreationUtcTime":null,"SignatureStatus":null,"Signature":null,"Product":null,"Hashes":null,"ImageLoaded":null,"FileVersion":null,"Description":null,"Company":null,"Signed":null,"OriginalFileName":null}
-{"SubjectUserName":null,"TimeCreated":"2020-10-18 07:49:44.292","SubjectLogonId":null,"ResourceAttributes":null,"SubjectDomainName":null,"PrivilegeList":null,"ObjectServer":null,"ObjectType":null,"SubjectUserSid":null,"EventID":5156,"Channel":"Security","Task":"12810","ObjectName":null,"AccessMask":null,"Message":"The Windows Filtering Platform has permitted a connection.\r\n\r\nApplication Information:\r\n\tProcess ID:\t\t3428\r\n\tApplication Name:\t\\device\\harddiskvolume2\\windowsazure\\guestagent_2.7.41491.993_2020-10-08_063613\\guestagent\\windowsazureguestagent.exe\r\n\r\nNetwork Information:\r\n\tDirection:\t\tOutbound\r\n\tSource Address:\t\t192.168.2.5\r\n\tSource Port:\t\t55507\r\n\tDestination Address:\t168.63.129.16\r\n\tDestination Port:\t\t80\r\n\tProtocol:\t\t6\r\n\r\nFilter Information:\r\n\tFilter Run-Time ID:\t69895\r\n\tLayer Name:\t\tConnect\r\n\tLayer Run-Time ID:\t48","Hostname":"WORKSTATION5","ProcessName":null,"ProcessId":null,"AccessReason":null,"RestrictedSidCount":null,"AccessList":null,"SourceName":"Microsoft-Windows-Security-Auditing","HandleId":null,"TransactionId":null,"Status":null,"TargetProcessId":null,"SourceHandleId":null,"TargetHandleId":null,"SourceProcessId":null,"CommandLine":null,"NewProcessId":null,"TargetLogonId":null,"TokenElevationType":null,"NewProcessName":null,"MandatoryLabel":null,"ParentProcessName":null,"TargetUserSid":null,"TargetDomainName":null,"TargetUserName":null,"RemoteMachineID":"S-1-0-0","LayerRTID":"48","Direction":"%%14593","DestAddress":"168.63.129.16","RemoteUserID":"S-1-0-0","SourcePort":"55507","LayerName":"%%14611","SourceAddress":"192.168.2.5","Protocol":"6","ProcessID":"3428","DestPort":"80","FilterRTID":"69895","Application":"\\device\\harddiskvolume2\\windowsazure\\guestagent_2.7.41491.993_2020-10-08_063613\\guestagent\\windowsazureguestagent.exe","SourceImage":null,"GrantedAccess":null,"SourceThreadId":null,"CallTrace":null,"UtcTime":null,"TargetProcessGUID":null,"RuleName":null,"TargetImage":null,"SourceProcessGUID":null,"ProcessGuid":null,"Image":null,"Details":null,"EventType":null,"TargetObject":null,"TargetFilename":null,"CreationUtcTime":null,"SignatureStatus":null,"Signature":null,"Product":null,"Hashes":null,"ImageLoaded":null,"FileVersion":null,"Description":null,"Company":null,"Signed":null,"OriginalFileName":null}
-{"SubjectUserName":null,"TimeCreated":"2020-10-18 07:49:44.292","SubjectLogonId":null,"ResourceAttributes":null,"SubjectDomainName":null,"PrivilegeList":null,"ObjectServer":null,"ObjectType":null,"SubjectUserSid":null,"EventID":5158,"Channel":"Security","Task":"12810","ObjectName":null,"AccessMask":null,"Message":"The Windows Filtering Platform has permitted a bind to a local port.\r\n\r\nApplication Information:\r\n\tProcess ID:\t\t3428\r\n\tApplication Name:\t\\device\\harddiskvolume2\\windowsazure\\guestagent_2.7.41491.993_2020-10-08_063613\\guestagent\\windowsazureguestagent.exe\r\n\r\nNetwork Information:\r\n\tSource Address:\t\t0.0.0.0\r\n\tSource Port:\t\t55507\r\n\tProtocol:\t\t6\r\n\r\nFilter Information:\r\n\tFilter Run-Time ID:\t0\r\n\tLayer Name:\t\tResource Assignment\r\n\tLayer Run-Time ID:\t36","Hostname":"WORKSTATION5","ProcessName":null,"ProcessId":"3428","AccessReason":null,"RestrictedSidCount":null,"AccessList":null,"SourceName":"Microsoft-Windows-Security-Auditing","HandleId":null,"TransactionId":null,"Status":null,"TargetProcessId":null,"SourceHandleId":null,"TargetHandleId":null,"SourceProcessId":null,"CommandLine":null,"NewProcessId":null,"TargetLogonId":null,"TokenElevationType":null,"NewProcessName":null,"MandatoryLabel":null,"ParentProcessName":null,"TargetUserSid":null,"TargetDomainName":null,"TargetUserName":null,"RemoteMachineID":null,"LayerRTID":"36","Direction":null,"DestAddress":null,"RemoteUserID":null,"SourcePort":"55507","LayerName":"%%14608","SourceAddress":"0.0.0.0","Protocol":"6","ProcessID":null,"DestPort":null,"FilterRTID":"0","Application":"\\device\\harddiskvolume2\\windowsazure\\guestagent_2.7.41491.993_2020-10-08_063613\\guestagent\\windowsazureguestagent.exe","SourceImage":null,"GrantedAccess":null,"SourceThreadId":null,"CallTrace":null,"UtcTime":null,"TargetProcessGUID":null,"RuleName":null,"TargetImage":null,"SourceProcessGUID":null,"ProcessGuid":null,"Image":null,"Details":null,"EventType":null,"TargetObject":null,"TargetFilename":null,"CreationUtcTime":null,"SignatureStatus":null,"Signature":null,"Product":null,"Hashes":null,"ImageLoaded":null,"FileVersion":null,"Description":null,"Company":null,"Signed":null,"OriginalFileName":null}
-{"SubjectUserName":null,"TimeCreated":"2020-10-18 07:49:39.776","SubjectLogonId":null,"ResourceAttributes":null,"SubjectDomainName":null,"PrivilegeList":null,"ObjectServer":null,"ObjectType":null,"SubjectUserSid":null,"EventID":1102,"Channel":"Security","Task":"104","ObjectName":null,"AccessMask":null,"Message":"The audit log was cleared.\r\nSubject:\r\n\tSecurity ID:\tS-1-5-21-3940915590-64593676-1414006259-500\r\n\tAccount Name:\twardog\r\n\tDomain Name:\tWORKSTATION5\r\n\tLogon ID:\t0xC61D9","Hostname":"WORKSTATION5","ProcessName":null,"ProcessId":null,"AccessReason":null,"RestrictedSidCount":null,"AccessList":null,"SourceName":"Microsoft-Windows-Eventlog","HandleId":null,"TransactionId":null,"Status":null,"TargetProcessId":null,"SourceHandleId":null,"TargetHandleId":null,"SourceProcessId":null,"CommandLine":null,"NewProcessId":null,"TargetLogonId":null,"TokenElevationType":null,"NewProcessName":null,"MandatoryLabel":null,"ParentProcessName":null,"TargetUserSid":null,"TargetDomainName":null,"TargetUserName":null,"RemoteMachineID":null,"LayerRTID":null,"Direction":null,"DestAddress":null,"RemoteUserID":null,"SourcePort":null,"LayerName":null,"SourceAddress":null,"Protocol":null,"ProcessID":null,"DestPort":null,"FilterRTID":null,"Application":null,"SourceImage":null,"GrantedAccess":null,"SourceThreadId":null,"CallTrace":null,"UtcTime":null,"TargetProcessGUID":null,"RuleName":null,"TargetImage":null,"SourceProcessGUID":null,"ProcessGuid":null,"Image":null,"Details":null,"EventType":null,"TargetObject":null,"TargetFilename":null,"CreationUtcTime":null,"SignatureStatus":null,"Signature":null,"Product":null,"Hashes":null,"ImageLoaded":null,"FileVersion":null,"Description":null,"Company":null,"Signed":null,"OriginalFileName":null}
-{"SubjectUserName":null,"TimeCreated":"2020-10-18 07:50:09.089","SubjectLogonId":null,"ResourceAttributes":null,"SubjectDomainName":null,"PrivilegeList":null,"ObjectServer":null,"ObjectType":null,"SubjectUserSid":null,"EventID":10,"Channel":"Microsoft-Windows-Sysmon\/Operational","Task":"10","ObjectName":null,"AccessMask":null,"Message":"Process accessed:\r\nRuleName: -\r\nUtcTime: 2020-10-18 23:50:09.088\r\nSourceProcessGUID: {39e4a257-f1b3-5f8b-a700-000000000700}\r\nSourceProcessId: 1072\r\nSourceThreadId: 3008\r\nSourceImage: C:\\windows\\Explorer.EXE\r\nTargetProcessGUID: {39e4a257-d445-5f8c-2a03-000000000700}\r\nTargetProcessId: 3980\r\nTargetImage: C:\\Windows\\Raccine.exe\r\nGrantedAccess: 0x2000\r\nCallTrace: C:\\windows\\SYSTEM32\\ntdll.dll+9c584|C:\\windows\\System32\\KERNELBASE.dll+305fe|C:\\windows\\system32\\twinui.dll+72a89|C:\\windows\\SYSTEM32\\ntdll.dll+30729|C:\\windows\\SYSTEM32\\ntdll.dll+345b4|C:\\windows\\System32\\KERNEL32.DLL+17c24|C:\\windows\\SYSTEM32\\ntdll.dll+6cea1","Hostname":"WORKSTATION5","ProcessName":null,"ProcessId":null,"AccessReason":null,"RestrictedSidCount":null,"AccessList":null,"SourceName":"Microsoft-Windows-Sysmon","HandleId":null,"TransactionId":null,"Status":null,"TargetProcessId":"3980","SourceHandleId":null,"TargetHandleId":null,"SourceProcessId":"1072","CommandLine":null,"NewProcessId":null,"TargetLogonId":null,"TokenElevationType":null,"NewProcessName":null,"MandatoryLabel":null,"ParentProcessName":null,"TargetUserSid":null,"TargetDomainName":null,"TargetUserName":null,"RemoteMachineID":null,"LayerRTID":null,"Direction":null,"DestAddress":null,"RemoteUserID":null,"SourcePort":null,"LayerName":null,"SourceAddress":null,"Protocol":null,"ProcessID":null,"DestPort":null,"FilterRTID":null,"Application":null,"SourceImage":"C:\\windows\\Explorer.EXE","GrantedAccess":"0x2000","SourceThreadId":"3008","CallTrace":"C:\\windows\\SYSTEM32\\ntdll.dll+9c584|C:\\windows\\System32\\KERNELBASE.dll+305fe|C:\\windows\\system32\\twinui.dll+72a89|C:\\windows\\SYSTEM32\\ntdll.dll+30729|C:\\windows\\SYSTEM32\\ntdll.dll+345b4|C:\\windows\\System32\\KERNEL32.DLL+17c24|C:\\windows\\SYSTEM32\\ntdll.dll+6cea1","UtcTime":"2020-10-18 23:50:09.088","TargetProcessGUID":"{39e4a257-d445-5f8c-2a03-000000000700}","RuleName":"-","TargetImage":"C:\\Windows\\Raccine.exe","SourceProcessGUID":"{39e4a257-f1b3-5f8b-a700-000000000700}","ProcessGuid":null,"Image":null,"Details":null,"EventType":null,"TargetObject":null,"TargetFilename":null,"CreationUtcTime":null,"SignatureStatus":null,"Signature":null,"Product":null,"Hashes":null,"ImageLoaded":null,"FileVersion":null,"Description":null,"Company":null,"Signed":null,"OriginalFileName":null}
-{"SubjectUserName":null,"TimeCreated":"2020-10-18 07:50:09.089","SubjectLogonId":null,"ResourceAttributes":null,"SubjectDomainName":null,"PrivilegeList":null,"ObjectServer":null,"ObjectType":null,"SubjectUserSid":null,"EventID":10,"Channel":"Microsoft-Windows-Sysmon\/Operational","Task":"10","ObjectName":null,"AccessMask":null,"Message":"Process accessed:\r\nRuleName: -\r\nUtcTime: 2020-10-18 23:50:09.088\r\nSourceProcessGUID: {39e4a257-f1b3-5f8b-a700-000000000700}\r\nSourceProcessId: 1072\r\nSourceThreadId: 3008\r\nSourceImage: C:\\windows\\Explorer.EXE\r\nTargetProcessGUID: {39e4a257-f1cd-5f8b-c400-000000000700}\r\nTargetProcessId: 7652\r\nTargetImage: C:\\Windows\\System32\\WindowsPowerShell\\v1.0\\powershell.exe\r\nGrantedAccess: 0x2000\r\nCallTrace: C:\\windows\\SYSTEM32\\ntdll.dll+9c584|C:\\windows\\System32\\KERNELBASE.dll+305fe|C:\\windows\\system32\\twinui.dll+72a89|C:\\windows\\SYSTEM32\\ntdll.dll+30729|C:\\windows\\SYSTEM32\\ntdll.dll+345b4|C:\\windows\\System32\\KERNEL32.DLL+17c24|C:\\windows\\SYSTEM32\\ntdll.dll+6cea1","Hostname":"WORKSTATION5","ProcessName":null,"ProcessId":null,"AccessReason":null,"RestrictedSidCount":null,"AccessList":null,"SourceName":"Microsoft-Windows-Sysmon","HandleId":null,"TransactionId":null,"Status":null,"TargetProcessId":"7652","SourceHandleId":null,"TargetHandleId":null,"SourceProcessId":"1072","CommandLine":null,"NewProcessId":null,"TargetLogonId":null,"TokenElevationType":null,"NewProcessName":null,"MandatoryLabel":null,"ParentProcessName":null,"TargetUserSid":null,"TargetDomainName":null,"TargetUserName":null,"RemoteMachineID":null,"LayerRTID":null,"Direction":null,"DestAddress":null,"RemoteUserID":null,"SourcePort":null,"LayerName":null,"SourceAddress":null,"Protocol":null,"ProcessID":null,"DestPort":null,"FilterRTID":null,"Application":null,"SourceImage":"C:\\windows\\Explorer.EXE","GrantedAccess":"0x2000","SourceThreadId":"3008","CallTrace":"C:\\windows\\SYSTEM32\\ntdll.dll+9c584|C:\\windows\\System32\\KERNELBASE.dll+305fe|C:\\windows\\system32\\twinui.dll+72a89|C:\\windows\\SYSTEM32\\ntdll.dll+30729|C:\\windows\\SYSTEM32\\ntdll.dll+345b4|C:\\windows\\System32\\KERNEL32.DLL+17c24|C:\\windows\\SYSTEM32\\ntdll.dll+6cea1","UtcTime":"2020-10-18 23:50:09.088","TargetProcessGUID":"{39e4a257-f1cd-5f8b-c400-000000000700}","RuleName":"-","TargetImage":"C:\\Windows\\System32\\WindowsPowerShell\\v1.0\\powershell.exe","SourceProcessGUID":"{39e4a257-f1b3-5f8b-a700-000000000700}","ProcessGuid":null,"Image":null,"Details":null,"EventType":null,"TargetObject":null,"TargetFilename":null,"CreationUtcTime":null,"SignatureStatus":null,"Signature":null,"Product":null,"Hashes":null,"ImageLoaded":null,"FileVersion":null,"Description":null,"Company":null,"Signed":null,"OriginalFileName":null}
-{"SubjectUserName":null,"TimeCreated":"2020-10-18 07:50:09.089","SubjectLogonId":null,"ResourceAttributes":null,"SubjectDomainName":null,"PrivilegeList":null,"ObjectServer":null,"ObjectType":null,"SubjectUserSid":null,"EventID":10,"Channel":"Microsoft-Windows-Sysmon\/Operational","Task":"10","ObjectName":null,"AccessMask":null,"Message":"Process accessed:\r\nRuleName: -\r\nUtcTime: 2020-10-18 23:50:09.088\r\nSourceProcessGUID: {39e4a257-f1b3-5f8b-a700-000000000700}\r\nSourceProcessId: 1072\r\nSourceThreadId: 3008\r\nSourceImage: C:\\windows\\Explorer.EXE\r\nTargetProcessGUID: {39e4a257-f247-5f8b-d300-000000000700}\r\nTargetProcessId: 4368\r\nTargetImage: C:\\Windows\\SystemApps\\InputApp_cw5n1h2txyewy\\WindowsInternal.ComposableShell.Experiences.TextInput.InputApp.exe\r\nGrantedAccess: 0x2000\r\nCallTrace: C:\\windows\\SYSTEM32\\ntdll.dll+9c584|C:\\windows\\System32\\KERNELBASE.dll+305fe|C:\\windows\\system32\\twinui.dll+72a89|C:\\windows\\SYSTEM32\\ntdll.dll+30729|C:\\windows\\SYSTEM32\\ntdll.dll+345b4|C:\\windows\\System32\\KERNEL32.DLL+17c24|C:\\windows\\SYSTEM32\\ntdll.dll+6cea1","Hostname":"WORKSTATION5","ProcessName":null,"ProcessId":null,"AccessReason":null,"RestrictedSidCount":null,"AccessList":null,"SourceName":"Microsoft-Windows-Sysmon","HandleId":null,"TransactionId":null,"Status":null,"TargetProcessId":"4368","SourceHandleId":null,"TargetHandleId":null,"SourceProcessId":"1072","CommandLine":null,"NewProcessId":null,"TargetLogonId":null,"TokenElevationType":null,"NewProcessName":null,"MandatoryLabel":null,"ParentProcessName":null,"TargetUserSid":null,"TargetDomainName":null,"TargetUserName":null,"RemoteMachineID":null,"LayerRTID":null,"Direction":null,"DestAddress":null,"RemoteUserID":null,"SourcePort":null,"LayerName":null,"SourceAddress":null,"Protocol":null,"ProcessID":null,"DestPort":null,"FilterRTID":null,"Application":null,"SourceImage":"C:\\windows\\Explorer.EXE","GrantedAccess":"0x2000","SourceThreadId":"3008","CallTrace":"C:\\windows\\SYSTEM32\\ntdll.dll+9c584|C:\\windows\\System32\\KERNELBASE.dll+305fe|C:\\windows\\system32\\twinui.dll+72a89|C:\\windows\\SYSTEM32\\ntdll.dll+30729|C:\\windows\\SYSTEM32\\ntdll.dll+345b4|C:\\windows\\System32\\KERNEL32.DLL+17c24|C:\\windows\\SYSTEM32\\ntdll.dll+6cea1","UtcTime":"2020-10-18 23:50:09.088","TargetProcessGUID":"{39e4a257-f247-5f8b-d300-000000000700}","RuleName":"-","TargetImage":"C:\\Windows\\SystemApps\\InputApp_cw5n1h2txyewy\\WindowsInternal.ComposableShell.Experiences.TextInput.InputApp.exe","SourceProcessGUID":"{39e4a257-f1b3-5f8b-a700-000000000700}","ProcessGuid":null,"Image":null,"Details":null,"EventType":null,"TargetObject":null,"TargetFilename":null,"CreationUtcTime":null,"SignatureStatus":null,"Signature":null,"Product":null,"Hashes":null,"ImageLoaded":null,"FileVersion":null,"Description":null,"Company":null,"Signed":null,"OriginalFileName":null}
-{"SubjectUserName":null,"TimeCreated":"2020-10-18 07:50:08.339","SubjectLogonId":null,"ResourceAttributes":null,"SubjectDomainName":null,"PrivilegeList":null,"ObjectServer":null,"ObjectType":null,"SubjectUserSid":null,"EventID":10,"Channel":"Microsoft-Windows-Sysmon\/Operational","Task":"10","ObjectName":null,"AccessMask":null,"Message":"Process accessed:\r\nRuleName: -\r\nUtcTime: 2020-10-18 23:50:08.338\r\nSourceProcessGUID: {39e4a257-f132-5f8b-1000-000000000700}\r\nSourceProcessId: 944\r\nSourceThreadId: 6356\r\nSourceImage: C:\\windows\\system32\\svchost.exe\r\nTargetProcessGUID: {39e4a257-f1b0-5f8b-9c00-000000000700}\r\nTargetProcessId: 3252\r\nTargetImage: C:\\windows\\system32\\svchost.exe\r\nGrantedAccess: 0x1000\r\nCallTrace: C:\\windows\\SYSTEM32\\ntdll.dll+9c584|C:\\windows\\SYSTEM32\\psmserviceexthost.dll+222a3|C:\\windows\\SYSTEM32\\psmserviceexthost.dll+1a172|C:\\windows\\SYSTEM32\\psmserviceexthost.dll+19e3b|C:\\windows\\SYSTEM32\\psmserviceexthost.dll+19318|C:\\windows\\SYSTEM32\\ntdll.dll+3081d|C:\\windows\\SYSTEM32\\ntdll.dll+345b4|C:\\windows\\System32\\KERNEL32.DLL+17c24|C:\\windows\\SYSTEM32\\ntdll.dll+6cea1","Hostname":"WORKSTATION5","ProcessName":null,"ProcessId":null,"AccessReason":null,"RestrictedSidCount":null,"AccessList":null,"SourceName":"Microsoft-Windows-Sysmon","HandleId":null,"TransactionId":null,"Status":null,"TargetProcessId":"3252","SourceHandleId":null,"TargetHandleId":null,"SourceProcessId":"944","CommandLine":null,"NewProcessId":null,"TargetLogonId":null,"TokenElevationType":null,"NewProcessName":null,"MandatoryLabel":null,"ParentProcessName":null,"TargetUserSid":null,"TargetDomainName":null,"TargetUserName":null,"RemoteMachineID":null,"LayerRTID":null,"Direction":null,"DestAddress":null,"RemoteUserID":null,"SourcePort":null,"LayerName":null,"SourceAddress":null,"Protocol":null,"ProcessID":null,"DestPort":null,"FilterRTID":null,"Application":null,"SourceImage":"C:\\windows\\system32\\svchost.exe","GrantedAccess":"0x1000","SourceThreadId":"6356","CallTrace":"C:\\windows\\SYSTEM32\\ntdll.dll+9c584|C:\\windows\\SYSTEM32\\psmserviceexthost.dll+222a3|C:\\windows\\SYSTEM32\\psmserviceexthost.dll+1a172|C:\\windows\\SYSTEM32\\psmserviceexthost.dll+19e3b|C:\\windows\\SYSTEM32\\psmserviceexthost.dll+19318|C:\\windows\\SYSTEM32\\ntdll.dll+3081d|C:\\windows\\SYSTEM32\\ntdll.dll+345b4|C:\\windows\\System32\\KERNEL32.DLL+17c24|C:\\windows\\SYSTEM32\\ntdll.dll+6cea1","UtcTime":"2020-10-18 23:50:08.338","TargetProcessGUID":"{39e4a257-f1b0-5f8b-9c00-000000000700}","RuleName":"-","TargetImage":"C:\\windows\\system32\\svchost.exe","SourceProcessGUID":"{39e4a257-f132-5f8b-1000-000000000700}","ProcessGuid":null,"Image":null,"Details":null,"EventType":null,"TargetObject":null,"TargetFilename":null,"CreationUtcTime":null,"SignatureStatus":null,"Signature":null,"Product":null,"Hashes":null,"ImageLoaded":null,"FileVersion":null,"Description":null,"Company":null,"Signed":null,"OriginalFileName":null}
-{"SubjectUserName":null,"TimeCreated":"2020-10-18 07:50:08.339","SubjectLogonId":null,"ResourceAttributes":null,"SubjectDomainName":null,"PrivilegeList":null,"ObjectServer":null,"ObjectType":null,"SubjectUserSid":null,"EventID":10,"Channel":"Microsoft-Windows-Sysmon\/Operational","Task":"10","ObjectName":null,"AccessMask":null,"Message":"Process accessed:\r\nRuleName: -\r\nUtcTime: 2020-10-18 23:50:08.338\r\nSourceProcessGUID: {39e4a257-f132-5f8b-1000-000000000700}\r\nSourceProcessId: 944\r\nSourceThreadId: 6356\r\nSourceImage: C:\\windows\\system32\\svchost.exe\r\nTargetProcessGUID: {39e4a257-f1b0-5f8b-9c00-000000000700}\r\nTargetProcessId: 3252\r\nTargetImage: C:\\windows\\system32\\svchost.exe\r\nGrantedAccess: 0x1000\r\nCallTrace: C:\\windows\\SYSTEM32\\ntdll.dll+9c584|C:\\windows\\SYSTEM32\\psmserviceexthost.dll+222a3|C:\\windows\\SYSTEM32\\psmserviceexthost.dll+1a172|C:\\windows\\SYSTEM32\\psmserviceexthost.dll+19e3b|C:\\windows\\SYSTEM32\\psmserviceexthost.dll+19318|C:\\windows\\SYSTEM32\\ntdll.dll+3081d|C:\\windows\\SYSTEM32\\ntdll.dll+345b4|C:\\windows\\System32\\KERNEL32.DLL+17c24|C:\\windows\\SYSTEM32\\ntdll.dll+6cea1","Hostname":"WORKSTATION5","ProcessName":null,"ProcessId":null,"AccessReason":null,"RestrictedSidCount":null,"AccessList":null,"SourceName":"Microsoft-Windows-Sysmon","HandleId":null,"TransactionId":null,"Status":null,"TargetProcessId":"3252","SourceHandleId":null,"TargetHandleId":null,"SourceProcessId":"944","CommandLine":null,"NewProcessId":null,"TargetLogonId":null,"TokenElevationType":null,"NewProcessName":null,"MandatoryLabel":null,"ParentProcessName":null,"TargetUserSid":null,"TargetDomainName":null,"TargetUserName":null,"RemoteMachineID":null,"LayerRTID":null,"Direction":null,"DestAddress":null,"RemoteUserID":null,"SourcePort":null,"LayerName":null,"SourceAddress":null,"Protocol":null,"ProcessID":null,"DestPort":null,"FilterRTID":null,"Application":null,"SourceImage":"C:\\windows\\system32\\svchost.exe","GrantedAccess":"0x1000","SourceThreadId":"6356","CallTrace":"C:\\windows\\SYSTEM32\\ntdll.dll+9c584|C:\\windows\\SYSTEM32\\psmserviceexthost.dll+222a3|C:\\windows\\SYSTEM32\\psmserviceexthost.dll+1a172|C:\\windows\\SYSTEM32\\psmserviceexthost.dll+19e3b|C:\\windows\\SYSTEM32\\psmserviceexthost.dll+19318|C:\\windows\\SYSTEM32\\ntdll.dll+3081d|C:\\windows\\SYSTEM32\\ntdll.dll+345b4|C:\\windows\\System32\\KERNEL32.DLL+17c24|C:\\windows\\SYSTEM32\\ntdll.dll+6cea1","UtcTime":"2020-10-18 23:50:08.338","TargetProcessGUID":"{39e4a257-f1b0-5f8b-9c00-000000000700}","RuleName":"-","TargetImage":"C:\\windows\\system32\\svchost.exe","SourceProcessGUID":"{39e4a257-f132-5f8b-1000-000000000700}","ProcessGuid":null,"Image":null,"Details":null,"EventType":null,"TargetObject":null,"TargetFilename":null,"CreationUtcTime":null,"SignatureStatus":null,"Signature":null,"Product":null,"Hashes":null,"ImageLoaded":null,"FileVersion":null,"Description":null,"Company":null,"Signed":null,"OriginalFileName":null}
