-{"SubjectUserName":null,"TimeCreated":"2020-10-18 07:50:07.347","SubjectLogonId":null,"ResourceAttributes":null,"SubjectDomainName":null,"PrivilegeList":null,"ObjectServer":null,"ObjectType":null,"SubjectUserSid":null,"EventID":10,"Channel":"Microsoft-Windows-Sysmon\/Operational","Task":"10","ObjectName":null,"AccessMask":null,"Message":"Process accessed:\r\nRuleName: -\r\nUtcTime: 2020-10-18 23:50:07.338\r\nSourceProcessGUID: {39e4a257-f132-5f8b-1000-000000000700}\r\nSourceProcessId: 944\r\nSourceThreadId: 7644\r\nSourceImage: C:\\windows\\system32\\svchost.exe\r\nTargetProcessGUID: {39e4a257-f1cc-5f8b-c300-000000000700}\r\nTargetProcessId: 7592\r\nTargetImage: C:\\windows\\system32\\conhost.exe\r\nGrantedAccess: 0x2000\r\nCallTrace: C:\\windows\\SYSTEM32\\ntdll.dll+9c584|C:\\windows\\SYSTEM32\\psmserviceexthost.dll+310c0|C:\\windows\\SYSTEM32\\psmserviceexthost.dll+30dbf|C:\\windows\\SYSTEM32\\ntdll.dll+6ba5|C:\\windows\\SYSTEM32\\ntdll.dll+67f1|C:\\windows\\SYSTEM32\\ntdll.dll+6650|C:\\windows\\SYSTEM32\\ntdll.dll+3052c|C:\\windows\\SYSTEM32\\ntdll.dll+34142|C:\\windows\\System32\\KERNEL32.DLL+17c24|C:\\windows\\SYSTEM32\\ntdll.dll+6cea1","Hostname":"WORKSTATION5","ProcessName":null,"ProcessId":null,"AccessReason":null,"RestrictedSidCount":null,"AccessList":null,"SourceName":"Microsoft-Windows-Sysmon","HandleId":null,"TransactionId":null,"Status":null,"TargetProcessId":"7592","SourceHandleId":null,"TargetHandleId":null,"SourceProcessId":"944","CommandLine":null,"NewProcessId":null,"TargetLogonId":null,"TokenElevationType":null,"NewProcessName":null,"MandatoryLabel":null,"ParentProcessName":null,"TargetUserSid":null,"TargetDomainName":null,"TargetUserName":null,"RemoteMachineID":null,"LayerRTID":null,"Direction":null,"DestAddress":null,"RemoteUserID":null,"SourcePort":null,"LayerName":null,"SourceAddress":null,"Protocol":null,"ProcessID":null,"DestPort":null,"FilterRTID":null,"Application":null,"SourceImage":"C:\\windows\\system32\\svchost.exe","GrantedAccess":"0x2000","SourceThreadId":"7644","CallTrace":"C:\\windows\\SYSTEM32\\ntdll.dll+9c584|C:\\windows\\SYSTEM32\\psmserviceexthost.dll+310c0|C:\\windows\\SYSTEM32\\psmserviceexthost.dll+30dbf|C:\\windows\\SYSTEM32\\ntdll.dll+6ba5|C:\\windows\\SYSTEM32\\ntdll.dll+67f1|C:\\windows\\SYSTEM32\\ntdll.dll+6650|C:\\windows\\SYSTEM32\\ntdll.dll+3052c|C:\\windows\\SYSTEM32\\ntdll.dll+34142|C:\\windows\\System32\\KERNEL32.DLL+17c24|C:\\windows\\SYSTEM32\\ntdll.dll+6cea1","UtcTime":"2020-10-18 23:50:07.338","TargetProcessGUID":"{39e4a257-f1cc-5f8b-c300-000000000700}","RuleName":"-","TargetImage":"C:\\windows\\system32\\conhost.exe","SourceProcessGUID":"{39e4a257-f132-5f8b-1000-000000000700}","ProcessGuid":null,"Image":null,"Details":null,"EventType":null,"TargetObject":null,"TargetFilename":null,"CreationUtcTime":null,"SignatureStatus":null,"Signature":null,"Product":null,"Hashes":null,"ImageLoaded":null,"FileVersion":null,"Description":null,"Company":null,"Signed":null,"OriginalFileName":null}
-{"SubjectUserName":null,"TimeCreated":"2020-10-18 07:50:07.347","SubjectLogonId":null,"ResourceAttributes":null,"SubjectDomainName":null,"PrivilegeList":null,"ObjectServer":null,"ObjectType":null,"SubjectUserSid":null,"EventID":10,"Channel":"Microsoft-Windows-Sysmon\/Operational","Task":"10","ObjectName":null,"AccessMask":null,"Message":"Process accessed:\r\nRuleName: -\r\nUtcTime: 2020-10-18 23:50:07.338\r\nSourceProcessGUID: {39e4a257-f1b3-5f8b-a700-000000000700}\r\nSourceProcessId: 1072\r\nSourceThreadId: 1388\r\nSourceImage: C:\\windows\\Explorer.EXE\r\nTargetProcessGUID: {39e4a257-f1cc-5f8b-c300-000000000700}\r\nTargetProcessId: 7592\r\nTargetImage: C:\\windows\\system32\\conhost.exe\r\nGrantedAccess: 0x1410\r\nCallTrace: C:\\windows\\SYSTEM32\\ntdll.dll+9c584|C:\\windows\\System32\\KERNELBASE.dll+305fe|C:\\Windows\\System32\\appresolver.dll+21ee8|C:\\Windows\\System32\\appresolver.dll+1ef46|C:\\windows\\system32\\twinui.pcshell.dll+1d434|C:\\windows\\system32\\twinui.pcshell.dll+fadd0|C:\\windows\\System32\\KERNEL32.DLL+17c24|C:\\windows\\SYSTEM32\\ntdll.dll+6cea1","Hostname":"WORKSTATION5","ProcessName":null,"ProcessId":null,"AccessReason":null,"RestrictedSidCount":null,"AccessList":null,"SourceName":"Microsoft-Windows-Sysmon","HandleId":null,"TransactionId":null,"Status":null,"TargetProcessId":"7592","SourceHandleId":null,"TargetHandleId":null,"SourceProcessId":"1072","CommandLine":null,"NewProcessId":null,"TargetLogonId":null,"TokenElevationType":null,"NewProcessName":null,"MandatoryLabel":null,"ParentProcessName":null,"TargetUserSid":null,"TargetDomainName":null,"TargetUserName":null,"RemoteMachineID":null,"LayerRTID":null,"Direction":null,"DestAddress":null,"RemoteUserID":null,"SourcePort":null,"LayerName":null,"SourceAddress":null,"Protocol":null,"ProcessID":null,"DestPort":null,"FilterRTID":null,"Application":null,"SourceImage":"C:\\windows\\Explorer.EXE","GrantedAccess":"0x1410","SourceThreadId":"1388","CallTrace":"C:\\windows\\SYSTEM32\\ntdll.dll+9c584|C:\\windows\\System32\\KERNELBASE.dll+305fe|C:\\Windows\\System32\\appresolver.dll+21ee8|C:\\Windows\\System32\\appresolver.dll+1ef46|C:\\windows\\system32\\twinui.pcshell.dll+1d434|C:\\windows\\system32\\twinui.pcshell.dll+fadd0|C:\\windows\\System32\\KERNEL32.DLL+17c24|C:\\windows\\SYSTEM32\\ntdll.dll+6cea1","UtcTime":"2020-10-18 23:50:07.338","TargetProcessGUID":"{39e4a257-f1cc-5f8b-c300-000000000700}","RuleName":"-","TargetImage":"C:\\windows\\system32\\conhost.exe","SourceProcessGUID":"{39e4a257-f1b3-5f8b-a700-000000000700}","ProcessGuid":null,"Image":null,"Details":null,"EventType":null,"TargetObject":null,"TargetFilename":null,"CreationUtcTime":null,"SignatureStatus":null,"Signature":null,"Product":null,"Hashes":null,"ImageLoaded":null,"FileVersion":null,"Description":null,"Company":null,"Signed":null,"OriginalFileName":null}
-{"SubjectUserName":null,"TimeCreated":"2020-10-18 07:50:07.346","SubjectLogonId":null,"ResourceAttributes":null,"SubjectDomainName":null,"PrivilegeList":null,"ObjectServer":null,"ObjectType":null,"SubjectUserSid":null,"EventID":10,"Channel":"Microsoft-Windows-Sysmon\/Operational","Task":"10","ObjectName":null,"AccessMask":null,"Message":"Process accessed:\r\nRuleName: -\r\nUtcTime: 2020-10-18 23:50:07.338\r\nSourceProcessGUID: {39e4a257-f1b3-5f8b-a700-000000000700}\r\nSourceProcessId: 1072\r\nSourceThreadId: 1388\r\nSourceImage: C:\\windows\\Explorer.EXE\r\nTargetProcessGUID: {39e4a257-f1cc-5f8b-c300-000000000700}\r\nTargetProcessId: 7592\r\nTargetImage: C:\\windows\\system32\\conhost.exe\r\nGrantedAccess: 0x1000\r\nCallTrace: C:\\windows\\SYSTEM32\\ntdll.dll+9c584|C:\\windows\\System32\\KERNELBASE.dll+305fe|C:\\Windows\\System32\\appresolver.dll+1ee93|C:\\windows\\system32\\twinui.pcshell.dll+1d434|C:\\windows\\system32\\twinui.pcshell.dll+fadd0|C:\\windows\\System32\\KERNEL32.DLL+17c24|C:\\windows\\SYSTEM32\\ntdll.dll+6cea1","Hostname":"WORKSTATION5","ProcessName":null,"ProcessId":null,"AccessReason":null,"RestrictedSidCount":null,"AccessList":null,"SourceName":"Microsoft-Windows-Sysmon","HandleId":null,"TransactionId":null,"Status":null,"TargetProcessId":"7592","SourceHandleId":null,"TargetHandleId":null,"SourceProcessId":"1072","CommandLine":null,"NewProcessId":null,"TargetLogonId":null,"TokenElevationType":null,"NewProcessName":null,"MandatoryLabel":null,"ParentProcessName":null,"TargetUserSid":null,"TargetDomainName":null,"TargetUserName":null,"RemoteMachineID":null,"LayerRTID":null,"Direction":null,"DestAddress":null,"RemoteUserID":null,"SourcePort":null,"LayerName":null,"SourceAddress":null,"Protocol":null,"ProcessID":null,"DestPort":null,"FilterRTID":null,"Application":null,"SourceImage":"C:\\windows\\Explorer.EXE","GrantedAccess":"0x1000","SourceThreadId":"1388","CallTrace":"C:\\windows\\SYSTEM32\\ntdll.dll+9c584|C:\\windows\\System32\\KERNELBASE.dll+305fe|C:\\Windows\\System32\\appresolver.dll+1ee93|C:\\windows\\system32\\twinui.pcshell.dll+1d434|C:\\windows\\system32\\twinui.pcshell.dll+fadd0|C:\\windows\\System32\\KERNEL32.DLL+17c24|C:\\windows\\SYSTEM32\\ntdll.dll+6cea1","UtcTime":"2020-10-18 23:50:07.338","TargetProcessGUID":"{39e4a257-f1cc-5f8b-c300-000000000700}","RuleName":"-","TargetImage":"C:\\windows\\system32\\conhost.exe","SourceProcessGUID":"{39e4a257-f1b3-5f8b-a700-000000000700}","ProcessGuid":null,"Image":null,"Details":null,"EventType":null,"TargetObject":null,"TargetFilename":null,"CreationUtcTime":null,"SignatureStatus":null,"Signature":null,"Product":null,"Hashes":null,"ImageLoaded":null,"FileVersion":null,"Description":null,"Company":null,"Signed":null,"OriginalFileName":null}
-{"SubjectUserName":null,"TimeCreated":"2020-10-18 07:50:07.346","SubjectLogonId":null,"ResourceAttributes":null,"SubjectDomainName":null,"PrivilegeList":null,"ObjectServer":null,"ObjectType":null,"SubjectUserSid":null,"EventID":10,"Channel":"Microsoft-Windows-Sysmon\/Operational","Task":"10","ObjectName":null,"AccessMask":null,"Message":"Process accessed:\r\nRuleName: -\r\nUtcTime: 2020-10-18 23:50:07.338\r\nSourceProcessGUID: {39e4a257-f1b3-5f8b-a700-000000000700}\r\nSourceProcessId: 1072\r\nSourceThreadId: 1388\r\nSourceImage: C:\\windows\\Explorer.EXE\r\nTargetProcessGUID: {39e4a257-f1cc-5f8b-c300-000000000700}\r\nTargetProcessId: 7592\r\nTargetImage: C:\\windows\\system32\\conhost.exe\r\nGrantedAccess: 0x1000\r\nCallTrace: C:\\windows\\SYSTEM32\\ntdll.dll+9c584|C:\\windows\\System32\\KERNELBASE.dll+305fe|C:\\Windows\\System32\\appresolver.dll+221c5|C:\\Windows\\System32\\appresolver.dll+1edcc|C:\\windows\\system32\\twinui.pcshell.dll+1d434|C:\\windows\\system32\\twinui.pcshell.dll+fadd0|C:\\windows\\System32\\KERNEL32.DLL+17c24|C:\\windows\\SYSTEM32\\ntdll.dll+6cea1","Hostname":"WORKSTATION5","ProcessName":null,"ProcessId":null,"AccessReason":null,"RestrictedSidCount":null,"AccessList":null,"SourceName":"Microsoft-Windows-Sysmon","HandleId":null,"TransactionId":null,"Status":null,"TargetProcessId":"7592","SourceHandleId":null,"TargetHandleId":null,"SourceProcessId":"1072","CommandLine":null,"NewProcessId":null,"TargetLogonId":null,"TokenElevationType":null,"NewProcessName":null,"MandatoryLabel":null,"ParentProcessName":null,"TargetUserSid":null,"TargetDomainName":null,"TargetUserName":null,"RemoteMachineID":null,"LayerRTID":null,"Direction":null,"DestAddress":null,"RemoteUserID":null,"SourcePort":null,"LayerName":null,"SourceAddress":null,"Protocol":null,"ProcessID":null,"DestPort":null,"FilterRTID":null,"Application":null,"SourceImage":"C:\\windows\\Explorer.EXE","GrantedAccess":"0x1000","SourceThreadId":"1388","CallTrace":"C:\\windows\\SYSTEM32\\ntdll.dll+9c584|C:\\windows\\System32\\KERNELBASE.dll+305fe|C:\\Windows\\System32\\appresolver.dll+221c5|C:\\Windows\\System32\\appresolver.dll+1edcc|C:\\windows\\system32\\twinui.pcshell.dll+1d434|C:\\windows\\system32\\twinui.pcshell.dll+fadd0|C:\\windows\\System32\\KERNEL32.DLL+17c24|C:\\windows\\SYSTEM32\\ntdll.dll+6cea1","UtcTime":"2020-10-18 23:50:07.338","TargetProcessGUID":"{39e4a257-f1cc-5f8b-c300-000000000700}","RuleName":"-","TargetImage":"C:\\windows\\system32\\conhost.exe","SourceProcessGUID":"{39e4a257-f1b3-5f8b-a700-000000000700}","ProcessGuid":null,"Image":null,"Details":null,"EventType":null,"TargetObject":null,"TargetFilename":null,"CreationUtcTime":null,"SignatureStatus":null,"Signature":null,"Product":null,"Hashes":null,"ImageLoaded":null,"FileVersion":null,"Description":null,"Company":null,"Signed":null,"OriginalFileName":null}
-{"SubjectUserName":null,"TimeCreated":"2020-10-18 07:50:07.346","SubjectLogonId":null,"ResourceAttributes":null,"SubjectDomainName":null,"PrivilegeList":null,"ObjectServer":null,"ObjectType":null,"SubjectUserSid":null,"EventID":10,"Channel":"Microsoft-Windows-Sysmon\/Operational","Task":"10","ObjectName":null,"AccessMask":null,"Message":"Process accessed:\r\nRuleName: -\r\nUtcTime: 2020-10-18 23:50:07.338\r\nSourceProcessGUID: {39e4a257-f1b3-5f8b-a700-000000000700}\r\nSourceProcessId: 1072\r\nSourceThreadId: 1388\r\nSourceImage: C:\\windows\\Explorer.EXE\r\nTargetProcessGUID: {39e4a257-f1cc-5f8b-c300-000000000700}\r\nTargetProcessId: 7592\r\nTargetImage: C:\\windows\\system32\\conhost.exe\r\nGrantedAccess: 0x1410\r\nCallTrace: C:\\windows\\SYSTEM32\\ntdll.dll+9c584|C:\\windows\\System32\\KERNELBASE.dll+305fe|C:\\windows\\system32\\twinui.pcshell.dll+1d207|C:\\windows\\system32\\twinui.pcshell.dll+fadd0|C:\\windows\\System32\\KERNEL32.DLL+17c24|C:\\windows\\SYSTEM32\\ntdll.dll+6cea1","Hostname":"WORKSTATION5","ProcessName":null,"ProcessId":null,"AccessReason":null,"RestrictedSidCount":null,"AccessList":null,"SourceName":"Microsoft-Windows-Sysmon","HandleId":null,"TransactionId":null,"Status":null,"TargetProcessId":"7592","SourceHandleId":null,"TargetHandleId":null,"SourceProcessId":"1072","CommandLine":null,"NewProcessId":null,"TargetLogonId":null,"TokenElevationType":null,"NewProcessName":null,"MandatoryLabel":null,"ParentProcessName":null,"TargetUserSid":null,"TargetDomainName":null,"TargetUserName":null,"RemoteMachineID":null,"LayerRTID":null,"Direction":null,"DestAddress":null,"RemoteUserID":null,"SourcePort":null,"LayerName":null,"SourceAddress":null,"Protocol":null,"ProcessID":null,"DestPort":null,"FilterRTID":null,"Application":null,"SourceImage":"C:\\windows\\Explorer.EXE","GrantedAccess":"0x1410","SourceThreadId":"1388","CallTrace":"C:\\windows\\SYSTEM32\\ntdll.dll+9c584|C:\\windows\\System32\\KERNELBASE.dll+305fe|C:\\windows\\system32\\twinui.pcshell.dll+1d207|C:\\windows\\system32\\twinui.pcshell.dll+fadd0|C:\\windows\\System32\\KERNEL32.DLL+17c24|C:\\windows\\SYSTEM32\\ntdll.dll+6cea1","UtcTime":"2020-10-18 23:50:07.338","TargetProcessGUID":"{39e4a257-f1cc-5f8b-c300-000000000700}","RuleName":"-","TargetImage":"C:\\windows\\system32\\conhost.exe","SourceProcessGUID":"{39e4a257-f1b3-5f8b-a700-000000000700}","ProcessGuid":null,"Image":null,"Details":null,"EventType":null,"TargetObject":null,"TargetFilename":null,"CreationUtcTime":null,"SignatureStatus":null,"Signature":null,"Product":null,"Hashes":null,"ImageLoaded":null,"FileVersion":null,"Description":null,"Company":null,"Signed":null,"OriginalFileName":null}
-{"SubjectUserName":null,"TimeCreated":"2020-10-18 07:50:06.231","SubjectLogonId":null,"ResourceAttributes":null,"SubjectDomainName":null,"PrivilegeList":null,"ObjectServer":null,"ObjectType":null,"SubjectUserSid":null,"EventID":11,"Channel":"Microsoft-Windows-Sysmon\/Operational","Task":"11","ObjectName":null,"AccessMask":null,"Message":"File created:\r\nRuleName: -\r\nUtcTime: 2020-10-18 23:50:06.229\r\nProcessGuid: {39e4a257-f133-5f8b-3100-000000000700}\r\nProcessId: 1556\r\nImage: C:\\windows\\system32\\svchost.exe\r\nTargetFilename: C:\\Windows\\Prefetch\\RUNDLL32.EXE-B1101E56.pf\r\nCreationUtcTime: 2020-10-18 23:08:04.918","Hostname":"WORKSTATION5","ProcessName":null,"ProcessId":"1556","AccessReason":null,"RestrictedSidCount":null,"AccessList":null,"SourceName":"Microsoft-Windows-Sysmon","HandleId":null,"TransactionId":null,"Status":null,"TargetProcessId":null,"SourceHandleId":null,"TargetHandleId":null,"SourceProcessId":null,"CommandLine":null,"NewProcessId":null,"TargetLogonId":null,"TokenElevationType":null,"NewProcessName":null,"MandatoryLabel":null,"ParentProcessName":null,"TargetUserSid":null,"TargetDomainName":null,"TargetUserName":null,"RemoteMachineID":null,"LayerRTID":null,"Direction":null,"DestAddress":null,"RemoteUserID":null,"SourcePort":null,"LayerName":null,"SourceAddress":null,"Protocol":null,"ProcessID":null,"DestPort":null,"FilterRTID":null,"Application":null,"SourceImage":null,"GrantedAccess":null,"SourceThreadId":null,"CallTrace":null,"UtcTime":"2020-10-18 23:50:06.229","TargetProcessGUID":null,"RuleName":"-","TargetImage":null,"SourceProcessGUID":null,"ProcessGuid":"{39e4a257-f133-5f8b-3100-000000000700}","Image":"C:\\windows\\system32\\svchost.exe","Details":null,"EventType":null,"TargetObject":null,"TargetFilename":"C:\\Windows\\Prefetch\\RUNDLL32.EXE-B1101E56.pf","CreationUtcTime":"2020-10-18 23:08:04.918","SignatureStatus":null,"Signature":null,"Product":null,"Hashes":null,"ImageLoaded":null,"FileVersion":null,"Description":null,"Company":null,"Signed":null,"OriginalFileName":null}
-{"SubjectUserName":null,"TimeCreated":"2020-10-18 07:50:06.220","SubjectLogonId":null,"ResourceAttributes":null,"SubjectDomainName":null,"PrivilegeList":null,"ObjectServer":null,"ObjectType":null,"SubjectUserSid":null,"EventID":5,"Channel":"Microsoft-Windows-Sysmon\/Operational","Task":"5","ObjectName":null,"AccessMask":null,"Message":"Process terminated:\r\nRuleName: -\r\nUtcTime: 2020-10-18 23:50:06.213\r\nProcessGuid: {39e4a257-d4ad-5f8c-3303-000000000700}\r\nProcessId: 4824\r\nImage: C:\\Windows\\System32\\rundll32.exe","Hostname":"WORKSTATION5","ProcessName":null,"ProcessId":"4824","AccessReason":null,"RestrictedSidCount":null,"AccessList":null,"SourceName":"Microsoft-Windows-Sysmon","HandleId":null,"TransactionId":null,"Status":null,"TargetProcessId":null,"SourceHandleId":null,"TargetHandleId":null,"SourceProcessId":null,"CommandLine":null,"NewProcessId":null,"TargetLogonId":null,"TokenElevationType":null,"NewProcessName":null,"MandatoryLabel":null,"ParentProcessName":null,"TargetUserSid":null,"TargetDomainName":null,"TargetUserName":null,"RemoteMachineID":null,"LayerRTID":null,"Direction":null,"DestAddress":null,"RemoteUserID":null,"SourcePort":null,"LayerName":null,"SourceAddress":null,"Protocol":null,"ProcessID":null,"DestPort":null,"FilterRTID":null,"Application":null,"SourceImage":null,"GrantedAccess":null,"SourceThreadId":null,"CallTrace":null,"UtcTime":"2020-10-18 23:50:06.213","TargetProcessGUID":null,"RuleName":"-","TargetImage":null,"SourceProcessGUID":null,"ProcessGuid":"{39e4a257-d4ad-5f8c-3303-000000000700}","Image":"C:\\Windows\\System32\\rundll32.exe","Details":null,"EventType":null,"TargetObject":null,"TargetFilename":null,"CreationUtcTime":null,"SignatureStatus":null,"Signature":null,"Product":null,"Hashes":null,"ImageLoaded":null,"FileVersion":null,"Description":null,"Company":null,"Signed":null,"OriginalFileName":null}
-{"SubjectUserName":null,"TimeCreated":"2020-10-18 07:50:06.218","SubjectLogonId":null,"ResourceAttributes":null,"SubjectDomainName":null,"PrivilegeList":null,"ObjectServer":null,"ObjectType":null,"SubjectUserSid":null,"EventID":7,"Channel":"Microsoft-Windows-Sysmon\/Operational","Task":"7","ObjectName":null,"AccessMask":null,"Message":"Image loaded:\r\nRuleName: -\r\nUtcTime: 2020-10-18 23:50:06.119\r\nProcessGuid: {39e4a257-d4ad-5f8c-3303-000000000700}\r\nProcessId: 4824\r\nImage: C:\\Windows\\System32\\rundll32.exe\r\nImageLoaded: C:\\Windows\\System32\\verifier.dll\r\nFileVersion: 10.0.18362.1 (WinBuild.160101.0800)\r\nDescription: Standard application verifier provider dll\r\nProduct: Microsoft\u00ae Windows\u00ae Operating System\r\nCompany: Microsoft Corporation\r\nOriginalFileName: verifier.dll\r\nHashes: SHA1=5C6E0F2B6AA669899C333B5EB58D16157DB97BAD,MD5=75A0B672A1333FDF07984447CB4DA048,SHA256=4206F04FAD8000FA1CD66549A87EC2829011B7CD929DD8E59F75FFB677366AE9,IMPHASH=C92CF34C1885426F8F6C6C26A8EE06BA\r\nSigned: true\r\nSignature: Microsoft Windows\r\nSignatureStatus: Valid","Hostname":"WORKSTATION5","ProcessName":null,"ProcessId":"4824","AccessReason":null,"RestrictedSidCount":null,"AccessList":null,"SourceName":"Microsoft-Windows-Sysmon","HandleId":null,"TransactionId":null,"Status":null,"TargetProcessId":null,"SourceHandleId":null,"TargetHandleId":null,"SourceProcessId":null,"CommandLine":null,"NewProcessId":null,"TargetLogonId":null,"TokenElevationType":null,"NewProcessName":null,"MandatoryLabel":null,"ParentProcessName":null,"TargetUserSid":null,"TargetDomainName":null,"TargetUserName":null,"RemoteMachineID":null,"LayerRTID":null,"Direction":null,"DestAddress":null,"RemoteUserID":null,"SourcePort":null,"LayerName":null,"SourceAddress":null,"Protocol":null,"ProcessID":null,"DestPort":null,"FilterRTID":null,"Application":null,"SourceImage":null,"GrantedAccess":null,"SourceThreadId":null,"CallTrace":null,"UtcTime":"2020-10-18 23:50:06.119","TargetProcessGUID":null,"RuleName":"-","TargetImage":null,"SourceProcessGUID":null,"ProcessGuid":"{39e4a257-d4ad-5f8c-3303-000000000700}","Image":"C:\\Windows\\System32\\rundll32.exe","Details":null,"EventType":null,"TargetObject":null,"TargetFilename":null,"CreationUtcTime":null,"SignatureStatus":"Valid","Signature":"Microsoft Windows","Product":"Microsoft\u00ae Windows\u00ae Operating System","Hashes":"SHA1=5C6E0F2B6AA669899C333B5EB58D16157DB97BAD,MD5=75A0B672A1333FDF07984447CB4DA048,SHA256=4206F04FAD8000FA1CD66549A87EC2829011B7CD929DD8E59F75FFB677366AE9,IMPHASH=C92CF34C1885426F8F6C6C26A8EE06BA","ImageLoaded":"C:\\Windows\\System32\\verifier.dll","FileVersion":"10.0.18362.1 (WinBuild.160101.0800)","Description":"Standard application verifier provider dll","Company":"Microsoft Corporation","Signed":"true","OriginalFileName":"verifier.dll"}
-{"SubjectUserName":null,"TimeCreated":"2020-10-18 07:50:06.214","SubjectLogonId":null,"ResourceAttributes":null,"SubjectDomainName":null,"PrivilegeList":null,"ObjectServer":null,"ObjectType":null,"SubjectUserSid":null,"EventID":10,"Channel":"Microsoft-Windows-Sysmon\/Operational","Task":"10","ObjectName":null,"AccessMask":null,"Message":"Process accessed:\r\nRuleName: -\r\nUtcTime: 2020-10-18 23:50:06.198\r\nSourceProcessGUID: {39e4a257-f132-5f8b-1200-000000000700}\r\nSourceProcessId: 404\r\nSourceThreadId: 7720\r\nSourceImage: C:\\windows\\system32\\svchost.exe\r\nTargetProcessGUID: {39e4a257-f138-5f8b-5600-000000000700}\r\nTargetProcessId: 3408\r\nTargetImage: C:\\ProgramData\\Microsoft\\Windows Defender\\platform\\4.18.2009.7-0\\MsMpEng.exe\r\nGrantedAccess: 0x1000\r\nCallTrace: C:\\windows\\SYSTEM32\\ntdll.dll+9c584|C:\\windows\\System32\\KERNELBASE.dll+6af15|c:\\windows\\system32\\lsm.dll+1184f|c:\\windows\\system32\\lsm.dll+1172e|C:\\windows\\System32\\RPCRT4.dll+76a63|C:\\windows\\System32\\RPCRT4.dll+da036|C:\\windows\\System32\\RPCRT4.dll+37b7c|C:\\windows\\System32\\RPCRT4.dll+549f8|C:\\windows\\System32\\RPCRT4.dll+2c9b1|C:\\windows\\System32\\RPCRT4.dll+2c26b|C:\\windows\\System32\\RPCRT4.dll+1a8cf|C:\\windows\\System32\\RPCRT4.dll+19d7a|C:\\windows\\System32\\RPCRT4.dll+19361|C:\\windows\\System32\\RPCRT4.dll+18dce|C:\\windows\\System32\\RPCRT4.dll+16a05|C:\\windows\\SYSTEM32\\ntdll.dll+333ed|C:\\windows\\SYSTEM32\\ntdll.dll+34142|C:\\windows\\System32\\KERNEL32.DLL+17c24|C:\\windows\\SYSTEM32\\ntdll.dll+6cea1","Hostname":"WORKSTATION5","ProcessName":null,"ProcessId":null,"AccessReason":null,"RestrictedSidCount":null,"AccessList":null,"SourceName":"Microsoft-Windows-Sysmon","HandleId":null,"TransactionId":null,"Status":null,"TargetProcessId":"3408","SourceHandleId":null,"TargetHandleId":null,"SourceProcessId":"404","CommandLine":null,"NewProcessId":null,"TargetLogonId":null,"TokenElevationType":null,"NewProcessName":null,"MandatoryLabel":null,"ParentProcessName":null,"TargetUserSid":null,"TargetDomainName":null,"TargetUserName":null,"RemoteMachineID":null,"LayerRTID":null,"Direction":null,"DestAddress":null,"RemoteUserID":null,"SourcePort":null,"LayerName":null,"SourceAddress":null,"Protocol":null,"ProcessID":null,"DestPort":null,"FilterRTID":null,"Application":null,"SourceImage":"C:\\windows\\system32\\svchost.exe","GrantedAccess":"0x1000","SourceThreadId":"7720","CallTrace":"C:\\windows\\SYSTEM32\\ntdll.dll+9c584|C:\\windows\\System32\\KERNELBASE.dll+6af15|c:\\windows\\system32\\lsm.dll+1184f|c:\\windows\\system32\\lsm.dll+1172e|C:\\windows\\System32\\RPCRT4.dll+76a63|C:\\windows\\System32\\RPCRT4.dll+da036|C:\\windows\\System32\\RPCRT4.dll+37b7c|C:\\windows\\System32\\RPCRT4.dll+549f8|C:\\windows\\System32\\RPCRT4.dll+2c9b1|C:\\windows\\System32\\RPCRT4.dll+2c26b|C:\\windows\\System32\\RPCRT4.dll+1a8cf|C:\\windows\\System32\\RPCRT4.dll+19d7a|C:\\windows\\System32\\RPCRT4.dll+19361|C:\\windows\\System32\\RPCRT4.dll+18dce|C:\\windows\\System32\\RPCRT4.dll+16a05|C:\\windows\\SYSTEM32\\ntdll.dll+333ed|C:\\windows\\SYSTEM32\\ntdll.dll+34142|C:\\windows\\System32\\KERNEL32.DLL+17c24|C:\\windows\\SYSTEM32\\ntdll.dll+6cea1","UtcTime":"2020-10-18 23:50:06.198","TargetProcessGUID":"{39e4a257-f138-5f8b-5600-000000000700}","RuleName":"-","TargetImage":"C:\\ProgramData\\Microsoft\\Windows Defender\\platform\\4.18.2009.7-0\\MsMpEng.exe","SourceProcessGUID":"{39e4a257-f132-5f8b-1200-000000000700}","ProcessGuid":null,"Image":null,"Details":null,"EventType":null,"TargetObject":null,"TargetFilename":null,"CreationUtcTime":null,"SignatureStatus":null,"Signature":null,"Product":null,"Hashes":null,"ImageLoaded":null,"FileVersion":null,"Description":null,"Company":null,"Signed":null,"OriginalFileName":null}
-{"SubjectUserName":null,"TimeCreated":"2020-10-18 07:50:06.214","SubjectLogonId":null,"ResourceAttributes":null,"SubjectDomainName":null,"PrivilegeList":null,"ObjectServer":null,"ObjectType":null,"SubjectUserSid":null,"EventID":10,"Channel":"Microsoft-Windows-Sysmon\/Operational","Task":"10","ObjectName":null,"AccessMask":null,"Message":"Process accessed:\r\nRuleName: -\r\nUtcTime: 2020-10-18 23:50:06.198\r\nSourceProcessGUID: {39e4a257-f132-5f8b-1200-000000000700}\r\nSourceProcessId: 404\r\nSourceThreadId: 7720\r\nSourceImage: C:\\windows\\system32\\svchost.exe\r\nTargetProcessGUID: {39e4a257-f138-5f8b-5600-000000000700}\r\nTargetProcessId: 3408\r\nTargetImage: C:\\ProgramData\\Microsoft\\Windows Defender\\platform\\4.18.2009.7-0\\MsMpEng.exe\r\nGrantedAccess: 0x1000\r\nCallTrace: C:\\windows\\SYSTEM32\\ntdll.dll+9c584|C:\\windows\\System32\\KERNELBASE.dll+6af15|c:\\windows\\system32\\lsm.dll+1184f|c:\\windows\\system32\\lsm.dll+1172e|C:\\windows\\System32\\RPCRT4.dll+76a63|C:\\windows\\System32\\RPCRT4.dll+da036|C:\\windows\\System32\\RPCRT4.dll+37b7c|C:\\windows\\System32\\RPCRT4.dll+549f8|C:\\windows\\System32\\RPCRT4.dll+2c9b1|C:\\windows\\System32\\RPCRT4.dll+2c26b|C:\\windows\\System32\\RPCRT4.dll+1a8cf|C:\\windows\\System32\\RPCRT4.dll+19d7a|C:\\windows\\System32\\RPCRT4.dll+19361|C:\\windows\\System32\\RPCRT4.dll+18dce|C:\\windows\\System32\\RPCRT4.dll+16a05|C:\\windows\\SYSTEM32\\ntdll.dll+333ed|C:\\windows\\SYSTEM32\\ntdll.dll+34142|C:\\windows\\System32\\KERNEL32.DLL+17c24|C:\\windows\\SYSTEM32\\ntdll.dll+6cea1","Hostname":"WORKSTATION5","ProcessName":null,"ProcessId":null,"AccessReason":null,"RestrictedSidCount":null,"AccessList":null,"SourceName":"Microsoft-Windows-Sysmon","HandleId":null,"TransactionId":null,"Status":null,"TargetProcessId":"3408","SourceHandleId":null,"TargetHandleId":null,"SourceProcessId":"404","CommandLine":null,"NewProcessId":null,"TargetLogonId":null,"TokenElevationType":null,"NewProcessName":null,"MandatoryLabel":null,"ParentProcessName":null,"TargetUserSid":null,"TargetDomainName":null,"TargetUserName":null,"RemoteMachineID":null,"LayerRTID":null,"Direction":null,"DestAddress":null,"RemoteUserID":null,"SourcePort":null,"LayerName":null,"SourceAddress":null,"Protocol":null,"ProcessID":null,"DestPort":null,"FilterRTID":null,"Application":null,"SourceImage":"C:\\windows\\system32\\svchost.exe","GrantedAccess":"0x1000","SourceThreadId":"7720","CallTrace":"C:\\windows\\SYSTEM32\\ntdll.dll+9c584|C:\\windows\\System32\\KERNELBASE.dll+6af15|c:\\windows\\system32\\lsm.dll+1184f|c:\\windows\\system32\\lsm.dll+1172e|C:\\windows\\System32\\RPCRT4.dll+76a63|C:\\windows\\System32\\RPCRT4.dll+da036|C:\\windows\\System32\\RPCRT4.dll+37b7c|C:\\windows\\System32\\RPCRT4.dll+549f8|C:\\windows\\System32\\RPCRT4.dll+2c9b1|C:\\windows\\System32\\RPCRT4.dll+2c26b|C:\\windows\\System32\\RPCRT4.dll+1a8cf|C:\\windows\\System32\\RPCRT4.dll+19d7a|C:\\windows\\System32\\RPCRT4.dll+19361|C:\\windows\\System32\\RPCRT4.dll+18dce|C:\\windows\\System32\\RPCRT4.dll+16a05|C:\\windows\\SYSTEM32\\ntdll.dll+333ed|C:\\windows\\SYSTEM32\\ntdll.dll+34142|C:\\windows\\System32\\KERNEL32.DLL+17c24|C:\\windows\\SYSTEM32\\ntdll.dll+6cea1","UtcTime":"2020-10-18 23:50:06.198","TargetProcessGUID":"{39e4a257-f138-5f8b-5600-000000000700}","RuleName":"-","TargetImage":"C:\\ProgramData\\Microsoft\\Windows Defender\\platform\\4.18.2009.7-0\\MsMpEng.exe","SourceProcessGUID":"{39e4a257-f132-5f8b-1200-000000000700}","ProcessGuid":null,"Image":null,"Details":null,"EventType":null,"TargetObject":null,"TargetFilename":null,"CreationUtcTime":null,"SignatureStatus":null,"Signature":null,"Product":null,"Hashes":null,"ImageLoaded":null,"FileVersion":null,"Description":null,"Company":null,"Signed":null,"OriginalFileName":null}
-{"SubjectUserName":null,"TimeCreated":"2020-10-18 07:50:06.208","SubjectLogonId":null,"ResourceAttributes":null,"SubjectDomainName":null,"PrivilegeList":null,"ObjectServer":null,"ObjectType":null,"SubjectUserSid":null,"EventID":7,"Channel":"Microsoft-Windows-Sysmon\/Operational","Task":"7","ObjectName":null,"AccessMask":null,"Message":"Image loaded:\r\nRuleName: -\r\nUtcTime: 2020-10-18 23:50:05.994\r\nProcessGuid: {39e4a257-d4ad-5f8c-3303-000000000700}\r\nProcessId: 4824\r\nImage: C:\\Windows\\System32\\rundll32.exe\r\nImageLoaded: C:\\Windows\\System32\\dbgcore.dll\r\nFileVersion: 10.0.18362.1 (WinBuild.160101.0800)\r\nDescription: Windows Core Debugging Helpers\r\nProduct: Microsoft\u00ae Windows\u00ae Operating System\r\nCompany: Microsoft Corporation\r\nOriginalFileName: DBGCORE.DLL\r\nHashes: SHA1=108943FBF8312BBB0C9CAC3931C227CD3C60E87C,MD5=AD92544DB12E3B50ECBD9B0F8FF1331F,SHA256=CC7DCCBAE53DD4EF0521A9AD260B5094D91F2C5A631072687279C03281C1579C,IMPHASH=5203F507E4A303D63F015849CE72F6B2\r\nSigned: true\r\nSignature: Microsoft Windows\r\nSignatureStatus: Valid","Hostname":"WORKSTATION5","ProcessName":null,"ProcessId":"4824","AccessReason":null,"RestrictedSidCount":null,"AccessList":null,"SourceName":"Microsoft-Windows-Sysmon","HandleId":null,"TransactionId":null,"Status":null,"TargetProcessId":null,"SourceHandleId":null,"TargetHandleId":null,"SourceProcessId":null,"CommandLine":null,"NewProcessId":null,"TargetLogonId":null,"TokenElevationType":null,"NewProcessName":null,"MandatoryLabel":null,"ParentProcessName":null,"TargetUserSid":null,"TargetDomainName":null,"TargetUserName":null,"RemoteMachineID":null,"LayerRTID":null,"Direction":null,"DestAddress":null,"RemoteUserID":null,"SourcePort":null,"LayerName":null,"SourceAddress":null,"Protocol":null,"ProcessID":null,"DestPort":null,"FilterRTID":null,"Application":null,"SourceImage":null,"GrantedAccess":null,"SourceThreadId":null,"CallTrace":null,"UtcTime":"2020-10-18 23:50:05.994","TargetProcessGUID":null,"RuleName":"-","TargetImage":null,"SourceProcessGUID":null,"ProcessGuid":"{39e4a257-d4ad-5f8c-3303-000000000700}","Image":"C:\\Windows\\System32\\rundll32.exe","Details":null,"EventType":null,"TargetObject":null,"TargetFilename":null,"CreationUtcTime":null,"SignatureStatus":"Valid","Signature":"Microsoft Windows","Product":"Microsoft\u00ae Windows\u00ae Operating System","Hashes":"SHA1=108943FBF8312BBB0C9CAC3931C227CD3C60E87C,MD5=AD92544DB12E3B50ECBD9B0F8FF1331F,SHA256=CC7DCCBAE53DD4EF0521A9AD260B5094D91F2C5A631072687279C03281C1579C,IMPHASH=5203F507E4A303D63F015849CE72F6B2","ImageLoaded":"C:\\Windows\\System32\\dbgcore.dll","FileVersion":"10.0.18362.1 (WinBuild.160101.0800)","Description":"Windows Core Debugging Helpers","Company":"Microsoft Corporation","Signed":"true","OriginalFileName":"DBGCORE.DLL"}
-{"SubjectUserName":null,"TimeCreated":"2020-10-18 07:50:06.198","SubjectLogonId":null,"ResourceAttributes":null,"SubjectDomainName":null,"PrivilegeList":null,"ObjectServer":null,"ObjectType":null,"SubjectUserSid":null,"EventID":7,"Channel":"Microsoft-Windows-Sysmon\/Operational","Task":"7","ObjectName":null,"AccessMask":null,"Message":"Image loaded:\r\nRuleName: -\r\nUtcTime: 2020-10-18 23:50:05.994\r\nProcessGuid: {39e4a257-d4ad-5f8c-3303-000000000700}\r\nProcessId: 4824\r\nImage: C:\\Windows\\System32\\rundll32.exe\r\nImageLoaded: C:\\Windows\\System32\\dbghelp.dll\r\nFileVersion: 10.0.18362.1049 (WinBuild.160101.0800)\r\nDescription: Windows Image Helper\r\nProduct: Microsoft\u00ae Windows\u00ae Operating System\r\nCompany: Microsoft Corporation\r\nOriginalFileName: DBGHELP.DLL\r\nHashes: SHA1=05EE2A5807C15A68FC01F8226B7AB670E997DC17,MD5=4D9BE9FEC7FA4A16BB62BFDDC656C60D,SHA256=E2BD6557A60FCA4EF3A0350DB057E64767A3E07ECC229C0859DBD60BF16C66F7,IMPHASH=A3BCCB56DF3A7F1398A01550180F0559\r\nSigned: true\r\nSignature: Microsoft Windows\r\nSignatureStatus: Valid","Hostname":"WORKSTATION5","ProcessName":null,"ProcessId":"4824","AccessReason":null,"RestrictedSidCount":null,"AccessList":null,"SourceName":"Microsoft-Windows-Sysmon","HandleId":null,"TransactionId":null,"Status":null,"TargetProcessId":null,"SourceHandleId":null,"TargetHandleId":null,"SourceProcessId":null,"CommandLine":null,"NewProcessId":null,"TargetLogonId":null,"TokenElevationType":null,"NewProcessName":null,"MandatoryLabel":null,"ParentProcessName":null,"TargetUserSid":null,"TargetDomainName":null,"TargetUserName":null,"RemoteMachineID":null,"LayerRTID":null,"Direction":null,"DestAddress":null,"RemoteUserID":null,"SourcePort":null,"LayerName":null,"SourceAddress":null,"Protocol":null,"ProcessID":null,"DestPort":null,"FilterRTID":null,"Application":null,"SourceImage":null,"GrantedAccess":null,"SourceThreadId":null,"CallTrace":null,"UtcTime":"2020-10-18 23:50:05.994","TargetProcessGUID":null,"RuleName":"-","TargetImage":null,"SourceProcessGUID":null,"ProcessGuid":"{39e4a257-d4ad-5f8c-3303-000000000700}","Image":"C:\\Windows\\System32\\rundll32.exe","Details":null,"EventType":null,"TargetObject":null,"TargetFilename":null,"CreationUtcTime":null,"SignatureStatus":"Valid","Signature":"Microsoft Windows","Product":"Microsoft\u00ae Windows\u00ae Operating System","Hashes":"SHA1=05EE2A5807C15A68FC01F8226B7AB670E997DC17,MD5=4D9BE9FEC7FA4A16BB62BFDDC656C60D,SHA256=E2BD6557A60FCA4EF3A0350DB057E64767A3E07ECC229C0859DBD60BF16C66F7,IMPHASH=A3BCCB56DF3A7F1398A01550180F0559","ImageLoaded":"C:\\Windows\\System32\\dbghelp.dll","FileVersion":"10.0.18362.1049 (WinBuild.160101.0800)","Description":"Windows Image Helper","Company":"Microsoft Corporation","Signed":"true","OriginalFileName":"DBGHELP.DLL"}
-{"SubjectUserName":null,"TimeCreated":"2020-10-18 07:50:06.197","SubjectLogonId":null,"ResourceAttributes":null,"SubjectDomainName":null,"PrivilegeList":null,"ObjectServer":null,"ObjectType":null,"SubjectUserSid":null,"EventID":10,"Channel":"Microsoft-Windows-Sysmon\/Operational","Task":"10","ObjectName":null,"AccessMask":null,"Message":"Process accessed:\r\nRuleName: -\r\nUtcTime: 2020-10-18 23:50:06.182\r\nSourceProcessGUID: {39e4a257-f132-5f8b-1200-000000000700}\r\nSourceProcessId: 404\r\nSourceThreadId: 7720\r\nSourceImage: C:\\windows\\system32\\svchost.exe\r\nTargetProcessGUID: {39e4a257-f138-5f8b-5600-000000000700}\r\nTargetProcessId: 3408\r\nTargetImage: C:\\ProgramData\\Microsoft\\Windows Defender\\platform\\4.18.2009.7-0\\MsMpEng.exe\r\nGrantedAccess: 0x1000\r\nCallTrace: C:\\windows\\SYSTEM32\\ntdll.dll+9c584|C:\\windows\\System32\\KERNELBASE.dll+6af15|c:\\windows\\system32\\lsm.dll+1184f|c:\\windows\\system32\\lsm.dll+1172e|C:\\windows\\System32\\RPCRT4.dll+76a63|C:\\windows\\System32\\RPCRT4.dll+da036|C:\\windows\\System32\\RPCRT4.dll+37b7c|C:\\windows\\System32\\RPCRT4.dll+549f8|C:\\windows\\System32\\RPCRT4.dll+2c9b1|C:\\windows\\System32\\RPCRT4.dll+2c26b|C:\\windows\\System32\\RPCRT4.dll+1a8cf|C:\\windows\\System32\\RPCRT4.dll+19d7a|C:\\windows\\System32\\RPCRT4.dll+19361|C:\\windows\\System32\\RPCRT4.dll+18dce|C:\\windows\\System32\\RPCRT4.dll+16a05|C:\\windows\\SYSTEM32\\ntdll.dll+333ed|C:\\windows\\SYSTEM32\\ntdll.dll+34142|C:\\windows\\System32\\KERNEL32.DLL+17c24|C:\\windows\\SYSTEM32\\ntdll.dll+6cea1","Hostname":"WORKSTATION5","ProcessName":null,"ProcessId":null,"AccessReason":null,"RestrictedSidCount":null,"AccessList":null,"SourceName":"Microsoft-Windows-Sysmon","HandleId":null,"TransactionId":null,"Status":null,"TargetProcessId":"3408","SourceHandleId":null,"TargetHandleId":null,"SourceProcessId":"404","CommandLine":null,"NewProcessId":null,"TargetLogonId":null,"TokenElevationType":null,"NewProcessName":null,"MandatoryLabel":null,"ParentProcessName":null,"TargetUserSid":null,"TargetDomainName":null,"TargetUserName":null,"RemoteMachineID":null,"LayerRTID":null,"Direction":null,"DestAddress":null,"RemoteUserID":null,"SourcePort":null,"LayerName":null,"SourceAddress":null,"Protocol":null,"ProcessID":null,"DestPort":null,"FilterRTID":null,"Application":null,"SourceImage":"C:\\windows\\system32\\svchost.exe","GrantedAccess":"0x1000","SourceThreadId":"7720","CallTrace":"C:\\windows\\SYSTEM32\\ntdll.dll+9c584|C:\\windows\\System32\\KERNELBASE.dll+6af15|c:\\windows\\system32\\lsm.dll+1184f|c:\\windows\\system32\\lsm.dll+1172e|C:\\windows\\System32\\RPCRT4.dll+76a63|C:\\windows\\System32\\RPCRT4.dll+da036|C:\\windows\\System32\\RPCRT4.dll+37b7c|C:\\windows\\System32\\RPCRT4.dll+549f8|C:\\windows\\System32\\RPCRT4.dll+2c9b1|C:\\windows\\System32\\RPCRT4.dll+2c26b|C:\\windows\\System32\\RPCRT4.dll+1a8cf|C:\\windows\\System32\\RPCRT4.dll+19d7a|C:\\windows\\System32\\RPCRT4.dll+19361|C:\\windows\\System32\\RPCRT4.dll+18dce|C:\\windows\\System32\\RPCRT4.dll+16a05|C:\\windows\\SYSTEM32\\ntdll.dll+333ed|C:\\windows\\SYSTEM32\\ntdll.dll+34142|C:\\windows\\System32\\KERNEL32.DLL+17c24|C:\\windows\\SYSTEM32\\ntdll.dll+6cea1","UtcTime":"2020-10-18 23:50:06.182","TargetProcessGUID":"{39e4a257-f138-5f8b-5600-000000000700}","RuleName":"-","TargetImage":"C:\\ProgramData\\Microsoft\\Windows Defender\\platform\\4.18.2009.7-0\\MsMpEng.exe","SourceProcessGUID":"{39e4a257-f132-5f8b-1200-000000000700}","ProcessGuid":null,"Image":null,"Details":null,"EventType":null,"TargetObject":null,"TargetFilename":null,"CreationUtcTime":null,"SignatureStatus":null,"Signature":null,"Product":null,"Hashes":null,"ImageLoaded":null,"FileVersion":null,"Description":null,"Company":null,"Signed":null,"OriginalFileName":null}
-{"SubjectUserName":null,"TimeCreated":"2020-10-18 07:50:06.031","SubjectLogonId":null,"ResourceAttributes":null,"SubjectDomainName":null,"PrivilegeList":null,"ObjectServer":null,"ObjectType":null,"SubjectUserSid":null,"EventID":10,"Channel":"Microsoft-Windows-Sysmon\/Operational","Task":"10","ObjectName":null,"AccessMask":null,"Message":"Process accessed:\r\nRuleName: -\r\nUtcTime: 2020-10-18 23:50:06.025\r\nSourceProcessGUID: {39e4a257-f132-5f8b-1200-000000000700}\r\nSourceProcessId: 404\r\nSourceThreadId: 472\r\nSourceImage: C:\\windows\\system32\\svchost.exe\r\nTargetProcessGUID: {39e4a257-f138-5f8b-5600-000000000700}\r\nTargetProcessId: 3408\r\nTargetImage: C:\\ProgramData\\Microsoft\\Windows Defender\\platform\\4.18.2009.7-0\\MsMpEng.exe\r\nGrantedAccess: 0x1000\r\nCallTrace: C:\\windows\\SYSTEM32\\ntdll.dll+9c584|C:\\windows\\System32\\KERNELBASE.dll+6af15|c:\\windows\\system32\\lsm.dll+1184f|c:\\windows\\system32\\lsm.dll+1172e|C:\\windows\\System32\\RPCRT4.dll+76a63|C:\\windows\\System32\\RPCRT4.dll+da036|C:\\windows\\System32\\RPCRT4.dll+37b7c|C:\\windows\\System32\\RPCRT4.dll+549f8|C:\\windows\\System32\\RPCRT4.dll+2c9b1|C:\\windows\\System32\\RPCRT4.dll+2c26b|C:\\windows\\System32\\RPCRT4.dll+1a8cf|C:\\windows\\System32\\RPCRT4.dll+19d7a|C:\\windows\\System32\\RPCRT4.dll+19361|C:\\windows\\System32\\RPCRT4.dll+18dce|C:\\windows\\System32\\RPCRT4.dll+16a05|C:\\windows\\SYSTEM32\\ntdll.dll+333ed|C:\\windows\\SYSTEM32\\ntdll.dll+34142|C:\\windows\\System32\\KERNEL32.DLL+17c24|C:\\windows\\SYSTEM32\\ntdll.dll+6cea1","Hostname":"WORKSTATION5","ProcessName":null,"ProcessId":null,"AccessReason":null,"RestrictedSidCount":null,"AccessList":null,"SourceName":"Microsoft-Windows-Sysmon","HandleId":null,"TransactionId":null,"Status":null,"TargetProcessId":"3408","SourceHandleId":null,"TargetHandleId":null,"SourceProcessId":"404","CommandLine":null,"NewProcessId":null,"TargetLogonId":null,"TokenElevationType":null,"NewProcessName":null,"MandatoryLabel":null,"ParentProcessName":null,"TargetUserSid":null,"TargetDomainName":null,"TargetUserName":null,"RemoteMachineID":null,"LayerRTID":null,"Direction":null,"DestAddress":null,"RemoteUserID":null,"SourcePort":null,"LayerName":null,"SourceAddress":null,"Protocol":null,"ProcessID":null,"DestPort":null,"FilterRTID":null,"Application":null,"SourceImage":"C:\\windows\\system32\\svchost.exe","GrantedAccess":"0x1000","SourceThreadId":"472","CallTrace":"C:\\windows\\SYSTEM32\\ntdll.dll+9c584|C:\\windows\\System32\\KERNELBASE.dll+6af15|c:\\windows\\system32\\lsm.dll+1184f|c:\\windows\\system32\\lsm.dll+1172e|C:\\windows\\System32\\RPCRT4.dll+76a63|C:\\windows\\System32\\RPCRT4.dll+da036|C:\\windows\\System32\\RPCRT4.dll+37b7c|C:\\windows\\System32\\RPCRT4.dll+549f8|C:\\windows\\System32\\RPCRT4.dll+2c9b1|C:\\windows\\System32\\RPCRT4.dll+2c26b|C:\\windows\\System32\\RPCRT4.dll+1a8cf|C:\\windows\\System32\\RPCRT4.dll+19d7a|C:\\windows\\System32\\RPCRT4.dll+19361|C:\\windows\\System32\\RPCRT4.dll+18dce|C:\\windows\\System32\\RPCRT4.dll+16a05|C:\\windows\\SYSTEM32\\ntdll.dll+333ed|C:\\windows\\SYSTEM32\\ntdll.dll+34142|C:\\windows\\System32\\KERNEL32.DLL+17c24|C:\\windows\\SYSTEM32\\ntdll.dll+6cea1","UtcTime":"2020-10-18 23:50:06.025","TargetProcessGUID":"{39e4a257-f138-5f8b-5600-000000000700}","RuleName":"-","TargetImage":"C:\\ProgramData\\Microsoft\\Windows Defender\\platform\\4.18.2009.7-0\\MsMpEng.exe","SourceProcessGUID":"{39e4a257-f132-5f8b-1200-000000000700}","ProcessGuid":null,"Image":null,"Details":null,"EventType":null,"TargetObject":null,"TargetFilename":null,"CreationUtcTime":null,"SignatureStatus":null,"Signature":null,"Product":null,"Hashes":null,"ImageLoaded":null,"FileVersion":null,"Description":null,"Company":null,"Signed":null,"OriginalFileName":null}
-{"SubjectUserName":null,"TimeCreated":"2020-10-18 07:50:06.028","SubjectLogonId":null,"ResourceAttributes":null,"SubjectDomainName":null,"PrivilegeList":null,"ObjectServer":null,"ObjectType":null,"SubjectUserSid":null,"EventID":7,"Channel":"Microsoft-Windows-Sysmon\/Operational","Task":"7","ObjectName":null,"AccessMask":null,"Message":"Image loaded:\r\nRuleName: -\r\nUtcTime: 2020-10-18 23:50:06.025\r\nProcessGuid: {39e4a257-d4ad-5f8c-3303-000000000700}\r\nProcessId: 4824\r\nImage: C:\\Windows\\System32\\rundll32.exe\r\nImageLoaded: C:\\Windows\\System32\\version.dll\r\nFileVersion: 10.0.18362.1 (WinBuild.160101.0800)\r\nDescription: Version Checking and File Installation Libraries\r\nProduct: Microsoft\u00ae Windows\u00ae Operating System\r\nCompany: Microsoft Corporation\r\nOriginalFileName: VERSION.DLL\r\nHashes: SHA1=119724CC09BB52731D86A6B9F94003ED88E0E3FE,MD5=2C7C14627CFF3384C52E61D4DBD0ECC3,SHA256=41B4D85D84A86E41B948694B9B5F398A0D79F47629D6D969EB5B461D4F5D0347,IMPHASH=34340C2C4E9AA6EF6AD12BB695FC695B\r\nSigned: true\r\nSignature: Microsoft Windows\r\nSignatureStatus: Valid","Hostname":"WORKSTATION5","ProcessName":null,"ProcessId":"4824","AccessReason":null,"RestrictedSidCount":null,"AccessList":null,"SourceName":"Microsoft-Windows-Sysmon","HandleId":null,"TransactionId":null,"Status":null,"TargetProcessId":null,"SourceHandleId":null,"TargetHandleId":null,"SourceProcessId":null,"CommandLine":null,"NewProcessId":null,"TargetLogonId":null,"TokenElevationType":null,"NewProcessName":null,"MandatoryLabel":null,"ParentProcessName":null,"TargetUserSid":null,"TargetDomainName":null,"TargetUserName":null,"RemoteMachineID":null,"LayerRTID":null,"Direction":null,"DestAddress":null,"RemoteUserID":null,"SourcePort":null,"LayerName":null,"SourceAddress":null,"Protocol":null,"ProcessID":null,"DestPort":null,"FilterRTID":null,"Application":null,"SourceImage":null,"GrantedAccess":null,"SourceThreadId":null,"CallTrace":null,"UtcTime":"2020-10-18 23:50:06.025","TargetProcessGUID":null,"RuleName":"-","TargetImage":null,"SourceProcessGUID":null,"ProcessGuid":"{39e4a257-d4ad-5f8c-3303-000000000700}","Image":"C:\\Windows\\System32\\rundll32.exe","Details":null,"EventType":null,"TargetObject":null,"TargetFilename":null,"CreationUtcTime":null,"SignatureStatus":"Valid","Signature":"Microsoft Windows","Product":"Microsoft\u00ae Windows\u00ae Operating System","Hashes":"SHA1=119724CC09BB52731D86A6B9F94003ED88E0E3FE,MD5=2C7C14627CFF3384C52E61D4DBD0ECC3,SHA256=41B4D85D84A86E41B948694B9B5F398A0D79F47629D6D969EB5B461D4F5D0347,IMPHASH=34340C2C4E9AA6EF6AD12BB695FC695B","ImageLoaded":"C:\\Windows\\System32\\version.dll","FileVersion":"10.0.18362.1 (WinBuild.160101.0800)","Description":"Version Checking and File Installation Libraries","Company":"Microsoft Corporation","Signed":"true","OriginalFileName":"VERSION.DLL"}
-{"SubjectUserName":null,"TimeCreated":"2020-10-18 07:50:06.026","SubjectLogonId":null,"ResourceAttributes":null,"SubjectDomainName":null,"PrivilegeList":null,"ObjectServer":null,"ObjectType":null,"SubjectUserSid":null,"EventID":7,"Channel":"Microsoft-Windows-Sysmon\/Operational","Task":"7","ObjectName":null,"AccessMask":null,"Message":"Image loaded:\r\nRuleName: -\r\nUtcTime: 2020-10-18 23:50:06.010\r\nProcessGuid: {39e4a257-d4ad-5f8c-3303-000000000700}\r\nProcessId: 4824\r\nImage: C:\\Windows\\System32\\rundll32.exe\r\nImageLoaded: C:\\Windows\\System32\\psapi.dll\r\nFileVersion: 10.0.18362.1 (WinBuild.160101.0800)\r\nDescription: Process Status Helper\r\nProduct: Microsoft\u00ae Windows\u00ae Operating System\r\nCompany: Microsoft Corporation\r\nOriginalFileName: PSAPI\r\nHashes: SHA1=354FBAC912764BBF6595F97A59D5E32041926194,MD5=89D92079F45D2F2539BCD1EEF73A701E,SHA256=6DAE0B5BAC5B2C34FD313B51AC793B6F0C270DA01474E4D1016B119FC1F9CE8F,IMPHASH=A19426362F5443C7159B76FBEAFD171F\r\nSigned: true\r\nSignature: Microsoft Windows\r\nSignatureStatus: Valid","Hostname":"WORKSTATION5","ProcessName":null,"ProcessId":"4824","AccessReason":null,"RestrictedSidCount":null,"AccessList":null,"SourceName":"Microsoft-Windows-Sysmon","HandleId":null,"TransactionId":null,"Status":null,"TargetProcessId":null,"SourceHandleId":null,"TargetHandleId":null,"SourceProcessId":null,"CommandLine":null,"NewProcessId":null,"TargetLogonId":null,"TokenElevationType":null,"NewProcessName":null,"MandatoryLabel":null,"ParentProcessName":null,"TargetUserSid":null,"TargetDomainName":null,"TargetUserName":null,"RemoteMachineID":null,"LayerRTID":null,"Direction":null,"DestAddress":null,"RemoteUserID":null,"SourcePort":null,"LayerName":null,"SourceAddress":null,"Protocol":null,"ProcessID":null,"DestPort":null,"FilterRTID":null,"Application":null,"SourceImage":null,"GrantedAccess":null,"SourceThreadId":null,"CallTrace":null,"UtcTime":"2020-10-18 23:50:06.010","TargetProcessGUID":null,"RuleName":"-","TargetImage":null,"SourceProcessGUID":null,"ProcessGuid":"{39e4a257-d4ad-5f8c-3303-000000000700}","Image":"C:\\Windows\\System32\\rundll32.exe","Details":null,"EventType":null,"TargetObject":null,"TargetFilename":null,"CreationUtcTime":null,"SignatureStatus":"Valid","Signature":"Microsoft Windows","Product":"Microsoft\u00ae Windows\u00ae Operating System","Hashes":"SHA1=354FBAC912764BBF6595F97A59D5E32041926194,MD5=89D92079F45D2F2539BCD1EEF73A701E,SHA256=6DAE0B5BAC5B2C34FD313B51AC793B6F0C270DA01474E4D1016B119FC1F9CE8F,IMPHASH=A19426362F5443C7159B76FBEAFD171F","ImageLoaded":"C:\\Windows\\System32\\psapi.dll","FileVersion":"10.0.18362.1 (WinBuild.160101.0800)","Description":"Process Status Helper","Company":"Microsoft Corporation","Signed":"true","OriginalFileName":"PSAPI"}
