-{"SubjectUserName":null,"TimeCreated":"2020-10-18 07:50:06.025","SubjectLogonId":null,"ResourceAttributes":null,"SubjectDomainName":null,"PrivilegeList":null,"ObjectServer":null,"ObjectType":null,"SubjectUserSid":null,"EventID":10,"Channel":"Microsoft-Windows-Sysmon\/Operational","Task":"10","ObjectName":null,"AccessMask":null,"Message":"Process accessed:\r\nRuleName: -\r\nUtcTime: 2020-10-18 23:50:05.994\r\nSourceProcessGUID: {39e4a257-d4ad-5f8c-3303-000000000700}\r\nSourceProcessId: 4824\r\nSourceThreadId: 4372\r\nSourceImage: C:\\Windows\\System32\\rundll32.exe\r\nTargetProcessGUID: {39e4a257-f131-5f8b-0c00-000000000700}\r\nTargetProcessId: 756\r\nTargetImage: C:\\windows\\system32\\lsass.exe\r\nGrantedAccess: 0x1FFFFF\r\nCallTrace: C:\\windows\\SYSTEM32\\ntdll.dll+9c584|C:\\windows\\SYSTEM32\\ntdll.dll+74bf7|C:\\windows\\System32\\KERNEL32.DLL+1c258|C:\\windows\\System32\\KERNEL32.DLL+23278|C:\\windows\\SYSTEM32\\dbgcore.DLL+9447|C:\\windows\\SYSTEM32\\dbgcore.DLL+16185|C:\\windows\\SYSTEM32\\dbgcore.DLL+100a6|C:\\windows\\SYSTEM32\\dbgcore.DLL+613f|C:\\windows\\SYSTEM32\\dbgcore.DLL+6bbc|C:\\windows\\System32\\comsvcs.dll+3c684|C:\\Windows\\System32\\rundll32.exe+3bcf|C:\\Windows\\System32\\rundll32.exe+62d9|C:\\windows\\System32\\KERNEL32.DLL+17c24|C:\\windows\\SYSTEM32\\ntdll.dll+6cea1","Hostname":"WORKSTATION5","ProcessName":null,"ProcessId":null,"AccessReason":null,"RestrictedSidCount":null,"AccessList":null,"SourceName":"Microsoft-Windows-Sysmon","HandleId":null,"TransactionId":null,"Status":null,"TargetProcessId":"756","SourceHandleId":null,"TargetHandleId":null,"SourceProcessId":"4824","CommandLine":null,"NewProcessId":null,"TargetLogonId":null,"TokenElevationType":null,"NewProcessName":null,"MandatoryLabel":null,"ParentProcessName":null,"TargetUserSid":null,"TargetDomainName":null,"TargetUserName":null,"RemoteMachineID":null,"LayerRTID":null,"Direction":null,"DestAddress":null,"RemoteUserID":null,"SourcePort":null,"LayerName":null,"SourceAddress":null,"Protocol":null,"ProcessID":null,"DestPort":null,"FilterRTID":null,"Application":null,"SourceImage":"C:\\Windows\\System32\\rundll32.exe","GrantedAccess":"0x1fffff","SourceThreadId":"4372","CallTrace":"C:\\windows\\SYSTEM32\\ntdll.dll+9c584|C:\\windows\\SYSTEM32\\ntdll.dll+74bf7|C:\\windows\\System32\\KERNEL32.DLL+1c258|C:\\windows\\System32\\KERNEL32.DLL+23278|C:\\windows\\SYSTEM32\\dbgcore.DLL+9447|C:\\windows\\SYSTEM32\\dbgcore.DLL+16185|C:\\windows\\SYSTEM32\\dbgcore.DLL+100a6|C:\\windows\\SYSTEM32\\dbgcore.DLL+613f|C:\\windows\\SYSTEM32\\dbgcore.DLL+6bbc|C:\\windows\\System32\\comsvcs.dll+3c684|C:\\Windows\\System32\\rundll32.exe+3bcf|C:\\Windows\\System32\\rundll32.exe+62d9|C:\\windows\\System32\\KERNEL32.DLL+17c24|C:\\windows\\SYSTEM32\\ntdll.dll+6cea1","UtcTime":"2020-10-18 23:50:05.994","TargetProcessGUID":"{39e4a257-f131-5f8b-0c00-000000000700}","RuleName":"-","TargetImage":"C:\\windows\\system32\\lsass.exe","SourceProcessGUID":"{39e4a257-d4ad-5f8c-3303-000000000700}","ProcessGuid":null,"Image":null,"Details":null,"EventType":null,"TargetObject":null,"TargetFilename":null,"CreationUtcTime":null,"SignatureStatus":null,"Signature":null,"Product":null,"Hashes":null,"ImageLoaded":null,"FileVersion":null,"Description":null,"Company":null,"Signed":null,"OriginalFileName":null}
-{"SubjectUserName":null,"TimeCreated":"2020-10-18 07:50:06.001","SubjectLogonId":null,"ResourceAttributes":null,"SubjectDomainName":null,"PrivilegeList":null,"ObjectServer":null,"ObjectType":null,"SubjectUserSid":null,"EventID":11,"Channel":"Microsoft-Windows-Sysmon\/Operational","Task":"11","ObjectName":null,"AccessMask":null,"Message":"File created:\r\nRuleName: -\r\nUtcTime: 2020-10-18 23:50:05.963\r\nProcessGuid: {39e4a257-d4ad-5f8c-3303-000000000700}\r\nProcessId: 4824\r\nImage: C:\\Windows\\System32\\rundll32.exe\r\nTargetFilename: C:\\Users\\wardog\\AppData\\Local\\Temp\\lsass-comsvcs.dmp\r\nCreationUtcTime: 2020-10-18 23:50:05.963","Hostname":"WORKSTATION5","ProcessName":null,"ProcessId":"4824","AccessReason":null,"RestrictedSidCount":null,"AccessList":null,"SourceName":"Microsoft-Windows-Sysmon","HandleId":null,"TransactionId":null,"Status":null,"TargetProcessId":null,"SourceHandleId":null,"TargetHandleId":null,"SourceProcessId":null,"CommandLine":null,"NewProcessId":null,"TargetLogonId":null,"TokenElevationType":null,"NewProcessName":null,"MandatoryLabel":null,"ParentProcessName":null,"TargetUserSid":null,"TargetDomainName":null,"TargetUserName":null,"RemoteMachineID":null,"LayerRTID":null,"Direction":null,"DestAddress":null,"RemoteUserID":null,"SourcePort":null,"LayerName":null,"SourceAddress":null,"Protocol":null,"ProcessID":null,"DestPort":null,"FilterRTID":null,"Application":null,"SourceImage":null,"GrantedAccess":null,"SourceThreadId":null,"CallTrace":null,"UtcTime":"2020-10-18 23:50:05.963","TargetProcessGUID":null,"RuleName":"-","TargetImage":null,"SourceProcessGUID":null,"ProcessGuid":"{39e4a257-d4ad-5f8c-3303-000000000700}","Image":"C:\\Windows\\System32\\rundll32.exe","Details":null,"EventType":null,"TargetObject":null,"TargetFilename":"C:\\Users\\wardog\\AppData\\Local\\Temp\\lsass-comsvcs.dmp","CreationUtcTime":"2020-10-18 23:50:05.963","SignatureStatus":null,"Signature":null,"Product":null,"Hashes":null,"ImageLoaded":null,"FileVersion":null,"Description":null,"Company":null,"Signed":null,"OriginalFileName":null}
-{"SubjectUserName":null,"TimeCreated":"2020-10-18 07:50:06.001","SubjectLogonId":null,"ResourceAttributes":null,"SubjectDomainName":null,"PrivilegeList":null,"ObjectServer":null,"ObjectType":null,"SubjectUserSid":null,"EventID":10,"Channel":"Microsoft-Windows-Sysmon\/Operational","Task":"10","ObjectName":null,"AccessMask":null,"Message":"Process accessed:\r\nRuleName: -\r\nUtcTime: 2020-10-18 23:50:05.963\r\nSourceProcessGUID: {39e4a257-d4ad-5f8c-3303-000000000700}\r\nSourceProcessId: 4824\r\nSourceThreadId: 4372\r\nSourceImage: C:\\Windows\\System32\\rundll32.exe\r\nTargetProcessGUID: {39e4a257-f131-5f8b-0c00-000000000700}\r\nTargetProcessId: 756\r\nTargetImage: C:\\windows\\system32\\lsass.exe\r\nGrantedAccess: 0x1410\r\nCallTrace: C:\\windows\\SYSTEM32\\ntdll.dll+9c584|C:\\windows\\System32\\KERNELBASE.dll+305fe|C:\\windows\\System32\\comsvcs.dll+3c56f|C:\\Windows\\System32\\rundll32.exe+3bcf|C:\\Windows\\System32\\rundll32.exe+62d9|C:\\windows\\System32\\KERNEL32.DLL+17c24|C:\\windows\\SYSTEM32\\ntdll.dll+6cea1","Hostname":"WORKSTATION5","ProcessName":null,"ProcessId":null,"AccessReason":null,"RestrictedSidCount":null,"AccessList":null,"SourceName":"Microsoft-Windows-Sysmon","HandleId":null,"TransactionId":null,"Status":null,"TargetProcessId":"756","SourceHandleId":null,"TargetHandleId":null,"SourceProcessId":"4824","CommandLine":null,"NewProcessId":null,"TargetLogonId":null,"TokenElevationType":null,"NewProcessName":null,"MandatoryLabel":null,"ParentProcessName":null,"TargetUserSid":null,"TargetDomainName":null,"TargetUserName":null,"RemoteMachineID":null,"LayerRTID":null,"Direction":null,"DestAddress":null,"RemoteUserID":null,"SourcePort":null,"LayerName":null,"SourceAddress":null,"Protocol":null,"ProcessID":null,"DestPort":null,"FilterRTID":null,"Application":null,"SourceImage":"C:\\Windows\\System32\\rundll32.exe","GrantedAccess":"0x1410","SourceThreadId":"4372","CallTrace":"C:\\windows\\SYSTEM32\\ntdll.dll+9c584|C:\\windows\\System32\\KERNELBASE.dll+305fe|C:\\windows\\System32\\comsvcs.dll+3c56f|C:\\Windows\\System32\\rundll32.exe+3bcf|C:\\Windows\\System32\\rundll32.exe+62d9|C:\\windows\\System32\\KERNEL32.DLL+17c24|C:\\windows\\SYSTEM32\\ntdll.dll+6cea1","UtcTime":"2020-10-18 23:50:05.963","TargetProcessGUID":"{39e4a257-f131-5f8b-0c00-000000000700}","RuleName":"-","TargetImage":"C:\\windows\\system32\\lsass.exe","SourceProcessGUID":"{39e4a257-d4ad-5f8c-3303-000000000700}","ProcessGuid":null,"Image":null,"Details":null,"EventType":null,"TargetObject":null,"TargetFilename":null,"CreationUtcTime":null,"SignatureStatus":null,"Signature":null,"Product":null,"Hashes":null,"ImageLoaded":null,"FileVersion":null,"Description":null,"Company":null,"Signed":null,"OriginalFileName":null}
-{"SubjectUserName":null,"TimeCreated":"2020-10-18 07:50:06.001","SubjectLogonId":null,"ResourceAttributes":null,"SubjectDomainName":null,"PrivilegeList":null,"ObjectServer":null,"ObjectType":null,"SubjectUserSid":null,"EventID":10,"Channel":"Microsoft-Windows-Sysmon\/Operational","Task":"10","ObjectName":null,"AccessMask":null,"Message":"Process accessed:\r\nRuleName: -\r\nUtcTime: 2020-10-18 23:50:05.963\r\nSourceProcessGUID: {39e4a257-f1b3-5f8b-a700-000000000700}\r\nSourceProcessId: 1072\r\nSourceThreadId: 4688\r\nSourceImage: C:\\windows\\Explorer.EXE\r\nTargetProcessGUID: {39e4a257-d4ad-5f8c-3303-000000000700}\r\nTargetProcessId: 4824\r\nTargetImage: C:\\Windows\\System32\\rundll32.exe\r\nGrantedAccess: 0x1000\r\nCallTrace: C:\\windows\\SYSTEM32\\ntdll.dll+9c584|C:\\windows\\System32\\KERNELBASE.dll+305fe|C:\\windows\\SYSTEM32\\TWINAPI.dll+6d4c|C:\\windows\\system32\\twinui.pcshell.dll+20880|C:\\windows\\system32\\twinui.pcshell.dll+20082|C:\\windows\\system32\\twinui.dll+1780b|C:\\windows\\system32\\twinui.dll+1734c|C:\\windows\\system32\\twinui.dll+68f7a|C:\\windows\\system32\\twinui.dll+16e09|C:\\windows\\system32\\twinui.dll+16f4b|C:\\windows\\system32\\twinui.dll+16ecd|C:\\windows\\System32\\USER32.dll+15c1d|C:\\windows\\System32\\USER32.dll+15612|C:\\Windows\\System32\\windows.immersiveshell.serviceprovider.dll+45f0|C:\\Windows\\System32\\windows.immersiveshell.serviceprovider.dll+41b9|C:\\Windows\\System32\\windows.immersiveshell.serviceprovider.dll+3e4f|C:\\windows\\System32\\KERNEL32.DLL+17c24|C:\\windows\\SYSTEM32\\ntdll.dll+6cea1","Hostname":"WORKSTATION5","ProcessName":null,"ProcessId":null,"AccessReason":null,"RestrictedSidCount":null,"AccessList":null,"SourceName":"Microsoft-Windows-Sysmon","HandleId":null,"TransactionId":null,"Status":null,"TargetProcessId":"4824","SourceHandleId":null,"TargetHandleId":null,"SourceProcessId":"1072","CommandLine":null,"NewProcessId":null,"TargetLogonId":null,"TokenElevationType":null,"NewProcessName":null,"MandatoryLabel":null,"ParentProcessName":null,"TargetUserSid":null,"TargetDomainName":null,"TargetUserName":null,"RemoteMachineID":null,"LayerRTID":null,"Direction":null,"DestAddress":null,"RemoteUserID":null,"SourcePort":null,"LayerName":null,"SourceAddress":null,"Protocol":null,"ProcessID":null,"DestPort":null,"FilterRTID":null,"Application":null,"SourceImage":"C:\\windows\\Explorer.EXE","GrantedAccess":"0x1000","SourceThreadId":"4688","CallTrace":"C:\\windows\\SYSTEM32\\ntdll.dll+9c584|C:\\windows\\System32\\KERNELBASE.dll+305fe|C:\\windows\\SYSTEM32\\TWINAPI.dll+6d4c|C:\\windows\\system32\\twinui.pcshell.dll+20880|C:\\windows\\system32\\twinui.pcshell.dll+20082|C:\\windows\\system32\\twinui.dll+1780b|C:\\windows\\system32\\twinui.dll+1734c|C:\\windows\\system32\\twinui.dll+68f7a|C:\\windows\\system32\\twinui.dll+16e09|C:\\windows\\system32\\twinui.dll+16f4b|C:\\windows\\system32\\twinui.dll+16ecd|C:\\windows\\System32\\USER32.dll+15c1d|C:\\windows\\System32\\USER32.dll+15612|C:\\Windows\\System32\\windows.immersiveshell.serviceprovider.dll+45f0|C:\\Windows\\System32\\windows.immersiveshell.serviceprovider.dll+41b9|C:\\Windows\\System32\\windows.immersiveshell.serviceprovider.dll+3e4f|C:\\windows\\System32\\KERNEL32.DLL+17c24|C:\\windows\\SYSTEM32\\ntdll.dll+6cea1","UtcTime":"2020-10-18 23:50:05.963","TargetProcessGUID":"{39e4a257-d4ad-5f8c-3303-000000000700}","RuleName":"-","TargetImage":"C:\\Windows\\System32\\rundll32.exe","SourceProcessGUID":"{39e4a257-f1b3-5f8b-a700-000000000700}","ProcessGuid":null,"Image":null,"Details":null,"EventType":null,"TargetObject":null,"TargetFilename":null,"CreationUtcTime":null,"SignatureStatus":null,"Signature":null,"Product":null,"Hashes":null,"ImageLoaded":null,"FileVersion":null,"Description":null,"Company":null,"Signed":null,"OriginalFileName":null}
-{"SubjectUserName":null,"TimeCreated":"2020-10-18 07:50:06.001","SubjectLogonId":null,"ResourceAttributes":null,"SubjectDomainName":null,"PrivilegeList":null,"ObjectServer":null,"ObjectType":null,"SubjectUserSid":null,"EventID":7,"Channel":"Microsoft-Windows-Sysmon\/Operational","Task":"7","ObjectName":null,"AccessMask":null,"Message":"Image loaded:\r\nRuleName: -\r\nUtcTime: 2020-10-18 23:50:05.963\r\nProcessGuid: {39e4a257-d4ad-5f8c-3303-000000000700}\r\nProcessId: 4824\r\nImage: C:\\Windows\\System32\\rundll32.exe\r\nImageLoaded: C:\\Windows\\System32\\msctf.dll\r\nFileVersion: 10.0.18362.1139 (WinBuild.160101.0800)\r\nDescription: MSCTF Server DLL\r\nProduct: Microsoft\u00ae Windows\u00ae Operating System\r\nCompany: Microsoft Corporation\r\nOriginalFileName: MSCTF.DLL\r\nHashes: SHA1=5F7008EE8ADAABADD68C6DD5BE92D63E65FA246F,MD5=52FEBDEBB997A30DE66EBFF6C84458FE,SHA256=D5036280A629574D7421D12EDE96C8E05ED595A5DEDF1ED9678FF5667035514B,IMPHASH=E36139468C6DD82FE56B6A135839960B\r\nSigned: true\r\nSignature: Microsoft Windows\r\nSignatureStatus: Valid","Hostname":"WORKSTATION5","ProcessName":null,"ProcessId":"4824","AccessReason":null,"RestrictedSidCount":null,"AccessList":null,"SourceName":"Microsoft-Windows-Sysmon","HandleId":null,"TransactionId":null,"Status":null,"TargetProcessId":null,"SourceHandleId":null,"TargetHandleId":null,"SourceProcessId":null,"CommandLine":null,"NewProcessId":null,"TargetLogonId":null,"TokenElevationType":null,"NewProcessName":null,"MandatoryLabel":null,"ParentProcessName":null,"TargetUserSid":null,"TargetDomainName":null,"TargetUserName":null,"RemoteMachineID":null,"LayerRTID":null,"Direction":null,"DestAddress":null,"RemoteUserID":null,"SourcePort":null,"LayerName":null,"SourceAddress":null,"Protocol":null,"ProcessID":null,"DestPort":null,"FilterRTID":null,"Application":null,"SourceImage":null,"GrantedAccess":null,"SourceThreadId":null,"CallTrace":null,"UtcTime":"2020-10-18 23:50:05.963","TargetProcessGUID":null,"RuleName":"-","TargetImage":null,"SourceProcessGUID":null,"ProcessGuid":"{39e4a257-d4ad-5f8c-3303-000000000700}","Image":"C:\\Windows\\System32\\rundll32.exe","Details":null,"EventType":null,"TargetObject":null,"TargetFilename":null,"CreationUtcTime":null,"SignatureStatus":"Valid","Signature":"Microsoft Windows","Product":"Microsoft\u00ae Windows\u00ae Operating System","Hashes":"SHA1=5F7008EE8ADAABADD68C6DD5BE92D63E65FA246F,MD5=52FEBDEBB997A30DE66EBFF6C84458FE,SHA256=D5036280A629574D7421D12EDE96C8E05ED595A5DEDF1ED9678FF5667035514B,IMPHASH=E36139468C6DD82FE56B6A135839960B","ImageLoaded":"C:\\Windows\\System32\\msctf.dll","FileVersion":"10.0.18362.1139 (WinBuild.160101.0800)","Description":"MSCTF Server DLL","Company":"Microsoft Corporation","Signed":"true","OriginalFileName":"MSCTF.DLL"}
-{"SubjectUserName":null,"TimeCreated":"2020-10-18 07:50:06.000","SubjectLogonId":null,"ResourceAttributes":null,"SubjectDomainName":null,"PrivilegeList":null,"ObjectServer":null,"ObjectType":null,"SubjectUserSid":null,"EventID":10,"Channel":"Microsoft-Windows-Sysmon\/Operational","Task":"10","ObjectName":null,"AccessMask":null,"Message":"Process accessed:\r\nRuleName: -\r\nUtcTime: 2020-10-18 23:50:05.963\r\nSourceProcessGUID: {39e4a257-f133-5f8b-3400-000000000700}\r\nSourceProcessId: 2064\r\nSourceThreadId: 684\r\nSourceImage: C:\\windows\\System32\\svchost.exe\r\nTargetProcessGUID: {39e4a257-d4ad-5f8c-3303-000000000700}\r\nTargetProcessId: 4824\r\nTargetImage: C:\\Windows\\System32\\rundll32.exe\r\nGrantedAccess: 0x1400\r\nCallTrace: C:\\windows\\SYSTEM32\\ntdll.dll+9c584|c:\\windows\\system32\\themeservice.dll+1d60|c:\\windows\\system32\\themeservice.dll+1595|c:\\windows\\system32\\themeservice.dll+1461|c:\\windows\\system32\\themeservice.dll+1886|C:\\windows\\SYSTEM32\\ntdll.dll+2f655|C:\\windows\\SYSTEM32\\ntdll.dll+345b4|C:\\windows\\System32\\KERNEL32.DLL+17c24|C:\\windows\\SYSTEM32\\ntdll.dll+6cea1","Hostname":"WORKSTATION5","ProcessName":null,"ProcessId":null,"AccessReason":null,"RestrictedSidCount":null,"AccessList":null,"SourceName":"Microsoft-Windows-Sysmon","HandleId":null,"TransactionId":null,"Status":null,"TargetProcessId":"4824","SourceHandleId":null,"TargetHandleId":null,"SourceProcessId":"2064","CommandLine":null,"NewProcessId":null,"TargetLogonId":null,"TokenElevationType":null,"NewProcessName":null,"MandatoryLabel":null,"ParentProcessName":null,"TargetUserSid":null,"TargetDomainName":null,"TargetUserName":null,"RemoteMachineID":null,"LayerRTID":null,"Direction":null,"DestAddress":null,"RemoteUserID":null,"SourcePort":null,"LayerName":null,"SourceAddress":null,"Protocol":null,"ProcessID":null,"DestPort":null,"FilterRTID":null,"Application":null,"SourceImage":"C:\\windows\\System32\\svchost.exe","GrantedAccess":"0x1400","SourceThreadId":"684","CallTrace":"C:\\windows\\SYSTEM32\\ntdll.dll+9c584|c:\\windows\\system32\\themeservice.dll+1d60|c:\\windows\\system32\\themeservice.dll+1595|c:\\windows\\system32\\themeservice.dll+1461|c:\\windows\\system32\\themeservice.dll+1886|C:\\windows\\SYSTEM32\\ntdll.dll+2f655|C:\\windows\\SYSTEM32\\ntdll.dll+345b4|C:\\windows\\System32\\KERNEL32.DLL+17c24|C:\\windows\\SYSTEM32\\ntdll.dll+6cea1","UtcTime":"2020-10-18 23:50:05.963","TargetProcessGUID":"{39e4a257-d4ad-5f8c-3303-000000000700}","RuleName":"-","TargetImage":"C:\\Windows\\System32\\rundll32.exe","SourceProcessGUID":"{39e4a257-f133-5f8b-3400-000000000700}","ProcessGuid":null,"Image":null,"Details":null,"EventType":null,"TargetObject":null,"TargetFilename":null,"CreationUtcTime":null,"SignatureStatus":null,"Signature":null,"Product":null,"Hashes":null,"ImageLoaded":null,"FileVersion":null,"Description":null,"Company":null,"Signed":null,"OriginalFileName":null}
-{"SubjectUserName":null,"TimeCreated":"2020-10-18 07:50:06.000","SubjectLogonId":null,"ResourceAttributes":null,"SubjectDomainName":null,"PrivilegeList":null,"ObjectServer":null,"ObjectType":null,"SubjectUserSid":null,"EventID":10,"Channel":"Microsoft-Windows-Sysmon\/Operational","Task":"10","ObjectName":null,"AccessMask":null,"Message":"Process accessed:\r\nRuleName: -\r\nUtcTime: 2020-10-18 23:50:05.963\r\nSourceProcessGUID: {39e4a257-f133-5f8b-3400-000000000700}\r\nSourceProcessId: 2064\r\nSourceThreadId: 2236\r\nSourceImage: C:\\windows\\System32\\svchost.exe\r\nTargetProcessGUID: {39e4a257-d4ad-5f8c-3303-000000000700}\r\nTargetProcessId: 4824\r\nTargetImage: C:\\Windows\\System32\\rundll32.exe\r\nGrantedAccess: 0x1478\r\nCallTrace: C:\\windows\\SYSTEM32\\ntdll.dll+9c584|c:\\windows\\system32\\themeservice.dll+1a9a|c:\\windows\\system32\\themeservice.dll+1736|c:\\windows\\system32\\themeservice.dll+6026|c:\\windows\\system32\\themeservice.dll+ad9a|c:\\windows\\system32\\themeservice.dll+9dcf|C:\\windows\\System32\\svchost.exe+314c|C:\\windows\\System32\\sechost.dll+2de2|C:\\windows\\System32\\KERNEL32.DLL+17c24|C:\\windows\\SYSTEM32\\ntdll.dll+6cea1","Hostname":"WORKSTATION5","ProcessName":null,"ProcessId":null,"AccessReason":null,"RestrictedSidCount":null,"AccessList":null,"SourceName":"Microsoft-Windows-Sysmon","HandleId":null,"TransactionId":null,"Status":null,"TargetProcessId":"4824","SourceHandleId":null,"TargetHandleId":null,"SourceProcessId":"2064","CommandLine":null,"NewProcessId":null,"TargetLogonId":null,"TokenElevationType":null,"NewProcessName":null,"MandatoryLabel":null,"ParentProcessName":null,"TargetUserSid":null,"TargetDomainName":null,"TargetUserName":null,"RemoteMachineID":null,"LayerRTID":null,"Direction":null,"DestAddress":null,"RemoteUserID":null,"SourcePort":null,"LayerName":null,"SourceAddress":null,"Protocol":null,"ProcessID":null,"DestPort":null,"FilterRTID":null,"Application":null,"SourceImage":"C:\\windows\\System32\\svchost.exe","GrantedAccess":"0x1478","SourceThreadId":"2236","CallTrace":"C:\\windows\\SYSTEM32\\ntdll.dll+9c584|c:\\windows\\system32\\themeservice.dll+1a9a|c:\\windows\\system32\\themeservice.dll+1736|c:\\windows\\system32\\themeservice.dll+6026|c:\\windows\\system32\\themeservice.dll+ad9a|c:\\windows\\system32\\themeservice.dll+9dcf|C:\\windows\\System32\\svchost.exe+314c|C:\\windows\\System32\\sechost.dll+2de2|C:\\windows\\System32\\KERNEL32.DLL+17c24|C:\\windows\\SYSTEM32\\ntdll.dll+6cea1","UtcTime":"2020-10-18 23:50:05.963","TargetProcessGUID":"{39e4a257-d4ad-5f8c-3303-000000000700}","RuleName":"-","TargetImage":"C:\\Windows\\System32\\rundll32.exe","SourceProcessGUID":"{39e4a257-f133-5f8b-3400-000000000700}","ProcessGuid":null,"Image":null,"Details":null,"EventType":null,"TargetObject":null,"TargetFilename":null,"CreationUtcTime":null,"SignatureStatus":null,"Signature":null,"Product":null,"Hashes":null,"ImageLoaded":null,"FileVersion":null,"Description":null,"Company":null,"Signed":null,"OriginalFileName":null}
-{"SubjectUserName":null,"TimeCreated":"2020-10-18 07:50:06.000","SubjectLogonId":null,"ResourceAttributes":null,"SubjectDomainName":null,"PrivilegeList":null,"ObjectServer":null,"ObjectType":null,"SubjectUserSid":null,"EventID":7,"Channel":"Microsoft-Windows-Sysmon\/Operational","Task":"7","ObjectName":null,"AccessMask":null,"Message":"Image loaded:\r\nRuleName: -\r\nUtcTime: 2020-10-18 23:50:05.963\r\nProcessGuid: {39e4a257-d4ad-5f8c-3303-000000000700}\r\nProcessId: 4824\r\nImage: C:\\Windows\\System32\\rundll32.exe\r\nImageLoaded: C:\\Windows\\System32\\uxtheme.dll\r\nFileVersion: 10.0.18362.449 (WinBuild.160101.0800)\r\nDescription: Microsoft UxTheme Library\r\nProduct: Microsoft\u00ae Windows\u00ae Operating System\r\nCompany: Microsoft Corporation\r\nOriginalFileName: UxTheme.dll\r\nHashes: SHA1=62956D6FAEB4EC8EA54315A8E3CC15F06165AD57,MD5=3C9D22CAE173AD19806B6A016CD4CC28,SHA256=D95E7D07EA46D7D2AEFA01CD0A64CF266BE26D40FA6BE42F7CF60F6DEB8FBAF3,IMPHASH=64BAD10B75B987F62BF08E1852DE4022\r\nSigned: true\r\nSignature: Microsoft Windows\r\nSignatureStatus: Valid","Hostname":"WORKSTATION5","ProcessName":null,"ProcessId":"4824","AccessReason":null,"RestrictedSidCount":null,"AccessList":null,"SourceName":"Microsoft-Windows-Sysmon","HandleId":null,"TransactionId":null,"Status":null,"TargetProcessId":null,"SourceHandleId":null,"TargetHandleId":null,"SourceProcessId":null,"CommandLine":null,"NewProcessId":null,"TargetLogonId":null,"TokenElevationType":null,"NewProcessName":null,"MandatoryLabel":null,"ParentProcessName":null,"TargetUserSid":null,"TargetDomainName":null,"TargetUserName":null,"RemoteMachineID":null,"LayerRTID":null,"Direction":null,"DestAddress":null,"RemoteUserID":null,"SourcePort":null,"LayerName":null,"SourceAddress":null,"Protocol":null,"ProcessID":null,"DestPort":null,"FilterRTID":null,"Application":null,"SourceImage":null,"GrantedAccess":null,"SourceThreadId":null,"CallTrace":null,"UtcTime":"2020-10-18 23:50:05.963","TargetProcessGUID":null,"RuleName":"-","TargetImage":null,"SourceProcessGUID":null,"ProcessGuid":"{39e4a257-d4ad-5f8c-3303-000000000700}","Image":"C:\\Windows\\System32\\rundll32.exe","Details":null,"EventType":null,"TargetObject":null,"TargetFilename":null,"CreationUtcTime":null,"SignatureStatus":"Valid","Signature":"Microsoft Windows","Product":"Microsoft\u00ae Windows\u00ae Operating System","Hashes":"SHA1=62956D6FAEB4EC8EA54315A8E3CC15F06165AD57,MD5=3C9D22CAE173AD19806B6A016CD4CC28,SHA256=D95E7D07EA46D7D2AEFA01CD0A64CF266BE26D40FA6BE42F7CF60F6DEB8FBAF3,IMPHASH=64BAD10B75B987F62BF08E1852DE4022","ImageLoaded":"C:\\Windows\\System32\\uxtheme.dll","FileVersion":"10.0.18362.449 (WinBuild.160101.0800)","Description":"Microsoft UxTheme Library","Company":"Microsoft Corporation","Signed":"true","OriginalFileName":"UxTheme.dll"}
-{"SubjectUserName":null,"TimeCreated":"2020-10-18 07:50:05.999","SubjectLogonId":null,"ResourceAttributes":null,"SubjectDomainName":null,"PrivilegeList":null,"ObjectServer":null,"ObjectType":null,"SubjectUserSid":null,"EventID":7,"Channel":"Microsoft-Windows-Sysmon\/Operational","Task":"7","ObjectName":null,"AccessMask":null,"Message":"Image loaded:\r\nRuleName: -\r\nUtcTime: 2020-10-18 23:50:05.963\r\nProcessGuid: {39e4a257-d4ad-5f8c-3303-000000000700}\r\nProcessId: 4824\r\nImage: C:\\Windows\\System32\\rundll32.exe\r\nImageLoaded: C:\\Windows\\System32\\imm32.dll\r\nFileVersion: 10.0.18362.387 (WinBuild.160101.0800)\r\nDescription: Multi-User Windows IMM32 API Client DLL\r\nProduct: Microsoft\u00ae Windows\u00ae Operating System\r\nCompany: Microsoft Corporation\r\nOriginalFileName: imm32\r\nHashes: SHA1=76BB2AB8D3CB6DB6D23F4771334C9AA9C231B03A,MD5=025CC332EDC4B1A38290F3E36BCEF4FB,SHA256=0FE3C1C575EA1B0257B2EB12527EC35E3004CD88EA5BAEC7095386A9F9EB70AD,IMPHASH=24F54B6761C10BA12481CF6C780605BF\r\nSigned: true\r\nSignature: Microsoft Windows\r\nSignatureStatus: Valid","Hostname":"WORKSTATION5","ProcessName":null,"ProcessId":"4824","AccessReason":null,"RestrictedSidCount":null,"AccessList":null,"SourceName":"Microsoft-Windows-Sysmon","HandleId":null,"TransactionId":null,"Status":null,"TargetProcessId":null,"SourceHandleId":null,"TargetHandleId":null,"SourceProcessId":null,"CommandLine":null,"NewProcessId":null,"TargetLogonId":null,"TokenElevationType":null,"NewProcessName":null,"MandatoryLabel":null,"ParentProcessName":null,"TargetUserSid":null,"TargetDomainName":null,"TargetUserName":null,"RemoteMachineID":null,"LayerRTID":null,"Direction":null,"DestAddress":null,"RemoteUserID":null,"SourcePort":null,"LayerName":null,"SourceAddress":null,"Protocol":null,"ProcessID":null,"DestPort":null,"FilterRTID":null,"Application":null,"SourceImage":null,"GrantedAccess":null,"SourceThreadId":null,"CallTrace":null,"UtcTime":"2020-10-18 23:50:05.963","TargetProcessGUID":null,"RuleName":"-","TargetImage":null,"SourceProcessGUID":null,"ProcessGuid":"{39e4a257-d4ad-5f8c-3303-000000000700}","Image":"C:\\Windows\\System32\\rundll32.exe","Details":null,"EventType":null,"TargetObject":null,"TargetFilename":null,"CreationUtcTime":null,"SignatureStatus":"Valid","Signature":"Microsoft Windows","Product":"Microsoft\u00ae Windows\u00ae Operating System","Hashes":"SHA1=76BB2AB8D3CB6DB6D23F4771334C9AA9C231B03A,MD5=025CC332EDC4B1A38290F3E36BCEF4FB,SHA256=0FE3C1C575EA1B0257B2EB12527EC35E3004CD88EA5BAEC7095386A9F9EB70AD,IMPHASH=24F54B6761C10BA12481CF6C780605BF","ImageLoaded":"C:\\Windows\\System32\\imm32.dll","FileVersion":"10.0.18362.387 (WinBuild.160101.0800)","Description":"Multi-User Windows IMM32 API Client DLL","Company":"Microsoft Corporation","Signed":"true","OriginalFileName":"imm32"}
-{"SubjectUserName":null,"TimeCreated":"2020-10-18 07:50:05.998","SubjectLogonId":null,"ResourceAttributes":null,"SubjectDomainName":null,"PrivilegeList":null,"ObjectServer":null,"ObjectType":null,"SubjectUserSid":null,"EventID":7,"Channel":"Microsoft-Windows-Sysmon\/Operational","Task":"7","ObjectName":null,"AccessMask":null,"Message":"Image loaded:\r\nRuleName: -\r\nUtcTime: 2020-10-18 23:50:05.947\r\nProcessGuid: {39e4a257-d4ad-5f8c-3303-000000000700}\r\nProcessId: 4824\r\nImage: C:\\Windows\\System32\\rundll32.exe\r\nImageLoaded: C:\\Windows\\System32\\comsvcs.dll\r\nFileVersion: 2001.12.10941.16384 (WinBuild.160101.0800)\r\nDescription: COM+ Services\r\nProduct: Microsoft\u00ae Windows\u00ae Operating System\r\nCompany: Microsoft Corporation\r\nOriginalFileName: COMSVCS.DLL\r\nHashes: SHA1=36FEF94305510994A6D390CD54235E8146A4CB83,MD5=4497582A91B3B284661143010AE35D57,SHA256=83C7AF7FF1B4AAFD983A8C3B0EAD10391C1A195CAD3CE59DA04747CDC931B066,IMPHASH=EADBCCBB324829ACB5F2BBE87E5549A8\r\nSigned: true\r\nSignature: Microsoft Windows\r\nSignatureStatus: Valid","Hostname":"WORKSTATION5","ProcessName":null,"ProcessId":"4824","AccessReason":null,"RestrictedSidCount":null,"AccessList":null,"SourceName":"Microsoft-Windows-Sysmon","HandleId":null,"TransactionId":null,"Status":null,"TargetProcessId":null,"SourceHandleId":null,"TargetHandleId":null,"SourceProcessId":null,"CommandLine":null,"NewProcessId":null,"TargetLogonId":null,"TokenElevationType":null,"NewProcessName":null,"MandatoryLabel":null,"ParentProcessName":null,"TargetUserSid":null,"TargetDomainName":null,"TargetUserName":null,"RemoteMachineID":null,"LayerRTID":null,"Direction":null,"DestAddress":null,"RemoteUserID":null,"SourcePort":null,"LayerName":null,"SourceAddress":null,"Protocol":null,"ProcessID":null,"DestPort":null,"FilterRTID":null,"Application":null,"SourceImage":null,"GrantedAccess":null,"SourceThreadId":null,"CallTrace":null,"UtcTime":"2020-10-18 23:50:05.947","TargetProcessGUID":null,"RuleName":"-","TargetImage":null,"SourceProcessGUID":null,"ProcessGuid":"{39e4a257-d4ad-5f8c-3303-000000000700}","Image":"C:\\Windows\\System32\\rundll32.exe","Details":null,"EventType":null,"TargetObject":null,"TargetFilename":null,"CreationUtcTime":null,"SignatureStatus":"Valid","Signature":"Microsoft Windows","Product":"Microsoft\u00ae Windows\u00ae Operating System","Hashes":"SHA1=36FEF94305510994A6D390CD54235E8146A4CB83,MD5=4497582A91B3B284661143010AE35D57,SHA256=83C7AF7FF1B4AAFD983A8C3B0EAD10391C1A195CAD3CE59DA04747CDC931B066,IMPHASH=EADBCCBB324829ACB5F2BBE87E5549A8","ImageLoaded":"C:\\Windows\\System32\\comsvcs.dll","FileVersion":"2001.12.10941.16384 (WinBuild.160101.0800)","Description":"COM+ Services","Company":"Microsoft Corporation","Signed":"true","OriginalFileName":"COMSVCS.DLL"}
-{"SubjectUserName":null,"TimeCreated":"2020-10-18 07:50:05.968","SubjectLogonId":null,"ResourceAttributes":null,"SubjectDomainName":null,"PrivilegeList":null,"ObjectServer":null,"ObjectType":null,"SubjectUserSid":null,"EventID":7,"Channel":"Microsoft-Windows-Sysmon\/Operational","Task":"7","ObjectName":null,"AccessMask":null,"Message":"Image loaded:\r\nRuleName: -\r\nUtcTime: 2020-10-18 23:50:05.947\r\nProcessGuid: {39e4a257-d4ad-5f8c-3303-000000000700}\r\nProcessId: 4824\r\nImage: C:\\Windows\\System32\\rundll32.exe\r\nImageLoaded: C:\\Windows\\System32\\user32.dll\r\nFileVersion: 10.0.18362.1110 (WinBuild.160101.0800)\r\nDescription: Multi-User Windows USER API Client DLL\r\nProduct: Microsoft\u00ae Windows\u00ae Operating System\r\nCompany: Microsoft Corporation\r\nOriginalFileName: user32\r\nHashes: SHA1=6B56618013746DA2480E9B14DBD03BD1C6DC009F,MD5=99391EBA3F88D56C3D27268D7947782F,SHA256=3AC2B856DD34D51A631C26791916A036C6C917667D8562676CCE8F2F35349221,IMPHASH=70F6F0466DB32D0AA9E18434AE996907\r\nSigned: true\r\nSignature: Microsoft Windows\r\nSignatureStatus: Valid","Hostname":"WORKSTATION5","ProcessName":null,"ProcessId":"4824","AccessReason":null,"RestrictedSidCount":null,"AccessList":null,"SourceName":"Microsoft-Windows-Sysmon","HandleId":null,"TransactionId":null,"Status":null,"TargetProcessId":null,"SourceHandleId":null,"TargetHandleId":null,"SourceProcessId":null,"CommandLine":null,"NewProcessId":null,"TargetLogonId":null,"TokenElevationType":null,"NewProcessName":null,"MandatoryLabel":null,"ParentProcessName":null,"TargetUserSid":null,"TargetDomainName":null,"TargetUserName":null,"RemoteMachineID":null,"LayerRTID":null,"Direction":null,"DestAddress":null,"RemoteUserID":null,"SourcePort":null,"LayerName":null,"SourceAddress":null,"Protocol":null,"ProcessID":null,"DestPort":null,"FilterRTID":null,"Application":null,"SourceImage":null,"GrantedAccess":null,"SourceThreadId":null,"CallTrace":null,"UtcTime":"2020-10-18 23:50:05.947","TargetProcessGUID":null,"RuleName":"-","TargetImage":null,"SourceProcessGUID":null,"ProcessGuid":"{39e4a257-d4ad-5f8c-3303-000000000700}","Image":"C:\\Windows\\System32\\rundll32.exe","Details":null,"EventType":null,"TargetObject":null,"TargetFilename":null,"CreationUtcTime":null,"SignatureStatus":"Valid","Signature":"Microsoft Windows","Product":"Microsoft\u00ae Windows\u00ae Operating System","Hashes":"SHA1=6B56618013746DA2480E9B14DBD03BD1C6DC009F,MD5=99391EBA3F88D56C3D27268D7947782F,SHA256=3AC2B856DD34D51A631C26791916A036C6C917667D8562676CCE8F2F35349221,IMPHASH=70F6F0466DB32D0AA9E18434AE996907","ImageLoaded":"C:\\Windows\\System32\\user32.dll","FileVersion":"10.0.18362.1110 (WinBuild.160101.0800)","Description":"Multi-User Windows USER API Client DLL","Company":"Microsoft Corporation","Signed":"true","OriginalFileName":"user32"}
-{"SubjectUserName":null,"TimeCreated":"2020-10-18 07:50:05.967","SubjectLogonId":null,"ResourceAttributes":null,"SubjectDomainName":null,"PrivilegeList":null,"ObjectServer":null,"ObjectType":null,"SubjectUserSid":null,"EventID":7,"Channel":"Microsoft-Windows-Sysmon\/Operational","Task":"7","ObjectName":null,"AccessMask":null,"Message":"Image loaded:\r\nRuleName: -\r\nUtcTime: 2020-10-18 23:50:05.947\r\nProcessGuid: {39e4a257-d4ad-5f8c-3303-000000000700}\r\nProcessId: 4824\r\nImage: C:\\Windows\\System32\\rundll32.exe\r\nImageLoaded: C:\\Windows\\System32\\gdi32full.dll\r\nFileVersion: 10.0.18362.1139 (WinBuild.160101.0800)\r\nDescription: GDI Client DLL\r\nProduct: Microsoft\u00ae Windows\u00ae Operating System\r\nCompany: Microsoft Corporation\r\nOriginalFileName: gdi32\r\nHashes: SHA1=F9E2F12438029B6CC54E25DC77E0CDAF4E2F60E6,MD5=EF7E6E4AA8B9EB0B9C2915F6C8F0C71A,SHA256=0428CCE46E90E781510B784E97DC514D4F0564B31591526CDABD40654D4A8F79,IMPHASH=4D32F6E2211CD04CA28C2CD4FAC607E8\r\nSigned: true\r\nSignature: Microsoft Windows\r\nSignatureStatus: Valid","Hostname":"WORKSTATION5","ProcessName":null,"ProcessId":"4824","AccessReason":null,"RestrictedSidCount":null,"AccessList":null,"SourceName":"Microsoft-Windows-Sysmon","HandleId":null,"TransactionId":null,"Status":null,"TargetProcessId":null,"SourceHandleId":null,"TargetHandleId":null,"SourceProcessId":null,"CommandLine":null,"NewProcessId":null,"TargetLogonId":null,"TokenElevationType":null,"NewProcessName":null,"MandatoryLabel":null,"ParentProcessName":null,"TargetUserSid":null,"TargetDomainName":null,"TargetUserName":null,"RemoteMachineID":null,"LayerRTID":null,"Direction":null,"DestAddress":null,"RemoteUserID":null,"SourcePort":null,"LayerName":null,"SourceAddress":null,"Protocol":null,"ProcessID":null,"DestPort":null,"FilterRTID":null,"Application":null,"SourceImage":null,"GrantedAccess":null,"SourceThreadId":null,"CallTrace":null,"UtcTime":"2020-10-18 23:50:05.947","TargetProcessGUID":null,"RuleName":"-","TargetImage":null,"SourceProcessGUID":null,"ProcessGuid":"{39e4a257-d4ad-5f8c-3303-000000000700}","Image":"C:\\Windows\\System32\\rundll32.exe","Details":null,"EventType":null,"TargetObject":null,"TargetFilename":null,"CreationUtcTime":null,"SignatureStatus":"Valid","Signature":"Microsoft Windows","Product":"Microsoft\u00ae Windows\u00ae Operating System","Hashes":"SHA1=F9E2F12438029B6CC54E25DC77E0CDAF4E2F60E6,MD5=EF7E6E4AA8B9EB0B9C2915F6C8F0C71A,SHA256=0428CCE46E90E781510B784E97DC514D4F0564B31591526CDABD40654D4A8F79,IMPHASH=4D32F6E2211CD04CA28C2CD4FAC607E8","ImageLoaded":"C:\\Windows\\System32\\gdi32full.dll","FileVersion":"10.0.18362.1139 (WinBuild.160101.0800)","Description":"GDI Client DLL","Company":"Microsoft Corporation","Signed":"true","OriginalFileName":"gdi32"}
-{"SubjectUserName":null,"TimeCreated":"2020-10-18 07:50:05.967","SubjectLogonId":null,"ResourceAttributes":null,"SubjectDomainName":null,"PrivilegeList":null,"ObjectServer":null,"ObjectType":null,"SubjectUserSid":null,"EventID":7,"Channel":"Microsoft-Windows-Sysmon\/Operational","Task":"7","ObjectName":null,"AccessMask":null,"Message":"Image loaded:\r\nRuleName: -\r\nUtcTime: 2020-10-18 23:50:05.947\r\nProcessGuid: {39e4a257-d4ad-5f8c-3303-000000000700}\r\nProcessId: 4824\r\nImage: C:\\Windows\\System32\\rundll32.exe\r\nImageLoaded: C:\\Windows\\System32\\win32u.dll\r\nFileVersion: 10.0.18362.1139 (WinBuild.160101.0800)\r\nDescription: Win32u\r\nProduct: Microsoft\u00ae Windows\u00ae Operating System\r\nCompany: Microsoft Corporation\r\nOriginalFileName: Win32u.DLL\r\nHashes: SHA1=09CAA4704CC828100AA4BDB1366B5156CD1A63E4,MD5=BE23D5C90313AACEC36448136408D336,SHA256=20EE5EE473456C0853CC7B64FA9BCDBFB3C00B0848B3CFE141535C10AC944478,IMPHASH=00000000000000000000000000000000\r\nSigned: true\r\nSignature: Microsoft Windows\r\nSignatureStatus: Valid","Hostname":"WORKSTATION5","ProcessName":null,"ProcessId":"4824","AccessReason":null,"RestrictedSidCount":null,"AccessList":null,"SourceName":"Microsoft-Windows-Sysmon","HandleId":null,"TransactionId":null,"Status":null,"TargetProcessId":null,"SourceHandleId":null,"TargetHandleId":null,"SourceProcessId":null,"CommandLine":null,"NewProcessId":null,"TargetLogonId":null,"TokenElevationType":null,"NewProcessName":null,"MandatoryLabel":null,"ParentProcessName":null,"TargetUserSid":null,"TargetDomainName":null,"TargetUserName":null,"RemoteMachineID":null,"LayerRTID":null,"Direction":null,"DestAddress":null,"RemoteUserID":null,"SourcePort":null,"LayerName":null,"SourceAddress":null,"Protocol":null,"ProcessID":null,"DestPort":null,"FilterRTID":null,"Application":null,"SourceImage":null,"GrantedAccess":null,"SourceThreadId":null,"CallTrace":null,"UtcTime":"2020-10-18 23:50:05.947","TargetProcessGUID":null,"RuleName":"-","TargetImage":null,"SourceProcessGUID":null,"ProcessGuid":"{39e4a257-d4ad-5f8c-3303-000000000700}","Image":"C:\\Windows\\System32\\rundll32.exe","Details":null,"EventType":null,"TargetObject":null,"TargetFilename":null,"CreationUtcTime":null,"SignatureStatus":"Valid","Signature":"Microsoft Windows","Product":"Microsoft\u00ae Windows\u00ae Operating System","Hashes":"SHA1=09CAA4704CC828100AA4BDB1366B5156CD1A63E4,MD5=BE23D5C90313AACEC36448136408D336,SHA256=20EE5EE473456C0853CC7B64FA9BCDBFB3C00B0848B3CFE141535C10AC944478,IMPHASH=00000000000000000000000000000000","ImageLoaded":"C:\\Windows\\System32\\win32u.dll","FileVersion":"10.0.18362.1139 (WinBuild.160101.0800)","Description":"Win32u","Company":"Microsoft Corporation","Signed":"true","OriginalFileName":"Win32u.DLL"}
-{"SubjectUserName":null,"TimeCreated":"2020-10-18 07:50:05.967","SubjectLogonId":null,"ResourceAttributes":null,"SubjectDomainName":null,"PrivilegeList":null,"ObjectServer":null,"ObjectType":null,"SubjectUserSid":null,"EventID":7,"Channel":"Microsoft-Windows-Sysmon\/Operational","Task":"7","ObjectName":null,"AccessMask":null,"Message":"Image loaded:\r\nRuleName: -\r\nUtcTime: 2020-10-18 23:50:05.947\r\nProcessGuid: {39e4a257-d4ad-5f8c-3303-000000000700}\r\nProcessId: 4824\r\nImage: C:\\Windows\\System32\\rundll32.exe\r\nImageLoaded: C:\\Windows\\System32\\gdi32.dll\r\nFileVersion: 10.0.18362.1 (WinBuild.160101.0800)\r\nDescription: GDI Client DLL\r\nProduct: Microsoft\u00ae Windows\u00ae Operating System\r\nCompany: Microsoft Corporation\r\nOriginalFileName: gdi32\r\nHashes: SHA1=9E91D74D5B9BF64A3D4BE8C5EA3594F5DA2BC299,MD5=2839609118F48DEA292084E43FAA72D8,SHA256=4FC9460147D5A3AA1F9498863CF10BB7BE6099BEF1A3D55503164CA51E36E27E,IMPHASH=C5F30E6A06AB646153863B68366FE58A\r\nSigned: true\r\nSignature: Microsoft Windows\r\nSignatureStatus: Valid","Hostname":"WORKSTATION5","ProcessName":null,"ProcessId":"4824","AccessReason":null,"RestrictedSidCount":null,"AccessList":null,"SourceName":"Microsoft-Windows-Sysmon","HandleId":null,"TransactionId":null,"Status":null,"TargetProcessId":null,"SourceHandleId":null,"TargetHandleId":null,"SourceProcessId":null,"CommandLine":null,"NewProcessId":null,"TargetLogonId":null,"TokenElevationType":null,"NewProcessName":null,"MandatoryLabel":null,"ParentProcessName":null,"TargetUserSid":null,"TargetDomainName":null,"TargetUserName":null,"RemoteMachineID":null,"LayerRTID":null,"Direction":null,"DestAddress":null,"RemoteUserID":null,"SourcePort":null,"LayerName":null,"SourceAddress":null,"Protocol":null,"ProcessID":null,"DestPort":null,"FilterRTID":null,"Application":null,"SourceImage":null,"GrantedAccess":null,"SourceThreadId":null,"CallTrace":null,"UtcTime":"2020-10-18 23:50:05.947","TargetProcessGUID":null,"RuleName":"-","TargetImage":null,"SourceProcessGUID":null,"ProcessGuid":"{39e4a257-d4ad-5f8c-3303-000000000700}","Image":"C:\\Windows\\System32\\rundll32.exe","Details":null,"EventType":null,"TargetObject":null,"TargetFilename":null,"CreationUtcTime":null,"SignatureStatus":"Valid","Signature":"Microsoft Windows","Product":"Microsoft\u00ae Windows\u00ae Operating System","Hashes":"SHA1=9E91D74D5B9BF64A3D4BE8C5EA3594F5DA2BC299,MD5=2839609118F48DEA292084E43FAA72D8,SHA256=4FC9460147D5A3AA1F9498863CF10BB7BE6099BEF1A3D55503164CA51E36E27E,IMPHASH=C5F30E6A06AB646153863B68366FE58A","ImageLoaded":"C:\\Windows\\System32\\gdi32.dll","FileVersion":"10.0.18362.1 (WinBuild.160101.0800)","Description":"GDI Client DLL","Company":"Microsoft Corporation","Signed":"true","OriginalFileName":"gdi32"}
-{"SubjectUserName":null,"TimeCreated":"2020-10-18 07:50:05.966","SubjectLogonId":null,"ResourceAttributes":null,"SubjectDomainName":null,"PrivilegeList":null,"ObjectServer":null,"ObjectType":null,"SubjectUserSid":null,"EventID":7,"Channel":"Microsoft-Windows-Sysmon\/Operational","Task":"7","ObjectName":null,"AccessMask":null,"Message":"Image loaded:\r\nRuleName: -\r\nUtcTime: 2020-10-18 23:50:05.947\r\nProcessGuid: {39e4a257-d4ad-5f8c-3303-000000000700}\r\nProcessId: 4824\r\nImage: C:\\Windows\\System32\\rundll32.exe\r\nImageLoaded: C:\\Windows\\System32\\advapi32.dll\r\nFileVersion: 10.0.18362.752 (WinBuild.160101.0800)\r\nDescription: Advanced Windows 32 Base API\r\nProduct: Microsoft\u00ae Windows\u00ae Operating System\r\nCompany: Microsoft Corporation\r\nOriginalFileName: advapi32.dll\r\nHashes: SHA1=35C61DDE6F8F4ED05F9C4837E2B91C886CA79F82,MD5=EA4F6E7961B4A402F6F5EC33C655260A,SHA256=5E2D103E7E1FD7CA0492E541F082D274EF6259AF2158A3562986C796C5C869DD,IMPHASH=8EEA175C33205685FB8A14876D7564DB\r\nSigned: true\r\nSignature: Microsoft Windows\r\nSignatureStatus: Valid","Hostname":"WORKSTATION5","ProcessName":null,"ProcessId":"4824","AccessReason":null,"RestrictedSidCount":null,"AccessList":null,"SourceName":"Microsoft-Windows-Sysmon","HandleId":null,"TransactionId":null,"Status":null,"TargetProcessId":null,"SourceHandleId":null,"TargetHandleId":null,"SourceProcessId":null,"CommandLine":null,"NewProcessId":null,"TargetLogonId":null,"TokenElevationType":null,"NewProcessName":null,"MandatoryLabel":null,"ParentProcessName":null,"TargetUserSid":null,"TargetDomainName":null,"TargetUserName":null,"RemoteMachineID":null,"LayerRTID":null,"Direction":null,"DestAddress":null,"RemoteUserID":null,"SourcePort":null,"LayerName":null,"SourceAddress":null,"Protocol":null,"ProcessID":null,"DestPort":null,"FilterRTID":null,"Application":null,"SourceImage":null,"GrantedAccess":null,"SourceThreadId":null,"CallTrace":null,"UtcTime":"2020-10-18 23:50:05.947","TargetProcessGUID":null,"RuleName":"-","TargetImage":null,"SourceProcessGUID":null,"ProcessGuid":"{39e4a257-d4ad-5f8c-3303-000000000700}","Image":"C:\\Windows\\System32\\rundll32.exe","Details":null,"EventType":null,"TargetObject":null,"TargetFilename":null,"CreationUtcTime":null,"SignatureStatus":"Valid","Signature":"Microsoft Windows","Product":"Microsoft\u00ae Windows\u00ae Operating System","Hashes":"SHA1=35C61DDE6F8F4ED05F9C4837E2B91C886CA79F82,MD5=EA4F6E7961B4A402F6F5EC33C655260A,SHA256=5E2D103E7E1FD7CA0492E541F082D274EF6259AF2158A3562986C796C5C869DD,IMPHASH=8EEA175C33205685FB8A14876D7564DB","ImageLoaded":"C:\\Windows\\System32\\advapi32.dll","FileVersion":"10.0.18362.752 (WinBuild.160101.0800)","Description":"Advanced Windows 32 Base API","Company":"Microsoft Corporation","Signed":"true","OriginalFileName":"advapi32.dll"}
-{"SubjectUserName":null,"TimeCreated":"2020-10-18 07:50:05.966","SubjectLogonId":null,"ResourceAttributes":null,"SubjectDomainName":null,"PrivilegeList":null,"ObjectServer":null,"ObjectType":null,"SubjectUserSid":null,"EventID":7,"Channel":"Microsoft-Windows-Sysmon\/Operational","Task":"7","ObjectName":null,"AccessMask":null,"Message":"Image loaded:\r\nRuleName: -\r\nUtcTime: 2020-10-18 23:50:05.947\r\nProcessGuid: {39e4a257-d4ad-5f8c-3303-000000000700}\r\nProcessId: 4824\r\nImage: C:\\Windows\\System32\\rundll32.exe\r\nImageLoaded: C:\\Windows\\System32\\ole32.dll\r\nFileVersion: 10.0.18362.1082 (WinBuild.160101.0800)\r\nDescription: Microsoft OLE for Windows\r\nProduct: Microsoft\u00ae Windows\u00ae Operating System\r\nCompany: Microsoft Corporation\r\nOriginalFileName: OLE32.DLL\r\nHashes: SHA1=C7BA959197D19EC7C8F7707B0D8BBE77E80A9DBE,MD5=D3BAA65CBCA982E5835AE33C2C7513E9,SHA256=56D18A442AD599B04C29D98AB9E2A1983959FB74AB27D4392667A975310754E8,IMPHASH=C908A257ACFAF3BDE15426EE5244D1EB\r\nSigned: true\r\nSignature: Microsoft Windows\r\nSignatureStatus: Valid","Hostname":"WORKSTATION5","ProcessName":null,"ProcessId":"4824","AccessReason":null,"RestrictedSidCount":null,"AccessList":null,"SourceName":"Microsoft-Windows-Sysmon","HandleId":null,"TransactionId":null,"Status":null,"TargetProcessId":null,"SourceHandleId":null,"TargetHandleId":null,"SourceProcessId":null,"CommandLine":null,"NewProcessId":null,"TargetLogonId":null,"TokenElevationType":null,"NewProcessName":null,"MandatoryLabel":null,"ParentProcessName":null,"TargetUserSid":null,"TargetDomainName":null,"TargetUserName":null,"RemoteMachineID":null,"LayerRTID":null,"Direction":null,"DestAddress":null,"RemoteUserID":null,"SourcePort":null,"LayerName":null,"SourceAddress":null,"Protocol":null,"ProcessID":null,"DestPort":null,"FilterRTID":null,"Application":null,"SourceImage":null,"GrantedAccess":null,"SourceThreadId":null,"CallTrace":null,"UtcTime":"2020-10-18 23:50:05.947","TargetProcessGUID":null,"RuleName":"-","TargetImage":null,"SourceProcessGUID":null,"ProcessGuid":"{39e4a257-d4ad-5f8c-3303-000000000700}","Image":"C:\\Windows\\System32\\rundll32.exe","Details":null,"EventType":null,"TargetObject":null,"TargetFilename":null,"CreationUtcTime":null,"SignatureStatus":"Valid","Signature":"Microsoft Windows","Product":"Microsoft\u00ae Windows\u00ae Operating System","Hashes":"SHA1=C7BA959197D19EC7C8F7707B0D8BBE77E80A9DBE,MD5=D3BAA65CBCA982E5835AE33C2C7513E9,SHA256=56D18A442AD599B04C29D98AB9E2A1983959FB74AB27D4392667A975310754E8,IMPHASH=C908A257ACFAF3BDE15426EE5244D1EB","ImageLoaded":"C:\\Windows\\System32\\ole32.dll","FileVersion":"10.0.18362.1082 (WinBuild.160101.0800)","Description":"Microsoft OLE for Windows","Company":"Microsoft Corporation","Signed":"true","OriginalFileName":"OLE32.DLL"}
-{"SubjectUserName":null,"TimeCreated":"2020-10-18 07:50:05.966","SubjectLogonId":null,"ResourceAttributes":null,"SubjectDomainName":null,"PrivilegeList":null,"ObjectServer":null,"ObjectType":null,"SubjectUserSid":null,"EventID":7,"Channel":"Microsoft-Windows-Sysmon\/Operational","Task":"7","ObjectName":null,"AccessMask":null,"Message":"Image loaded:\r\nRuleName: -\r\nUtcTime: 2020-10-18 23:50:05.947\r\nProcessGuid: {39e4a257-d4ad-5f8c-3303-000000000700}\r\nProcessId: 4824\r\nImage: C:\\Windows\\System32\\rundll32.exe\r\nImageLoaded: C:\\Windows\\System32\\sechost.dll\r\nFileVersion: 10.0.18362.959 (WinBuild.160101.0800)\r\nDescription: Host for SCM\/SDDL\/LSA Lookup APIs\r\nProduct: Microsoft\u00ae Windows\u00ae Operating System\r\nCompany: Microsoft Corporation\r\nOriginalFileName: sechost.dll\r\nHashes: SHA1=A330EDE32DFA03AE6808EE7FB6916D8DEB8F5DDE,MD5=A094E2B38D3DD864B07580D243CB6E43,SHA256=C441E19D20961D4E990E117A300ED318BEDBF2F8BA0FF07BEE7832AC502CDDF2,IMPHASH=CE4BD072766253F6A267D0284CA82002\r\nSigned: true\r\nSignature: Microsoft Windows\r\nSignatureStatus: Valid","Hostname":"WORKSTATION5","ProcessName":null,"ProcessId":"4824","AccessReason":null,"RestrictedSidCount":null,"AccessList":null,"SourceName":"Microsoft-Windows-Sysmon","HandleId":null,"TransactionId":null,"Status":null,"TargetProcessId":null,"SourceHandleId":null,"TargetHandleId":null,"SourceProcessId":null,"CommandLine":null,"NewProcessId":null,"TargetLogonId":null,"TokenElevationType":null,"NewProcessName":null,"MandatoryLabel":null,"ParentProcessName":null,"TargetUserSid":null,"TargetDomainName":null,"TargetUserName":null,"RemoteMachineID":null,"LayerRTID":null,"Direction":null,"DestAddress":null,"RemoteUserID":null,"SourcePort":null,"LayerName":null,"SourceAddress":null,"Protocol":null,"ProcessID":null,"DestPort":null,"FilterRTID":null,"Application":null,"SourceImage":null,"GrantedAccess":null,"SourceThreadId":null,"CallTrace":null,"UtcTime":"2020-10-18 23:50:05.947","TargetProcessGUID":null,"RuleName":"-","TargetImage":null,"SourceProcessGUID":null,"ProcessGuid":"{39e4a257-d4ad-5f8c-3303-000000000700}","Image":"C:\\Windows\\System32\\rundll32.exe","Details":null,"EventType":null,"TargetObject":null,"TargetFilename":null,"CreationUtcTime":null,"SignatureStatus":"Valid","Signature":"Microsoft Windows","Product":"Microsoft\u00ae Windows\u00ae Operating System","Hashes":"SHA1=A330EDE32DFA03AE6808EE7FB6916D8DEB8F5DDE,MD5=A094E2B38D3DD864B07580D243CB6E43,SHA256=C441E19D20961D4E990E117A300ED318BEDBF2F8BA0FF07BEE7832AC502CDDF2,IMPHASH=CE4BD072766253F6A267D0284CA82002","ImageLoaded":"C:\\Windows\\System32\\sechost.dll","FileVersion":"10.0.18362.959 (WinBuild.160101.0800)","Description":"Host for SCM\/SDDL\/LSA Lookup APIs","Company":"Microsoft Corporation","Signed":"true","OriginalFileName":"sechost.dll"}
