-{"SubjectUserName":null,"TimeCreated":"2020-10-18 07:50:07.636","SubjectLogonId":null,"ResourceAttributes":null,"SubjectDomainName":null,"PrivilegeList":null,"ObjectServer":null,"ObjectType":null,"SubjectUserSid":null,"EventID":13,"Channel":"Microsoft-Windows-Sysmon\/Operational","Task":"13","ObjectName":null,"AccessMask":null,"Message":"Registry value set:\r\nRuleName: -\r\nEventType: SetValue\r\nUtcTime: 2020-10-18 23:50:07.635\r\nProcessGuid: {39e4a257-f1b3-5f8b-a700-000000000700}\r\nProcessId: 1072\r\nImage: C:\\windows\\Explorer.EXE\r\nTargetObject: HKU\\S-1-5-21-3940915590-64593676-1414006259-500\\Software\\Microsoft\\Windows\\CurrentVersion\\Explorer\\UserAssist\\{CEBFF5CD-ACE2-4F4F-9178-9926F41749EA}\\Count\\HRZR_PGYFRFFVBA\r\nDetails: Binary Data","Hostname":"WORKSTATION5","ProcessName":null,"ProcessId":"1072","AccessReason":null,"RestrictedSidCount":null,"AccessList":null,"SourceName":"Microsoft-Windows-Sysmon","HandleId":null,"TransactionId":null,"Status":null,"TargetProcessId":null,"SourceHandleId":null,"TargetHandleId":null,"SourceProcessId":null,"CommandLine":null,"NewProcessId":null,"TargetLogonId":null,"TokenElevationType":null,"NewProcessName":null,"MandatoryLabel":null,"ParentProcessName":null,"TargetUserSid":null,"TargetDomainName":null,"TargetUserName":null,"RemoteMachineID":null,"LayerRTID":null,"Direction":null,"DestAddress":null,"RemoteUserID":null,"SourcePort":null,"LayerName":null,"SourceAddress":null,"Protocol":null,"ProcessID":null,"DestPort":null,"FilterRTID":null,"Application":null,"SourceImage":null,"GrantedAccess":null,"SourceThreadId":null,"CallTrace":null,"UtcTime":"2020-10-18 23:50:07.635","TargetProcessGUID":null,"RuleName":"-","TargetImage":null,"SourceProcessGUID":null,"ProcessGuid":"{39e4a257-f1b3-5f8b-a700-000000000700}","Image":"C:\\windows\\Explorer.EXE","Details":"Binary Data","EventType":"SetValue","TargetObject":"HKU\\S-1-5-21-3940915590-64593676-1414006259-500\\Software\\Microsoft\\Windows\\CurrentVersion\\Explorer\\UserAssist\\{CEBFF5CD-ACE2-4F4F-9178-9926F41749EA}\\Count\\HRZR_PGYFRFFVBA","TargetFilename":null,"CreationUtcTime":null,"SignatureStatus":null,"Signature":null,"Product":null,"Hashes":null,"ImageLoaded":null,"FileVersion":null,"Description":null,"Company":null,"Signed":null,"OriginalFileName":null}
-{"SubjectUserName":null,"TimeCreated":"2020-10-18 07:50:07.636","SubjectLogonId":null,"ResourceAttributes":null,"SubjectDomainName":null,"PrivilegeList":null,"ObjectServer":null,"ObjectType":null,"SubjectUserSid":null,"EventID":13,"Channel":"Microsoft-Windows-Sysmon\/Operational","Task":"13","ObjectName":null,"AccessMask":null,"Message":"Registry value set:\r\nRuleName: -\r\nEventType: SetValue\r\nUtcTime: 2020-10-18 23:50:07.635\r\nProcessGuid: {39e4a257-f1b3-5f8b-a700-000000000700}\r\nProcessId: 1072\r\nImage: C:\\windows\\Explorer.EXE\r\nTargetObject: HKU\\S-1-5-21-3940915590-64593676-1414006259-500\\Software\\Microsoft\\Windows\\CurrentVersion\\Explorer\\UserAssist\\{CEBFF5CD-ACE2-4F4F-9178-9926F41749EA}\\Count\\{1NP14R77-02R7-4R5Q-O744-2RO1NR5198O7}\\JvaqbjfCbjreFuryy\\i1.0\\cbjrefuryy.rkr\r\nDetails: Binary Data","Hostname":"WORKSTATION5","ProcessName":null,"ProcessId":"1072","AccessReason":null,"RestrictedSidCount":null,"AccessList":null,"SourceName":"Microsoft-Windows-Sysmon","HandleId":null,"TransactionId":null,"Status":null,"TargetProcessId":null,"SourceHandleId":null,"TargetHandleId":null,"SourceProcessId":null,"CommandLine":null,"NewProcessId":null,"TargetLogonId":null,"TokenElevationType":null,"NewProcessName":null,"MandatoryLabel":null,"ParentProcessName":null,"TargetUserSid":null,"TargetDomainName":null,"TargetUserName":null,"RemoteMachineID":null,"LayerRTID":null,"Direction":null,"DestAddress":null,"RemoteUserID":null,"SourcePort":null,"LayerName":null,"SourceAddress":null,"Protocol":null,"ProcessID":null,"DestPort":null,"FilterRTID":null,"Application":null,"SourceImage":null,"GrantedAccess":null,"SourceThreadId":null,"CallTrace":null,"UtcTime":"2020-10-18 23:50:07.635","TargetProcessGUID":null,"RuleName":"-","TargetImage":null,"SourceProcessGUID":null,"ProcessGuid":"{39e4a257-f1b3-5f8b-a700-000000000700}","Image":"C:\\windows\\Explorer.EXE","Details":"Binary Data","EventType":"SetValue","TargetObject":"HKU\\S-1-5-21-3940915590-64593676-1414006259-500\\Software\\Microsoft\\Windows\\CurrentVersion\\Explorer\\UserAssist\\{CEBFF5CD-ACE2-4F4F-9178-9926F41749EA}\\Count\\{1NP14R77-02R7-4R5Q-O744-2RO1NR5198O7}\\JvaqbjfCbjreFuryy\\i1.0\\cbjrefuryy.rkr","TargetFilename":null,"CreationUtcTime":null,"SignatureStatus":null,"Signature":null,"Product":null,"Hashes":null,"ImageLoaded":null,"FileVersion":null,"Description":null,"Company":null,"Signed":null,"OriginalFileName":null}
-{"SubjectUserName":null,"TimeCreated":"2020-10-18 07:50:07.359","SubjectLogonId":null,"ResourceAttributes":null,"SubjectDomainName":null,"PrivilegeList":null,"ObjectServer":null,"ObjectType":null,"SubjectUserSid":null,"EventID":13,"Channel":"Microsoft-Windows-Sysmon\/Operational","Task":"13","ObjectName":null,"AccessMask":null,"Message":"Registry value set:\r\nRuleName: -\r\nEventType: SetValue\r\nUtcTime: 2020-10-18 23:50:07.354\r\nProcessGuid: {39e4a257-f1b3-5f8b-a700-000000000700}\r\nProcessId: 1072\r\nImage: C:\\windows\\Explorer.EXE\r\nTargetObject: HKU\\S-1-5-21-3940915590-64593676-1414006259-500\\Software\\Microsoft\\Windows\\CurrentVersion\\ActivityDataModel\\ReaderRevisionInfo\\A972977C-95EC-9F21-DCC4-595CA3A0E033\r\nDetails: Binary Data","Hostname":"WORKSTATION5","ProcessName":null,"ProcessId":"1072","AccessReason":null,"RestrictedSidCount":null,"AccessList":null,"SourceName":"Microsoft-Windows-Sysmon","HandleId":null,"TransactionId":null,"Status":null,"TargetProcessId":null,"SourceHandleId":null,"TargetHandleId":null,"SourceProcessId":null,"CommandLine":null,"NewProcessId":null,"TargetLogonId":null,"TokenElevationType":null,"NewProcessName":null,"MandatoryLabel":null,"ParentProcessName":null,"TargetUserSid":null,"TargetDomainName":null,"TargetUserName":null,"RemoteMachineID":null,"LayerRTID":null,"Direction":null,"DestAddress":null,"RemoteUserID":null,"SourcePort":null,"LayerName":null,"SourceAddress":null,"Protocol":null,"ProcessID":null,"DestPort":null,"FilterRTID":null,"Application":null,"SourceImage":null,"GrantedAccess":null,"SourceThreadId":null,"CallTrace":null,"UtcTime":"2020-10-18 23:50:07.354","TargetProcessGUID":null,"RuleName":"-","TargetImage":null,"SourceProcessGUID":null,"ProcessGuid":"{39e4a257-f1b3-5f8b-a700-000000000700}","Image":"C:\\windows\\Explorer.EXE","Details":"Binary Data","EventType":"SetValue","TargetObject":"HKU\\S-1-5-21-3940915590-64593676-1414006259-500\\Software\\Microsoft\\Windows\\CurrentVersion\\ActivityDataModel\\ReaderRevisionInfo\\A972977C-95EC-9F21-DCC4-595CA3A0E033","TargetFilename":null,"CreationUtcTime":null,"SignatureStatus":null,"Signature":null,"Product":null,"Hashes":null,"ImageLoaded":null,"FileVersion":null,"Description":null,"Company":null,"Signed":null,"OriginalFileName":null}
-{"SubjectUserName":null,"TimeCreated":"2020-10-18 07:50:07.358","SubjectLogonId":null,"ResourceAttributes":null,"SubjectDomainName":null,"PrivilegeList":null,"ObjectServer":null,"ObjectType":null,"SubjectUserSid":null,"EventID":10,"Channel":"Microsoft-Windows-Sysmon\/Operational","Task":"10","ObjectName":null,"AccessMask":null,"Message":"Process accessed:\r\nRuleName: -\r\nUtcTime: 2020-10-18 23:50:07.354\r\nSourceProcessGUID: {39e4a257-f132-5f8b-1000-000000000700}\r\nSourceProcessId: 944\r\nSourceThreadId: 7644\r\nSourceImage: C:\\windows\\system32\\svchost.exe\r\nTargetProcessGUID: {39e4a257-f1b0-5f8b-9c00-000000000700}\r\nTargetProcessId: 3252\r\nTargetImage: C:\\windows\\system32\\svchost.exe\r\nGrantedAccess: 0x1000\r\nCallTrace: C:\\windows\\SYSTEM32\\ntdll.dll+9c584|C:\\windows\\SYSTEM32\\psmserviceexthost.dll+222a3|C:\\windows\\SYSTEM32\\psmserviceexthost.dll+1a172|C:\\windows\\SYSTEM32\\psmserviceexthost.dll+19e3b|C:\\windows\\SYSTEM32\\psmserviceexthost.dll+19318|C:\\windows\\SYSTEM32\\ntdll.dll+3081d|C:\\windows\\SYSTEM32\\ntdll.dll+345b4|C:\\windows\\System32\\KERNEL32.DLL+17c24|C:\\windows\\SYSTEM32\\ntdll.dll+6cea1","Hostname":"WORKSTATION5","ProcessName":null,"ProcessId":null,"AccessReason":null,"RestrictedSidCount":null,"AccessList":null,"SourceName":"Microsoft-Windows-Sysmon","HandleId":null,"TransactionId":null,"Status":null,"TargetProcessId":"3252","SourceHandleId":null,"TargetHandleId":null,"SourceProcessId":"944","CommandLine":null,"NewProcessId":null,"TargetLogonId":null,"TokenElevationType":null,"NewProcessName":null,"MandatoryLabel":null,"ParentProcessName":null,"TargetUserSid":null,"TargetDomainName":null,"TargetUserName":null,"RemoteMachineID":null,"LayerRTID":null,"Direction":null,"DestAddress":null,"RemoteUserID":null,"SourcePort":null,"LayerName":null,"SourceAddress":null,"Protocol":null,"ProcessID":null,"DestPort":null,"FilterRTID":null,"Application":null,"SourceImage":"C:\\windows\\system32\\svchost.exe","GrantedAccess":"0x1000","SourceThreadId":"7644","CallTrace":"C:\\windows\\SYSTEM32\\ntdll.dll+9c584|C:\\windows\\SYSTEM32\\psmserviceexthost.dll+222a3|C:\\windows\\SYSTEM32\\psmserviceexthost.dll+1a172|C:\\windows\\SYSTEM32\\psmserviceexthost.dll+19e3b|C:\\windows\\SYSTEM32\\psmserviceexthost.dll+19318|C:\\windows\\SYSTEM32\\ntdll.dll+3081d|C:\\windows\\SYSTEM32\\ntdll.dll+345b4|C:\\windows\\System32\\KERNEL32.DLL+17c24|C:\\windows\\SYSTEM32\\ntdll.dll+6cea1","UtcTime":"2020-10-18 23:50:07.354","TargetProcessGUID":"{39e4a257-f1b0-5f8b-9c00-000000000700}","RuleName":"-","TargetImage":"C:\\windows\\system32\\svchost.exe","SourceProcessGUID":"{39e4a257-f132-5f8b-1000-000000000700}","ProcessGuid":null,"Image":null,"Details":null,"EventType":null,"TargetObject":null,"TargetFilename":null,"CreationUtcTime":null,"SignatureStatus":null,"Signature":null,"Product":null,"Hashes":null,"ImageLoaded":null,"FileVersion":null,"Description":null,"Company":null,"Signed":null,"OriginalFileName":null}
-{"SubjectUserName":null,"TimeCreated":"2020-10-18 07:50:07.358","SubjectLogonId":null,"ResourceAttributes":null,"SubjectDomainName":null,"PrivilegeList":null,"ObjectServer":null,"ObjectType":null,"SubjectUserSid":null,"EventID":10,"Channel":"Microsoft-Windows-Sysmon\/Operational","Task":"10","ObjectName":null,"AccessMask":null,"Message":"Process accessed:\r\nRuleName: -\r\nUtcTime: 2020-10-18 23:50:07.354\r\nSourceProcessGUID: {39e4a257-f132-5f8b-1000-000000000700}\r\nSourceProcessId: 944\r\nSourceThreadId: 7644\r\nSourceImage: C:\\windows\\system32\\svchost.exe\r\nTargetProcessGUID: {39e4a257-f1b0-5f8b-9c00-000000000700}\r\nTargetProcessId: 3252\r\nTargetImage: C:\\windows\\system32\\svchost.exe\r\nGrantedAccess: 0x1000\r\nCallTrace: C:\\windows\\SYSTEM32\\ntdll.dll+9c584|C:\\windows\\SYSTEM32\\psmserviceexthost.dll+222a3|C:\\windows\\SYSTEM32\\psmserviceexthost.dll+1a172|C:\\windows\\SYSTEM32\\psmserviceexthost.dll+19e3b|C:\\windows\\SYSTEM32\\psmserviceexthost.dll+19318|C:\\windows\\SYSTEM32\\ntdll.dll+3081d|C:\\windows\\SYSTEM32\\ntdll.dll+345b4|C:\\windows\\System32\\KERNEL32.DLL+17c24|C:\\windows\\SYSTEM32\\ntdll.dll+6cea1","Hostname":"WORKSTATION5","ProcessName":null,"ProcessId":null,"AccessReason":null,"RestrictedSidCount":null,"AccessList":null,"SourceName":"Microsoft-Windows-Sysmon","HandleId":null,"TransactionId":null,"Status":null,"TargetProcessId":"3252","SourceHandleId":null,"TargetHandleId":null,"SourceProcessId":"944","CommandLine":null,"NewProcessId":null,"TargetLogonId":null,"TokenElevationType":null,"NewProcessName":null,"MandatoryLabel":null,"ParentProcessName":null,"TargetUserSid":null,"TargetDomainName":null,"TargetUserName":null,"RemoteMachineID":null,"LayerRTID":null,"Direction":null,"DestAddress":null,"RemoteUserID":null,"SourcePort":null,"LayerName":null,"SourceAddress":null,"Protocol":null,"ProcessID":null,"DestPort":null,"FilterRTID":null,"Application":null,"SourceImage":"C:\\windows\\system32\\svchost.exe","GrantedAccess":"0x1000","SourceThreadId":"7644","CallTrace":"C:\\windows\\SYSTEM32\\ntdll.dll+9c584|C:\\windows\\SYSTEM32\\psmserviceexthost.dll+222a3|C:\\windows\\SYSTEM32\\psmserviceexthost.dll+1a172|C:\\windows\\SYSTEM32\\psmserviceexthost.dll+19e3b|C:\\windows\\SYSTEM32\\psmserviceexthost.dll+19318|C:\\windows\\SYSTEM32\\ntdll.dll+3081d|C:\\windows\\SYSTEM32\\ntdll.dll+345b4|C:\\windows\\System32\\KERNEL32.DLL+17c24|C:\\windows\\SYSTEM32\\ntdll.dll+6cea1","UtcTime":"2020-10-18 23:50:07.354","TargetProcessGUID":"{39e4a257-f1b0-5f8b-9c00-000000000700}","RuleName":"-","TargetImage":"C:\\windows\\system32\\svchost.exe","SourceProcessGUID":"{39e4a257-f132-5f8b-1000-000000000700}","ProcessGuid":null,"Image":null,"Details":null,"EventType":null,"TargetObject":null,"TargetFilename":null,"CreationUtcTime":null,"SignatureStatus":null,"Signature":null,"Product":null,"Hashes":null,"ImageLoaded":null,"FileVersion":null,"Description":null,"Company":null,"Signed":null,"OriginalFileName":null}
-{"SubjectUserName":null,"TimeCreated":"2020-10-18 07:50:07.356","SubjectLogonId":null,"ResourceAttributes":null,"SubjectDomainName":null,"PrivilegeList":null,"ObjectServer":null,"ObjectType":null,"SubjectUserSid":null,"EventID":13,"Channel":"Microsoft-Windows-Sysmon\/Operational","Task":"13","ObjectName":null,"AccessMask":null,"Message":"Registry value set:\r\nRuleName: -\r\nEventType: SetValue\r\nUtcTime: 2020-10-18 23:50:07.354\r\nProcessGuid: {39e4a257-f1b3-5f8b-a700-000000000700}\r\nProcessId: 1072\r\nImage: C:\\windows\\Explorer.EXE\r\nTargetObject: HKU\\S-1-5-21-3940915590-64593676-1414006259-500\\Software\\Microsoft\\Windows\\CurrentVersion\\ActivityDataModel\\ReaderRevisionInfo\\A972977C-95EC-9F21-DCC4-595CA3A0E033\r\nDetails: Binary Data","Hostname":"WORKSTATION5","ProcessName":null,"ProcessId":"1072","AccessReason":null,"RestrictedSidCount":null,"AccessList":null,"SourceName":"Microsoft-Windows-Sysmon","HandleId":null,"TransactionId":null,"Status":null,"TargetProcessId":null,"SourceHandleId":null,"TargetHandleId":null,"SourceProcessId":null,"CommandLine":null,"NewProcessId":null,"TargetLogonId":null,"TokenElevationType":null,"NewProcessName":null,"MandatoryLabel":null,"ParentProcessName":null,"TargetUserSid":null,"TargetDomainName":null,"TargetUserName":null,"RemoteMachineID":null,"LayerRTID":null,"Direction":null,"DestAddress":null,"RemoteUserID":null,"SourcePort":null,"LayerName":null,"SourceAddress":null,"Protocol":null,"ProcessID":null,"DestPort":null,"FilterRTID":null,"Application":null,"SourceImage":null,"GrantedAccess":null,"SourceThreadId":null,"CallTrace":null,"UtcTime":"2020-10-18 23:50:07.354","TargetProcessGUID":null,"RuleName":"-","TargetImage":null,"SourceProcessGUID":null,"ProcessGuid":"{39e4a257-f1b3-5f8b-a700-000000000700}","Image":"C:\\windows\\Explorer.EXE","Details":"Binary Data","EventType":"SetValue","TargetObject":"HKU\\S-1-5-21-3940915590-64593676-1414006259-500\\Software\\Microsoft\\Windows\\CurrentVersion\\ActivityDataModel\\ReaderRevisionInfo\\A972977C-95EC-9F21-DCC4-595CA3A0E033","TargetFilename":null,"CreationUtcTime":null,"SignatureStatus":null,"Signature":null,"Product":null,"Hashes":null,"ImageLoaded":null,"FileVersion":null,"Description":null,"Company":null,"Signed":null,"OriginalFileName":null}
-{"SubjectUserName":null,"TimeCreated":"2020-10-18 07:50:07.348","SubjectLogonId":null,"ResourceAttributes":null,"SubjectDomainName":null,"PrivilegeList":null,"ObjectServer":null,"ObjectType":null,"SubjectUserSid":null,"EventID":10,"Channel":"Microsoft-Windows-Sysmon\/Operational","Task":"10","ObjectName":null,"AccessMask":null,"Message":"Process accessed:\r\nRuleName: -\r\nUtcTime: 2020-10-18 23:50:07.338\r\nSourceProcessGUID: {39e4a257-f1b3-5f8b-a700-000000000700}\r\nSourceProcessId: 1072\r\nSourceThreadId: 4688\r\nSourceImage: C:\\windows\\Explorer.EXE\r\nTargetProcessGUID: {39e4a257-d445-5f8c-2a03-000000000700}\r\nTargetProcessId: 3980\r\nTargetImage: C:\\Windows\\Raccine.exe\r\nGrantedAccess: 0x2000\r\nCallTrace: C:\\windows\\SYSTEM32\\ntdll.dll+9c584|C:\\windows\\System32\\KERNELBASE.dll+305fe|C:\\windows\\system32\\twinui.dll+72a89|C:\\windows\\system32\\twinui.dll+785b2|C:\\windows\\system32\\twinui.dll+1780b|C:\\windows\\system32\\twinui.dll+1734c|C:\\windows\\system32\\twinui.dll+68f7a|C:\\windows\\system32\\twinui.dll+16e09|C:\\windows\\system32\\twinui.dll+16f4b|C:\\windows\\system32\\twinui.dll+16ecd|C:\\windows\\System32\\USER32.dll+15c1d|C:\\windows\\System32\\USER32.dll+15612|C:\\Windows\\System32\\windows.immersiveshell.serviceprovider.dll+45f0|C:\\Windows\\System32\\windows.immersiveshell.serviceprovider.dll+41b9|C:\\Windows\\System32\\windows.immersiveshell.serviceprovider.dll+3e4f|C:\\windows\\System32\\KERNEL32.DLL+17c24|C:\\windows\\SYSTEM32\\ntdll.dll+6cea1","Hostname":"WORKSTATION5","ProcessName":null,"ProcessId":null,"AccessReason":null,"RestrictedSidCount":null,"AccessList":null,"SourceName":"Microsoft-Windows-Sysmon","HandleId":null,"TransactionId":null,"Status":null,"TargetProcessId":"3980","SourceHandleId":null,"TargetHandleId":null,"SourceProcessId":"1072","CommandLine":null,"NewProcessId":null,"TargetLogonId":null,"TokenElevationType":null,"NewProcessName":null,"MandatoryLabel":null,"ParentProcessName":null,"TargetUserSid":null,"TargetDomainName":null,"TargetUserName":null,"RemoteMachineID":null,"LayerRTID":null,"Direction":null,"DestAddress":null,"RemoteUserID":null,"SourcePort":null,"LayerName":null,"SourceAddress":null,"Protocol":null,"ProcessID":null,"DestPort":null,"FilterRTID":null,"Application":null,"SourceImage":"C:\\windows\\Explorer.EXE","GrantedAccess":"0x2000","SourceThreadId":"4688","CallTrace":"C:\\windows\\SYSTEM32\\ntdll.dll+9c584|C:\\windows\\System32\\KERNELBASE.dll+305fe|C:\\windows\\system32\\twinui.dll+72a89|C:\\windows\\system32\\twinui.dll+785b2|C:\\windows\\system32\\twinui.dll+1780b|C:\\windows\\system32\\twinui.dll+1734c|C:\\windows\\system32\\twinui.dll+68f7a|C:\\windows\\system32\\twinui.dll+16e09|C:\\windows\\system32\\twinui.dll+16f4b|C:\\windows\\system32\\twinui.dll+16ecd|C:\\windows\\System32\\USER32.dll+15c1d|C:\\windows\\System32\\USER32.dll+15612|C:\\Windows\\System32\\windows.immersiveshell.serviceprovider.dll+45f0|C:\\Windows\\System32\\windows.immersiveshell.serviceprovider.dll+41b9|C:\\Windows\\System32\\windows.immersiveshell.serviceprovider.dll+3e4f|C:\\windows\\System32\\KERNEL32.DLL+17c24|C:\\windows\\SYSTEM32\\ntdll.dll+6cea1","UtcTime":"2020-10-18 23:50:07.338","TargetProcessGUID":"{39e4a257-d445-5f8c-2a03-000000000700}","RuleName":"-","TargetImage":"C:\\Windows\\Raccine.exe","SourceProcessGUID":"{39e4a257-f1b3-5f8b-a700-000000000700}","ProcessGuid":null,"Image":null,"Details":null,"EventType":null,"TargetObject":null,"TargetFilename":null,"CreationUtcTime":null,"SignatureStatus":null,"Signature":null,"Product":null,"Hashes":null,"ImageLoaded":null,"FileVersion":null,"Description":null,"Company":null,"Signed":null,"OriginalFileName":null}
-{"SubjectUserName":null,"TimeCreated":"2020-10-18 07:50:07.348","SubjectLogonId":null,"ResourceAttributes":null,"SubjectDomainName":null,"PrivilegeList":null,"ObjectServer":null,"ObjectType":null,"SubjectUserSid":null,"EventID":10,"Channel":"Microsoft-Windows-Sysmon\/Operational","Task":"10","ObjectName":null,"AccessMask":null,"Message":"Process accessed:\r\nRuleName: -\r\nUtcTime: 2020-10-18 23:50:07.338\r\nSourceProcessGUID: {39e4a257-f1b3-5f8b-a700-000000000700}\r\nSourceProcessId: 1072\r\nSourceThreadId: 4688\r\nSourceImage: C:\\windows\\Explorer.EXE\r\nTargetProcessGUID: {39e4a257-f1cd-5f8b-c400-000000000700}\r\nTargetProcessId: 7652\r\nTargetImage: C:\\Windows\\System32\\WindowsPowerShell\\v1.0\\powershell.exe\r\nGrantedAccess: 0x2000\r\nCallTrace: C:\\windows\\SYSTEM32\\ntdll.dll+9c584|C:\\windows\\System32\\KERNELBASE.dll+305fe|C:\\windows\\system32\\twinui.dll+72a89|C:\\windows\\system32\\twinui.dll+785b2|C:\\windows\\system32\\twinui.dll+1780b|C:\\windows\\system32\\twinui.dll+1734c|C:\\windows\\system32\\twinui.dll+68f7a|C:\\windows\\system32\\twinui.dll+16e09|C:\\windows\\system32\\twinui.dll+16f4b|C:\\windows\\system32\\twinui.dll+16ecd|C:\\windows\\System32\\USER32.dll+15c1d|C:\\windows\\System32\\USER32.dll+15612|C:\\Windows\\System32\\windows.immersiveshell.serviceprovider.dll+45f0|C:\\Windows\\System32\\windows.immersiveshell.serviceprovider.dll+41b9|C:\\Windows\\System32\\windows.immersiveshell.serviceprovider.dll+3e4f|C:\\windows\\System32\\KERNEL32.DLL+17c24|C:\\windows\\SYSTEM32\\ntdll.dll+6cea1","Hostname":"WORKSTATION5","ProcessName":null,"ProcessId":null,"AccessReason":null,"RestrictedSidCount":null,"AccessList":null,"SourceName":"Microsoft-Windows-Sysmon","HandleId":null,"TransactionId":null,"Status":null,"TargetProcessId":"7652","SourceHandleId":null,"TargetHandleId":null,"SourceProcessId":"1072","CommandLine":null,"NewProcessId":null,"TargetLogonId":null,"TokenElevationType":null,"NewProcessName":null,"MandatoryLabel":null,"ParentProcessName":null,"TargetUserSid":null,"TargetDomainName":null,"TargetUserName":null,"RemoteMachineID":null,"LayerRTID":null,"Direction":null,"DestAddress":null,"RemoteUserID":null,"SourcePort":null,"LayerName":null,"SourceAddress":null,"Protocol":null,"ProcessID":null,"DestPort":null,"FilterRTID":null,"Application":null,"SourceImage":"C:\\windows\\Explorer.EXE","GrantedAccess":"0x2000","SourceThreadId":"4688","CallTrace":"C:\\windows\\SYSTEM32\\ntdll.dll+9c584|C:\\windows\\System32\\KERNELBASE.dll+305fe|C:\\windows\\system32\\twinui.dll+72a89|C:\\windows\\system32\\twinui.dll+785b2|C:\\windows\\system32\\twinui.dll+1780b|C:\\windows\\system32\\twinui.dll+1734c|C:\\windows\\system32\\twinui.dll+68f7a|C:\\windows\\system32\\twinui.dll+16e09|C:\\windows\\system32\\twinui.dll+16f4b|C:\\windows\\system32\\twinui.dll+16ecd|C:\\windows\\System32\\USER32.dll+15c1d|C:\\windows\\System32\\USER32.dll+15612|C:\\Windows\\System32\\windows.immersiveshell.serviceprovider.dll+45f0|C:\\Windows\\System32\\windows.immersiveshell.serviceprovider.dll+41b9|C:\\Windows\\System32\\windows.immersiveshell.serviceprovider.dll+3e4f|C:\\windows\\System32\\KERNEL32.DLL+17c24|C:\\windows\\SYSTEM32\\ntdll.dll+6cea1","UtcTime":"2020-10-18 23:50:07.338","TargetProcessGUID":"{39e4a257-f1cd-5f8b-c400-000000000700}","RuleName":"-","TargetImage":"C:\\Windows\\System32\\WindowsPowerShell\\v1.0\\powershell.exe","SourceProcessGUID":"{39e4a257-f1b3-5f8b-a700-000000000700}","ProcessGuid":null,"Image":null,"Details":null,"EventType":null,"TargetObject":null,"TargetFilename":null,"CreationUtcTime":null,"SignatureStatus":null,"Signature":null,"Product":null,"Hashes":null,"ImageLoaded":null,"FileVersion":null,"Description":null,"Company":null,"Signed":null,"OriginalFileName":null}
-{"SubjectUserName":null,"TimeCreated":"2020-10-18 07:50:07.348","SubjectLogonId":null,"ResourceAttributes":null,"SubjectDomainName":null,"PrivilegeList":null,"ObjectServer":null,"ObjectType":null,"SubjectUserSid":null,"EventID":10,"Channel":"Microsoft-Windows-Sysmon\/Operational","Task":"10","ObjectName":null,"AccessMask":null,"Message":"Process accessed:\r\nRuleName: -\r\nUtcTime: 2020-10-18 23:50:07.338\r\nSourceProcessGUID: {39e4a257-f1b3-5f8b-a700-000000000700}\r\nSourceProcessId: 1072\r\nSourceThreadId: 4688\r\nSourceImage: C:\\windows\\Explorer.EXE\r\nTargetProcessGUID: {39e4a257-f247-5f8b-d300-000000000700}\r\nTargetProcessId: 4368\r\nTargetImage: C:\\Windows\\SystemApps\\InputApp_cw5n1h2txyewy\\WindowsInternal.ComposableShell.Experiences.TextInput.InputApp.exe\r\nGrantedAccess: 0x2000\r\nCallTrace: C:\\windows\\SYSTEM32\\ntdll.dll+9c584|C:\\windows\\System32\\KERNELBASE.dll+305fe|C:\\windows\\system32\\twinui.dll+72a89|C:\\windows\\system32\\twinui.dll+785b2|C:\\windows\\system32\\twinui.dll+1780b|C:\\windows\\system32\\twinui.dll+1734c|C:\\windows\\system32\\twinui.dll+68f7a|C:\\windows\\system32\\twinui.dll+16e09|C:\\windows\\system32\\twinui.dll+16f4b|C:\\windows\\system32\\twinui.dll+16ecd|C:\\windows\\System32\\USER32.dll+15c1d|C:\\windows\\System32\\USER32.dll+15612|C:\\Windows\\System32\\windows.immersiveshell.serviceprovider.dll+45f0|C:\\Windows\\System32\\windows.immersiveshell.serviceprovider.dll+41b9|C:\\Windows\\System32\\windows.immersiveshell.serviceprovider.dll+3e4f|C:\\windows\\System32\\KERNEL32.DLL+17c24|C:\\windows\\SYSTEM32\\ntdll.dll+6cea1","Hostname":"WORKSTATION5","ProcessName":null,"ProcessId":null,"AccessReason":null,"RestrictedSidCount":null,"AccessList":null,"SourceName":"Microsoft-Windows-Sysmon","HandleId":null,"TransactionId":null,"Status":null,"TargetProcessId":"4368","SourceHandleId":null,"TargetHandleId":null,"SourceProcessId":"1072","CommandLine":null,"NewProcessId":null,"TargetLogonId":null,"TokenElevationType":null,"NewProcessName":null,"MandatoryLabel":null,"ParentProcessName":null,"TargetUserSid":null,"TargetDomainName":null,"TargetUserName":null,"RemoteMachineID":null,"LayerRTID":null,"Direction":null,"DestAddress":null,"RemoteUserID":null,"SourcePort":null,"LayerName":null,"SourceAddress":null,"Protocol":null,"ProcessID":null,"DestPort":null,"FilterRTID":null,"Application":null,"SourceImage":"C:\\windows\\Explorer.EXE","GrantedAccess":"0x2000","SourceThreadId":"4688","CallTrace":"C:\\windows\\SYSTEM32\\ntdll.dll+9c584|C:\\windows\\System32\\KERNELBASE.dll+305fe|C:\\windows\\system32\\twinui.dll+72a89|C:\\windows\\system32\\twinui.dll+785b2|C:\\windows\\system32\\twinui.dll+1780b|C:\\windows\\system32\\twinui.dll+1734c|C:\\windows\\system32\\twinui.dll+68f7a|C:\\windows\\system32\\twinui.dll+16e09|C:\\windows\\system32\\twinui.dll+16f4b|C:\\windows\\system32\\twinui.dll+16ecd|C:\\windows\\System32\\USER32.dll+15c1d|C:\\windows\\System32\\USER32.dll+15612|C:\\Windows\\System32\\windows.immersiveshell.serviceprovider.dll+45f0|C:\\Windows\\System32\\windows.immersiveshell.serviceprovider.dll+41b9|C:\\Windows\\System32\\windows.immersiveshell.serviceprovider.dll+3e4f|C:\\windows\\System32\\KERNEL32.DLL+17c24|C:\\windows\\SYSTEM32\\ntdll.dll+6cea1","UtcTime":"2020-10-18 23:50:07.338","TargetProcessGUID":"{39e4a257-f247-5f8b-d300-000000000700}","RuleName":"-","TargetImage":"C:\\Windows\\SystemApps\\InputApp_cw5n1h2txyewy\\WindowsInternal.ComposableShell.Experiences.TextInput.InputApp.exe","SourceProcessGUID":"{39e4a257-f1b3-5f8b-a700-000000000700}","ProcessGuid":null,"Image":null,"Details":null,"EventType":null,"TargetObject":null,"TargetFilename":null,"CreationUtcTime":null,"SignatureStatus":null,"Signature":null,"Product":null,"Hashes":null,"ImageLoaded":null,"FileVersion":null,"Description":null,"Company":null,"Signed":null,"OriginalFileName":null}
-{"SubjectUserName":null,"TimeCreated":"2020-10-18 07:50:07.347","SubjectLogonId":null,"ResourceAttributes":null,"SubjectDomainName":null,"PrivilegeList":null,"ObjectServer":null,"ObjectType":null,"SubjectUserSid":null,"EventID":10,"Channel":"Microsoft-Windows-Sysmon\/Operational","Task":"10","ObjectName":null,"AccessMask":null,"Message":"Process accessed:\r\nRuleName: -\r\nUtcTime: 2020-10-18 23:50:07.338\r\nSourceProcessGUID: {39e4a257-f1b3-5f8b-a700-000000000700}\r\nSourceProcessId: 1072\r\nSourceThreadId: 4688\r\nSourceImage: C:\\windows\\Explorer.EXE\r\nTargetProcessGUID: {39e4a257-f1cd-5f8b-c400-000000000700}\r\nTargetProcessId: 7652\r\nTargetImage: C:\\Windows\\System32\\WindowsPowerShell\\v1.0\\powershell.exe\r\nGrantedAccess: 0x2000\r\nCallTrace: C:\\windows\\SYSTEM32\\ntdll.dll+9c584|C:\\windows\\System32\\KERNELBASE.dll+305fe|C:\\windows\\system32\\twinui.dll+783a3|C:\\windows\\system32\\twinui.dll+1780b|C:\\windows\\system32\\twinui.dll+1734c|C:\\windows\\system32\\twinui.dll+68f7a|C:\\windows\\system32\\twinui.dll+16e09|C:\\windows\\system32\\twinui.dll+16f4b|C:\\windows\\system32\\twinui.dll+16ecd|C:\\windows\\System32\\USER32.dll+15c1d|C:\\windows\\System32\\USER32.dll+15612|C:\\Windows\\System32\\windows.immersiveshell.serviceprovider.dll+45f0|C:\\Windows\\System32\\windows.immersiveshell.serviceprovider.dll+41b9|C:\\Windows\\System32\\windows.immersiveshell.serviceprovider.dll+3e4f|C:\\windows\\System32\\KERNEL32.DLL+17c24|C:\\windows\\SYSTEM32\\ntdll.dll+6cea1","Hostname":"WORKSTATION5","ProcessName":null,"ProcessId":null,"AccessReason":null,"RestrictedSidCount":null,"AccessList":null,"SourceName":"Microsoft-Windows-Sysmon","HandleId":null,"TransactionId":null,"Status":null,"TargetProcessId":"7652","SourceHandleId":null,"TargetHandleId":null,"SourceProcessId":"1072","CommandLine":null,"NewProcessId":null,"TargetLogonId":null,"TokenElevationType":null,"NewProcessName":null,"MandatoryLabel":null,"ParentProcessName":null,"TargetUserSid":null,"TargetDomainName":null,"TargetUserName":null,"RemoteMachineID":null,"LayerRTID":null,"Direction":null,"DestAddress":null,"RemoteUserID":null,"SourcePort":null,"LayerName":null,"SourceAddress":null,"Protocol":null,"ProcessID":null,"DestPort":null,"FilterRTID":null,"Application":null,"SourceImage":"C:\\windows\\Explorer.EXE","GrantedAccess":"0x2000","SourceThreadId":"4688","CallTrace":"C:\\windows\\SYSTEM32\\ntdll.dll+9c584|C:\\windows\\System32\\KERNELBASE.dll+305fe|C:\\windows\\system32\\twinui.dll+783a3|C:\\windows\\system32\\twinui.dll+1780b|C:\\windows\\system32\\twinui.dll+1734c|C:\\windows\\system32\\twinui.dll+68f7a|C:\\windows\\system32\\twinui.dll+16e09|C:\\windows\\system32\\twinui.dll+16f4b|C:\\windows\\system32\\twinui.dll+16ecd|C:\\windows\\System32\\USER32.dll+15c1d|C:\\windows\\System32\\USER32.dll+15612|C:\\Windows\\System32\\windows.immersiveshell.serviceprovider.dll+45f0|C:\\Windows\\System32\\windows.immersiveshell.serviceprovider.dll+41b9|C:\\Windows\\System32\\windows.immersiveshell.serviceprovider.dll+3e4f|C:\\windows\\System32\\KERNEL32.DLL+17c24|C:\\windows\\SYSTEM32\\ntdll.dll+6cea1","UtcTime":"2020-10-18 23:50:07.338","TargetProcessGUID":"{39e4a257-f1cd-5f8b-c400-000000000700}","RuleName":"-","TargetImage":"C:\\Windows\\System32\\WindowsPowerShell\\v1.0\\powershell.exe","SourceProcessGUID":"{39e4a257-f1b3-5f8b-a700-000000000700}","ProcessGuid":null,"Image":null,"Details":null,"EventType":null,"TargetObject":null,"TargetFilename":null,"CreationUtcTime":null,"SignatureStatus":null,"Signature":null,"Product":null,"Hashes":null,"ImageLoaded":null,"FileVersion":null,"Description":null,"Company":null,"Signed":null,"OriginalFileName":null}
-{"SubjectUserName":null,"TimeCreated":"2020-10-18 07:50:07.347","SubjectLogonId":null,"ResourceAttributes":null,"SubjectDomainName":null,"PrivilegeList":null,"ObjectServer":null,"ObjectType":null,"SubjectUserSid":null,"EventID":10,"Channel":"Microsoft-Windows-Sysmon\/Operational","Task":"10","ObjectName":null,"AccessMask":null,"Message":"Process accessed:\r\nRuleName: -\r\nUtcTime: 2020-10-18 23:50:07.338\r\nSourceProcessGUID: {39e4a257-f1b3-5f8b-a700-000000000700}\r\nSourceProcessId: 1072\r\nSourceThreadId: 4688\r\nSourceImage: C:\\windows\\Explorer.EXE\r\nTargetProcessGUID: {39e4a257-f1cd-5f8b-c400-000000000700}\r\nTargetProcessId: 7652\r\nTargetImage: C:\\Windows\\System32\\WindowsPowerShell\\v1.0\\powershell.exe\r\nGrantedAccess: 0x1000\r\nCallTrace: C:\\windows\\SYSTEM32\\ntdll.dll+9c584|C:\\windows\\System32\\KERNELBASE.dll+305fe|C:\\windows\\SYSTEM32\\TWINAPI.dll+6d4c|C:\\windows\\system32\\twinui.pcshell.dll+20880|C:\\windows\\system32\\twinui.pcshell.dll+20082|C:\\windows\\system32\\twinui.dll+1780b|C:\\windows\\system32\\twinui.dll+1734c|C:\\windows\\system32\\twinui.dll+68f7a|C:\\windows\\system32\\twinui.dll+16e09|C:\\windows\\system32\\twinui.dll+16f4b|C:\\windows\\system32\\twinui.dll+16ecd|C:\\windows\\System32\\USER32.dll+15c1d|C:\\windows\\System32\\USER32.dll+15612|C:\\Windows\\System32\\windows.immersiveshell.serviceprovider.dll+45f0|C:\\Windows\\System32\\windows.immersiveshell.serviceprovider.dll+41b9|C:\\Windows\\System32\\windows.immersiveshell.serviceprovider.dll+3e4f|C:\\windows\\System32\\KERNEL32.DLL+17c24|C:\\windows\\SYSTEM32\\ntdll.dll+6cea1","Hostname":"WORKSTATION5","ProcessName":null,"ProcessId":null,"AccessReason":null,"RestrictedSidCount":null,"AccessList":null,"SourceName":"Microsoft-Windows-Sysmon","HandleId":null,"TransactionId":null,"Status":null,"TargetProcessId":"7652","SourceHandleId":null,"TargetHandleId":null,"SourceProcessId":"1072","CommandLine":null,"NewProcessId":null,"TargetLogonId":null,"TokenElevationType":null,"NewProcessName":null,"MandatoryLabel":null,"ParentProcessName":null,"TargetUserSid":null,"TargetDomainName":null,"TargetUserName":null,"RemoteMachineID":null,"LayerRTID":null,"Direction":null,"DestAddress":null,"RemoteUserID":null,"SourcePort":null,"LayerName":null,"SourceAddress":null,"Protocol":null,"ProcessID":null,"DestPort":null,"FilterRTID":null,"Application":null,"SourceImage":"C:\\windows\\Explorer.EXE","GrantedAccess":"0x1000","SourceThreadId":"4688","CallTrace":"C:\\windows\\SYSTEM32\\ntdll.dll+9c584|C:\\windows\\System32\\KERNELBASE.dll+305fe|C:\\windows\\SYSTEM32\\TWINAPI.dll+6d4c|C:\\windows\\system32\\twinui.pcshell.dll+20880|C:\\windows\\system32\\twinui.pcshell.dll+20082|C:\\windows\\system32\\twinui.dll+1780b|C:\\windows\\system32\\twinui.dll+1734c|C:\\windows\\system32\\twinui.dll+68f7a|C:\\windows\\system32\\twinui.dll+16e09|C:\\windows\\system32\\twinui.dll+16f4b|C:\\windows\\system32\\twinui.dll+16ecd|C:\\windows\\System32\\USER32.dll+15c1d|C:\\windows\\System32\\USER32.dll+15612|C:\\Windows\\System32\\windows.immersiveshell.serviceprovider.dll+45f0|C:\\Windows\\System32\\windows.immersiveshell.serviceprovider.dll+41b9|C:\\Windows\\System32\\windows.immersiveshell.serviceprovider.dll+3e4f|C:\\windows\\System32\\KERNEL32.DLL+17c24|C:\\windows\\SYSTEM32\\ntdll.dll+6cea1","UtcTime":"2020-10-18 23:50:07.338","TargetProcessGUID":"{39e4a257-f1cd-5f8b-c400-000000000700}","RuleName":"-","TargetImage":"C:\\Windows\\System32\\WindowsPowerShell\\v1.0\\powershell.exe","SourceProcessGUID":"{39e4a257-f1b3-5f8b-a700-000000000700}","ProcessGuid":null,"Image":null,"Details":null,"EventType":null,"TargetObject":null,"TargetFilename":null,"CreationUtcTime":null,"SignatureStatus":null,"Signature":null,"Product":null,"Hashes":null,"ImageLoaded":null,"FileVersion":null,"Description":null,"Company":null,"Signed":null,"OriginalFileName":null}
-{"SubjectUserName":null,"TimeCreated":"2020-10-18 07:50:07.347","SubjectLogonId":null,"ResourceAttributes":null,"SubjectDomainName":null,"PrivilegeList":null,"ObjectServer":null,"ObjectType":null,"SubjectUserSid":null,"EventID":13,"Channel":"Microsoft-Windows-Sysmon\/Operational","Task":"13","ObjectName":null,"AccessMask":null,"Message":"Registry value set:\r\nRuleName: -\r\nEventType: SetValue\r\nUtcTime: 2020-10-18 23:50:07.338\r\nProcessGuid: {39e4a257-f1b3-5f8b-a700-000000000700}\r\nProcessId: 1072\r\nImage: C:\\windows\\Explorer.EXE\r\nTargetObject: HKU\\S-1-5-21-3940915590-64593676-1414006259-500\\Software\\Microsoft\\Windows\\CurrentVersion\\Explorer\\UserAssist\\{CEBFF5CD-ACE2-4F4F-9178-9926F41749EA}\\Count\\HRZR_PGYFRFFVBA\r\nDetails: Binary Data","Hostname":"WORKSTATION5","ProcessName":null,"ProcessId":"1072","AccessReason":null,"RestrictedSidCount":null,"AccessList":null,"SourceName":"Microsoft-Windows-Sysmon","HandleId":null,"TransactionId":null,"Status":null,"TargetProcessId":null,"SourceHandleId":null,"TargetHandleId":null,"SourceProcessId":null,"CommandLine":null,"NewProcessId":null,"TargetLogonId":null,"TokenElevationType":null,"NewProcessName":null,"MandatoryLabel":null,"ParentProcessName":null,"TargetUserSid":null,"TargetDomainName":null,"TargetUserName":null,"RemoteMachineID":null,"LayerRTID":null,"Direction":null,"DestAddress":null,"RemoteUserID":null,"SourcePort":null,"LayerName":null,"SourceAddress":null,"Protocol":null,"ProcessID":null,"DestPort":null,"FilterRTID":null,"Application":null,"SourceImage":null,"GrantedAccess":null,"SourceThreadId":null,"CallTrace":null,"UtcTime":"2020-10-18 23:50:07.338","TargetProcessGUID":null,"RuleName":"-","TargetImage":null,"SourceProcessGUID":null,"ProcessGuid":"{39e4a257-f1b3-5f8b-a700-000000000700}","Image":"C:\\windows\\Explorer.EXE","Details":"Binary Data","EventType":"SetValue","TargetObject":"HKU\\S-1-5-21-3940915590-64593676-1414006259-500\\Software\\Microsoft\\Windows\\CurrentVersion\\Explorer\\UserAssist\\{CEBFF5CD-ACE2-4F4F-9178-9926F41749EA}\\Count\\HRZR_PGYFRFFVBA","TargetFilename":null,"CreationUtcTime":null,"SignatureStatus":null,"Signature":null,"Product":null,"Hashes":null,"ImageLoaded":null,"FileVersion":null,"Description":null,"Company":null,"Signed":null,"OriginalFileName":null}
-{"SubjectUserName":null,"TimeCreated":"2020-10-18 07:50:07.347","SubjectLogonId":null,"ResourceAttributes":null,"SubjectDomainName":null,"PrivilegeList":null,"ObjectServer":null,"ObjectType":null,"SubjectUserSid":null,"EventID":13,"Channel":"Microsoft-Windows-Sysmon\/Operational","Task":"13","ObjectName":null,"AccessMask":null,"Message":"Registry value set:\r\nRuleName: -\r\nEventType: SetValue\r\nUtcTime: 2020-10-18 23:50:07.338\r\nProcessGuid: {39e4a257-f1b3-5f8b-a700-000000000700}\r\nProcessId: 1072\r\nImage: C:\\windows\\Explorer.EXE\r\nTargetObject: HKU\\S-1-5-21-3940915590-64593676-1414006259-500\\Software\\Microsoft\\Windows\\CurrentVersion\\Explorer\\UserAssist\\{CEBFF5CD-ACE2-4F4F-9178-9926F41749EA}\\Count\\{1NP14R77-02R7-4R5Q-O744-2RO1NR5198O7}\\JvaqbjfCbjreFuryy\\i1.0\\cbjrefuryy.rkr\r\nDetails: Binary Data","Hostname":"WORKSTATION5","ProcessName":null,"ProcessId":"1072","AccessReason":null,"RestrictedSidCount":null,"AccessList":null,"SourceName":"Microsoft-Windows-Sysmon","HandleId":null,"TransactionId":null,"Status":null,"TargetProcessId":null,"SourceHandleId":null,"TargetHandleId":null,"SourceProcessId":null,"CommandLine":null,"NewProcessId":null,"TargetLogonId":null,"TokenElevationType":null,"NewProcessName":null,"MandatoryLabel":null,"ParentProcessName":null,"TargetUserSid":null,"TargetDomainName":null,"TargetUserName":null,"RemoteMachineID":null,"LayerRTID":null,"Direction":null,"DestAddress":null,"RemoteUserID":null,"SourcePort":null,"LayerName":null,"SourceAddress":null,"Protocol":null,"ProcessID":null,"DestPort":null,"FilterRTID":null,"Application":null,"SourceImage":null,"GrantedAccess":null,"SourceThreadId":null,"CallTrace":null,"UtcTime":"2020-10-18 23:50:07.338","TargetProcessGUID":null,"RuleName":"-","TargetImage":null,"SourceProcessGUID":null,"ProcessGuid":"{39e4a257-f1b3-5f8b-a700-000000000700}","Image":"C:\\windows\\Explorer.EXE","Details":"Binary Data","EventType":"SetValue","TargetObject":"HKU\\S-1-5-21-3940915590-64593676-1414006259-500\\Software\\Microsoft\\Windows\\CurrentVersion\\Explorer\\UserAssist\\{CEBFF5CD-ACE2-4F4F-9178-9926F41749EA}\\Count\\{1NP14R77-02R7-4R5Q-O744-2RO1NR5198O7}\\JvaqbjfCbjreFuryy\\i1.0\\cbjrefuryy.rkr","TargetFilename":null,"CreationUtcTime":null,"SignatureStatus":null,"Signature":null,"Product":null,"Hashes":null,"ImageLoaded":null,"FileVersion":null,"Description":null,"Company":null,"Signed":null,"OriginalFileName":null}
-{"SubjectUserName":null,"TimeCreated":"2020-10-18 07:50:07.347","SubjectLogonId":null,"ResourceAttributes":null,"SubjectDomainName":null,"PrivilegeList":null,"ObjectServer":null,"ObjectType":null,"SubjectUserSid":null,"EventID":10,"Channel":"Microsoft-Windows-Sysmon\/Operational","Task":"10","ObjectName":null,"AccessMask":null,"Message":"Process accessed:\r\nRuleName: -\r\nUtcTime: 2020-10-18 23:50:07.338\r\nSourceProcessGUID: {39e4a257-f1b3-5f8b-a700-000000000700}\r\nSourceProcessId: 1072\r\nSourceThreadId: 4548\r\nSourceImage: C:\\windows\\Explorer.EXE\r\nTargetProcessGUID: {39e4a257-f1cd-5f8b-c400-000000000700}\r\nTargetProcessId: 7652\r\nTargetImage: C:\\Windows\\System32\\WindowsPowerShell\\v1.0\\powershell.exe\r\nGrantedAccess: 0x1410\r\nCallTrace: C:\\windows\\SYSTEM32\\ntdll.dll+9c584|C:\\windows\\System32\\KERNELBASE.dll+305fe|C:\\Windows\\System32\\appresolver.dll+21ee8|C:\\Windows\\System32\\appresolver.dll+1ef46|C:\\Windows\\System32\\appresolver.dll+1ecb7|C:\\windows\\Explorer.EXE+5b1a7|C:\\windows\\Explorer.EXE+5b0a4|C:\\windows\\Explorer.EXE+29a50|C:\\windows\\System32\\windows.storage.dll+16e1c4|C:\\windows\\System32\\windows.storage.dll+16de05|C:\\windows\\System32\\windows.storage.dll+16dce5|C:\\windows\\System32\\shcore.dll+31636|C:\\windows\\SYSTEM32\\ntdll.dll+2f655|C:\\windows\\SYSTEM32\\ntdll.dll+345b4|C:\\windows\\System32\\KERNEL32.DLL+17c24|C:\\windows\\SYSTEM32\\ntdll.dll+6cea1","Hostname":"WORKSTATION5","ProcessName":null,"ProcessId":null,"AccessReason":null,"RestrictedSidCount":null,"AccessList":null,"SourceName":"Microsoft-Windows-Sysmon","HandleId":null,"TransactionId":null,"Status":null,"TargetProcessId":"7652","SourceHandleId":null,"TargetHandleId":null,"SourceProcessId":"1072","CommandLine":null,"NewProcessId":null,"TargetLogonId":null,"TokenElevationType":null,"NewProcessName":null,"MandatoryLabel":null,"ParentProcessName":null,"TargetUserSid":null,"TargetDomainName":null,"TargetUserName":null,"RemoteMachineID":null,"LayerRTID":null,"Direction":null,"DestAddress":null,"RemoteUserID":null,"SourcePort":null,"LayerName":null,"SourceAddress":null,"Protocol":null,"ProcessID":null,"DestPort":null,"FilterRTID":null,"Application":null,"SourceImage":"C:\\windows\\Explorer.EXE","GrantedAccess":"0x1410","SourceThreadId":"4548","CallTrace":"C:\\windows\\SYSTEM32\\ntdll.dll+9c584|C:\\windows\\System32\\KERNELBASE.dll+305fe|C:\\Windows\\System32\\appresolver.dll+21ee8|C:\\Windows\\System32\\appresolver.dll+1ef46|C:\\Windows\\System32\\appresolver.dll+1ecb7|C:\\windows\\Explorer.EXE+5b1a7|C:\\windows\\Explorer.EXE+5b0a4|C:\\windows\\Explorer.EXE+29a50|C:\\windows\\System32\\windows.storage.dll+16e1c4|C:\\windows\\System32\\windows.storage.dll+16de05|C:\\windows\\System32\\windows.storage.dll+16dce5|C:\\windows\\System32\\shcore.dll+31636|C:\\windows\\SYSTEM32\\ntdll.dll+2f655|C:\\windows\\SYSTEM32\\ntdll.dll+345b4|C:\\windows\\System32\\KERNEL32.DLL+17c24|C:\\windows\\SYSTEM32\\ntdll.dll+6cea1","UtcTime":"2020-10-18 23:50:07.338","TargetProcessGUID":"{39e4a257-f1cd-5f8b-c400-000000000700}","RuleName":"-","TargetImage":"C:\\Windows\\System32\\WindowsPowerShell\\v1.0\\powershell.exe","SourceProcessGUID":"{39e4a257-f1b3-5f8b-a700-000000000700}","ProcessGuid":null,"Image":null,"Details":null,"EventType":null,"TargetObject":null,"TargetFilename":null,"CreationUtcTime":null,"SignatureStatus":null,"Signature":null,"Product":null,"Hashes":null,"ImageLoaded":null,"FileVersion":null,"Description":null,"Company":null,"Signed":null,"OriginalFileName":null}
-{"SubjectUserName":null,"TimeCreated":"2020-10-18 07:50:07.347","SubjectLogonId":null,"ResourceAttributes":null,"SubjectDomainName":null,"PrivilegeList":null,"ObjectServer":null,"ObjectType":null,"SubjectUserSid":null,"EventID":10,"Channel":"Microsoft-Windows-Sysmon\/Operational","Task":"10","ObjectName":null,"AccessMask":null,"Message":"Process accessed:\r\nRuleName: -\r\nUtcTime: 2020-10-18 23:50:07.338\r\nSourceProcessGUID: {39e4a257-f1b3-5f8b-a700-000000000700}\r\nSourceProcessId: 1072\r\nSourceThreadId: 4548\r\nSourceImage: C:\\windows\\Explorer.EXE\r\nTargetProcessGUID: {39e4a257-f1cd-5f8b-c400-000000000700}\r\nTargetProcessId: 7652\r\nTargetImage: C:\\Windows\\System32\\WindowsPowerShell\\v1.0\\powershell.exe\r\nGrantedAccess: 0x1000\r\nCallTrace: C:\\windows\\SYSTEM32\\ntdll.dll+9c584|C:\\windows\\System32\\KERNELBASE.dll+305fe|C:\\Windows\\System32\\appresolver.dll+1ee93|C:\\Windows\\System32\\appresolver.dll+1ecb7|C:\\windows\\Explorer.EXE+5b1a7|C:\\windows\\Explorer.EXE+5b0a4|C:\\windows\\Explorer.EXE+29a50|C:\\windows\\System32\\windows.storage.dll+16e1c4|C:\\windows\\System32\\windows.storage.dll+16de05|C:\\windows\\System32\\windows.storage.dll+16dce5|C:\\windows\\System32\\shcore.dll+31636|C:\\windows\\SYSTEM32\\ntdll.dll+2f655|C:\\windows\\SYSTEM32\\ntdll.dll+345b4|C:\\windows\\System32\\KERNEL32.DLL+17c24|C:\\windows\\SYSTEM32\\ntdll.dll+6cea1","Hostname":"WORKSTATION5","ProcessName":null,"ProcessId":null,"AccessReason":null,"RestrictedSidCount":null,"AccessList":null,"SourceName":"Microsoft-Windows-Sysmon","HandleId":null,"TransactionId":null,"Status":null,"TargetProcessId":"7652","SourceHandleId":null,"TargetHandleId":null,"SourceProcessId":"1072","CommandLine":null,"NewProcessId":null,"TargetLogonId":null,"TokenElevationType":null,"NewProcessName":null,"MandatoryLabel":null,"ParentProcessName":null,"TargetUserSid":null,"TargetDomainName":null,"TargetUserName":null,"RemoteMachineID":null,"LayerRTID":null,"Direction":null,"DestAddress":null,"RemoteUserID":null,"SourcePort":null,"LayerName":null,"SourceAddress":null,"Protocol":null,"ProcessID":null,"DestPort":null,"FilterRTID":null,"Application":null,"SourceImage":"C:\\windows\\Explorer.EXE","GrantedAccess":"0x1000","SourceThreadId":"4548","CallTrace":"C:\\windows\\SYSTEM32\\ntdll.dll+9c584|C:\\windows\\System32\\KERNELBASE.dll+305fe|C:\\Windows\\System32\\appresolver.dll+1ee93|C:\\Windows\\System32\\appresolver.dll+1ecb7|C:\\windows\\Explorer.EXE+5b1a7|C:\\windows\\Explorer.EXE+5b0a4|C:\\windows\\Explorer.EXE+29a50|C:\\windows\\System32\\windows.storage.dll+16e1c4|C:\\windows\\System32\\windows.storage.dll+16de05|C:\\windows\\System32\\windows.storage.dll+16dce5|C:\\windows\\System32\\shcore.dll+31636|C:\\windows\\SYSTEM32\\ntdll.dll+2f655|C:\\windows\\SYSTEM32\\ntdll.dll+345b4|C:\\windows\\System32\\KERNEL32.DLL+17c24|C:\\windows\\SYSTEM32\\ntdll.dll+6cea1","UtcTime":"2020-10-18 23:50:07.338","TargetProcessGUID":"{39e4a257-f1cd-5f8b-c400-000000000700}","RuleName":"-","TargetImage":"C:\\Windows\\System32\\WindowsPowerShell\\v1.0\\powershell.exe","SourceProcessGUID":"{39e4a257-f1b3-5f8b-a700-000000000700}","ProcessGuid":null,"Image":null,"Details":null,"EventType":null,"TargetObject":null,"TargetFilename":null,"CreationUtcTime":null,"SignatureStatus":null,"Signature":null,"Product":null,"Hashes":null,"ImageLoaded":null,"FileVersion":null,"Description":null,"Company":null,"Signed":null,"OriginalFileName":null}
-{"SubjectUserName":null,"TimeCreated":"2020-10-18 07:50:07.347","SubjectLogonId":null,"ResourceAttributes":null,"SubjectDomainName":null,"PrivilegeList":null,"ObjectServer":null,"ObjectType":null,"SubjectUserSid":null,"EventID":10,"Channel":"Microsoft-Windows-Sysmon\/Operational","Task":"10","ObjectName":null,"AccessMask":null,"Message":"Process accessed:\r\nRuleName: -\r\nUtcTime: 2020-10-18 23:50:07.338\r\nSourceProcessGUID: {39e4a257-f1b3-5f8b-a700-000000000700}\r\nSourceProcessId: 1072\r\nSourceThreadId: 4548\r\nSourceImage: C:\\windows\\Explorer.EXE\r\nTargetProcessGUID: {39e4a257-f1cd-5f8b-c400-000000000700}\r\nTargetProcessId: 7652\r\nTargetImage: C:\\Windows\\System32\\WindowsPowerShell\\v1.0\\powershell.exe\r\nGrantedAccess: 0x1000\r\nCallTrace: C:\\windows\\SYSTEM32\\ntdll.dll+9c584|C:\\windows\\System32\\KERNELBASE.dll+305fe|C:\\Windows\\System32\\appresolver.dll+221c5|C:\\Windows\\System32\\appresolver.dll+1edcc|C:\\Windows\\System32\\appresolver.dll+1ecb7|C:\\windows\\Explorer.EXE+5b1a7|C:\\windows\\Explorer.EXE+5b0a4|C:\\windows\\Explorer.EXE+29a50|C:\\windows\\System32\\windows.storage.dll+16e1c4|C:\\windows\\System32\\windows.storage.dll+16de05|C:\\windows\\System32\\windows.storage.dll+16dce5|C:\\windows\\System32\\shcore.dll+31636|C:\\windows\\SYSTEM32\\ntdll.dll+2f655|C:\\windows\\SYSTEM32\\ntdll.dll+345b4|C:\\windows\\System32\\KERNEL32.DLL+17c24|C:\\windows\\SYSTEM32\\ntdll.dll+6cea1","Hostname":"WORKSTATION5","ProcessName":null,"ProcessId":null,"AccessReason":null,"RestrictedSidCount":null,"AccessList":null,"SourceName":"Microsoft-Windows-Sysmon","HandleId":null,"TransactionId":null,"Status":null,"TargetProcessId":"7652","SourceHandleId":null,"TargetHandleId":null,"SourceProcessId":"1072","CommandLine":null,"NewProcessId":null,"TargetLogonId":null,"TokenElevationType":null,"NewProcessName":null,"MandatoryLabel":null,"ParentProcessName":null,"TargetUserSid":null,"TargetDomainName":null,"TargetUserName":null,"RemoteMachineID":null,"LayerRTID":null,"Direction":null,"DestAddress":null,"RemoteUserID":null,"SourcePort":null,"LayerName":null,"SourceAddress":null,"Protocol":null,"ProcessID":null,"DestPort":null,"FilterRTID":null,"Application":null,"SourceImage":"C:\\windows\\Explorer.EXE","GrantedAccess":"0x1000","SourceThreadId":"4548","CallTrace":"C:\\windows\\SYSTEM32\\ntdll.dll+9c584|C:\\windows\\System32\\KERNELBASE.dll+305fe|C:\\Windows\\System32\\appresolver.dll+221c5|C:\\Windows\\System32\\appresolver.dll+1edcc|C:\\Windows\\System32\\appresolver.dll+1ecb7|C:\\windows\\Explorer.EXE+5b1a7|C:\\windows\\Explorer.EXE+5b0a4|C:\\windows\\Explorer.EXE+29a50|C:\\windows\\System32\\windows.storage.dll+16e1c4|C:\\windows\\System32\\windows.storage.dll+16de05|C:\\windows\\System32\\windows.storage.dll+16dce5|C:\\windows\\System32\\shcore.dll+31636|C:\\windows\\SYSTEM32\\ntdll.dll+2f655|C:\\windows\\SYSTEM32\\ntdll.dll+345b4|C:\\windows\\System32\\KERNEL32.DLL+17c24|C:\\windows\\SYSTEM32\\ntdll.dll+6cea1","UtcTime":"2020-10-18 23:50:07.338","TargetProcessGUID":"{39e4a257-f1cd-5f8b-c400-000000000700}","RuleName":"-","TargetImage":"C:\\Windows\\System32\\WindowsPowerShell\\v1.0\\powershell.exe","SourceProcessGUID":"{39e4a257-f1b3-5f8b-a700-000000000700}","ProcessGuid":null,"Image":null,"Details":null,"EventType":null,"TargetObject":null,"TargetFilename":null,"CreationUtcTime":null,"SignatureStatus":null,"Signature":null,"Product":null,"Hashes":null,"ImageLoaded":null,"FileVersion":null,"Description":null,"Company":null,"Signed":null,"OriginalFileName":null}
