-{"SubjectUserName":null,"TimeCreated":"2020-10-18 07:50:00.009","SubjectLogonId":null,"ResourceAttributes":null,"SubjectDomainName":null,"PrivilegeList":null,"ObjectServer":null,"ObjectType":null,"SubjectUserSid":null,"EventID":10,"Channel":"Microsoft-Windows-Sysmon\/Operational","Task":"10","ObjectName":null,"AccessMask":null,"Message":"Process accessed:\r\nRuleName: -\r\nUtcTime: 2020-10-18 23:50:00.007\r\nSourceProcessGUID: {39e4a257-f132-5f8b-1200-000000000700}\r\nSourceProcessId: 404\r\nSourceThreadId: 472\r\nSourceImage: C:\\windows\\system32\\svchost.exe\r\nTargetProcessGUID: {39e4a257-f137-5f8b-4c00-000000000700}\r\nTargetProcessId: 3172\r\nTargetImage: C:\\windows\\System32\\svchost.exe\r\nGrantedAccess: 0x1000\r\nCallTrace: C:\\windows\\SYSTEM32\\ntdll.dll+9c584|C:\\windows\\System32\\KERNELBASE.dll+6af15|c:\\windows\\system32\\lsm.dll+106fe|C:\\windows\\System32\\RPCRT4.dll+76a63|C:\\windows\\System32\\RPCRT4.dll+da036|C:\\windows\\System32\\RPCRT4.dll+37b7c|C:\\windows\\System32\\RPCRT4.dll+549f8|C:\\windows\\System32\\RPCRT4.dll+2c9b1|C:\\windows\\System32\\RPCRT4.dll+2c26b|C:\\windows\\System32\\RPCRT4.dll+1a8cf|C:\\windows\\System32\\RPCRT4.dll+19d7a|C:\\windows\\System32\\RPCRT4.dll+19361|C:\\windows\\System32\\RPCRT4.dll+18dce|C:\\windows\\System32\\RPCRT4.dll+16a05|C:\\windows\\SYSTEM32\\ntdll.dll+333ed|C:\\windows\\SYSTEM32\\ntdll.dll+34142|C:\\windows\\System32\\KERNEL32.DLL+17c24|C:\\windows\\SYSTEM32\\ntdll.dll+6cea1","Hostname":"WORKSTATION5","ProcessName":null,"ProcessId":null,"AccessReason":null,"RestrictedSidCount":null,"AccessList":null,"SourceName":"Microsoft-Windows-Sysmon","HandleId":null,"TransactionId":null,"Status":null,"TargetProcessId":"3172","SourceHandleId":null,"TargetHandleId":null,"SourceProcessId":"404","CommandLine":null,"NewProcessId":null,"TargetLogonId":null,"TokenElevationType":null,"NewProcessName":null,"MandatoryLabel":null,"ParentProcessName":null,"TargetUserSid":null,"TargetDomainName":null,"TargetUserName":null,"RemoteMachineID":null,"LayerRTID":null,"Direction":null,"DestAddress":null,"RemoteUserID":null,"SourcePort":null,"LayerName":null,"SourceAddress":null,"Protocol":null,"ProcessID":null,"DestPort":null,"FilterRTID":null,"Application":null,"SourceImage":"C:\\windows\\system32\\svchost.exe","GrantedAccess":"0x1000","SourceThreadId":"472","CallTrace":"C:\\windows\\SYSTEM32\\ntdll.dll+9c584|C:\\windows\\System32\\KERNELBASE.dll+6af15|c:\\windows\\system32\\lsm.dll+106fe|C:\\windows\\System32\\RPCRT4.dll+76a63|C:\\windows\\System32\\RPCRT4.dll+da036|C:\\windows\\System32\\RPCRT4.dll+37b7c|C:\\windows\\System32\\RPCRT4.dll+549f8|C:\\windows\\System32\\RPCRT4.dll+2c9b1|C:\\windows\\System32\\RPCRT4.dll+2c26b|C:\\windows\\System32\\RPCRT4.dll+1a8cf|C:\\windows\\System32\\RPCRT4.dll+19d7a|C:\\windows\\System32\\RPCRT4.dll+19361|C:\\windows\\System32\\RPCRT4.dll+18dce|C:\\windows\\System32\\RPCRT4.dll+16a05|C:\\windows\\SYSTEM32\\ntdll.dll+333ed|C:\\windows\\SYSTEM32\\ntdll.dll+34142|C:\\windows\\System32\\KERNEL32.DLL+17c24|C:\\windows\\SYSTEM32\\ntdll.dll+6cea1","UtcTime":"2020-10-18 23:50:00.007","TargetProcessGUID":"{39e4a257-f137-5f8b-4c00-000000000700}","RuleName":"-","TargetImage":"C:\\windows\\System32\\svchost.exe","SourceProcessGUID":"{39e4a257-f132-5f8b-1200-000000000700}","ProcessGuid":null,"Image":null,"Details":null,"EventType":null,"TargetObject":null,"TargetFilename":null,"CreationUtcTime":null,"SignatureStatus":null,"Signature":null,"Product":null,"Hashes":null,"ImageLoaded":null,"FileVersion":null,"Description":null,"Company":null,"Signed":null,"OriginalFileName":null}
-{"SubjectUserName":null,"TimeCreated":"2020-10-18 07:50:00.008","SubjectLogonId":null,"ResourceAttributes":null,"SubjectDomainName":null,"PrivilegeList":null,"ObjectServer":null,"ObjectType":null,"SubjectUserSid":null,"EventID":10,"Channel":"Microsoft-Windows-Sysmon\/Operational","Task":"10","ObjectName":null,"AccessMask":null,"Message":"Process accessed:\r\nRuleName: -\r\nUtcTime: 2020-10-18 23:50:00.007\r\nSourceProcessGUID: {39e4a257-f132-5f8b-1200-000000000700}\r\nSourceProcessId: 404\r\nSourceThreadId: 472\r\nSourceImage: C:\\windows\\system32\\svchost.exe\r\nTargetProcessGUID: {39e4a257-f137-5f8b-4c00-000000000700}\r\nTargetProcessId: 3172\r\nTargetImage: C:\\windows\\System32\\svchost.exe\r\nGrantedAccess: 0x1000\r\nCallTrace: C:\\windows\\SYSTEM32\\ntdll.dll+9c584|C:\\windows\\System32\\KERNELBASE.dll+6af15|c:\\windows\\system32\\lsm.dll+108a0|C:\\windows\\System32\\RPCRT4.dll+76a63|C:\\windows\\System32\\RPCRT4.dll+da036|C:\\windows\\System32\\RPCRT4.dll+37b7c|C:\\windows\\System32\\RPCRT4.dll+549f8|C:\\windows\\System32\\RPCRT4.dll+2c9b1|C:\\windows\\System32\\RPCRT4.dll+2c26b|C:\\windows\\System32\\RPCRT4.dll+1a8cf|C:\\windows\\System32\\RPCRT4.dll+19d7a|C:\\windows\\System32\\RPCRT4.dll+19361|C:\\windows\\System32\\RPCRT4.dll+18dce|C:\\windows\\System32\\RPCRT4.dll+16a05|C:\\windows\\SYSTEM32\\ntdll.dll+333ed|C:\\windows\\SYSTEM32\\ntdll.dll+34142|C:\\windows\\System32\\KERNEL32.DLL+17c24|C:\\windows\\SYSTEM32\\ntdll.dll+6cea1","Hostname":"WORKSTATION5","ProcessName":null,"ProcessId":null,"AccessReason":null,"RestrictedSidCount":null,"AccessList":null,"SourceName":"Microsoft-Windows-Sysmon","HandleId":null,"TransactionId":null,"Status":null,"TargetProcessId":"3172","SourceHandleId":null,"TargetHandleId":null,"SourceProcessId":"404","CommandLine":null,"NewProcessId":null,"TargetLogonId":null,"TokenElevationType":null,"NewProcessName":null,"MandatoryLabel":null,"ParentProcessName":null,"TargetUserSid":null,"TargetDomainName":null,"TargetUserName":null,"RemoteMachineID":null,"LayerRTID":null,"Direction":null,"DestAddress":null,"RemoteUserID":null,"SourcePort":null,"LayerName":null,"SourceAddress":null,"Protocol":null,"ProcessID":null,"DestPort":null,"FilterRTID":null,"Application":null,"SourceImage":"C:\\windows\\system32\\svchost.exe","GrantedAccess":"0x1000","SourceThreadId":"472","CallTrace":"C:\\windows\\SYSTEM32\\ntdll.dll+9c584|C:\\windows\\System32\\KERNELBASE.dll+6af15|c:\\windows\\system32\\lsm.dll+108a0|C:\\windows\\System32\\RPCRT4.dll+76a63|C:\\windows\\System32\\RPCRT4.dll+da036|C:\\windows\\System32\\RPCRT4.dll+37b7c|C:\\windows\\System32\\RPCRT4.dll+549f8|C:\\windows\\System32\\RPCRT4.dll+2c9b1|C:\\windows\\System32\\RPCRT4.dll+2c26b|C:\\windows\\System32\\RPCRT4.dll+1a8cf|C:\\windows\\System32\\RPCRT4.dll+19d7a|C:\\windows\\System32\\RPCRT4.dll+19361|C:\\windows\\System32\\RPCRT4.dll+18dce|C:\\windows\\System32\\RPCRT4.dll+16a05|C:\\windows\\SYSTEM32\\ntdll.dll+333ed|C:\\windows\\SYSTEM32\\ntdll.dll+34142|C:\\windows\\System32\\KERNEL32.DLL+17c24|C:\\windows\\SYSTEM32\\ntdll.dll+6cea1","UtcTime":"2020-10-18 23:50:00.007","TargetProcessGUID":"{39e4a257-f137-5f8b-4c00-000000000700}","RuleName":"-","TargetImage":"C:\\windows\\System32\\svchost.exe","SourceProcessGUID":"{39e4a257-f132-5f8b-1200-000000000700}","ProcessGuid":null,"Image":null,"Details":null,"EventType":null,"TargetObject":null,"TargetFilename":null,"CreationUtcTime":null,"SignatureStatus":null,"Signature":null,"Product":null,"Hashes":null,"ImageLoaded":null,"FileVersion":null,"Description":null,"Company":null,"Signed":null,"OriginalFileName":null}
-{"SubjectUserName":null,"TimeCreated":"2020-10-18 07:50:00.008","SubjectLogonId":null,"ResourceAttributes":null,"SubjectDomainName":null,"PrivilegeList":null,"ObjectServer":null,"ObjectType":null,"SubjectUserSid":null,"EventID":10,"Channel":"Microsoft-Windows-Sysmon\/Operational","Task":"10","ObjectName":null,"AccessMask":null,"Message":"Process accessed:\r\nRuleName: -\r\nUtcTime: 2020-10-18 23:50:00.007\r\nSourceProcessGUID: {39e4a257-f132-5f8b-1200-000000000700}\r\nSourceProcessId: 404\r\nSourceThreadId: 472\r\nSourceImage: C:\\windows\\system32\\svchost.exe\r\nTargetProcessGUID: {39e4a257-f137-5f8b-4c00-000000000700}\r\nTargetProcessId: 3172\r\nTargetImage: C:\\windows\\System32\\svchost.exe\r\nGrantedAccess: 0x1000\r\nCallTrace: C:\\windows\\SYSTEM32\\ntdll.dll+9c584|C:\\windows\\System32\\KERNELBASE.dll+6af15|c:\\windows\\system32\\lsm.dll+10225|C:\\windows\\System32\\RPCRT4.dll+76a63|C:\\windows\\System32\\RPCRT4.dll+da036|C:\\windows\\System32\\RPCRT4.dll+37b7c|C:\\windows\\System32\\RPCRT4.dll+549f8|C:\\windows\\System32\\RPCRT4.dll+2c9b1|C:\\windows\\System32\\RPCRT4.dll+2c26b|C:\\windows\\System32\\RPCRT4.dll+1a8cf|C:\\windows\\System32\\RPCRT4.dll+19d7a|C:\\windows\\System32\\RPCRT4.dll+19361|C:\\windows\\System32\\RPCRT4.dll+18dce|C:\\windows\\System32\\RPCRT4.dll+16a05|C:\\windows\\SYSTEM32\\ntdll.dll+333ed|C:\\windows\\SYSTEM32\\ntdll.dll+34142|C:\\windows\\System32\\KERNEL32.DLL+17c24|C:\\windows\\SYSTEM32\\ntdll.dll+6cea1","Hostname":"WORKSTATION5","ProcessName":null,"ProcessId":null,"AccessReason":null,"RestrictedSidCount":null,"AccessList":null,"SourceName":"Microsoft-Windows-Sysmon","HandleId":null,"TransactionId":null,"Status":null,"TargetProcessId":"3172","SourceHandleId":null,"TargetHandleId":null,"SourceProcessId":"404","CommandLine":null,"NewProcessId":null,"TargetLogonId":null,"TokenElevationType":null,"NewProcessName":null,"MandatoryLabel":null,"ParentProcessName":null,"TargetUserSid":null,"TargetDomainName":null,"TargetUserName":null,"RemoteMachineID":null,"LayerRTID":null,"Direction":null,"DestAddress":null,"RemoteUserID":null,"SourcePort":null,"LayerName":null,"SourceAddress":null,"Protocol":null,"ProcessID":null,"DestPort":null,"FilterRTID":null,"Application":null,"SourceImage":"C:\\windows\\system32\\svchost.exe","GrantedAccess":"0x1000","SourceThreadId":"472","CallTrace":"C:\\windows\\SYSTEM32\\ntdll.dll+9c584|C:\\windows\\System32\\KERNELBASE.dll+6af15|c:\\windows\\system32\\lsm.dll+10225|C:\\windows\\System32\\RPCRT4.dll+76a63|C:\\windows\\System32\\RPCRT4.dll+da036|C:\\windows\\System32\\RPCRT4.dll+37b7c|C:\\windows\\System32\\RPCRT4.dll+549f8|C:\\windows\\System32\\RPCRT4.dll+2c9b1|C:\\windows\\System32\\RPCRT4.dll+2c26b|C:\\windows\\System32\\RPCRT4.dll+1a8cf|C:\\windows\\System32\\RPCRT4.dll+19d7a|C:\\windows\\System32\\RPCRT4.dll+19361|C:\\windows\\System32\\RPCRT4.dll+18dce|C:\\windows\\System32\\RPCRT4.dll+16a05|C:\\windows\\SYSTEM32\\ntdll.dll+333ed|C:\\windows\\SYSTEM32\\ntdll.dll+34142|C:\\windows\\System32\\KERNEL32.DLL+17c24|C:\\windows\\SYSTEM32\\ntdll.dll+6cea1","UtcTime":"2020-10-18 23:50:00.007","TargetProcessGUID":"{39e4a257-f137-5f8b-4c00-000000000700}","RuleName":"-","TargetImage":"C:\\windows\\System32\\svchost.exe","SourceProcessGUID":"{39e4a257-f132-5f8b-1200-000000000700}","ProcessGuid":null,"Image":null,"Details":null,"EventType":null,"TargetObject":null,"TargetFilename":null,"CreationUtcTime":null,"SignatureStatus":null,"Signature":null,"Product":null,"Hashes":null,"ImageLoaded":null,"FileVersion":null,"Description":null,"Company":null,"Signed":null,"OriginalFileName":null}
-{"SubjectUserName":null,"TimeCreated":"2020-10-18 07:49:48.039","SubjectLogonId":null,"ResourceAttributes":null,"SubjectDomainName":null,"PrivilegeList":null,"ObjectServer":null,"ObjectType":null,"SubjectUserSid":null,"EventID":5,"Channel":"Microsoft-Windows-Sysmon\/Operational","Task":"5","ObjectName":null,"AccessMask":null,"Message":"Process terminated:\r\nRuleName: -\r\nUtcTime: 2020-10-18 23:49:48.025\r\nProcessGuid: {39e4a257-d422-5f8c-2803-000000000700}\r\nProcessId: 2464\r\nImage: C:\\Windows\\System32\\SearchFilterHost.exe","Hostname":"WORKSTATION5","ProcessName":null,"ProcessId":"2464","AccessReason":null,"RestrictedSidCount":null,"AccessList":null,"SourceName":"Microsoft-Windows-Sysmon","HandleId":null,"TransactionId":null,"Status":null,"TargetProcessId":null,"SourceHandleId":null,"TargetHandleId":null,"SourceProcessId":null,"CommandLine":null,"NewProcessId":null,"TargetLogonId":null,"TokenElevationType":null,"NewProcessName":null,"MandatoryLabel":null,"ParentProcessName":null,"TargetUserSid":null,"TargetDomainName":null,"TargetUserName":null,"RemoteMachineID":null,"LayerRTID":null,"Direction":null,"DestAddress":null,"RemoteUserID":null,"SourcePort":null,"LayerName":null,"SourceAddress":null,"Protocol":null,"ProcessID":null,"DestPort":null,"FilterRTID":null,"Application":null,"SourceImage":null,"GrantedAccess":null,"SourceThreadId":null,"CallTrace":null,"UtcTime":"2020-10-18 23:49:48.025","TargetProcessGUID":null,"RuleName":"-","TargetImage":null,"SourceProcessGUID":null,"ProcessGuid":"{39e4a257-d422-5f8c-2803-000000000700}","Image":"C:\\Windows\\System32\\SearchFilterHost.exe","Details":null,"EventType":null,"TargetObject":null,"TargetFilename":null,"CreationUtcTime":null,"SignatureStatus":null,"Signature":null,"Product":null,"Hashes":null,"ImageLoaded":null,"FileVersion":null,"Description":null,"Company":null,"Signed":null,"OriginalFileName":null}
-{"SubjectUserName":null,"TimeCreated":"2020-10-18 07:49:48.033","SubjectLogonId":null,"ResourceAttributes":null,"SubjectDomainName":null,"PrivilegeList":null,"ObjectServer":null,"ObjectType":null,"SubjectUserSid":null,"EventID":5,"Channel":"Microsoft-Windows-Sysmon\/Operational","Task":"5","ObjectName":null,"AccessMask":null,"Message":"Process terminated:\r\nRuleName: -\r\nUtcTime: 2020-10-18 23:49:48.025\r\nProcessGuid: {39e4a257-d422-5f8c-2703-000000000700}\r\nProcessId: 4492\r\nImage: C:\\Windows\\System32\\SearchProtocolHost.exe","Hostname":"WORKSTATION5","ProcessName":null,"ProcessId":"4492","AccessReason":null,"RestrictedSidCount":null,"AccessList":null,"SourceName":"Microsoft-Windows-Sysmon","HandleId":null,"TransactionId":null,"Status":null,"TargetProcessId":null,"SourceHandleId":null,"TargetHandleId":null,"SourceProcessId":null,"CommandLine":null,"NewProcessId":null,"TargetLogonId":null,"TokenElevationType":null,"NewProcessName":null,"MandatoryLabel":null,"ParentProcessName":null,"TargetUserSid":null,"TargetDomainName":null,"TargetUserName":null,"RemoteMachineID":null,"LayerRTID":null,"Direction":null,"DestAddress":null,"RemoteUserID":null,"SourcePort":null,"LayerName":null,"SourceAddress":null,"Protocol":null,"ProcessID":null,"DestPort":null,"FilterRTID":null,"Application":null,"SourceImage":null,"GrantedAccess":null,"SourceThreadId":null,"CallTrace":null,"UtcTime":"2020-10-18 23:49:48.025","TargetProcessGUID":null,"RuleName":"-","TargetImage":null,"SourceProcessGUID":null,"ProcessGuid":"{39e4a257-d422-5f8c-2703-000000000700}","Image":"C:\\Windows\\System32\\SearchProtocolHost.exe","Details":null,"EventType":null,"TargetObject":null,"TargetFilename":null,"CreationUtcTime":null,"SignatureStatus":null,"Signature":null,"Product":null,"Hashes":null,"ImageLoaded":null,"FileVersion":null,"Description":null,"Company":null,"Signed":null,"OriginalFileName":null}
-{"SubjectUserName":null,"TimeCreated":"2020-10-18 07:49:48.031","SubjectLogonId":null,"ResourceAttributes":null,"SubjectDomainName":null,"PrivilegeList":null,"ObjectServer":null,"ObjectType":null,"SubjectUserSid":null,"EventID":13,"Channel":"Microsoft-Windows-Sysmon\/Operational","Task":"13","ObjectName":null,"AccessMask":null,"Message":"Registry value set:\r\nRuleName: -\r\nEventType: SetValue\r\nUtcTime: 2020-10-18 23:49:48.025\r\nProcessGuid: {39e4a257-d422-5f8c-2703-000000000700}\r\nProcessId: 4492\r\nImage: C:\\windows\\system32\\SearchProtocolHost.exe\r\nTargetObject: HKLM\\SOFTWARE\\Microsoft\\Windows NT\\CurrentVersion\\Notifications\\Data\\418A073AA3BC3475\r\nDetails: Binary Data","Hostname":"WORKSTATION5","ProcessName":null,"ProcessId":"4492","AccessReason":null,"RestrictedSidCount":null,"AccessList":null,"SourceName":"Microsoft-Windows-Sysmon","HandleId":null,"TransactionId":null,"Status":null,"TargetProcessId":null,"SourceHandleId":null,"TargetHandleId":null,"SourceProcessId":null,"CommandLine":null,"NewProcessId":null,"TargetLogonId":null,"TokenElevationType":null,"NewProcessName":null,"MandatoryLabel":null,"ParentProcessName":null,"TargetUserSid":null,"TargetDomainName":null,"TargetUserName":null,"RemoteMachineID":null,"LayerRTID":null,"Direction":null,"DestAddress":null,"RemoteUserID":null,"SourcePort":null,"LayerName":null,"SourceAddress":null,"Protocol":null,"ProcessID":null,"DestPort":null,"FilterRTID":null,"Application":null,"SourceImage":null,"GrantedAccess":null,"SourceThreadId":null,"CallTrace":null,"UtcTime":"2020-10-18 23:49:48.025","TargetProcessGUID":null,"RuleName":"-","TargetImage":null,"SourceProcessGUID":null,"ProcessGuid":"{39e4a257-d422-5f8c-2703-000000000700}","Image":"C:\\windows\\system32\\SearchProtocolHost.exe","Details":"Binary Data","EventType":"SetValue","TargetObject":"HKLM\\SOFTWARE\\Microsoft\\Windows NT\\CurrentVersion\\Notifications\\Data\\418A073AA3BC3475","TargetFilename":null,"CreationUtcTime":null,"SignatureStatus":null,"Signature":null,"Product":null,"Hashes":null,"ImageLoaded":null,"FileVersion":null,"Description":null,"Company":null,"Signed":null,"OriginalFileName":null}
-{"SubjectUserName":null,"TimeCreated":"2020-10-18 07:49:40.857","SubjectLogonId":null,"ResourceAttributes":null,"SubjectDomainName":null,"PrivilegeList":null,"ObjectServer":null,"ObjectType":null,"SubjectUserSid":null,"EventID":10,"Channel":"Microsoft-Windows-Sysmon\/Operational","Task":"10","ObjectName":null,"AccessMask":null,"Message":"Process accessed:\r\nRuleName: -\r\nUtcTime: 2020-10-18 23:49:40.854\r\nSourceProcessGUID: {39e4a257-f132-5f8b-1200-000000000700}\r\nSourceProcessId: 404\r\nSourceThreadId: 472\r\nSourceImage: C:\\windows\\system32\\svchost.exe\r\nTargetProcessGUID: {39e4a257-f137-5f8b-4c00-000000000700}\r\nTargetProcessId: 3172\r\nTargetImage: C:\\windows\\System32\\svchost.exe\r\nGrantedAccess: 0x1000\r\nCallTrace: C:\\windows\\SYSTEM32\\ntdll.dll+9c584|C:\\windows\\System32\\KERNELBASE.dll+6af15|c:\\windows\\system32\\lsm.dll+106fe|C:\\windows\\System32\\RPCRT4.dll+76a63|C:\\windows\\System32\\RPCRT4.dll+da036|C:\\windows\\System32\\RPCRT4.dll+37b7c|C:\\windows\\System32\\RPCRT4.dll+549f8|C:\\windows\\System32\\RPCRT4.dll+2c9b1|C:\\windows\\System32\\RPCRT4.dll+2c26b|C:\\windows\\System32\\RPCRT4.dll+1a8cf|C:\\windows\\System32\\RPCRT4.dll+19d7a|C:\\windows\\System32\\RPCRT4.dll+19361|C:\\windows\\System32\\RPCRT4.dll+18dce|C:\\windows\\System32\\RPCRT4.dll+16a05|C:\\windows\\SYSTEM32\\ntdll.dll+333ed|C:\\windows\\SYSTEM32\\ntdll.dll+34142|C:\\windows\\System32\\KERNEL32.DLL+17c24|C:\\windows\\SYSTEM32\\ntdll.dll+6cea1","Hostname":"WORKSTATION5","ProcessName":null,"ProcessId":null,"AccessReason":null,"RestrictedSidCount":null,"AccessList":null,"SourceName":"Microsoft-Windows-Sysmon","HandleId":null,"TransactionId":null,"Status":null,"TargetProcessId":"3172","SourceHandleId":null,"TargetHandleId":null,"SourceProcessId":"404","CommandLine":null,"NewProcessId":null,"TargetLogonId":null,"TokenElevationType":null,"NewProcessName":null,"MandatoryLabel":null,"ParentProcessName":null,"TargetUserSid":null,"TargetDomainName":null,"TargetUserName":null,"RemoteMachineID":null,"LayerRTID":null,"Direction":null,"DestAddress":null,"RemoteUserID":null,"SourcePort":null,"LayerName":null,"SourceAddress":null,"Protocol":null,"ProcessID":null,"DestPort":null,"FilterRTID":null,"Application":null,"SourceImage":"C:\\windows\\system32\\svchost.exe","GrantedAccess":"0x1000","SourceThreadId":"472","CallTrace":"C:\\windows\\SYSTEM32\\ntdll.dll+9c584|C:\\windows\\System32\\KERNELBASE.dll+6af15|c:\\windows\\system32\\lsm.dll+106fe|C:\\windows\\System32\\RPCRT4.dll+76a63|C:\\windows\\System32\\RPCRT4.dll+da036|C:\\windows\\System32\\RPCRT4.dll+37b7c|C:\\windows\\System32\\RPCRT4.dll+549f8|C:\\windows\\System32\\RPCRT4.dll+2c9b1|C:\\windows\\System32\\RPCRT4.dll+2c26b|C:\\windows\\System32\\RPCRT4.dll+1a8cf|C:\\windows\\System32\\RPCRT4.dll+19d7a|C:\\windows\\System32\\RPCRT4.dll+19361|C:\\windows\\System32\\RPCRT4.dll+18dce|C:\\windows\\System32\\RPCRT4.dll+16a05|C:\\windows\\SYSTEM32\\ntdll.dll+333ed|C:\\windows\\SYSTEM32\\ntdll.dll+34142|C:\\windows\\System32\\KERNEL32.DLL+17c24|C:\\windows\\SYSTEM32\\ntdll.dll+6cea1","UtcTime":"2020-10-18 23:49:40.854","TargetProcessGUID":"{39e4a257-f137-5f8b-4c00-000000000700}","RuleName":"-","TargetImage":"C:\\windows\\System32\\svchost.exe","SourceProcessGUID":"{39e4a257-f132-5f8b-1200-000000000700}","ProcessGuid":null,"Image":null,"Details":null,"EventType":null,"TargetObject":null,"TargetFilename":null,"CreationUtcTime":null,"SignatureStatus":null,"Signature":null,"Product":null,"Hashes":null,"ImageLoaded":null,"FileVersion":null,"Description":null,"Company":null,"Signed":null,"OriginalFileName":null}
-{"SubjectUserName":null,"TimeCreated":"2020-10-18 07:49:40.857","SubjectLogonId":null,"ResourceAttributes":null,"SubjectDomainName":null,"PrivilegeList":null,"ObjectServer":null,"ObjectType":null,"SubjectUserSid":null,"EventID":10,"Channel":"Microsoft-Windows-Sysmon\/Operational","Task":"10","ObjectName":null,"AccessMask":null,"Message":"Process accessed:\r\nRuleName: -\r\nUtcTime: 2020-10-18 23:49:40.854\r\nSourceProcessGUID: {39e4a257-f132-5f8b-1200-000000000700}\r\nSourceProcessId: 404\r\nSourceThreadId: 472\r\nSourceImage: C:\\windows\\system32\\svchost.exe\r\nTargetProcessGUID: {39e4a257-f137-5f8b-4c00-000000000700}\r\nTargetProcessId: 3172\r\nTargetImage: C:\\windows\\System32\\svchost.exe\r\nGrantedAccess: 0x1000\r\nCallTrace: C:\\windows\\SYSTEM32\\ntdll.dll+9c584|C:\\windows\\System32\\KERNELBASE.dll+6af15|c:\\windows\\system32\\lsm.dll+108a0|C:\\windows\\System32\\RPCRT4.dll+76a63|C:\\windows\\System32\\RPCRT4.dll+da036|C:\\windows\\System32\\RPCRT4.dll+37b7c|C:\\windows\\System32\\RPCRT4.dll+549f8|C:\\windows\\System32\\RPCRT4.dll+2c9b1|C:\\windows\\System32\\RPCRT4.dll+2c26b|C:\\windows\\System32\\RPCRT4.dll+1a8cf|C:\\windows\\System32\\RPCRT4.dll+19d7a|C:\\windows\\System32\\RPCRT4.dll+19361|C:\\windows\\System32\\RPCRT4.dll+18dce|C:\\windows\\System32\\RPCRT4.dll+16a05|C:\\windows\\SYSTEM32\\ntdll.dll+333ed|C:\\windows\\SYSTEM32\\ntdll.dll+34142|C:\\windows\\System32\\KERNEL32.DLL+17c24|C:\\windows\\SYSTEM32\\ntdll.dll+6cea1","Hostname":"WORKSTATION5","ProcessName":null,"ProcessId":null,"AccessReason":null,"RestrictedSidCount":null,"AccessList":null,"SourceName":"Microsoft-Windows-Sysmon","HandleId":null,"TransactionId":null,"Status":null,"TargetProcessId":"3172","SourceHandleId":null,"TargetHandleId":null,"SourceProcessId":"404","CommandLine":null,"NewProcessId":null,"TargetLogonId":null,"TokenElevationType":null,"NewProcessName":null,"MandatoryLabel":null,"ParentProcessName":null,"TargetUserSid":null,"TargetDomainName":null,"TargetUserName":null,"RemoteMachineID":null,"LayerRTID":null,"Direction":null,"DestAddress":null,"RemoteUserID":null,"SourcePort":null,"LayerName":null,"SourceAddress":null,"Protocol":null,"ProcessID":null,"DestPort":null,"FilterRTID":null,"Application":null,"SourceImage":"C:\\windows\\system32\\svchost.exe","GrantedAccess":"0x1000","SourceThreadId":"472","CallTrace":"C:\\windows\\SYSTEM32\\ntdll.dll+9c584|C:\\windows\\System32\\KERNELBASE.dll+6af15|c:\\windows\\system32\\lsm.dll+108a0|C:\\windows\\System32\\RPCRT4.dll+76a63|C:\\windows\\System32\\RPCRT4.dll+da036|C:\\windows\\System32\\RPCRT4.dll+37b7c|C:\\windows\\System32\\RPCRT4.dll+549f8|C:\\windows\\System32\\RPCRT4.dll+2c9b1|C:\\windows\\System32\\RPCRT4.dll+2c26b|C:\\windows\\System32\\RPCRT4.dll+1a8cf|C:\\windows\\System32\\RPCRT4.dll+19d7a|C:\\windows\\System32\\RPCRT4.dll+19361|C:\\windows\\System32\\RPCRT4.dll+18dce|C:\\windows\\System32\\RPCRT4.dll+16a05|C:\\windows\\SYSTEM32\\ntdll.dll+333ed|C:\\windows\\SYSTEM32\\ntdll.dll+34142|C:\\windows\\System32\\KERNEL32.DLL+17c24|C:\\windows\\SYSTEM32\\ntdll.dll+6cea1","UtcTime":"2020-10-18 23:49:40.854","TargetProcessGUID":"{39e4a257-f137-5f8b-4c00-000000000700}","RuleName":"-","TargetImage":"C:\\windows\\System32\\svchost.exe","SourceProcessGUID":"{39e4a257-f132-5f8b-1200-000000000700}","ProcessGuid":null,"Image":null,"Details":null,"EventType":null,"TargetObject":null,"TargetFilename":null,"CreationUtcTime":null,"SignatureStatus":null,"Signature":null,"Product":null,"Hashes":null,"ImageLoaded":null,"FileVersion":null,"Description":null,"Company":null,"Signed":null,"OriginalFileName":null}
-{"SubjectUserName":null,"TimeCreated":"2020-10-18 07:49:40.856","SubjectLogonId":null,"ResourceAttributes":null,"SubjectDomainName":null,"PrivilegeList":null,"ObjectServer":null,"ObjectType":null,"SubjectUserSid":null,"EventID":10,"Channel":"Microsoft-Windows-Sysmon\/Operational","Task":"10","ObjectName":null,"AccessMask":null,"Message":"Process accessed:\r\nRuleName: -\r\nUtcTime: 2020-10-18 23:49:40.854\r\nSourceProcessGUID: {39e4a257-f132-5f8b-1200-000000000700}\r\nSourceProcessId: 404\r\nSourceThreadId: 472\r\nSourceImage: C:\\windows\\system32\\svchost.exe\r\nTargetProcessGUID: {39e4a257-f137-5f8b-4c00-000000000700}\r\nTargetProcessId: 3172\r\nTargetImage: C:\\windows\\System32\\svchost.exe\r\nGrantedAccess: 0x1000\r\nCallTrace: C:\\windows\\SYSTEM32\\ntdll.dll+9c584|C:\\windows\\System32\\KERNELBASE.dll+6af15|c:\\windows\\system32\\lsm.dll+10225|C:\\windows\\System32\\RPCRT4.dll+76a63|C:\\windows\\System32\\RPCRT4.dll+da036|C:\\windows\\System32\\RPCRT4.dll+37b7c|C:\\windows\\System32\\RPCRT4.dll+549f8|C:\\windows\\System32\\RPCRT4.dll+2c9b1|C:\\windows\\System32\\RPCRT4.dll+2c26b|C:\\windows\\System32\\RPCRT4.dll+1a8cf|C:\\windows\\System32\\RPCRT4.dll+19d7a|C:\\windows\\System32\\RPCRT4.dll+19361|C:\\windows\\System32\\RPCRT4.dll+18dce|C:\\windows\\System32\\RPCRT4.dll+16a05|C:\\windows\\SYSTEM32\\ntdll.dll+333ed|C:\\windows\\SYSTEM32\\ntdll.dll+34142|C:\\windows\\System32\\KERNEL32.DLL+17c24|C:\\windows\\SYSTEM32\\ntdll.dll+6cea1","Hostname":"WORKSTATION5","ProcessName":null,"ProcessId":null,"AccessReason":null,"RestrictedSidCount":null,"AccessList":null,"SourceName":"Microsoft-Windows-Sysmon","HandleId":null,"TransactionId":null,"Status":null,"TargetProcessId":"3172","SourceHandleId":null,"TargetHandleId":null,"SourceProcessId":"404","CommandLine":null,"NewProcessId":null,"TargetLogonId":null,"TokenElevationType":null,"NewProcessName":null,"MandatoryLabel":null,"ParentProcessName":null,"TargetUserSid":null,"TargetDomainName":null,"TargetUserName":null,"RemoteMachineID":null,"LayerRTID":null,"Direction":null,"DestAddress":null,"RemoteUserID":null,"SourcePort":null,"LayerName":null,"SourceAddress":null,"Protocol":null,"ProcessID":null,"DestPort":null,"FilterRTID":null,"Application":null,"SourceImage":"C:\\windows\\system32\\svchost.exe","GrantedAccess":"0x1000","SourceThreadId":"472","CallTrace":"C:\\windows\\SYSTEM32\\ntdll.dll+9c584|C:\\windows\\System32\\KERNELBASE.dll+6af15|c:\\windows\\system32\\lsm.dll+10225|C:\\windows\\System32\\RPCRT4.dll+76a63|C:\\windows\\System32\\RPCRT4.dll+da036|C:\\windows\\System32\\RPCRT4.dll+37b7c|C:\\windows\\System32\\RPCRT4.dll+549f8|C:\\windows\\System32\\RPCRT4.dll+2c9b1|C:\\windows\\System32\\RPCRT4.dll+2c26b|C:\\windows\\System32\\RPCRT4.dll+1a8cf|C:\\windows\\System32\\RPCRT4.dll+19d7a|C:\\windows\\System32\\RPCRT4.dll+19361|C:\\windows\\System32\\RPCRT4.dll+18dce|C:\\windows\\System32\\RPCRT4.dll+16a05|C:\\windows\\SYSTEM32\\ntdll.dll+333ed|C:\\windows\\SYSTEM32\\ntdll.dll+34142|C:\\windows\\System32\\KERNEL32.DLL+17c24|C:\\windows\\SYSTEM32\\ntdll.dll+6cea1","UtcTime":"2020-10-18 23:49:40.854","TargetProcessGUID":"{39e4a257-f137-5f8b-4c00-000000000700}","RuleName":"-","TargetImage":"C:\\windows\\System32\\svchost.exe","SourceProcessGUID":"{39e4a257-f132-5f8b-1200-000000000700}","ProcessGuid":null,"Image":null,"Details":null,"EventType":null,"TargetObject":null,"TargetFilename":null,"CreationUtcTime":null,"SignatureStatus":null,"Signature":null,"Product":null,"Hashes":null,"ImageLoaded":null,"FileVersion":null,"Description":null,"Company":null,"Signed":null,"OriginalFileName":null}
+{"@timestamp":1692161618098,"EventID":3,"Channel":"Microsoft-Windows-Sysmon\/Operational","Computer":"192.168.1.41","Image":"UNKNOWN","ParentImage":"UNKNOWN","CommandLine":"UNKNOWN","DestinationIp":"239.255.255.250","DestinationPort":"1900","src_ip":"192.168.1.41","src_port":51788,"dst_ip":"239.255.255.250","dst_port":1900,"proto":"UDP","bytes":165,"QueryName":null}
+{"@timestamp":1692161620182,"EventID":22,"Channel":"Microsoft-Windows-Sysmon\/Operational","Computer":"192.168.1.41","Image":"UNKNOWN","ParentImage":"UNKNOWN","CommandLine":"UNKNOWN","DestinationIp":null,"DestinationPort":null,"src_ip":"192.168.1.41","src_port":52605,"dst_ip":"192.168.1.4","dst_port":53,"proto":"UDP","bytes":34,"QueryName":"dns.msftncsi.com"}
+{"@timestamp":1692161621117,"EventID":3,"Channel":"Microsoft-Windows-Sysmon\/Operational","Computer":"192.168.1.41","Image":"UNKNOWN","ParentImage":"UNKNOWN","CommandLine":"UNKNOWN","DestinationIp":"239.255.255.250","DestinationPort":"1900","src_ip":"192.168.1.41","src_port":51788,"dst_ip":"239.255.255.250","dst_port":1900,"proto":"UDP","bytes":165,"QueryName":null}
+{"@timestamp":1692161621566,"EventID":22,"Channel":"Microsoft-Windows-Sysmon\/Operational","Computer":"192.168.1.41","Image":"UNKNOWN","ParentImage":"UNKNOWN","CommandLine":"UNKNOWN","DestinationIp":null,"DestinationPort":null,"src_ip":"192.168.1.41","src_port":49556,"dst_ip":"192.168.1.4","dst_port":53,"proto":"UDP","bytes":44,"QueryName":"slscr.update.microsoft.com"}
+{"@timestamp":1692161622036,"EventID":3,"Channel":"Microsoft-Windows-Sysmon\/Operational","Computer":"192.168.1.4","Image":"UNKNOWN","ParentImage":"UNKNOWN","CommandLine":"UNKNOWN","DestinationIp":"192.168.1.41","DestinationPort":"52605","src_ip":"192.168.1.4","src_port":53,"dst_ip":"192.168.1.41","dst_port":52605,"proto":"UDP","bytes":62,"QueryName":null}
+{"@timestamp":1692161622740,"EventID":22,"Channel":"Microsoft-Windows-Sysmon\/Operational","Computer":"192.168.1.41","Image":"UNKNOWN","ParentImage":"UNKNOWN","CommandLine":"UNKNOWN","DestinationIp":null,"DestinationPort":null,"src_ip":"192.168.1.41","src_port":49556,"dst_ip":"192.168.1.4","dst_port":53,"proto":"UDP","bytes":44,"QueryName":"slscr.update.microsoft.com"}
+{"@timestamp":1692161623994,"EventID":22,"Channel":"Microsoft-Windows-Sysmon\/Operational","Computer":"192.168.1.41","Image":"UNKNOWN","ParentImage":"UNKNOWN","CommandLine":"UNKNOWN","DestinationIp":null,"DestinationPort":null,"src_ip":"192.168.1.41","src_port":49556,"dst_ip":"192.168.1.4","dst_port":53,"proto":"UDP","bytes":44,"QueryName":"slscr.update.microsoft.com"}
+{"@timestamp":1692161624194,"EventID":3,"Channel":"Microsoft-Windows-Sysmon\/Operational","Computer":"192.168.1.41","Image":"UNKNOWN","ParentImage":"UNKNOWN","CommandLine":"UNKNOWN","DestinationIp":"239.255.255.250","DestinationPort":"1900","src_ip":"192.168.1.41","src_port":51788,"dst_ip":"239.255.255.250","dst_port":1900,"proto":"UDP","bytes":165,"QueryName":null}
+{"@timestamp":1692161625999,"EventID":22,"Channel":"Microsoft-Windows-Sysmon\/Operational","Computer":"192.168.1.41","Image":"UNKNOWN","ParentImage":"UNKNOWN","CommandLine":"UNKNOWN","DestinationIp":null,"DestinationPort":null,"src_ip":"192.168.1.41","src_port":49556,"dst_ip":"192.168.1.4","dst_port":53,"proto":"UDP","bytes":44,"QueryName":"slscr.update.microsoft.com"}
+{"@timestamp":1692161627178,"EventID":22,"Channel":"Microsoft-Windows-Sysmon\/Operational","Computer":"192.168.1.41","Image":"UNKNOWN","ParentImage":"UNKNOWN","CommandLine":"UNKNOWN","DestinationIp":null,"DestinationPort":null,"src_ip":"192.168.1.41","src_port":63829,"dst_ip":"192.168.1.4","dst_port":53,"proto":"UDP","bytes":34,"QueryName":"dns.msftncsi.com"}
+{"@timestamp":1692161627316,"EventID":3,"Channel":"Microsoft-Windows-Sysmon\/Operational","Computer":"192.168.1.41","Image":"UNKNOWN","ParentImage":"UNKNOWN","CommandLine":"UNKNOWN","DestinationIp":"239.255.255.250","DestinationPort":"1900","src_ip":"192.168.1.41","src_port":51788,"dst_ip":"239.255.255.250","dst_port":1900,"proto":"UDP","bytes":165,"QueryName":null}
+{"@timestamp":1692161628144,"EventID":22,"Channel":"Microsoft-Windows-Sysmon\/Operational","Computer":"192.168.1.41","Image":"UNKNOWN","ParentImage":"UNKNOWN","CommandLine":"UNKNOWN","DestinationIp":null,"DestinationPort":null,"src_ip":"192.168.1.41","src_port":63829,"dst_ip":"192.168.1.4","dst_port":53,"proto":"UDP","bytes":34,"QueryName":"dns.msftncsi.com"}
+{"@timestamp":1692161629312,"EventID":3,"Channel":"Microsoft-Windows-Sysmon\/Operational","Computer":"192.168.1.4","Image":"UNKNOWN","ParentImage":"UNKNOWN","CommandLine":"UNKNOWN","DestinationIp":"192.168.1.41","DestinationPort":"49556","src_ip":"192.168.1.4","src_port":53,"dst_ip":"192.168.1.41","dst_port":49556,"proto":"UDP","bytes":72,"QueryName":null}
+{"@timestamp":1692161631417,"EventID":22,"Channel":"Microsoft-Windows-Sysmon\/Operational","Computer":"192.168.1.41","Image":"UNKNOWN","ParentImage":"UNKNOWN","CommandLine":"UNKNOWN","DestinationIp":null,"DestinationPort":null,"src_ip":"192.168.1.41","src_port":63829,"dst_ip":"192.168.1.4","dst_port":53,"proto":"UDP","bytes":34,"QueryName":"dns.msftncsi.com"}
+{"@timestamp":1692161631418,"EventID":22,"Channel":"Microsoft-Windows-Sysmon\/Operational","Computer":"192.168.1.41","Image":"UNKNOWN","ParentImage":"UNKNOWN","CommandLine":"UNKNOWN","DestinationIp":null,"DestinationPort":null,"src_ip":"192.168.1.41","src_port":49556,"dst_ip":"192.168.1.4","dst_port":53,"proto":"UDP","bytes":44,"QueryName":"slscr.update.microsoft.com"}
+{"@timestamp":1692161631608,"EventID":3,"Channel":"Microsoft-Windows-Sysmon\/Operational","Computer":"192.168.1.41","Image":"UNKNOWN","ParentImage":"UNKNOWN","CommandLine":"UNKNOWN","DestinationIp":"239.255.255.250","DestinationPort":"1900","src_ip":"192.168.1.41","src_port":51788,"dst_ip":"239.255.255.250","dst_port":1900,"proto":"UDP","bytes":165,"QueryName":null}
+{"@timestamp":1692161632411,"EventID":22,"Channel":"Microsoft-Windows-Sysmon\/Operational","Computer":"192.168.1.41","Image":"UNKNOWN","ParentImage":"UNKNOWN","CommandLine":"UNKNOWN","DestinationIp":null,"DestinationPort":null,"src_ip":"192.168.1.41","src_port":61988,"dst_ip":"192.168.1.4","dst_port":53,"proto":"UDP","bytes":44,"QueryName":"slscr.update.microsoft.com"}
+{"@timestamp":1692161633500,"EventID":22,"Channel":"Microsoft-Windows-Sysmon\/Operational","Computer":"192.168.1.41","Image":"UNKNOWN","ParentImage":"UNKNOWN","CommandLine":"UNKNOWN","DestinationIp":null,"DestinationPort":null,"src_ip":"192.168.1.41","src_port":63829,"dst_ip":"192.168.1.4","dst_port":53,"proto":"UDP","bytes":34,"QueryName":"dns.msftncsi.com"}
+{"@timestamp":1692161633501,"EventID":22,"Channel":"Microsoft-Windows-Sysmon\/Operational","Computer":"192.168.1.41","Image":"UNKNOWN","ParentImage":"UNKNOWN","CommandLine":"UNKNOWN","DestinationIp":null,"DestinationPort":null,"src_ip":"192.168.1.41","src_port":61988,"dst_ip":"192.168.1.4","dst_port":53,"proto":"UDP","bytes":44,"QueryName":"slscr.update.microsoft.com"}
+{"@timestamp":1692161634550,"EventID":22,"Channel":"Microsoft-Windows-Sysmon\/Operational","Computer":"192.168.1.41","Image":"UNKNOWN","ParentImage":"UNKNOWN","CommandLine":"UNKNOWN","DestinationIp":null,"DestinationPort":null,"src_ip":"192.168.1.41","src_port":61988,"dst_ip":"192.168.1.4","dst_port":53,"proto":"UDP","bytes":44,"QueryName":"slscr.update.microsoft.com"}
+{"@timestamp":1692161634743,"EventID":3,"Channel":"Microsoft-Windows-Sysmon\/Operational","Computer":"192.168.1.41","Image":"UNKNOWN","ParentImage":"UNKNOWN","CommandLine":"UNKNOWN","DestinationIp":"239.255.255.250","DestinationPort":"1900","src_ip":"192.168.1.41","src_port":51788,"dst_ip":"239.255.255.250","dst_port":1900,"proto":"UDP","bytes":165,"QueryName":null}
+{"@timestamp":1692161636541,"EventID":22,"Channel":"Microsoft-Windows-Sysmon\/Operational","Computer":"192.168.1.41","Image":"UNKNOWN","ParentImage":"UNKNOWN","CommandLine":"UNKNOWN","DestinationIp":null,"DestinationPort":null,"src_ip":"192.168.1.41","src_port":61988,"dst_ip":"192.168.1.4","dst_port":53,"proto":"UDP","bytes":44,"QueryName":"slscr.update.microsoft.com"}
+{"@timestamp":1692161636595,"EventID":3,"Channel":"Microsoft-Windows-Sysmon\/Operational","Computer":"192.168.1.4","Image":"UNKNOWN","ParentImage":"UNKNOWN","CommandLine":"UNKNOWN","DestinationIp":"192.168.1.41","DestinationPort":"63829","src_ip":"192.168.1.4","src_port":53,"dst_ip":"192.168.1.41","dst_port":63829,"proto":"UDP","bytes":62,"QueryName":null}
+{"@timestamp":1692161639326,"EventID":3,"Channel":"Microsoft-Windows-Sysmon\/Operational","Computer":"192.168.1.4","Image":"UNKNOWN","ParentImage":"UNKNOWN","CommandLine":"UNKNOWN","DestinationIp":"192.168.1.41","DestinationPort":"61988","src_ip":"192.168.1.4","src_port":53,"dst_ip":"192.168.1.41","dst_port":61988,"proto":"UDP","bytes":72,"QueryName":null}
+{"@timestamp":1692161639326,"EventID":3,"Channel":"Microsoft-Windows-Sysmon\/Operational","Computer":"192.168.1.4","Image":"UNKNOWN","ParentImage":"UNKNOWN","CommandLine":"UNKNOWN","DestinationIp":"192.168.1.41","DestinationPort":"61988","src_ip":"192.168.1.4","src_port":53,"dst_ip":"192.168.1.41","dst_port":61988,"proto":"UDP","bytes":72,"QueryName":null}
+{"@timestamp":1692161639326,"EventID":3,"Channel":"Microsoft-Windows-Sysmon\/Operational","Computer":"192.168.1.4","Image":"UNKNOWN","ParentImage":"UNKNOWN","CommandLine":"UNKNOWN","DestinationIp":"192.168.1.41","DestinationPort":"61988","src_ip":"192.168.1.4","src_port":53,"dst_ip":"192.168.1.41","dst_port":61988,"proto":"UDP","bytes":72,"QueryName":null}
+{"@timestamp":1692161639326,"EventID":3,"Channel":"Microsoft-Windows-Sysmon\/Operational","Computer":"192.168.1.4","Image":"UNKNOWN","ParentImage":"UNKNOWN","CommandLine":"UNKNOWN","DestinationIp":"192.168.1.41","DestinationPort":"49556","src_ip":"192.168.1.4","src_port":53,"dst_ip":"192.168.1.41","dst_port":49556,"proto":"UDP","bytes":72,"QueryName":null}
+{"@timestamp":1692161641906,"EventID":22,"Channel":"Microsoft-Windows-Sysmon\/Operational","Computer":"192.168.1.41","Image":"UNKNOWN","ParentImage":"UNKNOWN","CommandLine":"UNKNOWN","DestinationIp":null,"DestinationPort":null,"src_ip":"192.168.1.41","src_port":65243,"dst_ip":"192.168.1.4","dst_port":53,"proto":"UDP","bytes":35,"QueryName":"wpad.pandalab.com"}
+{"@timestamp":1692161641909,"EventID":3,"Channel":"Microsoft-Windows-Sysmon\/Operational","Computer":"192.168.1.4","Image":"UNKNOWN","ParentImage":"UNKNOWN","CommandLine":"UNKNOWN","DestinationIp":"192.168.1.41","DestinationPort":"65243","src_ip":"192.168.1.4","src_port":53,"dst_ip":"192.168.1.41","dst_port":65243,"proto":"UDP","bytes":127,"QueryName":null}
+{"@timestamp":1692161641934,"EventID":22,"Channel":"Microsoft-Windows-Sysmon\/Operational","Computer":"192.168.1.41","Image":"UNKNOWN","ParentImage":"UNKNOWN","CommandLine":"UNKNOWN","DestinationIp":null,"DestinationPort":null,"src_ip":"192.168.1.41","src_port":65224,"dst_ip":"192.168.1.4","dst_port":53,"proto":"UDP","bytes":32,"QueryName":"wpad.home.arpa"}
+{"@timestamp":1692161642449,"EventID":22,"Channel":"Microsoft-Windows-Sysmon\/Operational","Computer":"192.168.1.41","Image":"UNKNOWN","ParentImage":"UNKNOWN","CommandLine":"UNKNOWN","DestinationIp":null,"DestinationPort":null,"src_ip":"192.168.1.41","src_port":56739,"dst_ip":"192.168.1.4","dst_port":53,"proto":"UDP","bytes":34,"QueryName":"dns.msftncsi.com"}
+{"@timestamp":1692161642524,"EventID":3,"Channel":"Microsoft-Windows-Sysmon\/Operational","Computer":"192.168.1.41","Image":"UNKNOWN","ParentImage":"UNKNOWN","CommandLine":"UNKNOWN","DestinationIp":"239.255.255.250","DestinationPort":"1900","src_ip":"192.168.1.41","src_port":56740,"dst_ip":"239.255.255.250","dst_port":1900,"proto":"UDP","bytes":201,"QueryName":null}
+{"@timestamp":1692161642741,"EventID":22,"Channel":"Microsoft-Windows-Sysmon\/Operational","Computer":"192.168.1.41","Image":"UNKNOWN","ParentImage":"UNKNOWN","CommandLine":"UNKNOWN","DestinationIp":null,"DestinationPort":null,"src_ip":"192.168.1.41","src_port":55002,"dst_ip":"192.168.1.4","dst_port":53,"proto":"UDP","bytes":44,"QueryName":"slscr.update.microsoft.com"}
+{"@timestamp":1692161642801,"EventID":22,"Channel":"Microsoft-Windows-Sysmon\/Operational","Computer":"192.168.1.41","Image":"UNKNOWN","ParentImage":"UNKNOWN","CommandLine":"UNKNOWN","DestinationIp":null,"DestinationPort":null,"src_ip":"192.168.1.41","src_port":54473,"dst_ip":"192.168.1.4","dst_port":53,"proto":"UDP","bytes":39,"QueryName":"config.edge.skype.com"}
+{"@timestamp":1692161642841,"EventID":22,"Channel":"Microsoft-Windows-Sysmon\/Operational","Computer":"192.168.1.41","Image":"UNKNOWN","ParentImage":"UNKNOWN","CommandLine":"UNKNOWN","DestinationIp":null,"DestinationPort":null,"src_ip":"192.168.1.41","src_port":60195,"dst_ip":"192.168.1.4","dst_port":53,"proto":"UDP","bytes":29,"QueryName":"ntp.msn.com"}
+{"@timestamp":1692161642848,"EventID":22,"Channel":"Microsoft-Windows-Sysmon\/Operational","Computer":"192.168.1.41","Image":"UNKNOWN","ParentImage":"UNKNOWN","CommandLine":"UNKNOWN","DestinationIp":null,"DestinationPort":null,"src_ip":"192.168.1.41","src_port":52748,"dst_ip":"192.168.1.4","dst_port":53,"proto":"UDP","bytes":30,"QueryName":"www.bing.com"}
+{"@timestamp":1692161642936,"EventID":22,"Channel":"Microsoft-Windows-Sysmon\/Operational","Computer":"192.168.1.41","Image":"UNKNOWN","ParentImage":"UNKNOWN","CommandLine":"UNKNOWN","DestinationIp":null,"DestinationPort":null,"src_ip":"192.168.1.41","src_port":51506,"dst_ip":"192.168.1.4","dst_port":53,"proto":"UDP","bytes":45,"QueryName":"tqimoyfjlwqmts.pandalab.com"}
+{"@timestamp":1692161642939,"EventID":3,"Channel":"Microsoft-Windows-Sysmon\/Operational","Computer":"192.168.1.4","Image":"UNKNOWN","ParentImage":"UNKNOWN","CommandLine":"UNKNOWN","DestinationIp":"192.168.1.41","DestinationPort":"51506","src_ip":"192.168.1.4","src_port":53,"dst_ip":"192.168.1.41","dst_port":51506,"proto":"UDP","bytes":137,"QueryName":null}
+{"@timestamp":1692161642968,"EventID":22,"Channel":"Microsoft-Windows-Sysmon\/Operational","Computer":"192.168.1.41","Image":"UNKNOWN","ParentImage":"UNKNOWN","CommandLine":"UNKNOWN","DestinationIp":null,"DestinationPort":null,"src_ip":"192.168.1.41","src_port":60847,"dst_ip":"192.168.1.4","dst_port":53,"proto":"UDP","bytes":41,"QueryName":"zsvtcebybn.pandalab.com"}
+{"@timestamp":1692161642970,"EventID":3,"Channel":"Microsoft-Windows-Sysmon\/Operational","Computer":"192.168.1.4","Image":"UNKNOWN","ParentImage":"UNKNOWN","CommandLine":"UNKNOWN","DestinationIp":"192.168.1.41","DestinationPort":"60847","src_ip":"192.168.1.4","src_port":53,"dst_ip":"192.168.1.41","dst_port":60847,"proto":"UDP","bytes":133,"QueryName":null}
+{"@timestamp":1692161642975,"EventID":22,"Channel":"Microsoft-Windows-Sysmon\/Operational","Computer":"192.168.1.41","Image":"UNKNOWN","ParentImage":"UNKNOWN","CommandLine":"UNKNOWN","DestinationIp":null,"DestinationPort":null,"src_ip":"192.168.1.41","src_port":65224,"dst_ip":"192.168.1.4","dst_port":53,"proto":"UDP","bytes":32,"QueryName":"wpad.home.arpa"}
+{"@timestamp":1692161642977,"EventID":22,"Channel":"Microsoft-Windows-Sysmon\/Operational","Computer":"192.168.1.41","Image":"UNKNOWN","ParentImage":"UNKNOWN","CommandLine":"UNKNOWN","DestinationIp":null,"DestinationPort":null,"src_ip":"192.168.1.41","src_port":64875,"dst_ip":"192.168.1.4","dst_port":53,"proto":"UDP","bytes":42,"QueryName":"tqimoyfjlwqmts.home.arpa"}
+{"@timestamp":1692161642980,"EventID":22,"Channel":"Microsoft-Windows-Sysmon\/Operational","Computer":"192.168.1.41","Image":"UNKNOWN","ParentImage":"UNKNOWN","CommandLine":"UNKNOWN","DestinationIp":null,"DestinationPort":null,"src_ip":"192.168.1.41","src_port":58820,"dst_ip":"192.168.1.4","dst_port":53,"proto":"UDP","bytes":38,"QueryName":"kdbuyqn.pandalab.com"}
+{"@timestamp":1692161642983,"EventID":3,"Channel":"Microsoft-Windows-Sysmon\/Operational","Computer":"192.168.1.4","Image":"UNKNOWN","ParentImage":"UNKNOWN","CommandLine":"UNKNOWN","DestinationIp":"192.168.1.41","DestinationPort":"58820","src_ip":"192.168.1.4","src_port":53,"dst_ip":"192.168.1.41","dst_port":58820,"proto":"UDP","bytes":130,"QueryName":null}
+{"@timestamp":1692161642986,"EventID":22,"Channel":"Microsoft-Windows-Sysmon\/Operational","Computer":"192.168.1.41","Image":"UNKNOWN","ParentImage":"UNKNOWN","CommandLine":"UNKNOWN","DestinationIp":null,"DestinationPort":null,"src_ip":"192.168.1.41","src_port":54613,"dst_ip":"192.168.1.4","dst_port":53,"proto":"UDP","bytes":38,"QueryName":"zsvtcebybn.home.arpa"}
+{"@timestamp":1692161642988,"EventID":22,"Channel":"Microsoft-Windows-Sysmon\/Operational","Computer":"192.168.1.41","Image":"UNKNOWN","ParentImage":"UNKNOWN","CommandLine":"UNKNOWN","DestinationIp":null,"DestinationPort":null,"src_ip":"192.168.1.41","src_port":50955,"dst_ip":"192.168.1.4","dst_port":53,"proto":"UDP","bytes":35,"QueryName":"kdbuyqn.home.arpa"}
+{"@timestamp":1692161643527,"EventID":3,"Channel":"Microsoft-Windows-Sysmon\/Operational","Computer":"192.168.1.41","Image":"UNKNOWN","ParentImage":"UNKNOWN","CommandLine":"UNKNOWN","DestinationIp":"239.255.255.250","DestinationPort":"1900","src_ip":"192.168.1.41","src_port":56740,"dst_ip":"239.255.255.250","dst_port":1900,"proto":"UDP","bytes":201,"QueryName":null}
+{"@timestamp":1692161643543,"EventID":3,"Channel":"Microsoft-Windows-Sysmon\/Operational","Computer":"192.168.1.41","Image":"UNKNOWN","ParentImage":"UNKNOWN","CommandLine":"UNKNOWN","DestinationIp":"10.0.5.13","DestinationPort":"80","src_ip":"192.168.1.41","src_port":52887,"dst_ip":"10.0.5.13","dst_port":80,"proto":"TCP","bytes":52,"QueryName":null}
+{"@timestamp":1692161643545,"EventID":3,"Channel":"Microsoft-Windows-Sysmon\/Operational","Computer":"192.168.1.41","Image":"UNKNOWN","ParentImage":"UNKNOWN","CommandLine":"UNKNOWN","DestinationIp":"10.0.5.13","DestinationPort":"80","src_ip":"192.168.1.41","src_port":55213,"dst_ip":"10.0.5.13","dst_port":80,"proto":"TCP","bytes":52,"QueryName":null}
+{"@timestamp":1692161643547,"EventID":3,"Channel":"Microsoft-Windows-Sysmon\/Operational","Computer":"10.0.5.13","Image":"UNKNOWN","ParentImage":"UNKNOWN","CommandLine":"UNKNOWN","DestinationIp":"192.168.1.41","DestinationPort":"52887","src_ip":"10.0.5.13","src_port":80,"dst_ip":"192.168.1.41","dst_port":52887,"proto":"TCP","bytes":52,"QueryName":null}
+{"@timestamp":1692161643549,"EventID":3,"Channel":"Microsoft-Windows-Sysmon\/Operational","Computer":"10.0.5.13","Image":"UNKNOWN","ParentImage":"UNKNOWN","CommandLine":"UNKNOWN","DestinationIp":"192.168.1.41","DestinationPort":"55213","src_ip":"10.0.5.13","src_port":80,"dst_ip":"192.168.1.41","dst_port":55213,"proto":"TCP","bytes":52,"QueryName":null}
+{"@timestamp":1692161643559,"EventID":3,"Channel":"Microsoft-Windows-Sysmon\/Operational","Computer":"192.168.1.41","Image":"UNKNOWN","ParentImage":"UNKNOWN","CommandLine":"UNKNOWN","DestinationIp":"10.0.5.13","DestinationPort":"80","src_ip":"192.168.1.41","src_port":52887,"dst_ip":"10.0.5.13","dst_port":80,"proto":"TCP","bytes":40,"QueryName":null}
+{"@timestamp":1692161643560,"EventID":3,"Channel":"Microsoft-Windows-Sysmon\/Operational","Computer":"192.168.1.41","Image":"UNKNOWN","ParentImage":"UNKNOWN","CommandLine":"UNKNOWN","DestinationIp":"10.0.5.13","DestinationPort":"80","src_ip":"192.168.1.41","src_port":55213,"dst_ip":"10.0.5.13","dst_port":80,"proto":"TCP","bytes":40,"QueryName":null}
+{"@timestamp":1692161643727,"EventID":22,"Channel":"Microsoft-Windows-Sysmon\/Operational","Computer":"192.168.1.41","Image":"UNKNOWN","ParentImage":"UNKNOWN","CommandLine":"UNKNOWN","DestinationIp":null,"DestinationPort":null,"src_ip":"192.168.1.41","src_port":56739,"dst_ip":"192.168.1.4","dst_port":53,"proto":"UDP","bytes":34,"QueryName":"dns.msftncsi.com"}
+{"@timestamp":1692161643995,"EventID":3,"Channel":"Microsoft-Windows-Sysmon\/Operational","Computer":"192.168.1.41","Image":"UNKNOWN","ParentImage":"UNKNOWN","CommandLine":"UNKNOWN","DestinationIp":"10.0.5.13","DestinationPort":"80","src_ip":"192.168.1.41","src_port":55213,"dst_ip":"10.0.5.13","dst_port":80,"proto":"TCP","bytes":473,"QueryName":null}
+{"@timestamp":1692161643998,"EventID":3,"Channel":"Microsoft-Windows-Sysmon\/Operational","Computer":"10.0.5.13","Image":"UNKNOWN","ParentImage":"UNKNOWN","CommandLine":"UNKNOWN","DestinationIp":"192.168.1.41","DestinationPort":"55213","src_ip":"10.0.5.13","src_port":80,"dst_ip":"192.168.1.41","dst_port":55213,"proto":"TCP","bytes":40,"QueryName":null}
+{"@timestamp":1692161644001,"EventID":3,"Channel":"Microsoft-Windows-Sysmon\/Operational","Computer":"10.0.5.13","Image":"UNKNOWN","ParentImage":"UNKNOWN","CommandLine":"UNKNOWN","DestinationIp":"192.168.1.41","DestinationPort":"55213","src_ip":"10.0.5.13","src_port":80,"dst_ip":"192.168.1.41","dst_port":55213,"proto":"TCP","bytes":195,"QueryName":null}
+{"@timestamp":1692161644002,"EventID":3,"Channel":"Microsoft-Windows-Sysmon\/Operational","Computer":"10.0.5.13","Image":"UNKNOWN","ParentImage":"UNKNOWN","CommandLine":"UNKNOWN","DestinationIp":"192.168.1.41","DestinationPort":"55213","src_ip":"10.0.5.13","src_port":80,"dst_ip":"192.168.1.41","dst_port":55213,"proto":"TCP","bytes":288,"QueryName":null}
+{"@timestamp":1692161644008,"EventID":3,"Channel":"Microsoft-Windows-Sysmon\/Operational","Computer":"192.168.1.41","Image":"UNKNOWN","ParentImage":"UNKNOWN","CommandLine":"UNKNOWN","DestinationIp":"10.0.5.13","DestinationPort":"80","src_ip":"192.168.1.41","src_port":55213,"dst_ip":"10.0.5.13","dst_port":80,"proto":"TCP","bytes":40,"QueryName":null}
+{"@timestamp":1692161644210,"EventID":22,"Channel":"Microsoft-Windows-Sysmon\/Operational","Computer":"192.168.1.41","Image":"UNKNOWN","ParentImage":"UNKNOWN","CommandLine":"UNKNOWN","DestinationIp":null,"DestinationPort":null,"src_ip":"192.168.1.41","src_port":55002,"dst_ip":"192.168.1.4","dst_port":53,"proto":"UDP","bytes":44,"QueryName":"slscr.update.microsoft.com"}
+{"@timestamp":1692161644211,"EventID":22,"Channel":"Microsoft-Windows-Sysmon\/Operational","Computer":"192.168.1.41","Image":"UNKNOWN","ParentImage":"UNKNOWN","CommandLine":"UNKNOWN","DestinationIp":null,"DestinationPort":null,"src_ip":"192.168.1.41","src_port":54473,"dst_ip":"192.168.1.4","dst_port":53,"proto":"UDP","bytes":39,"QueryName":"config.edge.skype.com"}
