+{"@timestamp":1692161648333,"EventID":3,"Channel":"Microsoft-Windows-Sysmon\/Operational","Computer":"10.0.5.13","Image":"UNKNOWN","ParentImage":"UNKNOWN","CommandLine":"UNKNOWN","DestinationIp":"192.168.1.41","DestinationPort":"51126","src_ip":"10.0.5.13","src_port":80,"dst_ip":"192.168.1.41","dst_port":51126,"proto":"TCP","bytes":1500,"QueryName":null}
+{"@timestamp":1692161648333,"EventID":3,"Channel":"Microsoft-Windows-Sysmon\/Operational","Computer":"10.0.5.13","Image":"UNKNOWN","ParentImage":"UNKNOWN","CommandLine":"UNKNOWN","DestinationIp":"192.168.1.41","DestinationPort":"51126","src_ip":"10.0.5.13","src_port":80,"dst_ip":"192.168.1.41","dst_port":51126,"proto":"TCP","bytes":1500,"QueryName":null}
+{"@timestamp":1692161648333,"EventID":3,"Channel":"Microsoft-Windows-Sysmon\/Operational","Computer":"10.0.5.13","Image":"UNKNOWN","ParentImage":"UNKNOWN","CommandLine":"UNKNOWN","DestinationIp":"192.168.1.41","DestinationPort":"51126","src_ip":"10.0.5.13","src_port":80,"dst_ip":"192.168.1.41","dst_port":51126,"proto":"TCP","bytes":1500,"QueryName":null}
+{"@timestamp":1692161648335,"EventID":3,"Channel":"Microsoft-Windows-Sysmon\/Operational","Computer":"10.0.5.13","Image":"UNKNOWN","ParentImage":"UNKNOWN","CommandLine":"UNKNOWN","DestinationIp":"192.168.1.41","DestinationPort":"51126","src_ip":"10.0.5.13","src_port":80,"dst_ip":"192.168.1.41","dst_port":51126,"proto":"TCP","bytes":1500,"QueryName":null}
+{"@timestamp":1692161648335,"EventID":3,"Channel":"Microsoft-Windows-Sysmon\/Operational","Computer":"10.0.5.13","Image":"UNKNOWN","ParentImage":"UNKNOWN","CommandLine":"UNKNOWN","DestinationIp":"192.168.1.41","DestinationPort":"51126","src_ip":"10.0.5.13","src_port":80,"dst_ip":"192.168.1.41","dst_port":51126,"proto":"TCP","bytes":1368,"QueryName":null}
+{"@timestamp":1692161648362,"EventID":3,"Channel":"Microsoft-Windows-Sysmon\/Operational","Computer":"192.168.1.41","Image":"UNKNOWN","ParentImage":"UNKNOWN","CommandLine":"UNKNOWN","DestinationIp":"10.0.5.13","DestinationPort":"80","src_ip":"192.168.1.41","src_port":51126,"dst_ip":"10.0.5.13","dst_port":80,"proto":"TCP","bytes":40,"QueryName":null}
+{"@timestamp":1692161648377,"EventID":3,"Channel":"Microsoft-Windows-Sysmon\/Operational","Computer":"192.168.1.41","Image":"UNKNOWN","ParentImage":"UNKNOWN","CommandLine":"UNKNOWN","DestinationIp":"10.0.5.13","DestinationPort":"80","src_ip":"192.168.1.41","src_port":51126,"dst_ip":"10.0.5.13","dst_port":80,"proto":"TCP","bytes":40,"QueryName":null}
+{"@timestamp":1692161648380,"EventID":3,"Channel":"Microsoft-Windows-Sysmon\/Operational","Computer":"10.0.5.13","Image":"UNKNOWN","ParentImage":"UNKNOWN","CommandLine":"UNKNOWN","DestinationIp":"192.168.1.41","DestinationPort":"51126","src_ip":"10.0.5.13","src_port":80,"dst_ip":"192.168.1.41","dst_port":51126,"proto":"TCP","bytes":40,"QueryName":null}
+{"@timestamp":1692161649283,"EventID":22,"Channel":"Microsoft-Windows-Sysmon\/Operational","Computer":"192.168.1.41","Image":"UNKNOWN","ParentImage":"UNKNOWN","CommandLine":"UNKNOWN","DestinationIp":null,"DestinationPort":null,"src_ip":"192.168.1.41","src_port":64466,"dst_ip":"192.168.1.4","dst_port":53,"proto":"UDP","bytes":43,"QueryName":"login.microsoftonline.com"}
+{"@timestamp":1692161649412,"EventID":3,"Channel":"Microsoft-Windows-Sysmon\/Operational","Computer":"192.168.1.4","Image":"UNKNOWN","ParentImage":"UNKNOWN","CommandLine":"UNKNOWN","DestinationIp":"192.168.1.41","DestinationPort":"65224","src_ip":"192.168.1.4","src_port":53,"dst_ip":"192.168.1.41","dst_port":65224,"proto":"UDP","bytes":60,"QueryName":null}
+{"@timestamp":1692161649502,"EventID":22,"Channel":"Microsoft-Windows-Sysmon\/Operational","Computer":"192.168.1.41","Image":"UNKNOWN","ParentImage":"UNKNOWN","CommandLine":"UNKNOWN","DestinationIp":null,"DestinationPort":null,"src_ip":"192.168.1.41","src_port":59048,"dst_ip":"192.168.1.4","dst_port":53,"proto":"UDP","bytes":45,"QueryName":"tqimoyfjlwqmts.pandalab.com"}
+{"@timestamp":1692161649503,"EventID":3,"Channel":"Microsoft-Windows-Sysmon\/Operational","Computer":"192.168.1.4","Image":"UNKNOWN","ParentImage":"UNKNOWN","CommandLine":"UNKNOWN","DestinationIp":"192.168.1.41","DestinationPort":"59048","src_ip":"192.168.1.4","src_port":53,"dst_ip":"192.168.1.41","dst_port":59048,"proto":"UDP","bytes":137,"QueryName":null}
+{"@timestamp":1692161649896,"EventID":22,"Channel":"Microsoft-Windows-Sysmon\/Operational","Computer":"192.168.1.41","Image":"UNKNOWN","ParentImage":"UNKNOWN","CommandLine":"UNKNOWN","DestinationIp":null,"DestinationPort":null,"src_ip":"192.168.1.41","src_port":56980,"dst_ip":"192.168.1.4","dst_port":53,"proto":"UDP","bytes":41,"QueryName":"zsvtcebybn.pandalab.com"}
+{"@timestamp":1692161649898,"EventID":3,"Channel":"Microsoft-Windows-Sysmon\/Operational","Computer":"192.168.1.4","Image":"UNKNOWN","ParentImage":"UNKNOWN","CommandLine":"UNKNOWN","DestinationIp":"192.168.1.41","DestinationPort":"56980","src_ip":"192.168.1.4","src_port":53,"dst_ip":"192.168.1.41","dst_port":56980,"proto":"UDP","bytes":133,"QueryName":null}
+{"@timestamp":1692161649908,"EventID":22,"Channel":"Microsoft-Windows-Sysmon\/Operational","Computer":"192.168.1.41","Image":"UNKNOWN","ParentImage":"UNKNOWN","CommandLine":"UNKNOWN","DestinationIp":null,"DestinationPort":null,"src_ip":"192.168.1.41","src_port":63140,"dst_ip":"192.168.1.4","dst_port":53,"proto":"UDP","bytes":38,"QueryName":"kdbuyqn.pandalab.com"}
+{"@timestamp":1692161649918,"EventID":3,"Channel":"Microsoft-Windows-Sysmon\/Operational","Computer":"192.168.1.4","Image":"UNKNOWN","ParentImage":"UNKNOWN","CommandLine":"UNKNOWN","DestinationIp":"192.168.1.41","DestinationPort":"63140","src_ip":"192.168.1.4","src_port":53,"dst_ip":"192.168.1.41","dst_port":63140,"proto":"UDP","bytes":130,"QueryName":null}
+{"@timestamp":1692161650323,"EventID":3,"Channel":"Microsoft-Windows-Sysmon\/Operational","Computer":"192.168.1.4","Image":"UNKNOWN","ParentImage":"UNKNOWN","CommandLine":"UNKNOWN","DestinationIp":"192.168.1.41","DestinationPort":"56739","src_ip":"192.168.1.4","src_port":53,"dst_ip":"192.168.1.41","dst_port":56739,"proto":"UDP","bytes":62,"QueryName":null}
+{"@timestamp":1692161650485,"EventID":22,"Channel":"Microsoft-Windows-Sysmon\/Operational","Computer":"192.168.1.41","Image":"UNKNOWN","ParentImage":"UNKNOWN","CommandLine":"UNKNOWN","DestinationIp":null,"DestinationPort":null,"src_ip":"192.168.1.41","src_port":64466,"dst_ip":"192.168.1.4","dst_port":53,"proto":"UDP","bytes":43,"QueryName":"login.microsoftonline.com"}
+{"@timestamp":1692161650490,"EventID":3,"Channel":"Microsoft-Windows-Sysmon\/Operational","Computer":"192.168.1.41","Image":"UNKNOWN","ParentImage":"UNKNOWN","CommandLine":"UNKNOWN","DestinationIp":"192.168.1.255","DestinationPort":"137","src_ip":"192.168.1.41","src_port":137,"dst_ip":"192.168.1.255","dst_port":137,"proto":"UDP","bytes":78,"QueryName":null}
+{"@timestamp":1692161650597,"EventID":3,"Channel":"Microsoft-Windows-Sysmon\/Operational","Computer":"192.168.1.41","Image":"UNKNOWN","ParentImage":"UNKNOWN","CommandLine":"UNKNOWN","DestinationIp":"192.168.1.255","DestinationPort":"137","src_ip":"192.168.1.41","src_port":137,"dst_ip":"192.168.1.255","dst_port":137,"proto":"UDP","bytes":78,"QueryName":null}
+{"@timestamp":1692161650599,"EventID":3,"Channel":"Microsoft-Windows-Sysmon\/Operational","Computer":"192.168.1.41","Image":"UNKNOWN","ParentImage":"UNKNOWN","CommandLine":"UNKNOWN","DestinationIp":"192.168.1.255","DestinationPort":"137","src_ip":"192.168.1.41","src_port":137,"dst_ip":"192.168.1.255","dst_port":137,"proto":"UDP","bytes":78,"QueryName":null}
+{"@timestamp":1692161650601,"EventID":3,"Channel":"Microsoft-Windows-Sysmon\/Operational","Computer":"192.168.1.41","Image":"UNKNOWN","ParentImage":"UNKNOWN","CommandLine":"UNKNOWN","DestinationIp":"224.0.0.251","DestinationPort":"5353","src_ip":"192.168.1.41","src_port":5353,"dst_ip":"224.0.0.251","dst_port":5353,"proto":"UDP","bytes":62,"QueryName":null}
+{"@timestamp":1692161650608,"EventID":3,"Channel":"Microsoft-Windows-Sysmon\/Operational","Computer":"192.168.1.41","Image":"UNKNOWN","ParentImage":"UNKNOWN","CommandLine":"UNKNOWN","DestinationIp":"224.0.0.252","DestinationPort":"5355","src_ip":"192.168.1.41","src_port":56581,"dst_ip":"224.0.0.252","dst_port":5355,"proto":"UDP","bytes":56,"QueryName":null}
+{"@timestamp":1692161650609,"EventID":3,"Channel":"Microsoft-Windows-Sysmon\/Operational","Computer":"192.168.1.41","Image":"UNKNOWN","ParentImage":"UNKNOWN","CommandLine":"UNKNOWN","DestinationIp":"192.168.1.255","DestinationPort":"137","src_ip":"192.168.1.41","src_port":137,"dst_ip":"192.168.1.255","dst_port":137,"proto":"UDP","bytes":78,"QueryName":null}
+{"@timestamp":1692161650612,"EventID":3,"Channel":"Microsoft-Windows-Sysmon\/Operational","Computer":"192.168.1.41","Image":"UNKNOWN","ParentImage":"UNKNOWN","CommandLine":"UNKNOWN","DestinationIp":"224.0.0.251","DestinationPort":"5353","src_ip":"192.168.1.41","src_port":5353,"dst_ip":"224.0.0.251","dst_port":5353,"proto":"UDP","bytes":59,"QueryName":null}
+{"@timestamp":1692161650618,"EventID":3,"Channel":"Microsoft-Windows-Sysmon\/Operational","Computer":"192.168.1.41","Image":"UNKNOWN","ParentImage":"UNKNOWN","CommandLine":"UNKNOWN","DestinationIp":"224.0.0.252","DestinationPort":"5355","src_ip":"192.168.1.41","src_port":52594,"dst_ip":"224.0.0.252","dst_port":5355,"proto":"UDP","bytes":53,"QueryName":null}
+{"@timestamp":1692161650620,"EventID":3,"Channel":"Microsoft-Windows-Sysmon\/Operational","Computer":"192.168.1.41","Image":"UNKNOWN","ParentImage":"UNKNOWN","CommandLine":"UNKNOWN","DestinationIp":"192.168.1.255","DestinationPort":"137","src_ip":"192.168.1.41","src_port":137,"dst_ip":"192.168.1.255","dst_port":137,"proto":"UDP","bytes":78,"QueryName":null}
+{"@timestamp":1692161650621,"EventID":3,"Channel":"Microsoft-Windows-Sysmon\/Operational","Computer":"192.168.1.41","Image":"UNKNOWN","ParentImage":"UNKNOWN","CommandLine":"UNKNOWN","DestinationIp":"224.0.0.251","DestinationPort":"5353","src_ip":"192.168.1.41","src_port":5353,"dst_ip":"224.0.0.251","dst_port":5353,"proto":"UDP","bytes":66,"QueryName":null}
+{"@timestamp":1692161650626,"EventID":3,"Channel":"Microsoft-Windows-Sysmon\/Operational","Computer":"192.168.1.41","Image":"UNKNOWN","ParentImage":"UNKNOWN","CommandLine":"UNKNOWN","DestinationIp":"224.0.0.251","DestinationPort":"5353","src_ip":"192.168.1.41","src_port":5353,"dst_ip":"224.0.0.251","dst_port":5353,"proto":"UDP","bytes":62,"QueryName":null}
+{"@timestamp":1692161650630,"EventID":3,"Channel":"Microsoft-Windows-Sysmon\/Operational","Computer":"192.168.1.41","Image":"UNKNOWN","ParentImage":"UNKNOWN","CommandLine":"UNKNOWN","DestinationIp":"224.0.0.252","DestinationPort":"5355","src_ip":"192.168.1.41","src_port":58737,"dst_ip":"224.0.0.252","dst_port":5355,"proto":"UDP","bytes":56,"QueryName":null}
+{"@timestamp":1692161650632,"EventID":3,"Channel":"Microsoft-Windows-Sysmon\/Operational","Computer":"192.168.1.41","Image":"UNKNOWN","ParentImage":"UNKNOWN","CommandLine":"UNKNOWN","DestinationIp":"224.0.0.251","DestinationPort":"5353","src_ip":"192.168.1.41","src_port":5353,"dst_ip":"224.0.0.251","dst_port":5353,"proto":"UDP","bytes":59,"QueryName":null}
+{"@timestamp":1692161650636,"EventID":3,"Channel":"Microsoft-Windows-Sysmon\/Operational","Computer":"192.168.1.41","Image":"UNKNOWN","ParentImage":"UNKNOWN","CommandLine":"UNKNOWN","DestinationIp":"224.0.0.252","DestinationPort":"5355","src_ip":"192.168.1.41","src_port":52047,"dst_ip":"224.0.0.252","dst_port":5355,"proto":"UDP","bytes":53,"QueryName":null}
+{"@timestamp":1692161650688,"EventID":3,"Channel":"Microsoft-Windows-Sysmon\/Operational","Computer":"192.168.1.41","Image":"UNKNOWN","ParentImage":"UNKNOWN","CommandLine":"UNKNOWN","DestinationIp":"224.0.0.252","DestinationPort":"5355","src_ip":"192.168.1.41","src_port":54024,"dst_ip":"224.0.0.252","dst_port":5355,"proto":"UDP","bytes":60,"QueryName":null}
+{"@timestamp":1692161650689,"EventID":3,"Channel":"Microsoft-Windows-Sysmon\/Operational","Computer":"192.168.1.41","Image":"UNKNOWN","ParentImage":"UNKNOWN","CommandLine":"UNKNOWN","DestinationIp":"192.168.1.255","DestinationPort":"137","src_ip":"192.168.1.41","src_port":137,"dst_ip":"192.168.1.255","dst_port":137,"proto":"UDP","bytes":78,"QueryName":null}
+{"@timestamp":1692161650691,"EventID":3,"Channel":"Microsoft-Windows-Sysmon\/Operational","Computer":"192.168.1.41","Image":"UNKNOWN","ParentImage":"UNKNOWN","CommandLine":"UNKNOWN","DestinationIp":"224.0.0.251","DestinationPort":"5353","src_ip":"192.168.1.41","src_port":5353,"dst_ip":"224.0.0.251","dst_port":5353,"proto":"UDP","bytes":66,"QueryName":null}
+{"@timestamp":1692161650696,"EventID":3,"Channel":"Microsoft-Windows-Sysmon\/Operational","Computer":"192.168.1.41","Image":"UNKNOWN","ParentImage":"UNKNOWN","CommandLine":"UNKNOWN","DestinationIp":"224.0.0.252","DestinationPort":"5355","src_ip":"192.168.1.41","src_port":63275,"dst_ip":"224.0.0.252","dst_port":5355,"proto":"UDP","bytes":60,"QueryName":null}
+{"@timestamp":1692161650871,"EventID":22,"Channel":"Microsoft-Windows-Sysmon\/Operational","Computer":"192.168.1.41","Image":"UNKNOWN","ParentImage":"UNKNOWN","CommandLine":"UNKNOWN","DestinationIp":null,"DestinationPort":null,"src_ip":"192.168.1.41","src_port":54030,"dst_ip":"192.168.1.4","dst_port":53,"proto":"UDP","bytes":35,"QueryName":"wpad.pandalab.com"}
+{"@timestamp":1692161650873,"EventID":3,"Channel":"Microsoft-Windows-Sysmon\/Operational","Computer":"192.168.1.4","Image":"UNKNOWN","ParentImage":"UNKNOWN","CommandLine":"UNKNOWN","DestinationIp":"192.168.1.41","DestinationPort":"54030","src_ip":"192.168.1.4","src_port":53,"dst_ip":"192.168.1.41","dst_port":54030,"proto":"UDP","bytes":127,"QueryName":null}
+{"@timestamp":1692161650895,"EventID":22,"Channel":"Microsoft-Windows-Sysmon\/Operational","Computer":"192.168.1.41","Image":"UNKNOWN","ParentImage":"UNKNOWN","CommandLine":"UNKNOWN","DestinationIp":null,"DestinationPort":null,"src_ip":"192.168.1.41","src_port":54336,"dst_ip":"192.168.1.4","dst_port":53,"proto":"UDP","bytes":32,"QueryName":"wpad.home.arpa"}
+{"@timestamp":1692161651044,"EventID":3,"Channel":"Microsoft-Windows-Sysmon\/Operational","Computer":"192.168.1.41","Image":"UNKNOWN","ParentImage":"UNKNOWN","CommandLine":"UNKNOWN","DestinationIp":"224.0.0.252","DestinationPort":"5355","src_ip":"192.168.1.41","src_port":56581,"dst_ip":"224.0.0.252","dst_port":5355,"proto":"UDP","bytes":56,"QueryName":null}
+{"@timestamp":1692161651046,"EventID":3,"Channel":"Microsoft-Windows-Sysmon\/Operational","Computer":"192.168.1.41","Image":"UNKNOWN","ParentImage":"UNKNOWN","CommandLine":"UNKNOWN","DestinationIp":"224.0.0.252","DestinationPort":"5355","src_ip":"192.168.1.41","src_port":52594,"dst_ip":"224.0.0.252","dst_port":5355,"proto":"UDP","bytes":53,"QueryName":null}
+{"@timestamp":1692161651074,"EventID":3,"Channel":"Microsoft-Windows-Sysmon\/Operational","Computer":"192.168.1.41","Image":"UNKNOWN","ParentImage":"UNKNOWN","CommandLine":"UNKNOWN","DestinationIp":"224.0.0.252","DestinationPort":"5355","src_ip":"192.168.1.41","src_port":58737,"dst_ip":"224.0.0.252","dst_port":5355,"proto":"UDP","bytes":56,"QueryName":null}
+{"@timestamp":1692161651078,"EventID":3,"Channel":"Microsoft-Windows-Sysmon\/Operational","Computer":"192.168.1.41","Image":"UNKNOWN","ParentImage":"UNKNOWN","CommandLine":"UNKNOWN","DestinationIp":"224.0.0.252","DestinationPort":"5355","src_ip":"192.168.1.41","src_port":52047,"dst_ip":"224.0.0.252","dst_port":5355,"proto":"UDP","bytes":53,"QueryName":null}
+{"@timestamp":1692161651119,"EventID":3,"Channel":"Microsoft-Windows-Sysmon\/Operational","Computer":"192.168.1.41","Image":"UNKNOWN","ParentImage":"UNKNOWN","CommandLine":"UNKNOWN","DestinationIp":"224.0.0.252","DestinationPort":"5355","src_ip":"192.168.1.41","src_port":54024,"dst_ip":"224.0.0.252","dst_port":5355,"proto":"UDP","bytes":60,"QueryName":null}
+{"@timestamp":1692161651121,"EventID":3,"Channel":"Microsoft-Windows-Sysmon\/Operational","Computer":"192.168.1.41","Image":"UNKNOWN","ParentImage":"UNKNOWN","CommandLine":"UNKNOWN","DestinationIp":"224.0.0.252","DestinationPort":"5355","src_ip":"192.168.1.41","src_port":63275,"dst_ip":"224.0.0.252","dst_port":5355,"proto":"UDP","bytes":60,"QueryName":null}
+{"@timestamp":1692161651247,"EventID":3,"Channel":"Microsoft-Windows-Sysmon\/Operational","Computer":"192.168.1.41","Image":"UNKNOWN","ParentImage":"UNKNOWN","CommandLine":"UNKNOWN","DestinationIp":"192.168.1.255","DestinationPort":"137","src_ip":"192.168.1.41","src_port":137,"dst_ip":"192.168.1.255","dst_port":137,"proto":"UDP","bytes":78,"QueryName":null}
+{"@timestamp":1692161651337,"EventID":22,"Channel":"Microsoft-Windows-Sysmon\/Operational","Computer":"192.168.1.41","Image":"UNKNOWN","ParentImage":"UNKNOWN","CommandLine":"UNKNOWN","DestinationIp":null,"DestinationPort":null,"src_ip":"192.168.1.41","src_port":60195,"dst_ip":"192.168.1.4","dst_port":53,"proto":"UDP","bytes":29,"QueryName":"ntp.msn.com"}
+{"@timestamp":1692161651366,"EventID":3,"Channel":"Microsoft-Windows-Sysmon\/Operational","Computer":"192.168.1.41","Image":"UNKNOWN","ParentImage":"UNKNOWN","CommandLine":"UNKNOWN","DestinationIp":"192.168.1.255","DestinationPort":"137","src_ip":"192.168.1.41","src_port":137,"dst_ip":"192.168.1.255","dst_port":137,"proto":"UDP","bytes":78,"QueryName":null}
+{"@timestamp":1692161651367,"EventID":3,"Channel":"Microsoft-Windows-Sysmon\/Operational","Computer":"192.168.1.41","Image":"UNKNOWN","ParentImage":"UNKNOWN","CommandLine":"UNKNOWN","DestinationIp":"192.168.1.255","DestinationPort":"137","src_ip":"192.168.1.41","src_port":137,"dst_ip":"192.168.1.255","dst_port":137,"proto":"UDP","bytes":78,"QueryName":null}
+{"@timestamp":1692161651369,"EventID":3,"Channel":"Microsoft-Windows-Sysmon\/Operational","Computer":"192.168.1.41","Image":"UNKNOWN","ParentImage":"UNKNOWN","CommandLine":"UNKNOWN","DestinationIp":"192.168.1.255","DestinationPort":"137","src_ip":"192.168.1.41","src_port":137,"dst_ip":"192.168.1.255","dst_port":137,"proto":"UDP","bytes":78,"QueryName":null}
+{"@timestamp":1692161651387,"EventID":3,"Channel":"Microsoft-Windows-Sysmon\/Operational","Computer":"192.168.1.41","Image":"UNKNOWN","ParentImage":"UNKNOWN","CommandLine":"UNKNOWN","DestinationIp":"192.168.1.255","DestinationPort":"137","src_ip":"192.168.1.41","src_port":137,"dst_ip":"192.168.1.255","dst_port":137,"proto":"UDP","bytes":78,"QueryName":null}
+{"@timestamp":1692161651433,"EventID":22,"Channel":"Microsoft-Windows-Sysmon\/Operational","Computer":"192.168.1.41","Image":"UNKNOWN","ParentImage":"UNKNOWN","CommandLine":"UNKNOWN","DestinationIp":null,"DestinationPort":null,"src_ip":"192.168.1.41","src_port":54473,"dst_ip":"192.168.1.4","dst_port":53,"proto":"UDP","bytes":39,"QueryName":"config.edge.skype.com"}
+{"@timestamp":1692161651457,"EventID":3,"Channel":"Microsoft-Windows-Sysmon\/Operational","Computer":"192.168.1.41","Image":"UNKNOWN","ParentImage":"UNKNOWN","CommandLine":"UNKNOWN","DestinationIp":"192.168.1.255","DestinationPort":"137","src_ip":"192.168.1.41","src_port":137,"dst_ip":"192.168.1.255","dst_port":137,"proto":"UDP","bytes":78,"QueryName":null}
+{"@timestamp":1692161651489,"EventID":22,"Channel":"Microsoft-Windows-Sysmon\/Operational","Computer":"192.168.1.41","Image":"UNKNOWN","ParentImage":"UNKNOWN","CommandLine":"UNKNOWN","DestinationIp":null,"DestinationPort":null,"src_ip":"192.168.1.41","src_port":52748,"dst_ip":"192.168.1.4","dst_port":53,"proto":"UDP","bytes":30,"QueryName":"www.bing.com"}
+{"@timestamp":1692161651613,"EventID":3,"Channel":"Microsoft-Windows-Sysmon\/Operational","Computer":"192.168.1.41","Image":"UNKNOWN","ParentImage":"UNKNOWN","CommandLine":"UNKNOWN","DestinationIp":"224.0.0.251","DestinationPort":"5353","src_ip":"192.168.1.41","src_port":5353,"dst_ip":"224.0.0.251","dst_port":5353,"proto":"UDP","bytes":62,"QueryName":null}
+{"@timestamp":1692161651672,"EventID":3,"Channel":"Microsoft-Windows-Sysmon\/Operational","Computer":"192.168.1.41","Image":"UNKNOWN","ParentImage":"UNKNOWN","CommandLine":"UNKNOWN","DestinationIp":"224.0.0.251","DestinationPort":"5353","src_ip":"192.168.1.41","src_port":5353,"dst_ip":"224.0.0.251","dst_port":5353,"proto":"UDP","bytes":59,"QueryName":null}
+{"@timestamp":1692161651691,"EventID":3,"Channel":"Microsoft-Windows-Sysmon\/Operational","Computer":"192.168.1.41","Image":"UNKNOWN","ParentImage":"UNKNOWN","CommandLine":"UNKNOWN","DestinationIp":"224.0.0.251","DestinationPort":"5353","src_ip":"192.168.1.41","src_port":5353,"dst_ip":"224.0.0.251","dst_port":5353,"proto":"UDP","bytes":66,"QueryName":null}
+{"@timestamp":1692161651696,"EventID":3,"Channel":"Microsoft-Windows-Sysmon\/Operational","Computer":"192.168.1.41","Image":"UNKNOWN","ParentImage":"UNKNOWN","CommandLine":"UNKNOWN","DestinationIp":"224.0.0.251","DestinationPort":"5353","src_ip":"192.168.1.41","src_port":5353,"dst_ip":"224.0.0.251","dst_port":5353,"proto":"UDP","bytes":62,"QueryName":null}
+{"@timestamp":1692161651708,"EventID":3,"Channel":"Microsoft-Windows-Sysmon\/Operational","Computer":"192.168.1.41","Image":"UNKNOWN","ParentImage":"UNKNOWN","CommandLine":"UNKNOWN","DestinationIp":"224.0.0.251","DestinationPort":"5353","src_ip":"192.168.1.41","src_port":5353,"dst_ip":"224.0.0.251","dst_port":5353,"proto":"UDP","bytes":59,"QueryName":null}
+{"@timestamp":1692161651712,"EventID":3,"Channel":"Microsoft-Windows-Sysmon\/Operational","Computer":"192.168.1.41","Image":"UNKNOWN","ParentImage":"UNKNOWN","CommandLine":"UNKNOWN","DestinationIp":"224.0.0.251","DestinationPort":"5353","src_ip":"192.168.1.41","src_port":5353,"dst_ip":"224.0.0.251","dst_port":5353,"proto":"UDP","bytes":66,"QueryName":null}
+{"@timestamp":1692161651932,"EventID":22,"Channel":"Microsoft-Windows-Sysmon\/Operational","Computer":"192.168.1.41","Image":"UNKNOWN","ParentImage":"UNKNOWN","CommandLine":"UNKNOWN","DestinationIp":null,"DestinationPort":null,"src_ip":"192.168.1.41","src_port":54336,"dst_ip":"192.168.1.4","dst_port":53,"proto":"UDP","bytes":32,"QueryName":"wpad.home.arpa"}
+{"@timestamp":1692161651962,"EventID":22,"Channel":"Microsoft-Windows-Sysmon\/Operational","Computer":"192.168.1.41","Image":"UNKNOWN","ParentImage":"UNKNOWN","CommandLine":"UNKNOWN","DestinationIp":null,"DestinationPort":null,"src_ip":"192.168.1.41","src_port":57844,"dst_ip":"192.168.1.4","dst_port":53,"proto":"UDP","bytes":36,"QueryName":"edge.microsoft.com"}
+{"@timestamp":1692161652025,"EventID":3,"Channel":"Microsoft-Windows-Sysmon\/Operational","Computer":"192.168.1.41","Image":"UNKNOWN","ParentImage":"UNKNOWN","CommandLine":"UNKNOWN","DestinationIp":"192.168.1.255","DestinationPort":"137","src_ip":"192.168.1.41","src_port":137,"dst_ip":"192.168.1.255","dst_port":137,"proto":"UDP","bytes":78,"QueryName":null}
+{"@timestamp":1692161652125,"EventID":3,"Channel":"Microsoft-Windows-Sysmon\/Operational","Computer":"192.168.1.41","Image":"UNKNOWN","ParentImage":"UNKNOWN","CommandLine":"UNKNOWN","DestinationIp":"192.168.1.255","DestinationPort":"137","src_ip":"192.168.1.41","src_port":137,"dst_ip":"192.168.1.255","dst_port":137,"proto":"UDP","bytes":78,"QueryName":null}
+{"@timestamp":1692161652127,"EventID":3,"Channel":"Microsoft-Windows-Sysmon\/Operational","Computer":"192.168.1.41","Image":"UNKNOWN","ParentImage":"UNKNOWN","CommandLine":"UNKNOWN","DestinationIp":"192.168.1.255","DestinationPort":"137","src_ip":"192.168.1.41","src_port":137,"dst_ip":"192.168.1.255","dst_port":137,"proto":"UDP","bytes":78,"QueryName":null}
+{"@timestamp":1692161652127,"EventID":3,"Channel":"Microsoft-Windows-Sysmon\/Operational","Computer":"192.168.1.41","Image":"UNKNOWN","ParentImage":"UNKNOWN","CommandLine":"UNKNOWN","DestinationIp":"192.168.1.255","DestinationPort":"137","src_ip":"192.168.1.41","src_port":137,"dst_ip":"192.168.1.255","dst_port":137,"proto":"UDP","bytes":78,"QueryName":null}
+{"@timestamp":1692161652145,"EventID":3,"Channel":"Microsoft-Windows-Sysmon\/Operational","Computer":"192.168.1.41","Image":"UNKNOWN","ParentImage":"UNKNOWN","CommandLine":"UNKNOWN","DestinationIp":"192.168.1.255","DestinationPort":"137","src_ip":"192.168.1.41","src_port":137,"dst_ip":"192.168.1.255","dst_port":137,"proto":"UDP","bytes":78,"QueryName":null}
+{"@timestamp":1692161652215,"EventID":3,"Channel":"Microsoft-Windows-Sysmon\/Operational","Computer":"192.168.1.41","Image":"UNKNOWN","ParentImage":"UNKNOWN","CommandLine":"UNKNOWN","DestinationIp":"192.168.1.255","DestinationPort":"137","src_ip":"192.168.1.41","src_port":137,"dst_ip":"192.168.1.255","dst_port":137,"proto":"UDP","bytes":78,"QueryName":null}
+{"@timestamp":1692161652520,"EventID":22,"Channel":"Microsoft-Windows-Sysmon\/Operational","Computer":"192.168.1.41","Image":"UNKNOWN","ParentImage":"UNKNOWN","CommandLine":"UNKNOWN","DestinationIp":null,"DestinationPort":null,"src_ip":"192.168.1.41","src_port":64466,"dst_ip":"192.168.1.4","dst_port":53,"proto":"UDP","bytes":43,"QueryName":"login.microsoftonline.com"}
+{"@timestamp":1692161652916,"EventID":3,"Channel":"Microsoft-Windows-Sysmon\/Operational","Computer":"192.168.1.41","Image":"UNKNOWN","ParentImage":"UNKNOWN","CommandLine":"UNKNOWN","DestinationIp":"224.0.0.251","DestinationPort":"5353","src_ip":"192.168.1.41","src_port":5353,"dst_ip":"224.0.0.251","dst_port":5353,"proto":"UDP","bytes":68,"QueryName":null}
+{"@timestamp":1692161653043,"EventID":22,"Channel":"Microsoft-Windows-Sysmon\/Operational","Computer":"192.168.1.41","Image":"UNKNOWN","ParentImage":"UNKNOWN","CommandLine":"UNKNOWN","DestinationIp":null,"DestinationPort":null,"src_ip":"192.168.1.41","src_port":57844,"dst_ip":"192.168.1.4","dst_port":53,"proto":"UDP","bytes":36,"QueryName":"edge.microsoft.com"}
+{"@timestamp":1692161653067,"EventID":3,"Channel":"Microsoft-Windows-Sysmon\/Operational","Computer":"192.168.1.4","Image":"UNKNOWN","ParentImage":"UNKNOWN","CommandLine":"UNKNOWN","DestinationIp":"192.168.1.41","DestinationPort":"55002","src_ip":"192.168.1.4","src_port":53,"dst_ip":"192.168.1.41","dst_port":55002,"proto":"UDP","bytes":72,"QueryName":null}
+{"@timestamp":1692161653067,"EventID":3,"Channel":"Microsoft-Windows-Sysmon\/Operational","Computer":"192.168.1.4","Image":"UNKNOWN","ParentImage":"UNKNOWN","CommandLine":"UNKNOWN","DestinationIp":"192.168.1.41","DestinationPort":"54473","src_ip":"192.168.1.4","src_port":53,"dst_ip":"192.168.1.41","dst_port":54473,"proto":"UDP","bytes":67,"QueryName":null}
+{"@timestamp":1692161653068,"EventID":3,"Channel":"Microsoft-Windows-Sysmon\/Operational","Computer":"192.168.1.4","Image":"UNKNOWN","ParentImage":"UNKNOWN","CommandLine":"UNKNOWN","DestinationIp":"192.168.1.41","DestinationPort":"60195","src_ip":"192.168.1.4","src_port":53,"dst_ip":"192.168.1.41","dst_port":60195,"proto":"UDP","bytes":57,"QueryName":null}
+{"@timestamp":1692161653068,"EventID":3,"Channel":"Microsoft-Windows-Sysmon\/Operational","Computer":"192.168.1.4","Image":"UNKNOWN","ParentImage":"UNKNOWN","CommandLine":"UNKNOWN","DestinationIp":"192.168.1.41","DestinationPort":"52748","src_ip":"192.168.1.4","src_port":53,"dst_ip":"192.168.1.41","dst_port":52748,"proto":"UDP","bytes":58,"QueryName":null}
+{"@timestamp":1692161653068,"EventID":3,"Channel":"Microsoft-Windows-Sysmon\/Operational","Computer":"192.168.1.4","Image":"UNKNOWN","ParentImage":"UNKNOWN","CommandLine":"UNKNOWN","DestinationIp":"192.168.1.41","DestinationPort":"64875","src_ip":"192.168.1.4","src_port":53,"dst_ip":"192.168.1.41","dst_port":64875,"proto":"UDP","bytes":70,"QueryName":null}
+{"@timestamp":1692161653068,"EventID":3,"Channel":"Microsoft-Windows-Sysmon\/Operational","Computer":"192.168.1.4","Image":"UNKNOWN","ParentImage":"UNKNOWN","CommandLine":"UNKNOWN","DestinationIp":"192.168.1.41","DestinationPort":"54613","src_ip":"192.168.1.4","src_port":53,"dst_ip":"192.168.1.41","dst_port":54613,"proto":"UDP","bytes":66,"QueryName":null}
+{"@timestamp":1692161653068,"EventID":3,"Channel":"Microsoft-Windows-Sysmon\/Operational","Computer":"192.168.1.4","Image":"UNKNOWN","ParentImage":"UNKNOWN","CommandLine":"UNKNOWN","DestinationIp":"192.168.1.41","DestinationPort":"50955","src_ip":"192.168.1.4","src_port":53,"dst_ip":"192.168.1.41","dst_port":50955,"proto":"UDP","bytes":63,"QueryName":null}
+{"@timestamp":1692161653922,"EventID":3,"Channel":"Microsoft-Windows-Sysmon\/Operational","Computer":"192.168.1.41","Image":"UNKNOWN","ParentImage":"UNKNOWN","CommandLine":"UNKNOWN","DestinationIp":"224.0.0.251","DestinationPort":"5353","src_ip":"192.168.1.41","src_port":5353,"dst_ip":"224.0.0.251","dst_port":5353,"proto":"UDP","bytes":68,"QueryName":null}
+{"@timestamp":1692161654001,"EventID":22,"Channel":"Microsoft-Windows-Sysmon\/Operational","Computer":"192.168.1.41","Image":"UNKNOWN","ParentImage":"UNKNOWN","CommandLine":"UNKNOWN","DestinationIp":null,"DestinationPort":null,"src_ip":"192.168.1.41","src_port":54336,"dst_ip":"192.168.1.4","dst_port":53,"proto":"UDP","bytes":32,"QueryName":"wpad.home.arpa"}
+{"@timestamp":1692161654028,"EventID":22,"Channel":"Microsoft-Windows-Sysmon\/Operational","Computer":"192.168.1.41","Image":"UNKNOWN","ParentImage":"UNKNOWN","CommandLine":"UNKNOWN","DestinationIp":null,"DestinationPort":null,"src_ip":"192.168.1.41","src_port":57844,"dst_ip":"192.168.1.4","dst_port":53,"proto":"UDP","bytes":36,"QueryName":"edge.microsoft.com"}
+{"@timestamp":1692161655952,"EventID":3,"Channel":"Microsoft-Windows-Sysmon\/Operational","Computer":"192.168.1.41","Image":"UNKNOWN","ParentImage":"UNKNOWN","CommandLine":"UNKNOWN","DestinationIp":"224.0.0.251","DestinationPort":"5353","src_ip":"192.168.1.41","src_port":5353,"dst_ip":"224.0.0.251","dst_port":5353,"proto":"UDP","bytes":68,"QueryName":null}
+{"@timestamp":1692161656321,"EventID":22,"Channel":"Microsoft-Windows-Sysmon\/Operational","Computer":"192.168.1.41","Image":"UNKNOWN","ParentImage":"UNKNOWN","CommandLine":"UNKNOWN","DestinationIp":null,"DestinationPort":null,"src_ip":"192.168.1.41","src_port":57844,"dst_ip":"192.168.1.4","dst_port":53,"proto":"UDP","bytes":36,"QueryName":"edge.microsoft.com"}
+{"@timestamp":1692161656445,"EventID":22,"Channel":"Microsoft-Windows-Sysmon\/Operational","Computer":"192.168.1.41","Image":"UNKNOWN","ParentImage":"UNKNOWN","CommandLine":"UNKNOWN","DestinationIp":null,"DestinationPort":null,"src_ip":"192.168.1.41","src_port":63620,"dst_ip":"192.168.1.4","dst_port":53,"proto":"UDP","bytes":41,"QueryName":"ctldl.windowsupdate.com"}
+{"@timestamp":1692161656584,"EventID":22,"Channel":"Microsoft-Windows-Sysmon\/Operational","Computer":"192.168.1.41","Image":"UNKNOWN","ParentImage":"UNKNOWN","CommandLine":"UNKNOWN","DestinationIp":null,"DestinationPort":null,"src_ip":"192.168.1.41","src_port":64466,"dst_ip":"192.168.1.4","dst_port":53,"proto":"UDP","bytes":43,"QueryName":"login.microsoftonline.com"}
+{"@timestamp":1692161656759,"EventID":22,"Channel":"Microsoft-Windows-Sysmon\/Operational","Computer":"192.168.1.41","Image":"UNKNOWN","ParentImage":"UNKNOWN","CommandLine":"UNKNOWN","DestinationIp":null,"DestinationPort":null,"src_ip":"192.168.1.41","src_port":53052,"dst_ip":"192.168.1.4","dst_port":53,"proto":"UDP","bytes":44,"QueryName":"slscr.update.microsoft.com"}
+{"@timestamp":1692161657447,"EventID":22,"Channel":"Microsoft-Windows-Sysmon\/Operational","Computer":"192.168.1.41","Image":"UNKNOWN","ParentImage":"UNKNOWN","CommandLine":"UNKNOWN","DestinationIp":null,"DestinationPort":null,"src_ip":"192.168.1.41","src_port":63620,"dst_ip":"192.168.1.4","dst_port":53,"proto":"UDP","bytes":41,"QueryName":"ctldl.windowsupdate.com"}
+{"@timestamp":1692161657634,"EventID":3,"Channel":"Microsoft-Windows-Sysmon\/Operational","Computer":"192.168.1.4","Image":"UNKNOWN","ParentImage":"UNKNOWN","CommandLine":"UNKNOWN","DestinationIp":"192.168.1.41","DestinationPort":"64466","src_ip":"192.168.1.4","src_port":53,"dst_ip":"192.168.1.41","dst_port":64466,"proto":"UDP","bytes":71,"QueryName":null}
+{"@timestamp":1692161657658,"EventID":22,"Channel":"Microsoft-Windows-Sysmon\/Operational","Computer":"192.168.1.41","Image":"UNKNOWN","ParentImage":"UNKNOWN","CommandLine":"UNKNOWN","DestinationIp":null,"DestinationPort":null,"src_ip":"192.168.1.41","src_port":53052,"dst_ip":"192.168.1.4","dst_port":53,"proto":"UDP","bytes":44,"QueryName":"slscr.update.microsoft.com"}
+{"@timestamp":1692161657890,"EventID":3,"Channel":"Microsoft-Windows-Sysmon\/Operational","Computer":"192.168.1.41","Image":"UNKNOWN","ParentImage":"UNKNOWN","CommandLine":"UNKNOWN","DestinationIp":"192.168.1.4","DestinationPort":"135","src_ip":"192.168.1.41","src_port":55214,"dst_ip":"192.168.1.4","dst_port":135,"proto":"TCP","bytes":40,"QueryName":null}
+{"@timestamp":1692161657892,"EventID":3,"Channel":"Microsoft-Windows-Sysmon\/Operational","Computer":"192.168.1.41","Image":"UNKNOWN","ParentImage":"UNKNOWN","CommandLine":"UNKNOWN","DestinationIp":"192.168.1.4","DestinationPort":"49669","src_ip":"192.168.1.41","src_port":55215,"dst_ip":"192.168.1.4","dst_port":49669,"proto":"TCP","bytes":40,"QueryName":null}
+{"@timestamp":1692161658587,"EventID":22,"Channel":"Microsoft-Windows-Sysmon\/Operational","Computer":"192.168.1.41","Image":"UNKNOWN","ParentImage":"UNKNOWN","CommandLine":"UNKNOWN","DestinationIp":null,"DestinationPort":null,"src_ip":"192.168.1.41","src_port":63620,"dst_ip":"192.168.1.4","dst_port":53,"proto":"UDP","bytes":41,"QueryName":"ctldl.windowsupdate.com"}
+{"@timestamp":1692161658714,"EventID":22,"Channel":"Microsoft-Windows-Sysmon\/Operational","Computer":"192.168.1.41","Image":"UNKNOWN","ParentImage":"UNKNOWN","CommandLine":"UNKNOWN","DestinationIp":null,"DestinationPort":null,"src_ip":"192.168.1.41","src_port":53052,"dst_ip":"192.168.1.4","dst_port":53,"proto":"UDP","bytes":44,"QueryName":"slscr.update.microsoft.com"}
+{"@timestamp":1692161660337,"EventID":22,"Channel":"Microsoft-Windows-Sysmon\/Operational","Computer":"192.168.1.41","Image":"UNKNOWN","ParentImage":"UNKNOWN","CommandLine":"UNKNOWN","DestinationIp":null,"DestinationPort":null,"src_ip":"192.168.1.41","src_port":57844,"dst_ip":"192.168.1.4","dst_port":53,"proto":"UDP","bytes":36,"QueryName":"edge.microsoft.com"}
+{"@timestamp":1692161660381,"EventID":3,"Channel":"Microsoft-Windows-Sysmon\/Operational","Computer":"192.168.1.4","Image":"UNKNOWN","ParentImage":"UNKNOWN","CommandLine":"UNKNOWN","DestinationIp":"192.168.1.41","DestinationPort":"54336","src_ip":"192.168.1.4","src_port":53,"dst_ip":"192.168.1.41","dst_port":54336,"proto":"UDP","bytes":60,"QueryName":null}
+{"@timestamp":1692161660725,"EventID":22,"Channel":"Microsoft-Windows-Sysmon\/Operational","Computer":"192.168.1.41","Image":"UNKNOWN","ParentImage":"UNKNOWN","CommandLine":"UNKNOWN","DestinationIp":null,"DestinationPort":null,"src_ip":"192.168.1.41","src_port":63620,"dst_ip":"192.168.1.4","dst_port":53,"proto":"UDP","bytes":41,"QueryName":"ctldl.windowsupdate.com"}
+{"@timestamp":1692161660725,"EventID":22,"Channel":"Microsoft-Windows-Sysmon\/Operational","Computer":"192.168.1.41","Image":"UNKNOWN","ParentImage":"UNKNOWN","CommandLine":"UNKNOWN","DestinationIp":null,"DestinationPort":null,"src_ip":"192.168.1.41","src_port":53052,"dst_ip":"192.168.1.4","dst_port":53,"proto":"UDP","bytes":44,"QueryName":"slscr.update.microsoft.com"}
+{"@timestamp":1692161661294,"EventID":3,"Channel":"Microsoft-Windows-Sysmon\/Operational","Computer":"192.168.1.4","Image":"UNKNOWN","ParentImage":"UNKNOWN","CommandLine":"UNKNOWN","DestinationIp":"192.168.1.41","DestinationPort":"57844","src_ip":"192.168.1.4","src_port":53,"dst_ip":"192.168.1.41","dst_port":57844,"proto":"UDP","bytes":64,"QueryName":null}
+{"@timestamp":1692161663766,"EventID":3,"Channel":"Microsoft-Windows-Sysmon\/Operational","Computer":"192.168.1.41","Image":"UNKNOWN","ParentImage":"UNKNOWN","CommandLine":"UNKNOWN","DestinationIp":"192.168.1.4","DestinationPort":"135","src_ip":"192.168.1.41","src_port":51127,"dst_ip":"192.168.1.4","dst_port":135,"proto":"TCP","bytes":52,"QueryName":null}
+{"@timestamp":1692161663767,"EventID":3,"Channel":"Microsoft-Windows-Sysmon\/Operational","Computer":"192.168.1.4","Image":"UNKNOWN","ParentImage":"UNKNOWN","CommandLine":"UNKNOWN","DestinationIp":"192.168.1.41","DestinationPort":"51127","src_ip":"192.168.1.4","src_port":135,"dst_ip":"192.168.1.41","dst_port":51127,"proto":"TCP","bytes":52,"QueryName":null}
+{"@timestamp":1692161663773,"EventID":3,"Channel":"Microsoft-Windows-Sysmon\/Operational","Computer":"192.168.1.41","Image":"UNKNOWN","ParentImage":"UNKNOWN","CommandLine":"UNKNOWN","DestinationIp":"192.168.1.4","DestinationPort":"135","src_ip":"192.168.1.41","src_port":51127,"dst_ip":"192.168.1.4","dst_port":135,"proto":"TCP","bytes":40,"QueryName":null}
+{"@timestamp":1692161663773,"EventID":3,"Channel":"Microsoft-Windows-Sysmon\/Operational","Computer":"192.168.1.41","Image":"UNKNOWN","ParentImage":"UNKNOWN","CommandLine":"UNKNOWN","DestinationIp":"192.168.1.4","DestinationPort":"135","src_ip":"192.168.1.41","src_port":51127,"dst_ip":"192.168.1.4","dst_port":135,"proto":"TCP","bytes":200,"QueryName":null}
+{"@timestamp":1692161663775,"EventID":3,"Channel":"Microsoft-Windows-Sysmon\/Operational","Computer":"192.168.1.4","Image":"UNKNOWN","ParentImage":"UNKNOWN","CommandLine":"UNKNOWN","DestinationIp":"192.168.1.41","DestinationPort":"51127","src_ip":"192.168.1.4","src_port":135,"dst_ip":"192.168.1.41","dst_port":51127,"proto":"TCP","bytes":148,"QueryName":null}
+{"@timestamp":1692161663775,"EventID":3,"Channel":"Microsoft-Windows-Sysmon\/Operational","Computer":"192.168.1.41","Image":"UNKNOWN","ParentImage":"UNKNOWN","CommandLine":"UNKNOWN","DestinationIp":"192.168.1.4","DestinationPort":"135","src_ip":"192.168.1.41","src_port":51127,"dst_ip":"192.168.1.4","dst_port":135,"proto":"TCP","bytes":208,"QueryName":null}
+{"@timestamp":1692161663776,"EventID":3,"Channel":"Microsoft-Windows-Sysmon\/Operational","Computer":"192.168.1.4","Image":"UNKNOWN","ParentImage":"UNKNOWN","CommandLine":"UNKNOWN","DestinationIp":"192.168.1.41","DestinationPort":"51127","src_ip":"192.168.1.4","src_port":135,"dst_ip":"192.168.1.41","dst_port":51127,"proto":"TCP","bytes":308,"QueryName":null}
+{"@timestamp":1692161663778,"EventID":3,"Channel":"Microsoft-Windows-Sysmon\/Operational","Computer":"192.168.1.41","Image":"UNKNOWN","ParentImage":"UNKNOWN","CommandLine":"UNKNOWN","DestinationIp":"192.168.1.4","DestinationPort":"49669","src_ip":"192.168.1.41","src_port":51128,"dst_ip":"192.168.1.4","dst_port":49669,"proto":"TCP","bytes":52,"QueryName":null}
+{"@timestamp":1692161663779,"EventID":3,"Channel":"Microsoft-Windows-Sysmon\/Operational","Computer":"192.168.1.4","Image":"UNKNOWN","ParentImage":"UNKNOWN","CommandLine":"UNKNOWN","DestinationIp":"192.168.1.41","DestinationPort":"51128","src_ip":"192.168.1.4","src_port":49669,"dst_ip":"192.168.1.41","dst_port":51128,"proto":"TCP","bytes":52,"QueryName":null}
+{"@timestamp":1692161663779,"EventID":3,"Channel":"Microsoft-Windows-Sysmon\/Operational","Computer":"192.168.1.41","Image":"UNKNOWN","ParentImage":"UNKNOWN","CommandLine":"UNKNOWN","DestinationIp":"192.168.1.4","DestinationPort":"49669","src_ip":"192.168.1.41","src_port":51128,"dst_ip":"192.168.1.4","dst_port":49669,"proto":"TCP","bytes":40,"QueryName":null}
+{"@timestamp":1692161663780,"EventID":3,"Channel":"Microsoft-Windows-Sysmon\/Operational","Computer":"192.168.1.41","Image":"UNKNOWN","ParentImage":"UNKNOWN","CommandLine":"UNKNOWN","DestinationIp":"192.168.1.4","DestinationPort":"49669","src_ip":"192.168.1.41","src_port":51128,"dst_ip":"192.168.1.4","dst_port":49669,"proto":"TCP","bytes":252,"QueryName":null}
+{"@timestamp":1692161663781,"EventID":3,"Channel":"Microsoft-Windows-Sysmon\/Operational","Computer":"192.168.1.4","Image":"UNKNOWN","ParentImage":"UNKNOWN","CommandLine":"UNKNOWN","DestinationIp":"192.168.1.41","DestinationPort":"51128","src_ip":"192.168.1.4","src_port":49669,"dst_ip":"192.168.1.41","dst_port":51128,"proto":"TCP","bytes":168,"QueryName":null}
+{"@timestamp":1692161663782,"EventID":3,"Channel":"Microsoft-Windows-Sysmon\/Operational","Computer":"192.168.1.41","Image":"UNKNOWN","ParentImage":"UNKNOWN","CommandLine":"UNKNOWN","DestinationIp":"192.168.1.4","DestinationPort":"49669","src_ip":"192.168.1.41","src_port":51128,"dst_ip":"192.168.1.4","dst_port":49669,"proto":"TCP","bytes":288,"QueryName":null}
+{"@timestamp":1692161663783,"EventID":3,"Channel":"Microsoft-Windows-Sysmon\/Operational","Computer":"192.168.1.4","Image":"UNKNOWN","ParentImage":"UNKNOWN","CommandLine":"UNKNOWN","DestinationIp":"192.168.1.41","DestinationPort":"51128","src_ip":"192.168.1.4","src_port":49669,"dst_ip":"192.168.1.41","dst_port":51128,"proto":"TCP","bytes":384,"QueryName":null}
+{"@timestamp":1692161663839,"EventID":3,"Channel":"Microsoft-Windows-Sysmon\/Operational","Computer":"192.168.1.4","Image":"UNKNOWN","ParentImage":"UNKNOWN","CommandLine":"UNKNOWN","DestinationIp":"192.168.1.41","DestinationPort":"51127","src_ip":"192.168.1.4","src_port":135,"dst_ip":"192.168.1.41","dst_port":51127,"proto":"TCP","bytes":308,"QueryName":null}
+{"@timestamp":1692161663856,"EventID":3,"Channel":"Microsoft-Windows-Sysmon\/Operational","Computer":"192.168.1.41","Image":"UNKNOWN","ParentImage":"UNKNOWN","CommandLine":"UNKNOWN","DestinationIp":"192.168.1.4","DestinationPort":"135","src_ip":"192.168.1.41","src_port":51127,"dst_ip":"192.168.1.4","dst_port":135,"proto":"TCP","bytes":52,"QueryName":null}
+{"@timestamp":1692161663862,"EventID":3,"Channel":"Microsoft-Windows-Sysmon\/Operational","Computer":"192.168.1.4","Image":"UNKNOWN","ParentImage":"UNKNOWN","CommandLine":"UNKNOWN","DestinationIp":"192.168.1.41","DestinationPort":"51128","src_ip":"192.168.1.4","src_port":49669,"dst_ip":"192.168.1.41","dst_port":51128,"proto":"TCP","bytes":384,"QueryName":null}
+{"@timestamp":1692161663866,"EventID":3,"Channel":"Microsoft-Windows-Sysmon\/Operational","Computer":"192.168.1.41","Image":"UNKNOWN","ParentImage":"UNKNOWN","CommandLine":"UNKNOWN","DestinationIp":"192.168.1.4","DestinationPort":"49669","src_ip":"192.168.1.41","src_port":51128,"dst_ip":"192.168.1.4","dst_port":49669,"proto":"TCP","bytes":52,"QueryName":null}
+{"@timestamp":1692161664706,"EventID":22,"Channel":"Microsoft-Windows-Sysmon\/Operational","Computer":"192.168.1.41","Image":"UNKNOWN","ParentImage":"UNKNOWN","CommandLine":"UNKNOWN","DestinationIp":null,"DestinationPort":null,"src_ip":"192.168.1.41","src_port":53052,"dst_ip":"192.168.1.4","dst_port":53,"proto":"UDP","bytes":44,"QueryName":"slscr.update.microsoft.com"}
+{"@timestamp":1692161664707,"EventID":22,"Channel":"Microsoft-Windows-Sysmon\/Operational","Computer":"192.168.1.41","Image":"UNKNOWN","ParentImage":"UNKNOWN","CommandLine":"UNKNOWN","DestinationIp":null,"DestinationPort":null,"src_ip":"192.168.1.41","src_port":63620,"dst_ip":"192.168.1.4","dst_port":53,"proto":"UDP","bytes":41,"QueryName":"ctldl.windowsupdate.com"}
+{"@timestamp":1692161664930,"EventID":3,"Channel":"Microsoft-Windows-Sysmon\/Operational","Computer":"192.168.1.4","Image":"UNKNOWN","ParentImage":"UNKNOWN","CommandLine":"UNKNOWN","DestinationIp":"192.168.1.41","DestinationPort":"63620","src_ip":"192.168.1.4","src_port":53,"dst_ip":"192.168.1.41","dst_port":63620,"proto":"UDP","bytes":69,"QueryName":null}
+{"@timestamp":1692161664958,"EventID":22,"Channel":"Microsoft-Windows-Sysmon\/Operational","Computer":"192.168.1.41","Image":"UNKNOWN","ParentImage":"UNKNOWN","CommandLine":"UNKNOWN","DestinationIp":null,"DestinationPort":null,"src_ip":"192.168.1.41","src_port":51096,"dst_ip":"192.168.1.4","dst_port":53,"proto":"UDP","bytes":35,"QueryName":"ocsp.verisign.com"}
+{"@timestamp":1692161665951,"EventID":22,"Channel":"Microsoft-Windows-Sysmon\/Operational","Computer":"192.168.1.41","Image":"UNKNOWN","ParentImage":"UNKNOWN","CommandLine":"UNKNOWN","DestinationIp":null,"DestinationPort":null,"src_ip":"192.168.1.41","src_port":51096,"dst_ip":"192.168.1.4","dst_port":53,"proto":"UDP","bytes":35,"QueryName":"ocsp.verisign.com"}
+{"@timestamp":1692161666758,"EventID":3,"Channel":"Microsoft-Windows-Sysmon\/Operational","Computer":"192.168.1.4","Image":"UNKNOWN","ParentImage":"UNKNOWN","CommandLine":"UNKNOWN","DestinationIp":"192.168.1.41","DestinationPort":"53052","src_ip":"192.168.1.4","src_port":53,"dst_ip":"192.168.1.41","dst_port":53052,"proto":"UDP","bytes":72,"QueryName":null}
+{"@timestamp":1692161666961,"EventID":22,"Channel":"Microsoft-Windows-Sysmon\/Operational","Computer":"192.168.1.41","Image":"UNKNOWN","ParentImage":"UNKNOWN","CommandLine":"UNKNOWN","DestinationIp":null,"DestinationPort":null,"src_ip":"192.168.1.41","src_port":51096,"dst_ip":"192.168.1.4","dst_port":53,"proto":"UDP","bytes":35,"QueryName":"ocsp.verisign.com"}
+{"@timestamp":1692161668551,"EventID":3,"Channel":"Microsoft-Windows-Sysmon\/Operational","Computer":"192.168.1.41","Image":"UNKNOWN","ParentImage":"UNKNOWN","CommandLine":"UNKNOWN","DestinationIp":"192.168.1.4","DestinationPort":"123","src_ip":"192.168.1.41","src_port":123,"dst_ip":"192.168.1.4","dst_port":123,"proto":"UDP","bytes":148,"QueryName":null}
+{"@timestamp":1692161668553,"EventID":3,"Channel":"Microsoft-Windows-Sysmon\/Operational","Computer":"192.168.1.4","Image":"UNKNOWN","ParentImage":"UNKNOWN","CommandLine":"UNKNOWN","DestinationIp":"192.168.1.41","DestinationPort":"123","src_ip":"192.168.1.4","src_port":123,"dst_ip":"192.168.1.41","dst_port":123,"proto":"UDP","bytes":148,"QueryName":null}
+{"@timestamp":1692161668971,"EventID":22,"Channel":"Microsoft-Windows-Sysmon\/Operational","Computer":"192.168.1.41","Image":"UNKNOWN","ParentImage":"UNKNOWN","CommandLine":"UNKNOWN","DestinationIp":null,"DestinationPort":null,"src_ip":"192.168.1.41","src_port":51096,"dst_ip":"192.168.1.4","dst_port":53,"proto":"UDP","bytes":35,"QueryName":"ocsp.verisign.com"}
+{"@timestamp":1692161672195,"EventID":22,"Channel":"Microsoft-Windows-Sysmon\/Operational","Computer":"192.168.1.41","Image":"UNKNOWN","ParentImage":"UNKNOWN","CommandLine":"UNKNOWN","DestinationIp":null,"DestinationPort":null,"src_ip":"192.168.1.41","src_port":62211,"dst_ip":"192.168.1.4","dst_port":53,"proto":"UDP","bytes":34,"QueryName":"dns.msftncsi.com"}
+{"@timestamp":1692161673132,"EventID":22,"Channel":"Microsoft-Windows-Sysmon\/Operational","Computer":"192.168.1.41","Image":"UNKNOWN","ParentImage":"UNKNOWN","CommandLine":"UNKNOWN","DestinationIp":null,"DestinationPort":null,"src_ip":"192.168.1.41","src_port":51096,"dst_ip":"192.168.1.4","dst_port":53,"proto":"UDP","bytes":35,"QueryName":"ocsp.verisign.com"}
+{"@timestamp":1692161673206,"EventID":22,"Channel":"Microsoft-Windows-Sysmon\/Operational","Computer":"192.168.1.41","Image":"UNKNOWN","ParentImage":"UNKNOWN","CommandLine":"UNKNOWN","DestinationIp":null,"DestinationPort":null,"src_ip":"192.168.1.41","src_port":62211,"dst_ip":"192.168.1.4","dst_port":53,"proto":"UDP","bytes":34,"QueryName":"dns.msftncsi.com"}
+{"@timestamp":1692161674241,"EventID":22,"Channel":"Microsoft-Windows-Sysmon\/Operational","Computer":"192.168.1.41","Image":"UNKNOWN","ParentImage":"UNKNOWN","CommandLine":"UNKNOWN","DestinationIp":null,"DestinationPort":null,"src_ip":"192.168.1.41","src_port":62211,"dst_ip":"192.168.1.4","dst_port":53,"proto":"UDP","bytes":34,"QueryName":"dns.msftncsi.com"}
+{"@timestamp":1692161674548,"EventID":3,"Channel":"Microsoft-Windows-Sysmon\/Operational","Computer":"192.168.1.41","Image":"UNKNOWN","ParentImage":"UNKNOWN","CommandLine":"UNKNOWN","DestinationIp":"10.0.5.13","DestinationPort":"8080","src_ip":"192.168.1.41","src_port":51129,"dst_ip":"10.0.5.13","dst_port":8080,"proto":"TCP","bytes":52,"QueryName":null}
+{"@timestamp":1692161674550,"EventID":3,"Channel":"Microsoft-Windows-Sysmon\/Operational","Computer":"10.0.5.13","Image":"UNKNOWN","ParentImage":"UNKNOWN","CommandLine":"UNKNOWN","DestinationIp":"192.168.1.41","DestinationPort":"51129","src_ip":"10.0.5.13","src_port":8080,"dst_ip":"192.168.1.41","dst_port":51129,"proto":"TCP","bytes":52,"QueryName":null}
+{"@timestamp":1692161674552,"EventID":3,"Channel":"Microsoft-Windows-Sysmon\/Operational","Computer":"192.168.1.41","Image":"UNKNOWN","ParentImage":"UNKNOWN","CommandLine":"UNKNOWN","DestinationIp":"10.0.5.13","DestinationPort":"8080","src_ip":"192.168.1.41","src_port":51129,"dst_ip":"10.0.5.13","dst_port":8080,"proto":"TCP","bytes":40,"QueryName":null}
+{"@timestamp":1692161674651,"EventID":3,"Channel":"Microsoft-Windows-Sysmon\/Operational","Computer":"192.168.1.41","Image":"UNKNOWN","ParentImage":"UNKNOWN","CommandLine":"UNKNOWN","DestinationIp":"10.0.5.13","DestinationPort":"8080","src_ip":"192.168.1.41","src_port":51129,"dst_ip":"10.0.5.13","dst_port":8080,"proto":"TCP","bytes":198,"QueryName":null}
+{"@timestamp":1692161674663,"EventID":3,"Channel":"Microsoft-Windows-Sysmon\/Operational","Computer":"10.0.5.13","Image":"UNKNOWN","ParentImage":"UNKNOWN","CommandLine":"UNKNOWN","DestinationIp":"192.168.1.41","DestinationPort":"51129","src_ip":"10.0.5.13","src_port":8080,"dst_ip":"192.168.1.41","dst_port":51129,"proto":"TCP","bytes":40,"QueryName":null}
+{"@timestamp":1692161674667,"EventID":3,"Channel":"Microsoft-Windows-Sysmon\/Operational","Computer":"10.0.5.13","Image":"UNKNOWN","ParentImage":"UNKNOWN","CommandLine":"UNKNOWN","DestinationIp":"192.168.1.41","DestinationPort":"51129","src_ip":"10.0.5.13","src_port":8080,"dst_ip":"192.168.1.41","dst_port":51129,"proto":"TCP","bytes":1426,"QueryName":null}
+{"@timestamp":1692161674667,"EventID":3,"Channel":"Microsoft-Windows-Sysmon\/Operational","Computer":"192.168.1.41","Image":"UNKNOWN","ParentImage":"UNKNOWN","CommandLine":"UNKNOWN","DestinationIp":"10.0.5.13","DestinationPort":"8080","src_ip":"192.168.1.41","src_port":51129,"dst_ip":"10.0.5.13","dst_port":8080,"proto":"TCP","bytes":40,"QueryName":null}
+{"@timestamp":1692161674980,"EventID":3,"Channel":"Microsoft-Windows-Sysmon\/Operational","Computer":"192.168.1.4","Image":"UNKNOWN","ParentImage":"UNKNOWN","CommandLine":"UNKNOWN","DestinationIp":"192.168.1.41","DestinationPort":"51096","src_ip":"192.168.1.4","src_port":53,"dst_ip":"192.168.1.41","dst_port":51096,"proto":"UDP","bytes":63,"QueryName":null}
