+{"@timestamp":1692161644213,"EventID":22,"Channel":"Microsoft-Windows-Sysmon\/Operational","Computer":"192.168.1.41","Image":"UNKNOWN","ParentImage":"UNKNOWN","CommandLine":"UNKNOWN","DestinationIp":null,"DestinationPort":null,"src_ip":"192.168.1.41","src_port":60195,"dst_ip":"192.168.1.4","dst_port":53,"proto":"UDP","bytes":29,"QueryName":"ntp.msn.com"}
+{"@timestamp":1692161644214,"EventID":22,"Channel":"Microsoft-Windows-Sysmon\/Operational","Computer":"192.168.1.41","Image":"UNKNOWN","ParentImage":"UNKNOWN","CommandLine":"UNKNOWN","DestinationIp":null,"DestinationPort":null,"src_ip":"192.168.1.41","src_port":52748,"dst_ip":"192.168.1.4","dst_port":53,"proto":"UDP","bytes":30,"QueryName":"www.bing.com"}
+{"@timestamp":1692161644225,"EventID":22,"Channel":"Microsoft-Windows-Sysmon\/Operational","Computer":"192.168.1.41","Image":"UNKNOWN","ParentImage":"UNKNOWN","CommandLine":"UNKNOWN","DestinationIp":null,"DestinationPort":null,"src_ip":"192.168.1.41","src_port":64875,"dst_ip":"192.168.1.4","dst_port":53,"proto":"UDP","bytes":42,"QueryName":"tqimoyfjlwqmts.home.arpa"}
+{"@timestamp":1692161644240,"EventID":22,"Channel":"Microsoft-Windows-Sysmon\/Operational","Computer":"192.168.1.41","Image":"UNKNOWN","ParentImage":"UNKNOWN","CommandLine":"UNKNOWN","DestinationIp":null,"DestinationPort":null,"src_ip":"192.168.1.41","src_port":54613,"dst_ip":"192.168.1.4","dst_port":53,"proto":"UDP","bytes":38,"QueryName":"zsvtcebybn.home.arpa"}
+{"@timestamp":1692161644241,"EventID":22,"Channel":"Microsoft-Windows-Sysmon\/Operational","Computer":"192.168.1.41","Image":"UNKNOWN","ParentImage":"UNKNOWN","CommandLine":"UNKNOWN","DestinationIp":null,"DestinationPort":null,"src_ip":"192.168.1.41","src_port":50955,"dst_ip":"192.168.1.4","dst_port":53,"proto":"UDP","bytes":35,"QueryName":"kdbuyqn.home.arpa"}
+{"@timestamp":1692161644532,"EventID":3,"Channel":"Microsoft-Windows-Sysmon\/Operational","Computer":"192.168.1.41","Image":"UNKNOWN","ParentImage":"UNKNOWN","CommandLine":"UNKNOWN","DestinationIp":"239.255.255.250","DestinationPort":"1900","src_ip":"192.168.1.41","src_port":56740,"dst_ip":"239.255.255.250","dst_port":1900,"proto":"UDP","bytes":201,"QueryName":null}
+{"@timestamp":1692161644748,"EventID":3,"Channel":"Microsoft-Windows-Sysmon\/Operational","Computer":"192.168.1.41","Image":"UNKNOWN","ParentImage":"UNKNOWN","CommandLine":"UNKNOWN","DestinationIp":"10.0.5.13","DestinationPort":"80","src_ip":"192.168.1.41","src_port":55213,"dst_ip":"10.0.5.13","dst_port":80,"proto":"TCP","bytes":40,"QueryName":null}
+{"@timestamp":1692161644750,"EventID":3,"Channel":"Microsoft-Windows-Sysmon\/Operational","Computer":"10.0.5.13","Image":"UNKNOWN","ParentImage":"UNKNOWN","CommandLine":"UNKNOWN","DestinationIp":"192.168.1.41","DestinationPort":"55213","src_ip":"10.0.5.13","src_port":80,"dst_ip":"192.168.1.41","dst_port":55213,"proto":"TCP","bytes":40,"QueryName":null}
+{"@timestamp":1692161644815,"EventID":22,"Channel":"Microsoft-Windows-Sysmon\/Operational","Computer":"192.168.1.41","Image":"UNKNOWN","ParentImage":"UNKNOWN","CommandLine":"UNKNOWN","DestinationIp":null,"DestinationPort":null,"src_ip":"192.168.1.41","src_port":56739,"dst_ip":"192.168.1.4","dst_port":53,"proto":"UDP","bytes":34,"QueryName":"dns.msftncsi.com"}
+{"@timestamp":1692161644836,"EventID":3,"Channel":"Microsoft-Windows-Sysmon\/Operational","Computer":"192.168.1.4","Image":"UNKNOWN","ParentImage":"UNKNOWN","CommandLine":"UNKNOWN","DestinationIp":"192.168.1.41","DestinationPort":"55002","src_ip":"192.168.1.4","src_port":53,"dst_ip":"192.168.1.41","dst_port":55002,"proto":"UDP","bytes":72,"QueryName":null}
+{"@timestamp":1692161644836,"EventID":3,"Channel":"Microsoft-Windows-Sysmon\/Operational","Computer":"192.168.1.4","Image":"UNKNOWN","ParentImage":"UNKNOWN","CommandLine":"UNKNOWN","DestinationIp":"192.168.1.41","DestinationPort":"61988","src_ip":"192.168.1.4","src_port":53,"dst_ip":"192.168.1.41","dst_port":61988,"proto":"UDP","bytes":72,"QueryName":null}
+{"@timestamp":1692161645305,"EventID":22,"Channel":"Microsoft-Windows-Sysmon\/Operational","Computer":"192.168.1.41","Image":"UNKNOWN","ParentImage":"UNKNOWN","CommandLine":"UNKNOWN","DestinationIp":null,"DestinationPort":null,"src_ip":"192.168.1.41","src_port":65224,"dst_ip":"192.168.1.4","dst_port":53,"proto":"UDP","bytes":32,"QueryName":"wpad.home.arpa"}
+{"@timestamp":1692161645306,"EventID":22,"Channel":"Microsoft-Windows-Sysmon\/Operational","Computer":"192.168.1.41","Image":"UNKNOWN","ParentImage":"UNKNOWN","CommandLine":"UNKNOWN","DestinationIp":null,"DestinationPort":null,"src_ip":"192.168.1.41","src_port":60195,"dst_ip":"192.168.1.4","dst_port":53,"proto":"UDP","bytes":29,"QueryName":"ntp.msn.com"}
+{"@timestamp":1692161645325,"EventID":22,"Channel":"Microsoft-Windows-Sysmon\/Operational","Computer":"192.168.1.41","Image":"UNKNOWN","ParentImage":"UNKNOWN","CommandLine":"UNKNOWN","DestinationIp":null,"DestinationPort":null,"src_ip":"192.168.1.41","src_port":54473,"dst_ip":"192.168.1.4","dst_port":53,"proto":"UDP","bytes":39,"QueryName":"config.edge.skype.com"}
+{"@timestamp":1692161645354,"EventID":22,"Channel":"Microsoft-Windows-Sysmon\/Operational","Computer":"192.168.1.41","Image":"UNKNOWN","ParentImage":"UNKNOWN","CommandLine":"UNKNOWN","DestinationIp":null,"DestinationPort":null,"src_ip":"192.168.1.41","src_port":52748,"dst_ip":"192.168.1.4","dst_port":53,"proto":"UDP","bytes":30,"QueryName":"www.bing.com"}
+{"@timestamp":1692161645535,"EventID":3,"Channel":"Microsoft-Windows-Sysmon\/Operational","Computer":"192.168.1.41","Image":"UNKNOWN","ParentImage":"UNKNOWN","CommandLine":"UNKNOWN","DestinationIp":"239.255.255.250","DestinationPort":"1900","src_ip":"192.168.1.41","src_port":56740,"dst_ip":"239.255.255.250","dst_port":1900,"proto":"UDP","bytes":201,"QueryName":null}
+{"@timestamp":1692161646381,"EventID":22,"Channel":"Microsoft-Windows-Sysmon\/Operational","Computer":"192.168.1.41","Image":"UNKNOWN","ParentImage":"UNKNOWN","CommandLine":"UNKNOWN","DestinationIp":null,"DestinationPort":null,"src_ip":"192.168.1.41","src_port":64875,"dst_ip":"192.168.1.4","dst_port":53,"proto":"UDP","bytes":42,"QueryName":"tqimoyfjlwqmts.home.arpa"}
+{"@timestamp":1692161646402,"EventID":22,"Channel":"Microsoft-Windows-Sysmon\/Operational","Computer":"192.168.1.41","Image":"UNKNOWN","ParentImage":"UNKNOWN","CommandLine":"UNKNOWN","DestinationIp":null,"DestinationPort":null,"src_ip":"192.168.1.41","src_port":54613,"dst_ip":"192.168.1.4","dst_port":53,"proto":"UDP","bytes":38,"QueryName":"zsvtcebybn.home.arpa"}
+{"@timestamp":1692161646403,"EventID":22,"Channel":"Microsoft-Windows-Sysmon\/Operational","Computer":"192.168.1.41","Image":"UNKNOWN","ParentImage":"UNKNOWN","CommandLine":"UNKNOWN","DestinationIp":null,"DestinationPort":null,"src_ip":"192.168.1.41","src_port":50955,"dst_ip":"192.168.1.4","dst_port":53,"proto":"UDP","bytes":35,"QueryName":"kdbuyqn.home.arpa"}
+{"@timestamp":1692161646437,"EventID":3,"Channel":"Microsoft-Windows-Sysmon\/Operational","Computer":"192.168.1.41","Image":"UNKNOWN","ParentImage":"UNKNOWN","CommandLine":"UNKNOWN","DestinationIp":"10.0.5.13","DestinationPort":"80","src_ip":"192.168.1.41","src_port":52887,"dst_ip":"10.0.5.13","dst_port":80,"proto":"TCP","bytes":411,"QueryName":null}
+{"@timestamp":1692161646442,"EventID":3,"Channel":"Microsoft-Windows-Sysmon\/Operational","Computer":"10.0.5.13","Image":"UNKNOWN","ParentImage":"UNKNOWN","CommandLine":"UNKNOWN","DestinationIp":"192.168.1.41","DestinationPort":"52887","src_ip":"10.0.5.13","src_port":80,"dst_ip":"192.168.1.41","dst_port":52887,"proto":"TCP","bytes":40,"QueryName":null}
+{"@timestamp":1692161646505,"EventID":3,"Channel":"Microsoft-Windows-Sysmon\/Operational","Computer":"10.0.5.13","Image":"UNKNOWN","ParentImage":"UNKNOWN","CommandLine":"UNKNOWN","DestinationIp":"192.168.1.41","DestinationPort":"52887","src_ip":"10.0.5.13","src_port":80,"dst_ip":"192.168.1.41","dst_port":52887,"proto":"TCP","bytes":225,"QueryName":null}
+{"@timestamp":1692161646505,"EventID":3,"Channel":"Microsoft-Windows-Sysmon\/Operational","Computer":"10.0.5.13","Image":"UNKNOWN","ParentImage":"UNKNOWN","CommandLine":"UNKNOWN","DestinationIp":"192.168.1.41","DestinationPort":"52887","src_ip":"10.0.5.13","src_port":80,"dst_ip":"192.168.1.41","dst_port":52887,"proto":"TCP","bytes":375,"QueryName":null}
+{"@timestamp":1692161646536,"EventID":3,"Channel":"Microsoft-Windows-Sysmon\/Operational","Computer":"192.168.1.41","Image":"UNKNOWN","ParentImage":"UNKNOWN","CommandLine":"UNKNOWN","DestinationIp":"10.0.5.13","DestinationPort":"80","src_ip":"192.168.1.41","src_port":52887,"dst_ip":"10.0.5.13","dst_port":80,"proto":"TCP","bytes":40,"QueryName":null}
+{"@timestamp":1692161646576,"EventID":3,"Channel":"Microsoft-Windows-Sysmon\/Operational","Computer":"192.168.1.41","Image":"UNKNOWN","ParentImage":"UNKNOWN","CommandLine":"UNKNOWN","DestinationIp":"10.0.5.13","DestinationPort":"80","src_ip":"192.168.1.41","src_port":52887,"dst_ip":"10.0.5.13","dst_port":80,"proto":"TCP","bytes":40,"QueryName":null}
+{"@timestamp":1692161646579,"EventID":3,"Channel":"Microsoft-Windows-Sysmon\/Operational","Computer":"10.0.5.13","Image":"UNKNOWN","ParentImage":"UNKNOWN","CommandLine":"UNKNOWN","DestinationIp":"192.168.1.41","DestinationPort":"52887","src_ip":"10.0.5.13","src_port":80,"dst_ip":"192.168.1.41","dst_port":52887,"proto":"TCP","bytes":40,"QueryName":null}
+{"@timestamp":1692161646935,"EventID":22,"Channel":"Microsoft-Windows-Sysmon\/Operational","Computer":"192.168.1.41","Image":"UNKNOWN","ParentImage":"UNKNOWN","CommandLine":"UNKNOWN","DestinationIp":null,"DestinationPort":null,"src_ip":"192.168.1.41","src_port":56739,"dst_ip":"192.168.1.4","dst_port":53,"proto":"UDP","bytes":34,"QueryName":"dns.msftncsi.com"}
+{"@timestamp":1692161647329,"EventID":22,"Channel":"Microsoft-Windows-Sysmon\/Operational","Computer":"192.168.1.41","Image":"UNKNOWN","ParentImage":"UNKNOWN","CommandLine":"UNKNOWN","DestinationIp":null,"DestinationPort":null,"src_ip":"192.168.1.41","src_port":60195,"dst_ip":"192.168.1.4","dst_port":53,"proto":"UDP","bytes":29,"QueryName":"ntp.msn.com"}
+{"@timestamp":1692161647405,"EventID":22,"Channel":"Microsoft-Windows-Sysmon\/Operational","Computer":"192.168.1.41","Image":"UNKNOWN","ParentImage":"UNKNOWN","CommandLine":"UNKNOWN","DestinationIp":null,"DestinationPort":null,"src_ip":"192.168.1.41","src_port":54473,"dst_ip":"192.168.1.4","dst_port":53,"proto":"UDP","bytes":39,"QueryName":"config.edge.skype.com"}
+{"@timestamp":1692161647438,"EventID":3,"Channel":"Microsoft-Windows-Sysmon\/Operational","Computer":"192.168.1.41","Image":"UNKNOWN","ParentImage":"UNKNOWN","CommandLine":"UNKNOWN","DestinationIp":"192.168.1.4","DestinationPort":"135","src_ip":"192.168.1.41","src_port":55214,"dst_ip":"192.168.1.4","dst_port":135,"proto":"TCP","bytes":52,"QueryName":null}
+{"@timestamp":1692161647440,"EventID":3,"Channel":"Microsoft-Windows-Sysmon\/Operational","Computer":"192.168.1.4","Image":"UNKNOWN","ParentImage":"UNKNOWN","CommandLine":"UNKNOWN","DestinationIp":"192.168.1.41","DestinationPort":"55214","src_ip":"192.168.1.4","src_port":135,"dst_ip":"192.168.1.41","dst_port":55214,"proto":"TCP","bytes":52,"QueryName":null}
+{"@timestamp":1692161647449,"EventID":3,"Channel":"Microsoft-Windows-Sysmon\/Operational","Computer":"192.168.1.41","Image":"UNKNOWN","ParentImage":"UNKNOWN","CommandLine":"UNKNOWN","DestinationIp":"192.168.1.4","DestinationPort":"135","src_ip":"192.168.1.41","src_port":55214,"dst_ip":"192.168.1.4","dst_port":135,"proto":"TCP","bytes":40,"QueryName":null}
+{"@timestamp":1692161647460,"EventID":3,"Channel":"Microsoft-Windows-Sysmon\/Operational","Computer":"192.168.1.41","Image":"UNKNOWN","ParentImage":"UNKNOWN","CommandLine":"UNKNOWN","DestinationIp":"192.168.1.4","DestinationPort":"135","src_ip":"192.168.1.41","src_port":55214,"dst_ip":"192.168.1.4","dst_port":135,"proto":"TCP","bytes":200,"QueryName":null}
+{"@timestamp":1692161647462,"EventID":3,"Channel":"Microsoft-Windows-Sysmon\/Operational","Computer":"192.168.1.4","Image":"UNKNOWN","ParentImage":"UNKNOWN","CommandLine":"UNKNOWN","DestinationIp":"192.168.1.41","DestinationPort":"55214","src_ip":"192.168.1.4","src_port":135,"dst_ip":"192.168.1.41","dst_port":55214,"proto":"TCP","bytes":148,"QueryName":null}
+{"@timestamp":1692161647471,"EventID":3,"Channel":"Microsoft-Windows-Sysmon\/Operational","Computer":"192.168.1.41","Image":"UNKNOWN","ParentImage":"UNKNOWN","CommandLine":"UNKNOWN","DestinationIp":"192.168.1.4","DestinationPort":"135","src_ip":"192.168.1.41","src_port":55214,"dst_ip":"192.168.1.4","dst_port":135,"proto":"TCP","bytes":208,"QueryName":null}
+{"@timestamp":1692161647472,"EventID":3,"Channel":"Microsoft-Windows-Sysmon\/Operational","Computer":"192.168.1.4","Image":"UNKNOWN","ParentImage":"UNKNOWN","CommandLine":"UNKNOWN","DestinationIp":"192.168.1.41","DestinationPort":"55214","src_ip":"192.168.1.4","src_port":135,"dst_ip":"192.168.1.41","dst_port":55214,"proto":"TCP","bytes":308,"QueryName":null}
+{"@timestamp":1692161647479,"EventID":22,"Channel":"Microsoft-Windows-Sysmon\/Operational","Computer":"192.168.1.41","Image":"UNKNOWN","ParentImage":"UNKNOWN","CommandLine":"UNKNOWN","DestinationIp":null,"DestinationPort":null,"src_ip":"192.168.1.41","src_port":52748,"dst_ip":"192.168.1.4","dst_port":53,"proto":"UDP","bytes":30,"QueryName":"www.bing.com"}
+{"@timestamp":1692161647495,"EventID":3,"Channel":"Microsoft-Windows-Sysmon\/Operational","Computer":"192.168.1.41","Image":"UNKNOWN","ParentImage":"UNKNOWN","CommandLine":"UNKNOWN","DestinationIp":"192.168.1.4","DestinationPort":"49669","src_ip":"192.168.1.41","src_port":55215,"dst_ip":"192.168.1.4","dst_port":49669,"proto":"TCP","bytes":52,"QueryName":null}
+{"@timestamp":1692161647497,"EventID":3,"Channel":"Microsoft-Windows-Sysmon\/Operational","Computer":"192.168.1.4","Image":"UNKNOWN","ParentImage":"UNKNOWN","CommandLine":"UNKNOWN","DestinationIp":"192.168.1.41","DestinationPort":"55215","src_ip":"192.168.1.4","src_port":49669,"dst_ip":"192.168.1.41","dst_port":55215,"proto":"TCP","bytes":52,"QueryName":null}
+{"@timestamp":1692161647498,"EventID":3,"Channel":"Microsoft-Windows-Sysmon\/Operational","Computer":"192.168.1.41","Image":"UNKNOWN","ParentImage":"UNKNOWN","CommandLine":"UNKNOWN","DestinationIp":"192.168.1.4","DestinationPort":"49669","src_ip":"192.168.1.41","src_port":55215,"dst_ip":"192.168.1.4","dst_port":49669,"proto":"TCP","bytes":40,"QueryName":null}
+{"@timestamp":1692161647500,"EventID":3,"Channel":"Microsoft-Windows-Sysmon\/Operational","Computer":"192.168.1.41","Image":"UNKNOWN","ParentImage":"UNKNOWN","CommandLine":"UNKNOWN","DestinationIp":"192.168.1.4","DestinationPort":"88","src_ip":"192.168.1.41","src_port":55216,"dst_ip":"192.168.1.4","dst_port":88,"proto":"TCP","bytes":52,"QueryName":null}
+{"@timestamp":1692161647502,"EventID":3,"Channel":"Microsoft-Windows-Sysmon\/Operational","Computer":"192.168.1.4","Image":"UNKNOWN","ParentImage":"UNKNOWN","CommandLine":"UNKNOWN","DestinationIp":"192.168.1.41","DestinationPort":"55216","src_ip":"192.168.1.4","src_port":88,"dst_ip":"192.168.1.41","dst_port":55216,"proto":"TCP","bytes":52,"QueryName":null}
+{"@timestamp":1692161647503,"EventID":3,"Channel":"Microsoft-Windows-Sysmon\/Operational","Computer":"192.168.1.41","Image":"UNKNOWN","ParentImage":"UNKNOWN","CommandLine":"UNKNOWN","DestinationIp":"192.168.1.4","DestinationPort":"88","src_ip":"192.168.1.41","src_port":55216,"dst_ip":"192.168.1.4","dst_port":88,"proto":"TCP","bytes":40,"QueryName":null}
+{"@timestamp":1692161647504,"EventID":3,"Channel":"Microsoft-Windows-Sysmon\/Operational","Computer":"192.168.1.41","Image":"UNKNOWN","ParentImage":"UNKNOWN","CommandLine":"UNKNOWN","DestinationIp":"192.168.1.4","DestinationPort":"88","src_ip":"192.168.1.41","src_port":55216,"dst_ip":"192.168.1.4","dst_port":88,"proto":"TCP","bytes":277,"QueryName":null}
+{"@timestamp":1692161647506,"EventID":3,"Channel":"Microsoft-Windows-Sysmon\/Operational","Computer":"192.168.1.4","Image":"UNKNOWN","ParentImage":"UNKNOWN","CommandLine":"UNKNOWN","DestinationIp":"192.168.1.41","DestinationPort":"55216","src_ip":"192.168.1.4","src_port":88,"dst_ip":"192.168.1.41","dst_port":55216,"proto":"TCP","bytes":251,"QueryName":null}
+{"@timestamp":1692161647507,"EventID":3,"Channel":"Microsoft-Windows-Sysmon\/Operational","Computer":"192.168.1.41","Image":"UNKNOWN","ParentImage":"UNKNOWN","CommandLine":"UNKNOWN","DestinationIp":"192.168.1.4","DestinationPort":"88","src_ip":"192.168.1.41","src_port":55216,"dst_ip":"192.168.1.4","dst_port":88,"proto":"TCP","bytes":40,"QueryName":null}
+{"@timestamp":1692161647509,"EventID":3,"Channel":"Microsoft-Windows-Sysmon\/Operational","Computer":"192.168.1.4","Image":"UNKNOWN","ParentImage":"UNKNOWN","CommandLine":"UNKNOWN","DestinationIp":"192.168.1.41","DestinationPort":"55216","src_ip":"192.168.1.4","src_port":88,"dst_ip":"192.168.1.41","dst_port":55216,"proto":"TCP","bytes":40,"QueryName":null}
+{"@timestamp":1692161647509,"EventID":3,"Channel":"Microsoft-Windows-Sysmon\/Operational","Computer":"192.168.1.4","Image":"UNKNOWN","ParentImage":"UNKNOWN","CommandLine":"UNKNOWN","DestinationIp":"192.168.1.41","DestinationPort":"55216","src_ip":"192.168.1.4","src_port":88,"dst_ip":"192.168.1.41","dst_port":55216,"proto":"TCP","bytes":40,"QueryName":null}
+{"@timestamp":1692161647510,"EventID":3,"Channel":"Microsoft-Windows-Sysmon\/Operational","Computer":"192.168.1.41","Image":"UNKNOWN","ParentImage":"UNKNOWN","CommandLine":"UNKNOWN","DestinationIp":"192.168.1.4","DestinationPort":"88","src_ip":"192.168.1.41","src_port":55217,"dst_ip":"192.168.1.4","dst_port":88,"proto":"TCP","bytes":52,"QueryName":null}
+{"@timestamp":1692161647511,"EventID":3,"Channel":"Microsoft-Windows-Sysmon\/Operational","Computer":"192.168.1.4","Image":"UNKNOWN","ParentImage":"UNKNOWN","CommandLine":"UNKNOWN","DestinationIp":"192.168.1.41","DestinationPort":"55217","src_ip":"192.168.1.4","src_port":88,"dst_ip":"192.168.1.41","dst_port":55217,"proto":"TCP","bytes":52,"QueryName":null}
+{"@timestamp":1692161647511,"EventID":3,"Channel":"Microsoft-Windows-Sysmon\/Operational","Computer":"192.168.1.41","Image":"UNKNOWN","ParentImage":"UNKNOWN","CommandLine":"UNKNOWN","DestinationIp":"192.168.1.4","DestinationPort":"88","src_ip":"192.168.1.41","src_port":55217,"dst_ip":"192.168.1.4","dst_port":88,"proto":"TCP","bytes":40,"QueryName":null}
+{"@timestamp":1692161647513,"EventID":3,"Channel":"Microsoft-Windows-Sysmon\/Operational","Computer":"192.168.1.41","Image":"UNKNOWN","ParentImage":"UNKNOWN","CommandLine":"UNKNOWN","DestinationIp":"192.168.1.4","DestinationPort":"88","src_ip":"192.168.1.41","src_port":55217,"dst_ip":"192.168.1.4","dst_port":88,"proto":"TCP","bytes":357,"QueryName":null}
+{"@timestamp":1692161647516,"EventID":3,"Channel":"Microsoft-Windows-Sysmon\/Operational","Computer":"192.168.1.4","Image":"UNKNOWN","ParentImage":"UNKNOWN","CommandLine":"UNKNOWN","DestinationIp":"192.168.1.41","DestinationPort":"55217","src_ip":"192.168.1.4","src_port":88,"dst_ip":"192.168.1.41","dst_port":55217,"proto":"TCP","bytes":1500,"QueryName":null}
+{"@timestamp":1692161647516,"EventID":3,"Channel":"Microsoft-Windows-Sysmon\/Operational","Computer":"192.168.1.4","Image":"UNKNOWN","ParentImage":"UNKNOWN","CommandLine":"UNKNOWN","DestinationIp":"192.168.1.41","DestinationPort":"55217","src_ip":"192.168.1.4","src_port":88,"dst_ip":"192.168.1.41","dst_port":55217,"proto":"TCP","bytes":275,"QueryName":null}
+{"@timestamp":1692161647517,"EventID":3,"Channel":"Microsoft-Windows-Sysmon\/Operational","Computer":"192.168.1.41","Image":"UNKNOWN","ParentImage":"UNKNOWN","CommandLine":"UNKNOWN","DestinationIp":"192.168.1.4","DestinationPort":"88","src_ip":"192.168.1.41","src_port":55217,"dst_ip":"192.168.1.4","dst_port":88,"proto":"TCP","bytes":40,"QueryName":null}
+{"@timestamp":1692161647518,"EventID":3,"Channel":"Microsoft-Windows-Sysmon\/Operational","Computer":"192.168.1.41","Image":"UNKNOWN","ParentImage":"UNKNOWN","CommandLine":"UNKNOWN","DestinationIp":"192.168.1.4","DestinationPort":"88","src_ip":"192.168.1.41","src_port":55217,"dst_ip":"192.168.1.4","dst_port":88,"proto":"TCP","bytes":40,"QueryName":null}
+{"@timestamp":1692161647520,"EventID":3,"Channel":"Microsoft-Windows-Sysmon\/Operational","Computer":"192.168.1.4","Image":"UNKNOWN","ParentImage":"UNKNOWN","CommandLine":"UNKNOWN","DestinationIp":"192.168.1.41","DestinationPort":"55217","src_ip":"192.168.1.4","src_port":88,"dst_ip":"192.168.1.41","dst_port":55217,"proto":"TCP","bytes":40,"QueryName":null}
+{"@timestamp":1692161647520,"EventID":3,"Channel":"Microsoft-Windows-Sysmon\/Operational","Computer":"192.168.1.4","Image":"UNKNOWN","ParentImage":"UNKNOWN","CommandLine":"UNKNOWN","DestinationIp":"192.168.1.41","DestinationPort":"55217","src_ip":"192.168.1.4","src_port":88,"dst_ip":"192.168.1.41","dst_port":55217,"proto":"TCP","bytes":40,"QueryName":null}
+{"@timestamp":1692161647521,"EventID":3,"Channel":"Microsoft-Windows-Sysmon\/Operational","Computer":"192.168.1.41","Image":"UNKNOWN","ParentImage":"UNKNOWN","CommandLine":"UNKNOWN","DestinationIp":"192.168.1.4","DestinationPort":"88","src_ip":"192.168.1.41","src_port":55218,"dst_ip":"192.168.1.4","dst_port":88,"proto":"TCP","bytes":52,"QueryName":null}
+{"@timestamp":1692161647522,"EventID":3,"Channel":"Microsoft-Windows-Sysmon\/Operational","Computer":"192.168.1.4","Image":"UNKNOWN","ParentImage":"UNKNOWN","CommandLine":"UNKNOWN","DestinationIp":"192.168.1.41","DestinationPort":"55218","src_ip":"192.168.1.4","src_port":88,"dst_ip":"192.168.1.41","dst_port":55218,"proto":"TCP","bytes":52,"QueryName":null}
+{"@timestamp":1692161647522,"EventID":3,"Channel":"Microsoft-Windows-Sysmon\/Operational","Computer":"192.168.1.41","Image":"UNKNOWN","ParentImage":"UNKNOWN","CommandLine":"UNKNOWN","DestinationIp":"192.168.1.4","DestinationPort":"88","src_ip":"192.168.1.41","src_port":55218,"dst_ip":"192.168.1.4","dst_port":88,"proto":"TCP","bytes":40,"QueryName":null}
+{"@timestamp":1692161647523,"EventID":3,"Channel":"Microsoft-Windows-Sysmon\/Operational","Computer":"192.168.1.41","Image":"UNKNOWN","ParentImage":"UNKNOWN","CommandLine":"UNKNOWN","DestinationIp":"192.168.1.4","DestinationPort":"88","src_ip":"192.168.1.41","src_port":55218,"dst_ip":"192.168.1.4","dst_port":88,"proto":"TCP","bytes":1807,"QueryName":null}
+{"@timestamp":1692161647524,"EventID":3,"Channel":"Microsoft-Windows-Sysmon\/Operational","Computer":"192.168.1.4","Image":"UNKNOWN","ParentImage":"UNKNOWN","CommandLine":"UNKNOWN","DestinationIp":"192.168.1.41","DestinationPort":"55218","src_ip":"192.168.1.4","src_port":88,"dst_ip":"192.168.1.41","dst_port":55218,"proto":"TCP","bytes":40,"QueryName":null}
+{"@timestamp":1692161647527,"EventID":3,"Channel":"Microsoft-Windows-Sysmon\/Operational","Computer":"192.168.1.4","Image":"UNKNOWN","ParentImage":"UNKNOWN","CommandLine":"UNKNOWN","DestinationIp":"192.168.1.41","DestinationPort":"55218","src_ip":"192.168.1.4","src_port":88,"dst_ip":"192.168.1.41","dst_port":55218,"proto":"TCP","bytes":1500,"QueryName":null}
+{"@timestamp":1692161647527,"EventID":3,"Channel":"Microsoft-Windows-Sysmon\/Operational","Computer":"192.168.1.4","Image":"UNKNOWN","ParentImage":"UNKNOWN","CommandLine":"UNKNOWN","DestinationIp":"192.168.1.41","DestinationPort":"55218","src_ip":"192.168.1.4","src_port":88,"dst_ip":"192.168.1.41","dst_port":55218,"proto":"TCP","bytes":275,"QueryName":null}
+{"@timestamp":1692161647532,"EventID":3,"Channel":"Microsoft-Windows-Sysmon\/Operational","Computer":"192.168.1.41","Image":"UNKNOWN","ParentImage":"UNKNOWN","CommandLine":"UNKNOWN","DestinationIp":"192.168.1.4","DestinationPort":"88","src_ip":"192.168.1.41","src_port":55218,"dst_ip":"192.168.1.4","dst_port":88,"proto":"TCP","bytes":40,"QueryName":null}
+{"@timestamp":1692161647557,"EventID":3,"Channel":"Microsoft-Windows-Sysmon\/Operational","Computer":"192.168.1.41","Image":"UNKNOWN","ParentImage":"UNKNOWN","CommandLine":"UNKNOWN","DestinationIp":"192.168.1.4","DestinationPort":"88","src_ip":"192.168.1.41","src_port":55218,"dst_ip":"192.168.1.4","dst_port":88,"proto":"TCP","bytes":40,"QueryName":null}
+{"@timestamp":1692161647558,"EventID":3,"Channel":"Microsoft-Windows-Sysmon\/Operational","Computer":"192.168.1.4","Image":"UNKNOWN","ParentImage":"UNKNOWN","CommandLine":"UNKNOWN","DestinationIp":"192.168.1.41","DestinationPort":"55218","src_ip":"192.168.1.4","src_port":88,"dst_ip":"192.168.1.41","dst_port":55218,"proto":"TCP","bytes":40,"QueryName":null}
+{"@timestamp":1692161647558,"EventID":3,"Channel":"Microsoft-Windows-Sysmon\/Operational","Computer":"192.168.1.4","Image":"UNKNOWN","ParentImage":"UNKNOWN","CommandLine":"UNKNOWN","DestinationIp":"192.168.1.41","DestinationPort":"55218","src_ip":"192.168.1.4","src_port":88,"dst_ip":"192.168.1.41","dst_port":55218,"proto":"TCP","bytes":40,"QueryName":null}
+{"@timestamp":1692161647560,"EventID":3,"Channel":"Microsoft-Windows-Sysmon\/Operational","Computer":"192.168.1.41","Image":"UNKNOWN","ParentImage":"UNKNOWN","CommandLine":"UNKNOWN","DestinationIp":"192.168.1.4","DestinationPort":"49669","src_ip":"192.168.1.41","src_port":55215,"dst_ip":"192.168.1.4","dst_port":49669,"proto":"TCP","bytes":2084,"QueryName":null}
+{"@timestamp":1692161647562,"EventID":3,"Channel":"Microsoft-Windows-Sysmon\/Operational","Computer":"192.168.1.4","Image":"UNKNOWN","ParentImage":"UNKNOWN","CommandLine":"UNKNOWN","DestinationIp":"192.168.1.41","DestinationPort":"55215","src_ip":"192.168.1.4","src_port":49669,"dst_ip":"192.168.1.41","dst_port":55215,"proto":"TCP","bytes":40,"QueryName":null}
+{"@timestamp":1692161647563,"EventID":3,"Channel":"Microsoft-Windows-Sysmon\/Operational","Computer":"192.168.1.4","Image":"UNKNOWN","ParentImage":"UNKNOWN","CommandLine":"UNKNOWN","DestinationIp":"192.168.1.41","DestinationPort":"55215","src_ip":"192.168.1.4","src_port":49669,"dst_ip":"192.168.1.41","dst_port":55215,"proto":"TCP","bytes":324,"QueryName":null}
+{"@timestamp":1692161647575,"EventID":3,"Channel":"Microsoft-Windows-Sysmon\/Operational","Computer":"192.168.1.41","Image":"UNKNOWN","ParentImage":"UNKNOWN","CommandLine":"UNKNOWN","DestinationIp":"192.168.1.4","DestinationPort":"49669","src_ip":"192.168.1.41","src_port":55215,"dst_ip":"192.168.1.4","dst_port":49669,"proto":"TCP","bytes":260,"QueryName":null}
+{"@timestamp":1692161647576,"EventID":3,"Channel":"Microsoft-Windows-Sysmon\/Operational","Computer":"192.168.1.4","Image":"UNKNOWN","ParentImage":"UNKNOWN","CommandLine":"UNKNOWN","DestinationIp":"192.168.1.41","DestinationPort":"55215","src_ip":"192.168.1.4","src_port":49669,"dst_ip":"192.168.1.41","dst_port":55215,"proto":"TCP","bytes":145,"QueryName":null}
+{"@timestamp":1692161647597,"EventID":3,"Channel":"Microsoft-Windows-Sysmon\/Operational","Computer":"192.168.1.41","Image":"UNKNOWN","ParentImage":"UNKNOWN","CommandLine":"UNKNOWN","DestinationIp":"192.168.1.4","DestinationPort":"49669","src_ip":"192.168.1.41","src_port":55215,"dst_ip":"192.168.1.4","dst_port":49669,"proto":"TCP","bytes":308,"QueryName":null}
+{"@timestamp":1692161647598,"EventID":3,"Channel":"Microsoft-Windows-Sysmon\/Operational","Computer":"192.168.1.4","Image":"UNKNOWN","ParentImage":"UNKNOWN","CommandLine":"UNKNOWN","DestinationIp":"192.168.1.41","DestinationPort":"55215","src_ip":"192.168.1.4","src_port":49669,"dst_ip":"192.168.1.41","dst_port":55215,"proto":"TCP","bytes":244,"QueryName":null}
+{"@timestamp":1692161647600,"EventID":3,"Channel":"Microsoft-Windows-Sysmon\/Operational","Computer":"192.168.1.41","Image":"UNKNOWN","ParentImage":"UNKNOWN","CommandLine":"UNKNOWN","DestinationIp":"192.168.1.4","DestinationPort":"49669","src_ip":"192.168.1.41","src_port":55215,"dst_ip":"192.168.1.4","dst_port":49669,"proto":"TCP","bytes":292,"QueryName":null}
+{"@timestamp":1692161647602,"EventID":3,"Channel":"Microsoft-Windows-Sysmon\/Operational","Computer":"192.168.1.4","Image":"UNKNOWN","ParentImage":"UNKNOWN","CommandLine":"UNKNOWN","DestinationIp":"192.168.1.41","DestinationPort":"55215","src_ip":"192.168.1.4","src_port":49669,"dst_ip":"192.168.1.41","dst_port":55215,"proto":"TCP","bytes":388,"QueryName":null}
+{"@timestamp":1692161647603,"EventID":3,"Channel":"Microsoft-Windows-Sysmon\/Operational","Computer":"192.168.1.41","Image":"UNKNOWN","ParentImage":"UNKNOWN","CommandLine":"UNKNOWN","DestinationIp":"192.168.1.4","DestinationPort":"49669","src_ip":"192.168.1.41","src_port":55215,"dst_ip":"192.168.1.4","dst_port":49669,"proto":"TCP","bytes":180,"QueryName":null}
+{"@timestamp":1692161647605,"EventID":3,"Channel":"Microsoft-Windows-Sysmon\/Operational","Computer":"192.168.1.4","Image":"UNKNOWN","ParentImage":"UNKNOWN","CommandLine":"UNKNOWN","DestinationIp":"192.168.1.41","DestinationPort":"55215","src_ip":"192.168.1.4","src_port":49669,"dst_ip":"192.168.1.41","dst_port":55215,"proto":"TCP","bytes":180,"QueryName":null}
+{"@timestamp":1692161647607,"EventID":3,"Channel":"Microsoft-Windows-Sysmon\/Operational","Computer":"192.168.1.41","Image":"UNKNOWN","ParentImage":"UNKNOWN","CommandLine":"UNKNOWN","DestinationIp":"192.168.1.4","DestinationPort":"135","src_ip":"192.168.1.41","src_port":55214,"dst_ip":"192.168.1.4","dst_port":135,"proto":"TCP","bytes":208,"QueryName":null}
+{"@timestamp":1692161647608,"EventID":3,"Channel":"Microsoft-Windows-Sysmon\/Operational","Computer":"192.168.1.4","Image":"UNKNOWN","ParentImage":"UNKNOWN","CommandLine":"UNKNOWN","DestinationIp":"192.168.1.41","DestinationPort":"55214","src_ip":"192.168.1.4","src_port":135,"dst_ip":"192.168.1.41","dst_port":55214,"proto":"TCP","bytes":308,"QueryName":null}
+{"@timestamp":1692161647609,"EventID":3,"Channel":"Microsoft-Windows-Sysmon\/Operational","Computer":"192.168.1.41","Image":"UNKNOWN","ParentImage":"UNKNOWN","CommandLine":"UNKNOWN","DestinationIp":"192.168.1.4","DestinationPort":"49669","src_ip":"192.168.1.41","src_port":55215,"dst_ip":"192.168.1.4","dst_port":49669,"proto":"TCP","bytes":244,"QueryName":null}
+{"@timestamp":1692161647610,"EventID":3,"Channel":"Microsoft-Windows-Sysmon\/Operational","Computer":"192.168.1.4","Image":"UNKNOWN","ParentImage":"UNKNOWN","CommandLine":"UNKNOWN","DestinationIp":"192.168.1.41","DestinationPort":"55215","src_ip":"192.168.1.4","src_port":49669,"dst_ip":"192.168.1.41","dst_port":55215,"proto":"TCP","bytes":244,"QueryName":null}
+{"@timestamp":1692161647610,"EventID":3,"Channel":"Microsoft-Windows-Sysmon\/Operational","Computer":"192.168.1.41","Image":"UNKNOWN","ParentImage":"UNKNOWN","CommandLine":"UNKNOWN","DestinationIp":"192.168.1.4","DestinationPort":"49669","src_ip":"192.168.1.41","src_port":55215,"dst_ip":"192.168.1.4","dst_port":49669,"proto":"TCP","bytes":292,"QueryName":null}
+{"@timestamp":1692161647612,"EventID":3,"Channel":"Microsoft-Windows-Sysmon\/Operational","Computer":"192.168.1.4","Image":"UNKNOWN","ParentImage":"UNKNOWN","CommandLine":"UNKNOWN","DestinationIp":"192.168.1.41","DestinationPort":"55215","src_ip":"192.168.1.4","src_port":49669,"dst_ip":"192.168.1.41","dst_port":55215,"proto":"TCP","bytes":388,"QueryName":null}
+{"@timestamp":1692161647612,"EventID":3,"Channel":"Microsoft-Windows-Sysmon\/Operational","Computer":"192.168.1.41","Image":"UNKNOWN","ParentImage":"UNKNOWN","CommandLine":"UNKNOWN","DestinationIp":"192.168.1.4","DestinationPort":"49669","src_ip":"192.168.1.41","src_port":55215,"dst_ip":"192.168.1.4","dst_port":49669,"proto":"TCP","bytes":180,"QueryName":null}
+{"@timestamp":1692161647614,"EventID":3,"Channel":"Microsoft-Windows-Sysmon\/Operational","Computer":"192.168.1.4","Image":"UNKNOWN","ParentImage":"UNKNOWN","CommandLine":"UNKNOWN","DestinationIp":"192.168.1.41","DestinationPort":"55215","src_ip":"192.168.1.4","src_port":49669,"dst_ip":"192.168.1.41","dst_port":55215,"proto":"TCP","bytes":180,"QueryName":null}
+{"@timestamp":1692161647618,"EventID":3,"Channel":"Microsoft-Windows-Sysmon\/Operational","Computer":"192.168.1.41","Image":"UNKNOWN","ParentImage":"UNKNOWN","CommandLine":"UNKNOWN","DestinationIp":"192.168.1.4","DestinationPort":"389","src_ip":"192.168.1.41","src_port":55219,"dst_ip":"192.168.1.4","dst_port":389,"proto":"TCP","bytes":52,"QueryName":null}
+{"@timestamp":1692161647619,"EventID":3,"Channel":"Microsoft-Windows-Sysmon\/Operational","Computer":"192.168.1.4","Image":"UNKNOWN","ParentImage":"UNKNOWN","CommandLine":"UNKNOWN","DestinationIp":"192.168.1.41","DestinationPort":"55219","src_ip":"192.168.1.4","src_port":389,"dst_ip":"192.168.1.41","dst_port":55219,"proto":"TCP","bytes":52,"QueryName":null}
+{"@timestamp":1692161647619,"EventID":3,"Channel":"Microsoft-Windows-Sysmon\/Operational","Computer":"192.168.1.41","Image":"UNKNOWN","ParentImage":"UNKNOWN","CommandLine":"UNKNOWN","DestinationIp":"192.168.1.4","DestinationPort":"389","src_ip":"192.168.1.41","src_port":55219,"dst_ip":"192.168.1.4","dst_port":389,"proto":"TCP","bytes":40,"QueryName":null}
+{"@timestamp":1692161647621,"EventID":3,"Channel":"Microsoft-Windows-Sysmon\/Operational","Computer":"192.168.1.41","Image":"UNKNOWN","ParentImage":"UNKNOWN","CommandLine":"UNKNOWN","DestinationIp":"192.168.1.4","DestinationPort":"389","src_ip":"192.168.1.41","src_port":55219,"dst_ip":"192.168.1.4","dst_port":389,"proto":"TCP","bytes":390,"QueryName":null}
+{"@timestamp":1692161647623,"EventID":3,"Channel":"Microsoft-Windows-Sysmon\/Operational","Computer":"192.168.1.4","Image":"UNKNOWN","ParentImage":"UNKNOWN","CommandLine":"UNKNOWN","DestinationIp":"192.168.1.41","DestinationPort":"55219","src_ip":"192.168.1.4","src_port":389,"dst_ip":"192.168.1.41","dst_port":55219,"proto":"TCP","bytes":1500,"QueryName":null}
+{"@timestamp":1692161647623,"EventID":3,"Channel":"Microsoft-Windows-Sysmon\/Operational","Computer":"192.168.1.4","Image":"UNKNOWN","ParentImage":"UNKNOWN","CommandLine":"UNKNOWN","DestinationIp":"192.168.1.41","DestinationPort":"55219","src_ip":"192.168.1.4","src_port":389,"dst_ip":"192.168.1.41","dst_port":55219,"proto":"TCP","bytes":1287,"QueryName":null}
+{"@timestamp":1692161647624,"EventID":3,"Channel":"Microsoft-Windows-Sysmon\/Operational","Computer":"192.168.1.41","Image":"UNKNOWN","ParentImage":"UNKNOWN","CommandLine":"UNKNOWN","DestinationIp":"192.168.1.4","DestinationPort":"389","src_ip":"192.168.1.41","src_port":55219,"dst_ip":"192.168.1.4","dst_port":389,"proto":"TCP","bytes":40,"QueryName":null}
+{"@timestamp":1692161647626,"EventID":3,"Channel":"Microsoft-Windows-Sysmon\/Operational","Computer":"192.168.1.41","Image":"UNKNOWN","ParentImage":"UNKNOWN","CommandLine":"UNKNOWN","DestinationIp":"192.168.1.4","DestinationPort":"389","src_ip":"192.168.1.41","src_port":55219,"dst_ip":"192.168.1.4","dst_port":389,"proto":"TCP","bytes":1975,"QueryName":null}
+{"@timestamp":1692161647627,"EventID":3,"Channel":"Microsoft-Windows-Sysmon\/Operational","Computer":"192.168.1.4","Image":"UNKNOWN","ParentImage":"UNKNOWN","CommandLine":"UNKNOWN","DestinationIp":"192.168.1.41","DestinationPort":"55219","src_ip":"192.168.1.4","src_port":389,"dst_ip":"192.168.1.41","dst_port":55219,"proto":"TCP","bytes":40,"QueryName":null}
+{"@timestamp":1692161647628,"EventID":3,"Channel":"Microsoft-Windows-Sysmon\/Operational","Computer":"192.168.1.4","Image":"UNKNOWN","ParentImage":"UNKNOWN","CommandLine":"UNKNOWN","DestinationIp":"192.168.1.41","DestinationPort":"55219","src_ip":"192.168.1.4","src_port":389,"dst_ip":"192.168.1.41","dst_port":55219,"proto":"TCP","bytes":250,"QueryName":null}
+{"@timestamp":1692161647629,"EventID":3,"Channel":"Microsoft-Windows-Sysmon\/Operational","Computer":"192.168.1.41","Image":"UNKNOWN","ParentImage":"UNKNOWN","CommandLine":"UNKNOWN","DestinationIp":"192.168.1.4","DestinationPort":"389","src_ip":"192.168.1.41","src_port":55219,"dst_ip":"192.168.1.4","dst_port":389,"proto":"TCP","bytes":175,"QueryName":null}
+{"@timestamp":1692161647630,"EventID":3,"Channel":"Microsoft-Windows-Sysmon\/Operational","Computer":"192.168.1.4","Image":"UNKNOWN","ParentImage":"UNKNOWN","CommandLine":"UNKNOWN","DestinationIp":"192.168.1.41","DestinationPort":"55219","src_ip":"192.168.1.4","src_port":389,"dst_ip":"192.168.1.41","dst_port":55219,"proto":"TCP","bytes":199,"QueryName":null}
+{"@timestamp":1692161647631,"EventID":3,"Channel":"Microsoft-Windows-Sysmon\/Operational","Computer":"192.168.1.41","Image":"UNKNOWN","ParentImage":"UNKNOWN","CommandLine":"UNKNOWN","DestinationIp":"192.168.1.4","DestinationPort":"389","src_ip":"192.168.1.41","src_port":55219,"dst_ip":"192.168.1.4","dst_port":389,"proto":"TCP","bytes":180,"QueryName":null}
+{"@timestamp":1692161647632,"EventID":3,"Channel":"Microsoft-Windows-Sysmon\/Operational","Computer":"192.168.1.4","Image":"UNKNOWN","ParentImage":"UNKNOWN","CommandLine":"UNKNOWN","DestinationIp":"192.168.1.41","DestinationPort":"55219","src_ip":"192.168.1.4","src_port":389,"dst_ip":"192.168.1.41","dst_port":55219,"proto":"TCP","bytes":157,"QueryName":null}
+{"@timestamp":1692161647632,"EventID":3,"Channel":"Microsoft-Windows-Sysmon\/Operational","Computer":"192.168.1.41","Image":"UNKNOWN","ParentImage":"UNKNOWN","CommandLine":"UNKNOWN","DestinationIp":"192.168.1.4","DestinationPort":"389","src_ip":"192.168.1.41","src_port":55219,"dst_ip":"192.168.1.4","dst_port":389,"proto":"TCP","bytes":174,"QueryName":null}
+{"@timestamp":1692161647633,"EventID":3,"Channel":"Microsoft-Windows-Sysmon\/Operational","Computer":"192.168.1.4","Image":"UNKNOWN","ParentImage":"UNKNOWN","CommandLine":"UNKNOWN","DestinationIp":"192.168.1.41","DestinationPort":"55219","src_ip":"192.168.1.4","src_port":389,"dst_ip":"192.168.1.41","dst_port":55219,"proto":"TCP","bytes":210,"QueryName":null}
+{"@timestamp":1692161647644,"EventID":3,"Channel":"Microsoft-Windows-Sysmon\/Operational","Computer":"192.168.1.41","Image":"UNKNOWN","ParentImage":"UNKNOWN","CommandLine":"UNKNOWN","DestinationIp":"192.168.1.4","DestinationPort":"389","src_ip":"192.168.1.41","src_port":55220,"dst_ip":"192.168.1.4","dst_port":389,"proto":"TCP","bytes":52,"QueryName":null}
+{"@timestamp":1692161647646,"EventID":3,"Channel":"Microsoft-Windows-Sysmon\/Operational","Computer":"192.168.1.4","Image":"UNKNOWN","ParentImage":"UNKNOWN","CommandLine":"UNKNOWN","DestinationIp":"192.168.1.41","DestinationPort":"55220","src_ip":"192.168.1.4","src_port":389,"dst_ip":"192.168.1.41","dst_port":55220,"proto":"TCP","bytes":52,"QueryName":null}
+{"@timestamp":1692161647647,"EventID":3,"Channel":"Microsoft-Windows-Sysmon\/Operational","Computer":"192.168.1.41","Image":"UNKNOWN","ParentImage":"UNKNOWN","CommandLine":"UNKNOWN","DestinationIp":"192.168.1.4","DestinationPort":"389","src_ip":"192.168.1.41","src_port":55220,"dst_ip":"192.168.1.4","dst_port":389,"proto":"TCP","bytes":40,"QueryName":null}
+{"@timestamp":1692161647650,"EventID":3,"Channel":"Microsoft-Windows-Sysmon\/Operational","Computer":"192.168.1.41","Image":"UNKNOWN","ParentImage":"UNKNOWN","CommandLine":"UNKNOWN","DestinationIp":"192.168.1.4","DestinationPort":"389","src_ip":"192.168.1.41","src_port":55220,"dst_ip":"192.168.1.4","dst_port":389,"proto":"TCP","bytes":1975,"QueryName":null}
+{"@timestamp":1692161647652,"EventID":3,"Channel":"Microsoft-Windows-Sysmon\/Operational","Computer":"192.168.1.4","Image":"UNKNOWN","ParentImage":"UNKNOWN","CommandLine":"UNKNOWN","DestinationIp":"192.168.1.41","DestinationPort":"55220","src_ip":"192.168.1.4","src_port":389,"dst_ip":"192.168.1.41","dst_port":55220,"proto":"TCP","bytes":40,"QueryName":null}
+{"@timestamp":1692161647652,"EventID":3,"Channel":"Microsoft-Windows-Sysmon\/Operational","Computer":"192.168.1.4","Image":"UNKNOWN","ParentImage":"UNKNOWN","CommandLine":"UNKNOWN","DestinationIp":"192.168.1.41","DestinationPort":"55220","src_ip":"192.168.1.4","src_port":389,"dst_ip":"192.168.1.41","dst_port":55220,"proto":"TCP","bytes":250,"QueryName":null}
+{"@timestamp":1692161647653,"EventID":3,"Channel":"Microsoft-Windows-Sysmon\/Operational","Computer":"192.168.1.41","Image":"UNKNOWN","ParentImage":"UNKNOWN","CommandLine":"UNKNOWN","DestinationIp":"192.168.1.4","DestinationPort":"389","src_ip":"192.168.1.41","src_port":55220,"dst_ip":"192.168.1.4","dst_port":389,"proto":"TCP","bytes":126,"QueryName":null}
+{"@timestamp":1692161647654,"EventID":3,"Channel":"Microsoft-Windows-Sysmon\/Operational","Computer":"192.168.1.4","Image":"UNKNOWN","ParentImage":"UNKNOWN","CommandLine":"UNKNOWN","DestinationIp":"192.168.1.41","DestinationPort":"55220","src_ip":"192.168.1.4","src_port":389,"dst_ip":"192.168.1.41","dst_port":55220,"proto":"TCP","bytes":1500,"QueryName":null}
+{"@timestamp":1692161647654,"EventID":3,"Channel":"Microsoft-Windows-Sysmon\/Operational","Computer":"192.168.1.4","Image":"UNKNOWN","ParentImage":"UNKNOWN","CommandLine":"UNKNOWN","DestinationIp":"192.168.1.41","DestinationPort":"55220","src_ip":"192.168.1.4","src_port":389,"dst_ip":"192.168.1.41","dst_port":55220,"proto":"TCP","bytes":1500,"QueryName":null}
+{"@timestamp":1692161647654,"EventID":3,"Channel":"Microsoft-Windows-Sysmon\/Operational","Computer":"192.168.1.4","Image":"UNKNOWN","ParentImage":"UNKNOWN","CommandLine":"UNKNOWN","DestinationIp":"192.168.1.41","DestinationPort":"55220","src_ip":"192.168.1.4","src_port":389,"dst_ip":"192.168.1.41","dst_port":55220,"proto":"TCP","bytes":135,"QueryName":null}
+{"@timestamp":1692161647654,"EventID":3,"Channel":"Microsoft-Windows-Sysmon\/Operational","Computer":"192.168.1.41","Image":"UNKNOWN","ParentImage":"UNKNOWN","CommandLine":"UNKNOWN","DestinationIp":"192.168.1.4","DestinationPort":"389","src_ip":"192.168.1.41","src_port":55220,"dst_ip":"192.168.1.4","dst_port":389,"proto":"TCP","bytes":40,"QueryName":null}
+{"@timestamp":1692161647655,"EventID":3,"Channel":"Microsoft-Windows-Sysmon\/Operational","Computer":"192.168.1.41","Image":"UNKNOWN","ParentImage":"UNKNOWN","CommandLine":"UNKNOWN","DestinationIp":"192.168.1.4","DestinationPort":"389","src_ip":"192.168.1.41","src_port":55220,"dst_ip":"192.168.1.4","dst_port":389,"proto":"TCP","bytes":257,"QueryName":null}
+{"@timestamp":1692161647657,"EventID":3,"Channel":"Microsoft-Windows-Sysmon\/Operational","Computer":"192.168.1.4","Image":"UNKNOWN","ParentImage":"UNKNOWN","CommandLine":"UNKNOWN","DestinationIp":"192.168.1.41","DestinationPort":"55220","src_ip":"192.168.1.4","src_port":389,"dst_ip":"192.168.1.41","dst_port":55220,"proto":"TCP","bytes":280,"QueryName":null}
+{"@timestamp":1692161647657,"EventID":3,"Channel":"Microsoft-Windows-Sysmon\/Operational","Computer":"192.168.1.41","Image":"UNKNOWN","ParentImage":"UNKNOWN","CommandLine":"UNKNOWN","DestinationIp":"192.168.1.4","DestinationPort":"389","src_ip":"192.168.1.41","src_port":55220,"dst_ip":"192.168.1.4","dst_port":389,"proto":"TCP","bytes":83,"QueryName":null}
+{"@timestamp":1692161647659,"EventID":3,"Channel":"Microsoft-Windows-Sysmon\/Operational","Computer":"192.168.1.4","Image":"UNKNOWN","ParentImage":"UNKNOWN","CommandLine":"UNKNOWN","DestinationIp":"192.168.1.41","DestinationPort":"55220","src_ip":"192.168.1.4","src_port":389,"dst_ip":"192.168.1.41","dst_port":55220,"proto":"TCP","bytes":40,"QueryName":null}
+{"@timestamp":1692161647659,"EventID":3,"Channel":"Microsoft-Windows-Sysmon\/Operational","Computer":"192.168.1.41","Image":"UNKNOWN","ParentImage":"UNKNOWN","CommandLine":"UNKNOWN","DestinationIp":"192.168.1.4","DestinationPort":"389","src_ip":"192.168.1.41","src_port":55220,"dst_ip":"192.168.1.4","dst_port":389,"proto":"TCP","bytes":40,"QueryName":null}
+{"@timestamp":1692161647660,"EventID":3,"Channel":"Microsoft-Windows-Sysmon\/Operational","Computer":"192.168.1.41","Image":"UNKNOWN","ParentImage":"UNKNOWN","CommandLine":"UNKNOWN","DestinationIp":"192.168.1.4","DestinationPort":"389","src_ip":"192.168.1.41","src_port":55219,"dst_ip":"192.168.1.4","dst_port":389,"proto":"TCP","bytes":83,"QueryName":null}
+{"@timestamp":1692161647661,"EventID":3,"Channel":"Microsoft-Windows-Sysmon\/Operational","Computer":"192.168.1.4","Image":"UNKNOWN","ParentImage":"UNKNOWN","CommandLine":"UNKNOWN","DestinationIp":"192.168.1.41","DestinationPort":"55219","src_ip":"192.168.1.4","src_port":389,"dst_ip":"192.168.1.41","dst_port":55219,"proto":"TCP","bytes":40,"QueryName":null}
+{"@timestamp":1692161647661,"EventID":3,"Channel":"Microsoft-Windows-Sysmon\/Operational","Computer":"192.168.1.41","Image":"UNKNOWN","ParentImage":"UNKNOWN","CommandLine":"UNKNOWN","DestinationIp":"192.168.1.4","DestinationPort":"389","src_ip":"192.168.1.41","src_port":55219,"dst_ip":"192.168.1.4","dst_port":389,"proto":"TCP","bytes":40,"QueryName":null}
+{"@timestamp":1692161647687,"EventID":3,"Channel":"Microsoft-Windows-Sysmon\/Operational","Computer":"192.168.1.4","Image":"UNKNOWN","ParentImage":"UNKNOWN","CommandLine":"UNKNOWN","DestinationIp":"192.168.1.41","DestinationPort":"55215","src_ip":"192.168.1.4","src_port":49669,"dst_ip":"192.168.1.41","dst_port":55215,"proto":"TCP","bytes":180,"QueryName":null}
+{"@timestamp":1692161647753,"EventID":3,"Channel":"Microsoft-Windows-Sysmon\/Operational","Computer":"192.168.1.4","Image":"UNKNOWN","ParentImage":"UNKNOWN","CommandLine":"UNKNOWN","DestinationIp":"192.168.1.41","DestinationPort":"55215","src_ip":"192.168.1.4","src_port":49669,"dst_ip":"192.168.1.41","dst_port":55215,"proto":"TCP","bytes":180,"QueryName":null}
+{"@timestamp":1692161647763,"EventID":3,"Channel":"Microsoft-Windows-Sysmon\/Operational","Computer":"192.168.1.41","Image":"UNKNOWN","ParentImage":"UNKNOWN","CommandLine":"UNKNOWN","DestinationIp":"192.168.1.4","DestinationPort":"49669","src_ip":"192.168.1.41","src_port":55215,"dst_ip":"192.168.1.4","dst_port":49669,"proto":"TCP","bytes":52,"QueryName":null}
+{"@timestamp":1692161647763,"EventID":3,"Channel":"Microsoft-Windows-Sysmon\/Operational","Computer":"192.168.1.41","Image":"UNKNOWN","ParentImage":"UNKNOWN","CommandLine":"UNKNOWN","DestinationIp":"192.168.1.4","DestinationPort":"49669","src_ip":"192.168.1.41","src_port":55215,"dst_ip":"192.168.1.4","dst_port":49669,"proto":"TCP","bytes":52,"QueryName":null}
+{"@timestamp":1692161647764,"EventID":3,"Channel":"Microsoft-Windows-Sysmon\/Operational","Computer":"192.168.1.41","Image":"UNKNOWN","ParentImage":"UNKNOWN","CommandLine":"UNKNOWN","DestinationIp":"192.168.1.4","DestinationPort":"135","src_ip":"192.168.1.41","src_port":55214,"dst_ip":"192.168.1.4","dst_port":135,"proto":"TCP","bytes":40,"QueryName":null}
+{"@timestamp":1692161648016,"EventID":22,"Channel":"Microsoft-Windows-Sysmon\/Operational","Computer":"192.168.1.41","Image":"UNKNOWN","ParentImage":"UNKNOWN","CommandLine":"UNKNOWN","DestinationIp":null,"DestinationPort":null,"src_ip":"192.168.1.41","src_port":64466,"dst_ip":"192.168.1.4","dst_port":53,"proto":"UDP","bytes":43,"QueryName":"login.microsoftonline.com"}
+{"@timestamp":1692161648275,"EventID":3,"Channel":"Microsoft-Windows-Sysmon\/Operational","Computer":"192.168.1.41","Image":"UNKNOWN","ParentImage":"UNKNOWN","CommandLine":"UNKNOWN","DestinationIp":"10.0.5.13","DestinationPort":"80","src_ip":"192.168.1.41","src_port":52665,"dst_ip":"10.0.5.13","dst_port":80,"proto":"TCP","bytes":52,"QueryName":null}
+{"@timestamp":1692161648277,"EventID":3,"Channel":"Microsoft-Windows-Sysmon\/Operational","Computer":"192.168.1.41","Image":"UNKNOWN","ParentImage":"UNKNOWN","CommandLine":"UNKNOWN","DestinationIp":"10.0.5.13","DestinationPort":"80","src_ip":"192.168.1.41","src_port":51126,"dst_ip":"10.0.5.13","dst_port":80,"proto":"TCP","bytes":52,"QueryName":null}
+{"@timestamp":1692161648278,"EventID":3,"Channel":"Microsoft-Windows-Sysmon\/Operational","Computer":"10.0.5.13","Image":"UNKNOWN","ParentImage":"UNKNOWN","CommandLine":"UNKNOWN","DestinationIp":"192.168.1.41","DestinationPort":"52665","src_ip":"10.0.5.13","src_port":80,"dst_ip":"192.168.1.41","dst_port":52665,"proto":"TCP","bytes":52,"QueryName":null}
+{"@timestamp":1692161648280,"EventID":3,"Channel":"Microsoft-Windows-Sysmon\/Operational","Computer":"10.0.5.13","Image":"UNKNOWN","ParentImage":"UNKNOWN","CommandLine":"UNKNOWN","DestinationIp":"192.168.1.41","DestinationPort":"51126","src_ip":"10.0.5.13","src_port":80,"dst_ip":"192.168.1.41","dst_port":51126,"proto":"TCP","bytes":52,"QueryName":null}
+{"@timestamp":1692161648291,"EventID":3,"Channel":"Microsoft-Windows-Sysmon\/Operational","Computer":"192.168.1.41","Image":"UNKNOWN","ParentImage":"UNKNOWN","CommandLine":"UNKNOWN","DestinationIp":"10.0.5.13","DestinationPort":"80","src_ip":"192.168.1.41","src_port":52665,"dst_ip":"10.0.5.13","dst_port":80,"proto":"TCP","bytes":40,"QueryName":null}
+{"@timestamp":1692161648291,"EventID":3,"Channel":"Microsoft-Windows-Sysmon\/Operational","Computer":"192.168.1.41","Image":"UNKNOWN","ParentImage":"UNKNOWN","CommandLine":"UNKNOWN","DestinationIp":"10.0.5.13","DestinationPort":"80","src_ip":"192.168.1.41","src_port":51126,"dst_ip":"10.0.5.13","dst_port":80,"proto":"TCP","bytes":40,"QueryName":null}
+{"@timestamp":1692161648303,"EventID":3,"Channel":"Microsoft-Windows-Sysmon\/Operational","Computer":"192.168.1.41","Image":"UNKNOWN","ParentImage":"UNKNOWN","CommandLine":"UNKNOWN","DestinationIp":"10.0.5.13","DestinationPort":"80","src_ip":"192.168.1.41","src_port":51126,"dst_ip":"10.0.5.13","dst_port":80,"proto":"TCP","bytes":519,"QueryName":null}
+{"@timestamp":1692161648305,"EventID":3,"Channel":"Microsoft-Windows-Sysmon\/Operational","Computer":"10.0.5.13","Image":"UNKNOWN","ParentImage":"UNKNOWN","CommandLine":"UNKNOWN","DestinationIp":"192.168.1.41","DestinationPort":"51126","src_ip":"10.0.5.13","src_port":80,"dst_ip":"192.168.1.41","dst_port":51126,"proto":"TCP","bytes":40,"QueryName":null}
+{"@timestamp":1692161648308,"EventID":3,"Channel":"Microsoft-Windows-Sysmon\/Operational","Computer":"10.0.5.13","Image":"UNKNOWN","ParentImage":"UNKNOWN","CommandLine":"UNKNOWN","DestinationIp":"192.168.1.41","DestinationPort":"51126","src_ip":"10.0.5.13","src_port":80,"dst_ip":"192.168.1.41","dst_port":51126,"proto":"TCP","bytes":245,"QueryName":null}
