{"@timestamp":1692161933276,"EventID":3,"Channel":"Microsoft-Windows-Sysmon\/Operational","Computer":"10.0.5.13","Image":"UNKNOWN","ParentImage":"UNKNOWN","CommandLine":"UNKNOWN","DestinationIp":"192.168.1.41","DestinationPort":"51146","src_ip":"10.0.5.13","src_port":8080,"dst_ip":"192.168.1.41","dst_port":51146,"proto":"TCP","bytes":187,"QueryName":null}
{"@timestamp":1692161933328,"EventID":3,"Channel":"Microsoft-Windows-Sysmon\/Operational","Computer":"192.168.1.41","Image":"UNKNOWN","ParentImage":"UNKNOWN","CommandLine":"UNKNOWN","DestinationIp":"10.0.5.13","DestinationPort":"8080","src_ip":"192.168.1.41","src_port":51146,"dst_ip":"10.0.5.13","dst_port":8080,"proto":"TCP","bytes":40,"QueryName":null}
{"@timestamp":1692161934267,"EventID":22,"Channel":"Microsoft-Windows-Sysmon\/Operational","Computer":"192.168.1.41","Image":"UNKNOWN","ParentImage":"UNKNOWN","CommandLine":"UNKNOWN","DestinationIp":null,"DestinationPort":null,"src_ip":"192.168.1.41","src_port":58606,"dst_ip":"192.168.1.4","dst_port":53,"proto":"UDP","bytes":41,"QueryName":"ctldl.windowsupdate.com"}
{"@timestamp":1692161934487,"EventID":3,"Channel":"Microsoft-Windows-Sysmon\/Operational","Computer":"192.168.1.41","Image":"UNKNOWN","ParentImage":"UNKNOWN","CommandLine":"UNKNOWN","DestinationIp":"10.0.5.13","DestinationPort":"8080","src_ip":"192.168.1.41","src_port":51146,"dst_ip":"10.0.5.13","dst_port":8080,"proto":"TCP","bytes":348,"QueryName":null}
{"@timestamp":1692161934491,"EventID":3,"Channel":"Microsoft-Windows-Sysmon\/Operational","Computer":"10.0.5.13","Image":"UNKNOWN","ParentImage":"UNKNOWN","CommandLine":"UNKNOWN","DestinationIp":"192.168.1.41","DestinationPort":"51146","src_ip":"10.0.5.13","src_port":8080,"dst_ip":"192.168.1.41","dst_port":51146,"proto":"TCP","bytes":187,"QueryName":null}
{"@timestamp":1692161934533,"EventID":3,"Channel":"Microsoft-Windows-Sysmon\/Operational","Computer":"192.168.1.41","Image":"UNKNOWN","ParentImage":"UNKNOWN","CommandLine":"UNKNOWN","DestinationIp":"10.0.5.13","DestinationPort":"8080","src_ip":"192.168.1.41","src_port":51146,"dst_ip":"10.0.5.13","dst_port":8080,"proto":"TCP","bytes":40,"QueryName":null}
{"@timestamp":1692161935820,"EventID":3,"Channel":"Microsoft-Windows-Sysmon\/Operational","Computer":"192.168.1.41","Image":"UNKNOWN","ParentImage":"UNKNOWN","CommandLine":"UNKNOWN","DestinationIp":"10.0.5.13","DestinationPort":"8080","src_ip":"192.168.1.41","src_port":51146,"dst_ip":"10.0.5.13","dst_port":8080,"proto":"TCP","bytes":348,"QueryName":null}
{"@timestamp":1692161935825,"EventID":3,"Channel":"Microsoft-Windows-Sysmon\/Operational","Computer":"10.0.5.13","Image":"UNKNOWN","ParentImage":"UNKNOWN","CommandLine":"UNKNOWN","DestinationIp":"192.168.1.41","DestinationPort":"51146","src_ip":"10.0.5.13","src_port":8080,"dst_ip":"192.168.1.41","dst_port":51146,"proto":"TCP","bytes":187,"QueryName":null}
{"@timestamp":1692161935897,"EventID":3,"Channel":"Microsoft-Windows-Sysmon\/Operational","Computer":"192.168.1.41","Image":"UNKNOWN","ParentImage":"UNKNOWN","CommandLine":"UNKNOWN","DestinationIp":"10.0.5.13","DestinationPort":"8080","src_ip":"192.168.1.41","src_port":51146,"dst_ip":"10.0.5.13","dst_port":8080,"proto":"TCP","bytes":40,"QueryName":null}
{"@timestamp":1692161936163,"EventID":3,"Channel":"Microsoft-Windows-Sysmon\/Operational","Computer":"192.168.1.4","Image":"UNKNOWN","ParentImage":"UNKNOWN","CommandLine":"UNKNOWN","DestinationIp":"192.168.1.41","DestinationPort":"58606","src_ip":"192.168.1.4","src_port":53,"dst_ip":"192.168.1.41","dst_port":58606,"proto":"UDP","bytes":69,"QueryName":null}
{"@timestamp":1692161936178,"EventID":22,"Channel":"Microsoft-Windows-Sysmon\/Operational","Computer":"192.168.1.41","Image":"UNKNOWN","ParentImage":"UNKNOWN","CommandLine":"UNKNOWN","DestinationIp":null,"DestinationPort":null,"src_ip":"192.168.1.41","src_port":56419,"dst_ip":"192.168.1.4","dst_port":53,"proto":"UDP","bytes":41,"QueryName":"ctldl.windowsupdate.com"}
{"@timestamp":1692161937169,"EventID":22,"Channel":"Microsoft-Windows-Sysmon\/Operational","Computer":"192.168.1.41","Image":"UNKNOWN","ParentImage":"UNKNOWN","CommandLine":"UNKNOWN","DestinationIp":null,"DestinationPort":null,"src_ip":"192.168.1.41","src_port":56419,"dst_ip":"192.168.1.4","dst_port":53,"proto":"UDP","bytes":41,"QueryName":"ctldl.windowsupdate.com"}
{"@timestamp":1692161937250,"EventID":3,"Channel":"Microsoft-Windows-Sysmon\/Operational","Computer":"192.168.1.41","Image":"UNKNOWN","ParentImage":"UNKNOWN","CommandLine":"UNKNOWN","DestinationIp":"10.0.5.13","DestinationPort":"8080","src_ip":"192.168.1.41","src_port":51146,"dst_ip":"10.0.5.13","dst_port":8080,"proto":"TCP","bytes":348,"QueryName":null}
{"@timestamp":1692161937254,"EventID":3,"Channel":"Microsoft-Windows-Sysmon\/Operational","Computer":"10.0.5.13","Image":"UNKNOWN","ParentImage":"UNKNOWN","CommandLine":"UNKNOWN","DestinationIp":"192.168.1.41","DestinationPort":"51146","src_ip":"10.0.5.13","src_port":8080,"dst_ip":"192.168.1.41","dst_port":51146,"proto":"TCP","bytes":187,"QueryName":null}
{"@timestamp":1692161937307,"EventID":3,"Channel":"Microsoft-Windows-Sysmon\/Operational","Computer":"192.168.1.41","Image":"UNKNOWN","ParentImage":"UNKNOWN","CommandLine":"UNKNOWN","DestinationIp":"10.0.5.13","DestinationPort":"8080","src_ip":"192.168.1.41","src_port":51146,"dst_ip":"10.0.5.13","dst_port":8080,"proto":"TCP","bytes":40,"QueryName":null}
{"@timestamp":1692161938187,"EventID":22,"Channel":"Microsoft-Windows-Sysmon\/Operational","Computer":"192.168.1.41","Image":"UNKNOWN","ParentImage":"UNKNOWN","CommandLine":"UNKNOWN","DestinationIp":null,"DestinationPort":null,"src_ip":"192.168.1.41","src_port":56419,"dst_ip":"192.168.1.4","dst_port":53,"proto":"UDP","bytes":41,"QueryName":"ctldl.windowsupdate.com"}
{"@timestamp":1692161938767,"EventID":3,"Channel":"Microsoft-Windows-Sysmon\/Operational","Computer":"192.168.1.41","Image":"UNKNOWN","ParentImage":"UNKNOWN","CommandLine":"UNKNOWN","DestinationIp":"10.0.5.13","DestinationPort":"8080","src_ip":"192.168.1.41","src_port":51146,"dst_ip":"10.0.5.13","dst_port":8080,"proto":"TCP","bytes":348,"QueryName":null}
{"@timestamp":1692161938770,"EventID":3,"Channel":"Microsoft-Windows-Sysmon\/Operational","Computer":"10.0.5.13","Image":"UNKNOWN","ParentImage":"UNKNOWN","CommandLine":"UNKNOWN","DestinationIp":"192.168.1.41","DestinationPort":"51146","src_ip":"10.0.5.13","src_port":8080,"dst_ip":"192.168.1.41","dst_port":51146,"proto":"TCP","bytes":187,"QueryName":null}
{"@timestamp":1692161938813,"EventID":3,"Channel":"Microsoft-Windows-Sysmon\/Operational","Computer":"192.168.1.41","Image":"UNKNOWN","ParentImage":"UNKNOWN","CommandLine":"UNKNOWN","DestinationIp":"10.0.5.13","DestinationPort":"8080","src_ip":"192.168.1.41","src_port":51146,"dst_ip":"10.0.5.13","dst_port":8080,"proto":"TCP","bytes":40,"QueryName":null}
{"@timestamp":1692161940204,"EventID":22,"Channel":"Microsoft-Windows-Sysmon\/Operational","Computer":"192.168.1.41","Image":"UNKNOWN","ParentImage":"UNKNOWN","CommandLine":"UNKNOWN","DestinationIp":null,"DestinationPort":null,"src_ip":"192.168.1.41","src_port":56419,"dst_ip":"192.168.1.4","dst_port":53,"proto":"UDP","bytes":41,"QueryName":"ctldl.windowsupdate.com"}
{"@timestamp":1692161940396,"EventID":3,"Channel":"Microsoft-Windows-Sysmon\/Operational","Computer":"192.168.1.41","Image":"UNKNOWN","ParentImage":"UNKNOWN","CommandLine":"UNKNOWN","DestinationIp":"10.0.5.13","DestinationPort":"8080","src_ip":"192.168.1.41","src_port":51146,"dst_ip":"10.0.5.13","dst_port":8080,"proto":"TCP","bytes":348,"QueryName":null}
{"@timestamp":1692161940400,"EventID":3,"Channel":"Microsoft-Windows-Sysmon\/Operational","Computer":"10.0.5.13","Image":"UNKNOWN","ParentImage":"UNKNOWN","CommandLine":"UNKNOWN","DestinationIp":"192.168.1.41","DestinationPort":"51146","src_ip":"10.0.5.13","src_port":8080,"dst_ip":"192.168.1.41","dst_port":51146,"proto":"TCP","bytes":187,"QueryName":null}
{"@timestamp":1692161940441,"EventID":3,"Channel":"Microsoft-Windows-Sysmon\/Operational","Computer":"192.168.1.41","Image":"UNKNOWN","ParentImage":"UNKNOWN","CommandLine":"UNKNOWN","DestinationIp":"10.0.5.13","DestinationPort":"8080","src_ip":"192.168.1.41","src_port":51146,"dst_ip":"10.0.5.13","dst_port":8080,"proto":"TCP","bytes":40,"QueryName":null}
{"@timestamp":1692161942105,"EventID":3,"Channel":"Microsoft-Windows-Sysmon\/Operational","Computer":"192.168.1.41","Image":"UNKNOWN","ParentImage":"UNKNOWN","CommandLine":"UNKNOWN","DestinationIp":"10.0.5.13","DestinationPort":"8080","src_ip":"192.168.1.41","src_port":51146,"dst_ip":"10.0.5.13","dst_port":8080,"proto":"TCP","bytes":348,"QueryName":null}
{"@timestamp":1692161942108,"EventID":3,"Channel":"Microsoft-Windows-Sysmon\/Operational","Computer":"10.0.5.13","Image":"UNKNOWN","ParentImage":"UNKNOWN","CommandLine":"UNKNOWN","DestinationIp":"192.168.1.41","DestinationPort":"51146","src_ip":"10.0.5.13","src_port":8080,"dst_ip":"192.168.1.41","dst_port":51146,"proto":"TCP","bytes":187,"QueryName":null}
{"@timestamp":1692161942156,"EventID":3,"Channel":"Microsoft-Windows-Sysmon\/Operational","Computer":"192.168.1.41","Image":"UNKNOWN","ParentImage":"UNKNOWN","CommandLine":"UNKNOWN","DestinationIp":"10.0.5.13","DestinationPort":"8080","src_ip":"192.168.1.41","src_port":51146,"dst_ip":"10.0.5.13","dst_port":8080,"proto":"TCP","bytes":40,"QueryName":null}
{"@timestamp":1692161943923,"EventID":3,"Channel":"Microsoft-Windows-Sysmon\/Operational","Computer":"192.168.1.41","Image":"UNKNOWN","ParentImage":"UNKNOWN","CommandLine":"UNKNOWN","DestinationIp":"10.0.5.13","DestinationPort":"8080","src_ip":"192.168.1.41","src_port":51146,"dst_ip":"10.0.5.13","dst_port":8080,"proto":"TCP","bytes":348,"QueryName":null}
{"@timestamp":1692161943927,"EventID":3,"Channel":"Microsoft-Windows-Sysmon\/Operational","Computer":"10.0.5.13","Image":"UNKNOWN","ParentImage":"UNKNOWN","CommandLine":"UNKNOWN","DestinationIp":"192.168.1.41","DestinationPort":"51146","src_ip":"10.0.5.13","src_port":8080,"dst_ip":"192.168.1.41","dst_port":51146,"proto":"TCP","bytes":187,"QueryName":null}
{"@timestamp":1692161943973,"EventID":3,"Channel":"Microsoft-Windows-Sysmon\/Operational","Computer":"192.168.1.41","Image":"UNKNOWN","ParentImage":"UNKNOWN","CommandLine":"UNKNOWN","DestinationIp":"10.0.5.13","DestinationPort":"8080","src_ip":"192.168.1.41","src_port":51146,"dst_ip":"10.0.5.13","dst_port":8080,"proto":"TCP","bytes":40,"QueryName":null}
{"@timestamp":1692161944239,"EventID":22,"Channel":"Microsoft-Windows-Sysmon\/Operational","Computer":"192.168.1.41","Image":"UNKNOWN","ParentImage":"UNKNOWN","CommandLine":"UNKNOWN","DestinationIp":null,"DestinationPort":null,"src_ip":"192.168.1.41","src_port":56419,"dst_ip":"192.168.1.4","dst_port":53,"proto":"UDP","bytes":41,"QueryName":"ctldl.windowsupdate.com"}
{"@timestamp":1692161945840,"EventID":3,"Channel":"Microsoft-Windows-Sysmon\/Operational","Computer":"192.168.1.41","Image":"UNKNOWN","ParentImage":"UNKNOWN","CommandLine":"UNKNOWN","DestinationIp":"10.0.5.13","DestinationPort":"8080","src_ip":"192.168.1.41","src_port":51146,"dst_ip":"10.0.5.13","dst_port":8080,"proto":"TCP","bytes":348,"QueryName":null}
{"@timestamp":1692161945844,"EventID":3,"Channel":"Microsoft-Windows-Sysmon\/Operational","Computer":"10.0.5.13","Image":"UNKNOWN","ParentImage":"UNKNOWN","CommandLine":"UNKNOWN","DestinationIp":"192.168.1.41","DestinationPort":"51146","src_ip":"10.0.5.13","src_port":8080,"dst_ip":"192.168.1.41","dst_port":51146,"proto":"TCP","bytes":187,"QueryName":null}
{"@timestamp":1692161945887,"EventID":3,"Channel":"Microsoft-Windows-Sysmon\/Operational","Computer":"192.168.1.41","Image":"UNKNOWN","ParentImage":"UNKNOWN","CommandLine":"UNKNOWN","DestinationIp":"10.0.5.13","DestinationPort":"8080","src_ip":"192.168.1.41","src_port":51146,"dst_ip":"10.0.5.13","dst_port":8080,"proto":"TCP","bytes":40,"QueryName":null}
{"@timestamp":1692161946170,"EventID":3,"Channel":"Microsoft-Windows-Sysmon\/Operational","Computer":"192.168.1.4","Image":"UNKNOWN","ParentImage":"UNKNOWN","CommandLine":"UNKNOWN","DestinationIp":"192.168.1.41","DestinationPort":"56419","src_ip":"192.168.1.4","src_port":53,"dst_ip":"192.168.1.41","dst_port":56419,"proto":"UDP","bytes":69,"QueryName":null}
{"@timestamp":1692161947862,"EventID":3,"Channel":"Microsoft-Windows-Sysmon\/Operational","Computer":"192.168.1.41","Image":"UNKNOWN","ParentImage":"UNKNOWN","CommandLine":"UNKNOWN","DestinationIp":"10.0.5.13","DestinationPort":"8080","src_ip":"192.168.1.41","src_port":51146,"dst_ip":"10.0.5.13","dst_port":8080,"proto":"TCP","bytes":348,"QueryName":null}
{"@timestamp":1692161947865,"EventID":3,"Channel":"Microsoft-Windows-Sysmon\/Operational","Computer":"10.0.5.13","Image":"UNKNOWN","ParentImage":"UNKNOWN","CommandLine":"UNKNOWN","DestinationIp":"192.168.1.41","DestinationPort":"51146","src_ip":"10.0.5.13","src_port":8080,"dst_ip":"192.168.1.41","dst_port":51146,"proto":"TCP","bytes":187,"QueryName":null}
{"@timestamp":1692161947927,"EventID":3,"Channel":"Microsoft-Windows-Sysmon\/Operational","Computer":"192.168.1.41","Image":"UNKNOWN","ParentImage":"UNKNOWN","CommandLine":"UNKNOWN","DestinationIp":"10.0.5.13","DestinationPort":"8080","src_ip":"192.168.1.41","src_port":51146,"dst_ip":"10.0.5.13","dst_port":8080,"proto":"TCP","bytes":40,"QueryName":null}
{"@timestamp":1692161949976,"EventID":3,"Channel":"Microsoft-Windows-Sysmon\/Operational","Computer":"192.168.1.41","Image":"UNKNOWN","ParentImage":"UNKNOWN","CommandLine":"UNKNOWN","DestinationIp":"10.0.5.13","DestinationPort":"8080","src_ip":"192.168.1.41","src_port":51146,"dst_ip":"10.0.5.13","dst_port":8080,"proto":"TCP","bytes":348,"QueryName":null}
{"@timestamp":1692161949982,"EventID":3,"Channel":"Microsoft-Windows-Sysmon\/Operational","Computer":"10.0.5.13","Image":"UNKNOWN","ParentImage":"UNKNOWN","CommandLine":"UNKNOWN","DestinationIp":"192.168.1.41","DestinationPort":"51146","src_ip":"10.0.5.13","src_port":8080,"dst_ip":"192.168.1.41","dst_port":51146,"proto":"TCP","bytes":187,"QueryName":null}
{"@timestamp":1692161950037,"EventID":3,"Channel":"Microsoft-Windows-Sysmon\/Operational","Computer":"192.168.1.41","Image":"UNKNOWN","ParentImage":"UNKNOWN","CommandLine":"UNKNOWN","DestinationIp":"10.0.5.13","DestinationPort":"8080","src_ip":"192.168.1.41","src_port":51146,"dst_ip":"10.0.5.13","dst_port":8080,"proto":"TCP","bytes":40,"QueryName":null}
{"@timestamp":1692161952202,"EventID":3,"Channel":"Microsoft-Windows-Sysmon\/Operational","Computer":"192.168.1.41","Image":"UNKNOWN","ParentImage":"UNKNOWN","CommandLine":"UNKNOWN","DestinationIp":"10.0.5.13","DestinationPort":"8080","src_ip":"192.168.1.41","src_port":51146,"dst_ip":"10.0.5.13","dst_port":8080,"proto":"TCP","bytes":348,"QueryName":null}
{"@timestamp":1692161952206,"EventID":3,"Channel":"Microsoft-Windows-Sysmon\/Operational","Computer":"10.0.5.13","Image":"UNKNOWN","ParentImage":"UNKNOWN","CommandLine":"UNKNOWN","DestinationIp":"192.168.1.41","DestinationPort":"51146","src_ip":"10.0.5.13","src_port":8080,"dst_ip":"192.168.1.41","dst_port":51146,"proto":"TCP","bytes":187,"QueryName":null}
{"@timestamp":1692161952248,"EventID":3,"Channel":"Microsoft-Windows-Sysmon\/Operational","Computer":"192.168.1.41","Image":"UNKNOWN","ParentImage":"UNKNOWN","CommandLine":"UNKNOWN","DestinationIp":"10.0.5.13","DestinationPort":"8080","src_ip":"192.168.1.41","src_port":51146,"dst_ip":"10.0.5.13","dst_port":8080,"proto":"TCP","bytes":40,"QueryName":null}
{"@timestamp":1692161953241,"EventID":22,"Channel":"Microsoft-Windows-Sysmon\/Operational","Computer":"192.168.1.41","Image":"UNKNOWN","ParentImage":"UNKNOWN","CommandLine":"UNKNOWN","DestinationIp":null,"DestinationPort":null,"src_ip":"192.168.1.41","src_port":63320,"dst_ip":"192.168.1.4","dst_port":53,"proto":"UDP","bytes":39,"QueryName":"config.edge.skype.com"}
{"@timestamp":1692161953246,"EventID":22,"Channel":"Microsoft-Windows-Sysmon\/Operational","Computer":"192.168.1.41","Image":"UNKNOWN","ParentImage":"UNKNOWN","CommandLine":"UNKNOWN","DestinationIp":null,"DestinationPort":null,"src_ip":"192.168.1.41","src_port":65123,"dst_ip":"192.168.1.4","dst_port":53,"proto":"UDP","bytes":35,"QueryName":"wpad.pandalab.com"}
{"@timestamp":1692161953248,"EventID":3,"Channel":"Microsoft-Windows-Sysmon\/Operational","Computer":"192.168.1.4","Image":"UNKNOWN","ParentImage":"UNKNOWN","CommandLine":"UNKNOWN","DestinationIp":"192.168.1.41","DestinationPort":"65123","src_ip":"192.168.1.4","src_port":53,"dst_ip":"192.168.1.41","dst_port":65123,"proto":"UDP","bytes":127,"QueryName":null}
{"@timestamp":1692161953250,"EventID":22,"Channel":"Microsoft-Windows-Sysmon\/Operational","Computer":"192.168.1.41","Image":"UNKNOWN","ParentImage":"UNKNOWN","CommandLine":"UNKNOWN","DestinationIp":null,"DestinationPort":null,"src_ip":"192.168.1.41","src_port":51207,"dst_ip":"192.168.1.4","dst_port":53,"proto":"UDP","bytes":32,"QueryName":"wpad.home.arpa"}
{"@timestamp":1692161954367,"EventID":22,"Channel":"Microsoft-Windows-Sysmon\/Operational","Computer":"192.168.1.41","Image":"UNKNOWN","ParentImage":"UNKNOWN","CommandLine":"UNKNOWN","DestinationIp":null,"DestinationPort":null,"src_ip":"192.168.1.41","src_port":51207,"dst_ip":"192.168.1.4","dst_port":53,"proto":"UDP","bytes":32,"QueryName":"wpad.home.arpa"}
{"@timestamp":1692161954368,"EventID":22,"Channel":"Microsoft-Windows-Sysmon\/Operational","Computer":"192.168.1.41","Image":"UNKNOWN","ParentImage":"UNKNOWN","CommandLine":"UNKNOWN","DestinationIp":null,"DestinationPort":null,"src_ip":"192.168.1.41","src_port":63320,"dst_ip":"192.168.1.4","dst_port":53,"proto":"UDP","bytes":39,"QueryName":"config.edge.skype.com"}
{"@timestamp":1692161954622,"EventID":3,"Channel":"Microsoft-Windows-Sysmon\/Operational","Computer":"192.168.1.41","Image":"UNKNOWN","ParentImage":"UNKNOWN","CommandLine":"UNKNOWN","DestinationIp":"10.0.5.13","DestinationPort":"8080","src_ip":"192.168.1.41","src_port":51146,"dst_ip":"10.0.5.13","dst_port":8080,"proto":"TCP","bytes":348,"QueryName":null}
{"@timestamp":1692161954626,"EventID":3,"Channel":"Microsoft-Windows-Sysmon\/Operational","Computer":"10.0.5.13","Image":"UNKNOWN","ParentImage":"UNKNOWN","CommandLine":"UNKNOWN","DestinationIp":"192.168.1.41","DestinationPort":"51146","src_ip":"10.0.5.13","src_port":8080,"dst_ip":"192.168.1.41","dst_port":51146,"proto":"TCP","bytes":187,"QueryName":null}
{"@timestamp":1692161954778,"EventID":3,"Channel":"Microsoft-Windows-Sysmon\/Operational","Computer":"192.168.1.41","Image":"UNKNOWN","ParentImage":"UNKNOWN","CommandLine":"UNKNOWN","DestinationIp":"10.0.5.13","DestinationPort":"8080","src_ip":"192.168.1.41","src_port":51146,"dst_ip":"10.0.5.13","dst_port":8080,"proto":"TCP","bytes":40,"QueryName":null}
{"@timestamp":1692161955548,"EventID":22,"Channel":"Microsoft-Windows-Sysmon\/Operational","Computer":"192.168.1.41","Image":"UNKNOWN","ParentImage":"UNKNOWN","CommandLine":"UNKNOWN","DestinationIp":null,"DestinationPort":null,"src_ip":"192.168.1.41","src_port":63320,"dst_ip":"192.168.1.4","dst_port":53,"proto":"UDP","bytes":39,"QueryName":"config.edge.skype.com"}
{"@timestamp":1692161956371,"EventID":22,"Channel":"Microsoft-Windows-Sysmon\/Operational","Computer":"192.168.1.41","Image":"UNKNOWN","ParentImage":"UNKNOWN","CommandLine":"UNKNOWN","DestinationIp":null,"DestinationPort":null,"src_ip":"192.168.1.41","src_port":51207,"dst_ip":"192.168.1.4","dst_port":53,"proto":"UDP","bytes":32,"QueryName":"wpad.home.arpa"}
{"@timestamp":1692161957142,"EventID":22,"Channel":"Microsoft-Windows-Sysmon\/Operational","Computer":"192.168.1.41","Image":"UNKNOWN","ParentImage":"UNKNOWN","CommandLine":"UNKNOWN","DestinationIp":null,"DestinationPort":null,"src_ip":"192.168.1.41","src_port":60080,"dst_ip":"192.168.1.4","dst_port":53,"proto":"UDP","bytes":34,"QueryName":"dns.msftncsi.com"}
{"@timestamp":1692161957145,"EventID":3,"Channel":"Microsoft-Windows-Sysmon\/Operational","Computer":"192.168.1.41","Image":"UNKNOWN","ParentImage":"UNKNOWN","CommandLine":"UNKNOWN","DestinationIp":"10.0.5.13","DestinationPort":"8080","src_ip":"192.168.1.41","src_port":51146,"dst_ip":"10.0.5.13","dst_port":8080,"proto":"TCP","bytes":348,"QueryName":null}
{"@timestamp":1692161957148,"EventID":3,"Channel":"Microsoft-Windows-Sysmon\/Operational","Computer":"10.0.5.13","Image":"UNKNOWN","ParentImage":"UNKNOWN","CommandLine":"UNKNOWN","DestinationIp":"192.168.1.41","DestinationPort":"51146","src_ip":"10.0.5.13","src_port":8080,"dst_ip":"192.168.1.41","dst_port":51146,"proto":"TCP","bytes":187,"QueryName":null}
{"@timestamp":1692161957297,"EventID":3,"Channel":"Microsoft-Windows-Sysmon\/Operational","Computer":"192.168.1.41","Image":"UNKNOWN","ParentImage":"UNKNOWN","CommandLine":"UNKNOWN","DestinationIp":"10.0.5.13","DestinationPort":"8080","src_ip":"192.168.1.41","src_port":51146,"dst_ip":"10.0.5.13","dst_port":8080,"proto":"TCP","bytes":40,"QueryName":null}
{"@timestamp":1692161957567,"EventID":22,"Channel":"Microsoft-Windows-Sysmon\/Operational","Computer":"192.168.1.41","Image":"UNKNOWN","ParentImage":"UNKNOWN","CommandLine":"UNKNOWN","DestinationIp":null,"DestinationPort":null,"src_ip":"192.168.1.41","src_port":63320,"dst_ip":"192.168.1.4","dst_port":53,"proto":"UDP","bytes":39,"QueryName":"config.edge.skype.com"}
{"@timestamp":1692161958260,"EventID":22,"Channel":"Microsoft-Windows-Sysmon\/Operational","Computer":"192.168.1.41","Image":"UNKNOWN","ParentImage":"UNKNOWN","CommandLine":"UNKNOWN","DestinationIp":null,"DestinationPort":null,"src_ip":"192.168.1.41","src_port":60080,"dst_ip":"192.168.1.4","dst_port":53,"proto":"UDP","bytes":34,"QueryName":"dns.msftncsi.com"}
{"@timestamp":1692161959318,"EventID":22,"Channel":"Microsoft-Windows-Sysmon\/Operational","Computer":"192.168.1.41","Image":"UNKNOWN","ParentImage":"UNKNOWN","CommandLine":"UNKNOWN","DestinationIp":null,"DestinationPort":null,"src_ip":"192.168.1.41","src_port":60080,"dst_ip":"192.168.1.4","dst_port":53,"proto":"UDP","bytes":34,"QueryName":"dns.msftncsi.com"}
{"@timestamp":1692161959764,"EventID":3,"Channel":"Microsoft-Windows-Sysmon\/Operational","Computer":"192.168.1.41","Image":"UNKNOWN","ParentImage":"UNKNOWN","CommandLine":"UNKNOWN","DestinationIp":"10.0.5.13","DestinationPort":"8080","src_ip":"192.168.1.41","src_port":51146,"dst_ip":"10.0.5.13","dst_port":8080,"proto":"TCP","bytes":348,"QueryName":null}
{"@timestamp":1692161959769,"EventID":3,"Channel":"Microsoft-Windows-Sysmon\/Operational","Computer":"10.0.5.13","Image":"UNKNOWN","ParentImage":"UNKNOWN","CommandLine":"UNKNOWN","DestinationIp":"192.168.1.41","DestinationPort":"51146","src_ip":"10.0.5.13","src_port":8080,"dst_ip":"192.168.1.41","dst_port":51146,"proto":"TCP","bytes":187,"QueryName":null}
{"@timestamp":1692161959860,"EventID":3,"Channel":"Microsoft-Windows-Sysmon\/Operational","Computer":"192.168.1.41","Image":"UNKNOWN","ParentImage":"UNKNOWN","CommandLine":"UNKNOWN","DestinationIp":"10.0.5.13","DestinationPort":"8080","src_ip":"192.168.1.41","src_port":51146,"dst_ip":"10.0.5.13","dst_port":8080,"proto":"TCP","bytes":40,"QueryName":null}
{"@timestamp":1692161961338,"EventID":22,"Channel":"Microsoft-Windows-Sysmon\/Operational","Computer":"192.168.1.41","Image":"UNKNOWN","ParentImage":"UNKNOWN","CommandLine":"UNKNOWN","DestinationIp":null,"DestinationPort":null,"src_ip":"192.168.1.41","src_port":60080,"dst_ip":"192.168.1.4","dst_port":53,"proto":"UDP","bytes":34,"QueryName":"dns.msftncsi.com"}
{"@timestamp":1692161961599,"EventID":22,"Channel":"Microsoft-Windows-Sysmon\/Operational","Computer":"192.168.1.41","Image":"UNKNOWN","ParentImage":"UNKNOWN","CommandLine":"UNKNOWN","DestinationIp":null,"DestinationPort":null,"src_ip":"192.168.1.41","src_port":63320,"dst_ip":"192.168.1.4","dst_port":53,"proto":"UDP","bytes":39,"QueryName":"config.edge.skype.com"}
{"@timestamp":1692161962427,"EventID":3,"Channel":"Microsoft-Windows-Sysmon\/Operational","Computer":"192.168.1.41","Image":"UNKNOWN","ParentImage":"UNKNOWN","CommandLine":"UNKNOWN","DestinationIp":"10.0.5.13","DestinationPort":"8080","src_ip":"192.168.1.41","src_port":51146,"dst_ip":"10.0.5.13","dst_port":8080,"proto":"TCP","bytes":348,"QueryName":null}
{"@timestamp":1692161962432,"EventID":3,"Channel":"Microsoft-Windows-Sysmon\/Operational","Computer":"10.0.5.13","Image":"UNKNOWN","ParentImage":"UNKNOWN","CommandLine":"UNKNOWN","DestinationIp":"192.168.1.41","DestinationPort":"51146","src_ip":"10.0.5.13","src_port":8080,"dst_ip":"192.168.1.41","dst_port":51146,"proto":"TCP","bytes":187,"QueryName":null}
{"@timestamp":1692161962535,"EventID":3,"Channel":"Microsoft-Windows-Sysmon\/Operational","Computer":"192.168.1.41","Image":"UNKNOWN","ParentImage":"UNKNOWN","CommandLine":"UNKNOWN","DestinationIp":"10.0.5.13","DestinationPort":"8080","src_ip":"192.168.1.41","src_port":51146,"dst_ip":"10.0.5.13","dst_port":8080,"proto":"TCP","bytes":40,"QueryName":null}
{"@timestamp":1692161962573,"EventID":3,"Channel":"Microsoft-Windows-Sysmon\/Operational","Computer":"192.168.1.4","Image":"UNKNOWN","ParentImage":"UNKNOWN","CommandLine":"UNKNOWN","DestinationIp":"192.168.1.41","DestinationPort":"63320","src_ip":"192.168.1.4","src_port":53,"dst_ip":"192.168.1.41","dst_port":63320,"proto":"UDP","bytes":67,"QueryName":null}
{"@timestamp":1692161962573,"EventID":3,"Channel":"Microsoft-Windows-Sysmon\/Operational","Computer":"192.168.1.4","Image":"UNKNOWN","ParentImage":"UNKNOWN","CommandLine":"UNKNOWN","DestinationIp":"192.168.1.41","DestinationPort":"51207","src_ip":"192.168.1.4","src_port":53,"dst_ip":"192.168.1.41","dst_port":51207,"proto":"UDP","bytes":60,"QueryName":null}
{"@timestamp":1692161963474,"EventID":3,"Channel":"Microsoft-Windows-Sysmon\/Operational","Computer":"192.168.1.41","Image":"UNKNOWN","ParentImage":"UNKNOWN","CommandLine":"UNKNOWN","DestinationIp":"10.0.5.13","DestinationPort":"80","src_ip":"192.168.1.41","src_port":52665,"dst_ip":"10.0.5.13","dst_port":80,"proto":"TCP","bytes":41,"QueryName":null}
{"@timestamp":1692161963477,"EventID":3,"Channel":"Microsoft-Windows-Sysmon\/Operational","Computer":"10.0.5.13","Image":"UNKNOWN","ParentImage":"UNKNOWN","CommandLine":"UNKNOWN","DestinationIp":"192.168.1.41","DestinationPort":"52665","src_ip":"10.0.5.13","src_port":80,"dst_ip":"192.168.1.41","dst_port":52665,"proto":"TCP","bytes":52,"QueryName":null}
