{"@timestamp":1692161647602,"EventID":3,"Channel":"Microsoft-Windows-Sysmon\/Operational","Computer":"192.168.1.4","Image":"UNKNOWN","ParentImage":"UNKNOWN","CommandLine":"UNKNOWN","DestinationIp":"192.168.1.41","DestinationPort":"55215","src_ip":"192.168.1.4","src_port":49669,"dst_ip":"192.168.1.41","dst_port":55215,"proto":"TCP","bytes":388,"QueryName":null}
{"@timestamp":1692161647603,"EventID":3,"Channel":"Microsoft-Windows-Sysmon\/Operational","Computer":"192.168.1.41","Image":"UNKNOWN","ParentImage":"UNKNOWN","CommandLine":"UNKNOWN","DestinationIp":"192.168.1.4","DestinationPort":"49669","src_ip":"192.168.1.41","src_port":55215,"dst_ip":"192.168.1.4","dst_port":49669,"proto":"TCP","bytes":180,"QueryName":null}
{"@timestamp":1692161647605,"EventID":3,"Channel":"Microsoft-Windows-Sysmon\/Operational","Computer":"192.168.1.4","Image":"UNKNOWN","ParentImage":"UNKNOWN","CommandLine":"UNKNOWN","DestinationIp":"192.168.1.41","DestinationPort":"55215","src_ip":"192.168.1.4","src_port":49669,"dst_ip":"192.168.1.41","dst_port":55215,"proto":"TCP","bytes":180,"QueryName":null}
{"@timestamp":1692161647607,"EventID":3,"Channel":"Microsoft-Windows-Sysmon\/Operational","Computer":"192.168.1.41","Image":"UNKNOWN","ParentImage":"UNKNOWN","CommandLine":"UNKNOWN","DestinationIp":"192.168.1.4","DestinationPort":"135","src_ip":"192.168.1.41","src_port":55214,"dst_ip":"192.168.1.4","dst_port":135,"proto":"TCP","bytes":208,"QueryName":null}
{"@timestamp":1692161647608,"EventID":3,"Channel":"Microsoft-Windows-Sysmon\/Operational","Computer":"192.168.1.4","Image":"UNKNOWN","ParentImage":"UNKNOWN","CommandLine":"UNKNOWN","DestinationIp":"192.168.1.41","DestinationPort":"55214","src_ip":"192.168.1.4","src_port":135,"dst_ip":"192.168.1.41","dst_port":55214,"proto":"TCP","bytes":308,"QueryName":null}
{"@timestamp":1692161647609,"EventID":3,"Channel":"Microsoft-Windows-Sysmon\/Operational","Computer":"192.168.1.41","Image":"UNKNOWN","ParentImage":"UNKNOWN","CommandLine":"UNKNOWN","DestinationIp":"192.168.1.4","DestinationPort":"49669","src_ip":"192.168.1.41","src_port":55215,"dst_ip":"192.168.1.4","dst_port":49669,"proto":"TCP","bytes":244,"QueryName":null}
{"@timestamp":1692161647610,"EventID":3,"Channel":"Microsoft-Windows-Sysmon\/Operational","Computer":"192.168.1.4","Image":"UNKNOWN","ParentImage":"UNKNOWN","CommandLine":"UNKNOWN","DestinationIp":"192.168.1.41","DestinationPort":"55215","src_ip":"192.168.1.4","src_port":49669,"dst_ip":"192.168.1.41","dst_port":55215,"proto":"TCP","bytes":244,"QueryName":null}
{"@timestamp":1692161647610,"EventID":3,"Channel":"Microsoft-Windows-Sysmon\/Operational","Computer":"192.168.1.41","Image":"UNKNOWN","ParentImage":"UNKNOWN","CommandLine":"UNKNOWN","DestinationIp":"192.168.1.4","DestinationPort":"49669","src_ip":"192.168.1.41","src_port":55215,"dst_ip":"192.168.1.4","dst_port":49669,"proto":"TCP","bytes":292,"QueryName":null}
{"@timestamp":1692161647612,"EventID":3,"Channel":"Microsoft-Windows-Sysmon\/Operational","Computer":"192.168.1.4","Image":"UNKNOWN","ParentImage":"UNKNOWN","CommandLine":"UNKNOWN","DestinationIp":"192.168.1.41","DestinationPort":"55215","src_ip":"192.168.1.4","src_port":49669,"dst_ip":"192.168.1.41","dst_port":55215,"proto":"TCP","bytes":388,"QueryName":null}
{"@timestamp":1692161647612,"EventID":3,"Channel":"Microsoft-Windows-Sysmon\/Operational","Computer":"192.168.1.41","Image":"UNKNOWN","ParentImage":"UNKNOWN","CommandLine":"UNKNOWN","DestinationIp":"192.168.1.4","DestinationPort":"49669","src_ip":"192.168.1.41","src_port":55215,"dst_ip":"192.168.1.4","dst_port":49669,"proto":"TCP","bytes":180,"QueryName":null}
{"@timestamp":1692161647614,"EventID":3,"Channel":"Microsoft-Windows-Sysmon\/Operational","Computer":"192.168.1.4","Image":"UNKNOWN","ParentImage":"UNKNOWN","CommandLine":"UNKNOWN","DestinationIp":"192.168.1.41","DestinationPort":"55215","src_ip":"192.168.1.4","src_port":49669,"dst_ip":"192.168.1.41","dst_port":55215,"proto":"TCP","bytes":180,"QueryName":null}
{"@timestamp":1692161647618,"EventID":3,"Channel":"Microsoft-Windows-Sysmon\/Operational","Computer":"192.168.1.41","Image":"UNKNOWN","ParentImage":"UNKNOWN","CommandLine":"UNKNOWN","DestinationIp":"192.168.1.4","DestinationPort":"389","src_ip":"192.168.1.41","src_port":55219,"dst_ip":"192.168.1.4","dst_port":389,"proto":"TCP","bytes":52,"QueryName":null}
{"@timestamp":1692161647619,"EventID":3,"Channel":"Microsoft-Windows-Sysmon\/Operational","Computer":"192.168.1.4","Image":"UNKNOWN","ParentImage":"UNKNOWN","CommandLine":"UNKNOWN","DestinationIp":"192.168.1.41","DestinationPort":"55219","src_ip":"192.168.1.4","src_port":389,"dst_ip":"192.168.1.41","dst_port":55219,"proto":"TCP","bytes":52,"QueryName":null}
{"@timestamp":1692161647619,"EventID":3,"Channel":"Microsoft-Windows-Sysmon\/Operational","Computer":"192.168.1.41","Image":"UNKNOWN","ParentImage":"UNKNOWN","CommandLine":"UNKNOWN","DestinationIp":"192.168.1.4","DestinationPort":"389","src_ip":"192.168.1.41","src_port":55219,"dst_ip":"192.168.1.4","dst_port":389,"proto":"TCP","bytes":40,"QueryName":null}
{"@timestamp":1692161647621,"EventID":3,"Channel":"Microsoft-Windows-Sysmon\/Operational","Computer":"192.168.1.41","Image":"UNKNOWN","ParentImage":"UNKNOWN","CommandLine":"UNKNOWN","DestinationIp":"192.168.1.4","DestinationPort":"389","src_ip":"192.168.1.41","src_port":55219,"dst_ip":"192.168.1.4","dst_port":389,"proto":"TCP","bytes":390,"QueryName":null}
{"@timestamp":1692161647623,"EventID":3,"Channel":"Microsoft-Windows-Sysmon\/Operational","Computer":"192.168.1.4","Image":"UNKNOWN","ParentImage":"UNKNOWN","CommandLine":"UNKNOWN","DestinationIp":"192.168.1.41","DestinationPort":"55219","src_ip":"192.168.1.4","src_port":389,"dst_ip":"192.168.1.41","dst_port":55219,"proto":"TCP","bytes":1500,"QueryName":null}
{"@timestamp":1692161647623,"EventID":3,"Channel":"Microsoft-Windows-Sysmon\/Operational","Computer":"192.168.1.4","Image":"UNKNOWN","ParentImage":"UNKNOWN","CommandLine":"UNKNOWN","DestinationIp":"192.168.1.41","DestinationPort":"55219","src_ip":"192.168.1.4","src_port":389,"dst_ip":"192.168.1.41","dst_port":55219,"proto":"TCP","bytes":1287,"QueryName":null}
{"@timestamp":1692161647624,"EventID":3,"Channel":"Microsoft-Windows-Sysmon\/Operational","Computer":"192.168.1.41","Image":"UNKNOWN","ParentImage":"UNKNOWN","CommandLine":"UNKNOWN","DestinationIp":"192.168.1.4","DestinationPort":"389","src_ip":"192.168.1.41","src_port":55219,"dst_ip":"192.168.1.4","dst_port":389,"proto":"TCP","bytes":40,"QueryName":null}
{"@timestamp":1692161647626,"EventID":3,"Channel":"Microsoft-Windows-Sysmon\/Operational","Computer":"192.168.1.41","Image":"UNKNOWN","ParentImage":"UNKNOWN","CommandLine":"UNKNOWN","DestinationIp":"192.168.1.4","DestinationPort":"389","src_ip":"192.168.1.41","src_port":55219,"dst_ip":"192.168.1.4","dst_port":389,"proto":"TCP","bytes":1975,"QueryName":null}
{"@timestamp":1692161647627,"EventID":3,"Channel":"Microsoft-Windows-Sysmon\/Operational","Computer":"192.168.1.4","Image":"UNKNOWN","ParentImage":"UNKNOWN","CommandLine":"UNKNOWN","DestinationIp":"192.168.1.41","DestinationPort":"55219","src_ip":"192.168.1.4","src_port":389,"dst_ip":"192.168.1.41","dst_port":55219,"proto":"TCP","bytes":40,"QueryName":null}
{"@timestamp":1692161647628,"EventID":3,"Channel":"Microsoft-Windows-Sysmon\/Operational","Computer":"192.168.1.4","Image":"UNKNOWN","ParentImage":"UNKNOWN","CommandLine":"UNKNOWN","DestinationIp":"192.168.1.41","DestinationPort":"55219","src_ip":"192.168.1.4","src_port":389,"dst_ip":"192.168.1.41","dst_port":55219,"proto":"TCP","bytes":250,"QueryName":null}
{"@timestamp":1692161647629,"EventID":3,"Channel":"Microsoft-Windows-Sysmon\/Operational","Computer":"192.168.1.41","Image":"UNKNOWN","ParentImage":"UNKNOWN","CommandLine":"UNKNOWN","DestinationIp":"192.168.1.4","DestinationPort":"389","src_ip":"192.168.1.41","src_port":55219,"dst_ip":"192.168.1.4","dst_port":389,"proto":"TCP","bytes":175,"QueryName":null}
{"@timestamp":1692161647630,"EventID":3,"Channel":"Microsoft-Windows-Sysmon\/Operational","Computer":"192.168.1.4","Image":"UNKNOWN","ParentImage":"UNKNOWN","CommandLine":"UNKNOWN","DestinationIp":"192.168.1.41","DestinationPort":"55219","src_ip":"192.168.1.4","src_port":389,"dst_ip":"192.168.1.41","dst_port":55219,"proto":"TCP","bytes":199,"QueryName":null}
{"@timestamp":1692161647631,"EventID":3,"Channel":"Microsoft-Windows-Sysmon\/Operational","Computer":"192.168.1.41","Image":"UNKNOWN","ParentImage":"UNKNOWN","CommandLine":"UNKNOWN","DestinationIp":"192.168.1.4","DestinationPort":"389","src_ip":"192.168.1.41","src_port":55219,"dst_ip":"192.168.1.4","dst_port":389,"proto":"TCP","bytes":180,"QueryName":null}
{"@timestamp":1692161647632,"EventID":3,"Channel":"Microsoft-Windows-Sysmon\/Operational","Computer":"192.168.1.4","Image":"UNKNOWN","ParentImage":"UNKNOWN","CommandLine":"UNKNOWN","DestinationIp":"192.168.1.41","DestinationPort":"55219","src_ip":"192.168.1.4","src_port":389,"dst_ip":"192.168.1.41","dst_port":55219,"proto":"TCP","bytes":157,"QueryName":null}
{"@timestamp":1692161647632,"EventID":3,"Channel":"Microsoft-Windows-Sysmon\/Operational","Computer":"192.168.1.41","Image":"UNKNOWN","ParentImage":"UNKNOWN","CommandLine":"UNKNOWN","DestinationIp":"192.168.1.4","DestinationPort":"389","src_ip":"192.168.1.41","src_port":55219,"dst_ip":"192.168.1.4","dst_port":389,"proto":"TCP","bytes":174,"QueryName":null}
{"@timestamp":1692161647633,"EventID":3,"Channel":"Microsoft-Windows-Sysmon\/Operational","Computer":"192.168.1.4","Image":"UNKNOWN","ParentImage":"UNKNOWN","CommandLine":"UNKNOWN","DestinationIp":"192.168.1.41","DestinationPort":"55219","src_ip":"192.168.1.4","src_port":389,"dst_ip":"192.168.1.41","dst_port":55219,"proto":"TCP","bytes":210,"QueryName":null}
{"@timestamp":1692161647644,"EventID":3,"Channel":"Microsoft-Windows-Sysmon\/Operational","Computer":"192.168.1.41","Image":"UNKNOWN","ParentImage":"UNKNOWN","CommandLine":"UNKNOWN","DestinationIp":"192.168.1.4","DestinationPort":"389","src_ip":"192.168.1.41","src_port":55220,"dst_ip":"192.168.1.4","dst_port":389,"proto":"TCP","bytes":52,"QueryName":null}
{"@timestamp":1692161647646,"EventID":3,"Channel":"Microsoft-Windows-Sysmon\/Operational","Computer":"192.168.1.4","Image":"UNKNOWN","ParentImage":"UNKNOWN","CommandLine":"UNKNOWN","DestinationIp":"192.168.1.41","DestinationPort":"55220","src_ip":"192.168.1.4","src_port":389,"dst_ip":"192.168.1.41","dst_port":55220,"proto":"TCP","bytes":52,"QueryName":null}
{"@timestamp":1692161647647,"EventID":3,"Channel":"Microsoft-Windows-Sysmon\/Operational","Computer":"192.168.1.41","Image":"UNKNOWN","ParentImage":"UNKNOWN","CommandLine":"UNKNOWN","DestinationIp":"192.168.1.4","DestinationPort":"389","src_ip":"192.168.1.41","src_port":55220,"dst_ip":"192.168.1.4","dst_port":389,"proto":"TCP","bytes":40,"QueryName":null}
{"@timestamp":1692161647650,"EventID":3,"Channel":"Microsoft-Windows-Sysmon\/Operational","Computer":"192.168.1.41","Image":"UNKNOWN","ParentImage":"UNKNOWN","CommandLine":"UNKNOWN","DestinationIp":"192.168.1.4","DestinationPort":"389","src_ip":"192.168.1.41","src_port":55220,"dst_ip":"192.168.1.4","dst_port":389,"proto":"TCP","bytes":1975,"QueryName":null}
{"@timestamp":1692161647652,"EventID":3,"Channel":"Microsoft-Windows-Sysmon\/Operational","Computer":"192.168.1.4","Image":"UNKNOWN","ParentImage":"UNKNOWN","CommandLine":"UNKNOWN","DestinationIp":"192.168.1.41","DestinationPort":"55220","src_ip":"192.168.1.4","src_port":389,"dst_ip":"192.168.1.41","dst_port":55220,"proto":"TCP","bytes":40,"QueryName":null}
{"@timestamp":1692161647652,"EventID":3,"Channel":"Microsoft-Windows-Sysmon\/Operational","Computer":"192.168.1.4","Image":"UNKNOWN","ParentImage":"UNKNOWN","CommandLine":"UNKNOWN","DestinationIp":"192.168.1.41","DestinationPort":"55220","src_ip":"192.168.1.4","src_port":389,"dst_ip":"192.168.1.41","dst_port":55220,"proto":"TCP","bytes":250,"QueryName":null}
{"@timestamp":1692161647653,"EventID":3,"Channel":"Microsoft-Windows-Sysmon\/Operational","Computer":"192.168.1.41","Image":"UNKNOWN","ParentImage":"UNKNOWN","CommandLine":"UNKNOWN","DestinationIp":"192.168.1.4","DestinationPort":"389","src_ip":"192.168.1.41","src_port":55220,"dst_ip":"192.168.1.4","dst_port":389,"proto":"TCP","bytes":126,"QueryName":null}
{"@timestamp":1692161647654,"EventID":3,"Channel":"Microsoft-Windows-Sysmon\/Operational","Computer":"192.168.1.4","Image":"UNKNOWN","ParentImage":"UNKNOWN","CommandLine":"UNKNOWN","DestinationIp":"192.168.1.41","DestinationPort":"55220","src_ip":"192.168.1.4","src_port":389,"dst_ip":"192.168.1.41","dst_port":55220,"proto":"TCP","bytes":1500,"QueryName":null}
{"@timestamp":1692161647654,"EventID":3,"Channel":"Microsoft-Windows-Sysmon\/Operational","Computer":"192.168.1.4","Image":"UNKNOWN","ParentImage":"UNKNOWN","CommandLine":"UNKNOWN","DestinationIp":"192.168.1.41","DestinationPort":"55220","src_ip":"192.168.1.4","src_port":389,"dst_ip":"192.168.1.41","dst_port":55220,"proto":"TCP","bytes":1500,"QueryName":null}
{"@timestamp":1692161647654,"EventID":3,"Channel":"Microsoft-Windows-Sysmon\/Operational","Computer":"192.168.1.4","Image":"UNKNOWN","ParentImage":"UNKNOWN","CommandLine":"UNKNOWN","DestinationIp":"192.168.1.41","DestinationPort":"55220","src_ip":"192.168.1.4","src_port":389,"dst_ip":"192.168.1.41","dst_port":55220,"proto":"TCP","bytes":135,"QueryName":null}
{"@timestamp":1692161647654,"EventID":3,"Channel":"Microsoft-Windows-Sysmon\/Operational","Computer":"192.168.1.41","Image":"UNKNOWN","ParentImage":"UNKNOWN","CommandLine":"UNKNOWN","DestinationIp":"192.168.1.4","DestinationPort":"389","src_ip":"192.168.1.41","src_port":55220,"dst_ip":"192.168.1.4","dst_port":389,"proto":"TCP","bytes":40,"QueryName":null}
{"@timestamp":1692161647655,"EventID":3,"Channel":"Microsoft-Windows-Sysmon\/Operational","Computer":"192.168.1.41","Image":"UNKNOWN","ParentImage":"UNKNOWN","CommandLine":"UNKNOWN","DestinationIp":"192.168.1.4","DestinationPort":"389","src_ip":"192.168.1.41","src_port":55220,"dst_ip":"192.168.1.4","dst_port":389,"proto":"TCP","bytes":257,"QueryName":null}
{"@timestamp":1692161647657,"EventID":3,"Channel":"Microsoft-Windows-Sysmon\/Operational","Computer":"192.168.1.4","Image":"UNKNOWN","ParentImage":"UNKNOWN","CommandLine":"UNKNOWN","DestinationIp":"192.168.1.41","DestinationPort":"55220","src_ip":"192.168.1.4","src_port":389,"dst_ip":"192.168.1.41","dst_port":55220,"proto":"TCP","bytes":280,"QueryName":null}
{"@timestamp":1692161647657,"EventID":3,"Channel":"Microsoft-Windows-Sysmon\/Operational","Computer":"192.168.1.41","Image":"UNKNOWN","ParentImage":"UNKNOWN","CommandLine":"UNKNOWN","DestinationIp":"192.168.1.4","DestinationPort":"389","src_ip":"192.168.1.41","src_port":55220,"dst_ip":"192.168.1.4","dst_port":389,"proto":"TCP","bytes":83,"QueryName":null}
{"@timestamp":1692161647659,"EventID":3,"Channel":"Microsoft-Windows-Sysmon\/Operational","Computer":"192.168.1.4","Image":"UNKNOWN","ParentImage":"UNKNOWN","CommandLine":"UNKNOWN","DestinationIp":"192.168.1.41","DestinationPort":"55220","src_ip":"192.168.1.4","src_port":389,"dst_ip":"192.168.1.41","dst_port":55220,"proto":"TCP","bytes":40,"QueryName":null}
{"@timestamp":1692161647659,"EventID":3,"Channel":"Microsoft-Windows-Sysmon\/Operational","Computer":"192.168.1.41","Image":"UNKNOWN","ParentImage":"UNKNOWN","CommandLine":"UNKNOWN","DestinationIp":"192.168.1.4","DestinationPort":"389","src_ip":"192.168.1.41","src_port":55220,"dst_ip":"192.168.1.4","dst_port":389,"proto":"TCP","bytes":40,"QueryName":null}
{"@timestamp":1692161647660,"EventID":3,"Channel":"Microsoft-Windows-Sysmon\/Operational","Computer":"192.168.1.41","Image":"UNKNOWN","ParentImage":"UNKNOWN","CommandLine":"UNKNOWN","DestinationIp":"192.168.1.4","DestinationPort":"389","src_ip":"192.168.1.41","src_port":55219,"dst_ip":"192.168.1.4","dst_port":389,"proto":"TCP","bytes":83,"QueryName":null}
{"@timestamp":1692161647661,"EventID":3,"Channel":"Microsoft-Windows-Sysmon\/Operational","Computer":"192.168.1.4","Image":"UNKNOWN","ParentImage":"UNKNOWN","CommandLine":"UNKNOWN","DestinationIp":"192.168.1.41","DestinationPort":"55219","src_ip":"192.168.1.4","src_port":389,"dst_ip":"192.168.1.41","dst_port":55219,"proto":"TCP","bytes":40,"QueryName":null}
{"@timestamp":1692161647661,"EventID":3,"Channel":"Microsoft-Windows-Sysmon\/Operational","Computer":"192.168.1.41","Image":"UNKNOWN","ParentImage":"UNKNOWN","CommandLine":"UNKNOWN","DestinationIp":"192.168.1.4","DestinationPort":"389","src_ip":"192.168.1.41","src_port":55219,"dst_ip":"192.168.1.4","dst_port":389,"proto":"TCP","bytes":40,"QueryName":null}
{"@timestamp":1692161647687,"EventID":3,"Channel":"Microsoft-Windows-Sysmon\/Operational","Computer":"192.168.1.4","Image":"UNKNOWN","ParentImage":"UNKNOWN","CommandLine":"UNKNOWN","DestinationIp":"192.168.1.41","DestinationPort":"55215","src_ip":"192.168.1.4","src_port":49669,"dst_ip":"192.168.1.41","dst_port":55215,"proto":"TCP","bytes":180,"QueryName":null}
{"@timestamp":1692161647753,"EventID":3,"Channel":"Microsoft-Windows-Sysmon\/Operational","Computer":"192.168.1.4","Image":"UNKNOWN","ParentImage":"UNKNOWN","CommandLine":"UNKNOWN","DestinationIp":"192.168.1.41","DestinationPort":"55215","src_ip":"192.168.1.4","src_port":49669,"dst_ip":"192.168.1.41","dst_port":55215,"proto":"TCP","bytes":180,"QueryName":null}
{"@timestamp":1692161647763,"EventID":3,"Channel":"Microsoft-Windows-Sysmon\/Operational","Computer":"192.168.1.41","Image":"UNKNOWN","ParentImage":"UNKNOWN","CommandLine":"UNKNOWN","DestinationIp":"192.168.1.4","DestinationPort":"49669","src_ip":"192.168.1.41","src_port":55215,"dst_ip":"192.168.1.4","dst_port":49669,"proto":"TCP","bytes":52,"QueryName":null}
{"@timestamp":1692161647763,"EventID":3,"Channel":"Microsoft-Windows-Sysmon\/Operational","Computer":"192.168.1.41","Image":"UNKNOWN","ParentImage":"UNKNOWN","CommandLine":"UNKNOWN","DestinationIp":"192.168.1.4","DestinationPort":"49669","src_ip":"192.168.1.41","src_port":55215,"dst_ip":"192.168.1.4","dst_port":49669,"proto":"TCP","bytes":52,"QueryName":null}
{"@timestamp":1692161647764,"EventID":3,"Channel":"Microsoft-Windows-Sysmon\/Operational","Computer":"192.168.1.41","Image":"UNKNOWN","ParentImage":"UNKNOWN","CommandLine":"UNKNOWN","DestinationIp":"192.168.1.4","DestinationPort":"135","src_ip":"192.168.1.41","src_port":55214,"dst_ip":"192.168.1.4","dst_port":135,"proto":"TCP","bytes":40,"QueryName":null}
{"@timestamp":1692161648016,"EventID":22,"Channel":"Microsoft-Windows-Sysmon\/Operational","Computer":"192.168.1.41","Image":"UNKNOWN","ParentImage":"UNKNOWN","CommandLine":"UNKNOWN","DestinationIp":null,"DestinationPort":null,"src_ip":"192.168.1.41","src_port":64466,"dst_ip":"192.168.1.4","dst_port":53,"proto":"UDP","bytes":43,"QueryName":"login.microsoftonline.com"}
{"@timestamp":1692161648275,"EventID":3,"Channel":"Microsoft-Windows-Sysmon\/Operational","Computer":"192.168.1.41","Image":"UNKNOWN","ParentImage":"UNKNOWN","CommandLine":"UNKNOWN","DestinationIp":"10.0.5.13","DestinationPort":"80","src_ip":"192.168.1.41","src_port":52665,"dst_ip":"10.0.5.13","dst_port":80,"proto":"TCP","bytes":52,"QueryName":null}
{"@timestamp":1692161648277,"EventID":3,"Channel":"Microsoft-Windows-Sysmon\/Operational","Computer":"192.168.1.41","Image":"UNKNOWN","ParentImage":"UNKNOWN","CommandLine":"UNKNOWN","DestinationIp":"10.0.5.13","DestinationPort":"80","src_ip":"192.168.1.41","src_port":51126,"dst_ip":"10.0.5.13","dst_port":80,"proto":"TCP","bytes":52,"QueryName":null}
{"@timestamp":1692161648278,"EventID":3,"Channel":"Microsoft-Windows-Sysmon\/Operational","Computer":"10.0.5.13","Image":"UNKNOWN","ParentImage":"UNKNOWN","CommandLine":"UNKNOWN","DestinationIp":"192.168.1.41","DestinationPort":"52665","src_ip":"10.0.5.13","src_port":80,"dst_ip":"192.168.1.41","dst_port":52665,"proto":"TCP","bytes":52,"QueryName":null}
{"@timestamp":1692161648280,"EventID":3,"Channel":"Microsoft-Windows-Sysmon\/Operational","Computer":"10.0.5.13","Image":"UNKNOWN","ParentImage":"UNKNOWN","CommandLine":"UNKNOWN","DestinationIp":"192.168.1.41","DestinationPort":"51126","src_ip":"10.0.5.13","src_port":80,"dst_ip":"192.168.1.41","dst_port":51126,"proto":"TCP","bytes":52,"QueryName":null}
{"@timestamp":1692161648291,"EventID":3,"Channel":"Microsoft-Windows-Sysmon\/Operational","Computer":"192.168.1.41","Image":"UNKNOWN","ParentImage":"UNKNOWN","CommandLine":"UNKNOWN","DestinationIp":"10.0.5.13","DestinationPort":"80","src_ip":"192.168.1.41","src_port":52665,"dst_ip":"10.0.5.13","dst_port":80,"proto":"TCP","bytes":40,"QueryName":null}
{"@timestamp":1692161648291,"EventID":3,"Channel":"Microsoft-Windows-Sysmon\/Operational","Computer":"192.168.1.41","Image":"UNKNOWN","ParentImage":"UNKNOWN","CommandLine":"UNKNOWN","DestinationIp":"10.0.5.13","DestinationPort":"80","src_ip":"192.168.1.41","src_port":51126,"dst_ip":"10.0.5.13","dst_port":80,"proto":"TCP","bytes":40,"QueryName":null}
{"@timestamp":1692161648303,"EventID":3,"Channel":"Microsoft-Windows-Sysmon\/Operational","Computer":"192.168.1.41","Image":"UNKNOWN","ParentImage":"UNKNOWN","CommandLine":"UNKNOWN","DestinationIp":"10.0.5.13","DestinationPort":"80","src_ip":"192.168.1.41","src_port":51126,"dst_ip":"10.0.5.13","dst_port":80,"proto":"TCP","bytes":519,"QueryName":null}
{"@timestamp":1692161648305,"EventID":3,"Channel":"Microsoft-Windows-Sysmon\/Operational","Computer":"10.0.5.13","Image":"UNKNOWN","ParentImage":"UNKNOWN","CommandLine":"UNKNOWN","DestinationIp":"192.168.1.41","DestinationPort":"51126","src_ip":"10.0.5.13","src_port":80,"dst_ip":"192.168.1.41","dst_port":51126,"proto":"TCP","bytes":40,"QueryName":null}
{"@timestamp":1692161648308,"EventID":3,"Channel":"Microsoft-Windows-Sysmon\/Operational","Computer":"10.0.5.13","Image":"UNKNOWN","ParentImage":"UNKNOWN","CommandLine":"UNKNOWN","DestinationIp":"192.168.1.41","DestinationPort":"51126","src_ip":"10.0.5.13","src_port":80,"dst_ip":"192.168.1.41","dst_port":51126,"proto":"TCP","bytes":245,"QueryName":null}
{"@timestamp":1692161648333,"EventID":3,"Channel":"Microsoft-Windows-Sysmon\/Operational","Computer":"10.0.5.13","Image":"UNKNOWN","ParentImage":"UNKNOWN","CommandLine":"UNKNOWN","DestinationIp":"192.168.1.41","DestinationPort":"51126","src_ip":"10.0.5.13","src_port":80,"dst_ip":"192.168.1.41","dst_port":51126,"proto":"TCP","bytes":1500,"QueryName":null}
{"@timestamp":1692161648333,"EventID":3,"Channel":"Microsoft-Windows-Sysmon\/Operational","Computer":"10.0.5.13","Image":"UNKNOWN","ParentImage":"UNKNOWN","CommandLine":"UNKNOWN","DestinationIp":"192.168.1.41","DestinationPort":"51126","src_ip":"10.0.5.13","src_port":80,"dst_ip":"192.168.1.41","dst_port":51126,"proto":"TCP","bytes":1500,"QueryName":null}
{"@timestamp":1692161648333,"EventID":3,"Channel":"Microsoft-Windows-Sysmon\/Operational","Computer":"10.0.5.13","Image":"UNKNOWN","ParentImage":"UNKNOWN","CommandLine":"UNKNOWN","DestinationIp":"192.168.1.41","DestinationPort":"51126","src_ip":"10.0.5.13","src_port":80,"dst_ip":"192.168.1.41","dst_port":51126,"proto":"TCP","bytes":1500,"QueryName":null}
{"@timestamp":1692161648335,"EventID":3,"Channel":"Microsoft-Windows-Sysmon\/Operational","Computer":"10.0.5.13","Image":"UNKNOWN","ParentImage":"UNKNOWN","CommandLine":"UNKNOWN","DestinationIp":"192.168.1.41","DestinationPort":"51126","src_ip":"10.0.5.13","src_port":80,"dst_ip":"192.168.1.41","dst_port":51126,"proto":"TCP","bytes":1500,"QueryName":null}
{"@timestamp":1692161648335,"EventID":3,"Channel":"Microsoft-Windows-Sysmon\/Operational","Computer":"10.0.5.13","Image":"UNKNOWN","ParentImage":"UNKNOWN","CommandLine":"UNKNOWN","DestinationIp":"192.168.1.41","DestinationPort":"51126","src_ip":"10.0.5.13","src_port":80,"dst_ip":"192.168.1.41","dst_port":51126,"proto":"TCP","bytes":1368,"QueryName":null}
{"@timestamp":1692161648362,"EventID":3,"Channel":"Microsoft-Windows-Sysmon\/Operational","Computer":"192.168.1.41","Image":"UNKNOWN","ParentImage":"UNKNOWN","CommandLine":"UNKNOWN","DestinationIp":"10.0.5.13","DestinationPort":"80","src_ip":"192.168.1.41","src_port":51126,"dst_ip":"10.0.5.13","dst_port":80,"proto":"TCP","bytes":40,"QueryName":null}
{"@timestamp":1692161648377,"EventID":3,"Channel":"Microsoft-Windows-Sysmon\/Operational","Computer":"192.168.1.41","Image":"UNKNOWN","ParentImage":"UNKNOWN","CommandLine":"UNKNOWN","DestinationIp":"10.0.5.13","DestinationPort":"80","src_ip":"192.168.1.41","src_port":51126,"dst_ip":"10.0.5.13","dst_port":80,"proto":"TCP","bytes":40,"QueryName":null}
{"@timestamp":1692161648380,"EventID":3,"Channel":"Microsoft-Windows-Sysmon\/Operational","Computer":"10.0.5.13","Image":"UNKNOWN","ParentImage":"UNKNOWN","CommandLine":"UNKNOWN","DestinationIp":"192.168.1.41","DestinationPort":"51126","src_ip":"10.0.5.13","src_port":80,"dst_ip":"192.168.1.41","dst_port":51126,"proto":"TCP","bytes":40,"QueryName":null}
{"@timestamp":1692161649283,"EventID":22,"Channel":"Microsoft-Windows-Sysmon\/Operational","Computer":"192.168.1.41","Image":"UNKNOWN","ParentImage":"UNKNOWN","CommandLine":"UNKNOWN","DestinationIp":null,"DestinationPort":null,"src_ip":"192.168.1.41","src_port":64466,"dst_ip":"192.168.1.4","dst_port":53,"proto":"UDP","bytes":43,"QueryName":"login.microsoftonline.com"}
{"@timestamp":1692161649412,"EventID":3,"Channel":"Microsoft-Windows-Sysmon\/Operational","Computer":"192.168.1.4","Image":"UNKNOWN","ParentImage":"UNKNOWN","CommandLine":"UNKNOWN","DestinationIp":"192.168.1.41","DestinationPort":"65224","src_ip":"192.168.1.4","src_port":53,"dst_ip":"192.168.1.41","dst_port":65224,"proto":"UDP","bytes":60,"QueryName":null}
{"@timestamp":1692161649502,"EventID":22,"Channel":"Microsoft-Windows-Sysmon\/Operational","Computer":"192.168.1.41","Image":"UNKNOWN","ParentImage":"UNKNOWN","CommandLine":"UNKNOWN","DestinationIp":null,"DestinationPort":null,"src_ip":"192.168.1.41","src_port":59048,"dst_ip":"192.168.1.4","dst_port":53,"proto":"UDP","bytes":45,"QueryName":"tqimoyfjlwqmts.pandalab.com"}
{"@timestamp":1692161649503,"EventID":3,"Channel":"Microsoft-Windows-Sysmon\/Operational","Computer":"192.168.1.4","Image":"UNKNOWN","ParentImage":"UNKNOWN","CommandLine":"UNKNOWN","DestinationIp":"192.168.1.41","DestinationPort":"59048","src_ip":"192.168.1.4","src_port":53,"dst_ip":"192.168.1.41","dst_port":59048,"proto":"UDP","bytes":137,"QueryName":null}
{"@timestamp":1692161649896,"EventID":22,"Channel":"Microsoft-Windows-Sysmon\/Operational","Computer":"192.168.1.41","Image":"UNKNOWN","ParentImage":"UNKNOWN","CommandLine":"UNKNOWN","DestinationIp":null,"DestinationPort":null,"src_ip":"192.168.1.41","src_port":56980,"dst_ip":"192.168.1.4","dst_port":53,"proto":"UDP","bytes":41,"QueryName":"zsvtcebybn.pandalab.com"}
{"@timestamp":1692161649898,"EventID":3,"Channel":"Microsoft-Windows-Sysmon\/Operational","Computer":"192.168.1.4","Image":"UNKNOWN","ParentImage":"UNKNOWN","CommandLine":"UNKNOWN","DestinationIp":"192.168.1.41","DestinationPort":"56980","src_ip":"192.168.1.4","src_port":53,"dst_ip":"192.168.1.41","dst_port":56980,"proto":"UDP","bytes":133,"QueryName":null}
{"@timestamp":1692161649908,"EventID":22,"Channel":"Microsoft-Windows-Sysmon\/Operational","Computer":"192.168.1.41","Image":"UNKNOWN","ParentImage":"UNKNOWN","CommandLine":"UNKNOWN","DestinationIp":null,"DestinationPort":null,"src_ip":"192.168.1.41","src_port":63140,"dst_ip":"192.168.1.4","dst_port":53,"proto":"UDP","bytes":38,"QueryName":"kdbuyqn.pandalab.com"}
{"@timestamp":1692161649918,"EventID":3,"Channel":"Microsoft-Windows-Sysmon\/Operational","Computer":"192.168.1.4","Image":"UNKNOWN","ParentImage":"UNKNOWN","CommandLine":"UNKNOWN","DestinationIp":"192.168.1.41","DestinationPort":"63140","src_ip":"192.168.1.4","src_port":53,"dst_ip":"192.168.1.41","dst_port":63140,"proto":"UDP","bytes":130,"QueryName":null}
{"@timestamp":1692161650323,"EventID":3,"Channel":"Microsoft-Windows-Sysmon\/Operational","Computer":"192.168.1.4","Image":"UNKNOWN","ParentImage":"UNKNOWN","CommandLine":"UNKNOWN","DestinationIp":"192.168.1.41","DestinationPort":"56739","src_ip":"192.168.1.4","src_port":53,"dst_ip":"192.168.1.41","dst_port":56739,"proto":"UDP","bytes":62,"QueryName":null}
{"@timestamp":1692161650485,"EventID":22,"Channel":"Microsoft-Windows-Sysmon\/Operational","Computer":"192.168.1.41","Image":"UNKNOWN","ParentImage":"UNKNOWN","CommandLine":"UNKNOWN","DestinationIp":null,"DestinationPort":null,"src_ip":"192.168.1.41","src_port":64466,"dst_ip":"192.168.1.4","dst_port":53,"proto":"UDP","bytes":43,"QueryName":"login.microsoftonline.com"}
{"@timestamp":1692161650490,"EventID":3,"Channel":"Microsoft-Windows-Sysmon\/Operational","Computer":"192.168.1.41","Image":"UNKNOWN","ParentImage":"UNKNOWN","CommandLine":"UNKNOWN","DestinationIp":"192.168.1.255","DestinationPort":"137","src_ip":"192.168.1.41","src_port":137,"dst_ip":"192.168.1.255","dst_port":137,"proto":"UDP","bytes":78,"QueryName":null}
{"@timestamp":1692161650597,"EventID":3,"Channel":"Microsoft-Windows-Sysmon\/Operational","Computer":"192.168.1.41","Image":"UNKNOWN","ParentImage":"UNKNOWN","CommandLine":"UNKNOWN","DestinationIp":"192.168.1.255","DestinationPort":"137","src_ip":"192.168.1.41","src_port":137,"dst_ip":"192.168.1.255","dst_port":137,"proto":"UDP","bytes":78,"QueryName":null}
{"@timestamp":1692161650599,"EventID":3,"Channel":"Microsoft-Windows-Sysmon\/Operational","Computer":"192.168.1.41","Image":"UNKNOWN","ParentImage":"UNKNOWN","CommandLine":"UNKNOWN","DestinationIp":"192.168.1.255","DestinationPort":"137","src_ip":"192.168.1.41","src_port":137,"dst_ip":"192.168.1.255","dst_port":137,"proto":"UDP","bytes":78,"QueryName":null}
{"@timestamp":1692161650601,"EventID":3,"Channel":"Microsoft-Windows-Sysmon\/Operational","Computer":"192.168.1.41","Image":"UNKNOWN","ParentImage":"UNKNOWN","CommandLine":"UNKNOWN","DestinationIp":"224.0.0.251","DestinationPort":"5353","src_ip":"192.168.1.41","src_port":5353,"dst_ip":"224.0.0.251","dst_port":5353,"proto":"UDP","bytes":62,"QueryName":null}
{"@timestamp":1692161650608,"EventID":3,"Channel":"Microsoft-Windows-Sysmon\/Operational","Computer":"192.168.1.41","Image":"UNKNOWN","ParentImage":"UNKNOWN","CommandLine":"UNKNOWN","DestinationIp":"224.0.0.252","DestinationPort":"5355","src_ip":"192.168.1.41","src_port":56581,"dst_ip":"224.0.0.252","dst_port":5355,"proto":"UDP","bytes":56,"QueryName":null}
{"@timestamp":1692161650609,"EventID":3,"Channel":"Microsoft-Windows-Sysmon\/Operational","Computer":"192.168.1.41","Image":"UNKNOWN","ParentImage":"UNKNOWN","CommandLine":"UNKNOWN","DestinationIp":"192.168.1.255","DestinationPort":"137","src_ip":"192.168.1.41","src_port":137,"dst_ip":"192.168.1.255","dst_port":137,"proto":"UDP","bytes":78,"QueryName":null}
{"@timestamp":1692161650612,"EventID":3,"Channel":"Microsoft-Windows-Sysmon\/Operational","Computer":"192.168.1.41","Image":"UNKNOWN","ParentImage":"UNKNOWN","CommandLine":"UNKNOWN","DestinationIp":"224.0.0.251","DestinationPort":"5353","src_ip":"192.168.1.41","src_port":5353,"dst_ip":"224.0.0.251","dst_port":5353,"proto":"UDP","bytes":59,"QueryName":null}
{"@timestamp":1692161650618,"EventID":3,"Channel":"Microsoft-Windows-Sysmon\/Operational","Computer":"192.168.1.41","Image":"UNKNOWN","ParentImage":"UNKNOWN","CommandLine":"UNKNOWN","DestinationIp":"224.0.0.252","DestinationPort":"5355","src_ip":"192.168.1.41","src_port":52594,"dst_ip":"224.0.0.252","dst_port":5355,"proto":"UDP","bytes":53,"QueryName":null}
{"@timestamp":1692161650620,"EventID":3,"Channel":"Microsoft-Windows-Sysmon\/Operational","Computer":"192.168.1.41","Image":"UNKNOWN","ParentImage":"UNKNOWN","CommandLine":"UNKNOWN","DestinationIp":"192.168.1.255","DestinationPort":"137","src_ip":"192.168.1.41","src_port":137,"dst_ip":"192.168.1.255","dst_port":137,"proto":"UDP","bytes":78,"QueryName":null}
{"@timestamp":1692161650621,"EventID":3,"Channel":"Microsoft-Windows-Sysmon\/Operational","Computer":"192.168.1.41","Image":"UNKNOWN","ParentImage":"UNKNOWN","CommandLine":"UNKNOWN","DestinationIp":"224.0.0.251","DestinationPort":"5353","src_ip":"192.168.1.41","src_port":5353,"dst_ip":"224.0.0.251","dst_port":5353,"proto":"UDP","bytes":66,"QueryName":null}
{"@timestamp":1692161650626,"EventID":3,"Channel":"Microsoft-Windows-Sysmon\/Operational","Computer":"192.168.1.41","Image":"UNKNOWN","ParentImage":"UNKNOWN","CommandLine":"UNKNOWN","DestinationIp":"224.0.0.251","DestinationPort":"5353","src_ip":"192.168.1.41","src_port":5353,"dst_ip":"224.0.0.251","dst_port":5353,"proto":"UDP","bytes":62,"QueryName":null}
{"@timestamp":1692161650630,"EventID":3,"Channel":"Microsoft-Windows-Sysmon\/Operational","Computer":"192.168.1.41","Image":"UNKNOWN","ParentImage":"UNKNOWN","CommandLine":"UNKNOWN","DestinationIp":"224.0.0.252","DestinationPort":"5355","src_ip":"192.168.1.41","src_port":58737,"dst_ip":"224.0.0.252","dst_port":5355,"proto":"UDP","bytes":56,"QueryName":null}
{"@timestamp":1692161650632,"EventID":3,"Channel":"Microsoft-Windows-Sysmon\/Operational","Computer":"192.168.1.41","Image":"UNKNOWN","ParentImage":"UNKNOWN","CommandLine":"UNKNOWN","DestinationIp":"224.0.0.251","DestinationPort":"5353","src_ip":"192.168.1.41","src_port":5353,"dst_ip":"224.0.0.251","dst_port":5353,"proto":"UDP","bytes":59,"QueryName":null}
{"@timestamp":1692161650636,"EventID":3,"Channel":"Microsoft-Windows-Sysmon\/Operational","Computer":"192.168.1.41","Image":"UNKNOWN","ParentImage":"UNKNOWN","CommandLine":"UNKNOWN","DestinationIp":"224.0.0.252","DestinationPort":"5355","src_ip":"192.168.1.41","src_port":52047,"dst_ip":"224.0.0.252","dst_port":5355,"proto":"UDP","bytes":53,"QueryName":null}
{"@timestamp":1692161650688,"EventID":3,"Channel":"Microsoft-Windows-Sysmon\/Operational","Computer":"192.168.1.41","Image":"UNKNOWN","ParentImage":"UNKNOWN","CommandLine":"UNKNOWN","DestinationIp":"224.0.0.252","DestinationPort":"5355","src_ip":"192.168.1.41","src_port":54024,"dst_ip":"224.0.0.252","dst_port":5355,"proto":"UDP","bytes":60,"QueryName":null}
{"@timestamp":1692161650689,"EventID":3,"Channel":"Microsoft-Windows-Sysmon\/Operational","Computer":"192.168.1.41","Image":"UNKNOWN","ParentImage":"UNKNOWN","CommandLine":"UNKNOWN","DestinationIp":"192.168.1.255","DestinationPort":"137","src_ip":"192.168.1.41","src_port":137,"dst_ip":"192.168.1.255","dst_port":137,"proto":"UDP","bytes":78,"QueryName":null}
{"@timestamp":1692161650691,"EventID":3,"Channel":"Microsoft-Windows-Sysmon\/Operational","Computer":"192.168.1.41","Image":"UNKNOWN","ParentImage":"UNKNOWN","CommandLine":"UNKNOWN","DestinationIp":"224.0.0.251","DestinationPort":"5353","src_ip":"192.168.1.41","src_port":5353,"dst_ip":"224.0.0.251","dst_port":5353,"proto":"UDP","bytes":66,"QueryName":null}
{"@timestamp":1692161650696,"EventID":3,"Channel":"Microsoft-Windows-Sysmon\/Operational","Computer":"192.168.1.41","Image":"UNKNOWN","ParentImage":"UNKNOWN","CommandLine":"UNKNOWN","DestinationIp":"224.0.0.252","DestinationPort":"5355","src_ip":"192.168.1.41","src_port":63275,"dst_ip":"224.0.0.252","dst_port":5355,"proto":"UDP","bytes":60,"QueryName":null}
{"@timestamp":1692161650871,"EventID":22,"Channel":"Microsoft-Windows-Sysmon\/Operational","Computer":"192.168.1.41","Image":"UNKNOWN","ParentImage":"UNKNOWN","CommandLine":"UNKNOWN","DestinationIp":null,"DestinationPort":null,"src_ip":"192.168.1.41","src_port":54030,"dst_ip":"192.168.1.4","dst_port":53,"proto":"UDP","bytes":35,"QueryName":"wpad.pandalab.com"}
{"@timestamp":1692161650873,"EventID":3,"Channel":"Microsoft-Windows-Sysmon\/Operational","Computer":"192.168.1.4","Image":"UNKNOWN","ParentImage":"UNKNOWN","CommandLine":"UNKNOWN","DestinationIp":"192.168.1.41","DestinationPort":"54030","src_ip":"192.168.1.4","src_port":53,"dst_ip":"192.168.1.41","dst_port":54030,"proto":"UDP","bytes":127,"QueryName":null}
{"@timestamp":1692161650895,"EventID":22,"Channel":"Microsoft-Windows-Sysmon\/Operational","Computer":"192.168.1.41","Image":"UNKNOWN","ParentImage":"UNKNOWN","CommandLine":"UNKNOWN","DestinationIp":null,"DestinationPort":null,"src_ip":"192.168.1.41","src_port":54336,"dst_ip":"192.168.1.4","dst_port":53,"proto":"UDP","bytes":32,"QueryName":"wpad.home.arpa"}
{"@timestamp":1692161651044,"EventID":3,"Channel":"Microsoft-Windows-Sysmon\/Operational","Computer":"192.168.1.41","Image":"UNKNOWN","ParentImage":"UNKNOWN","CommandLine":"UNKNOWN","DestinationIp":"224.0.0.252","DestinationPort":"5355","src_ip":"192.168.1.41","src_port":56581,"dst_ip":"224.0.0.252","dst_port":5355,"proto":"UDP","bytes":56,"QueryName":null}
{"@timestamp":1692161651046,"EventID":3,"Channel":"Microsoft-Windows-Sysmon\/Operational","Computer":"192.168.1.41","Image":"UNKNOWN","ParentImage":"UNKNOWN","CommandLine":"UNKNOWN","DestinationIp":"224.0.0.252","DestinationPort":"5355","src_ip":"192.168.1.41","src_port":52594,"dst_ip":"224.0.0.252","dst_port":5355,"proto":"UDP","bytes":53,"QueryName":null}
{"@timestamp":1692161651074,"EventID":3,"Channel":"Microsoft-Windows-Sysmon\/Operational","Computer":"192.168.1.41","Image":"UNKNOWN","ParentImage":"UNKNOWN","CommandLine":"UNKNOWN","DestinationIp":"224.0.0.252","DestinationPort":"5355","src_ip":"192.168.1.41","src_port":58737,"dst_ip":"224.0.0.252","dst_port":5355,"proto":"UDP","bytes":56,"QueryName":null}
{"@timestamp":1692161651078,"EventID":3,"Channel":"Microsoft-Windows-Sysmon\/Operational","Computer":"192.168.1.41","Image":"UNKNOWN","ParentImage":"UNKNOWN","CommandLine":"UNKNOWN","DestinationIp":"224.0.0.252","DestinationPort":"5355","src_ip":"192.168.1.41","src_port":52047,"dst_ip":"224.0.0.252","dst_port":5355,"proto":"UDP","bytes":53,"QueryName":null}
{"@timestamp":1692161651119,"EventID":3,"Channel":"Microsoft-Windows-Sysmon\/Operational","Computer":"192.168.1.41","Image":"UNKNOWN","ParentImage":"UNKNOWN","CommandLine":"UNKNOWN","DestinationIp":"224.0.0.252","DestinationPort":"5355","src_ip":"192.168.1.41","src_port":54024,"dst_ip":"224.0.0.252","dst_port":5355,"proto":"UDP","bytes":60,"QueryName":null}
{"@timestamp":1692161651121,"EventID":3,"Channel":"Microsoft-Windows-Sysmon\/Operational","Computer":"192.168.1.41","Image":"UNKNOWN","ParentImage":"UNKNOWN","CommandLine":"UNKNOWN","DestinationIp":"224.0.0.252","DestinationPort":"5355","src_ip":"192.168.1.41","src_port":63275,"dst_ip":"224.0.0.252","dst_port":5355,"proto":"UDP","bytes":60,"QueryName":null}
{"@timestamp":1692161651247,"EventID":3,"Channel":"Microsoft-Windows-Sysmon\/Operational","Computer":"192.168.1.41","Image":"UNKNOWN","ParentImage":"UNKNOWN","CommandLine":"UNKNOWN","DestinationIp":"192.168.1.255","DestinationPort":"137","src_ip":"192.168.1.41","src_port":137,"dst_ip":"192.168.1.255","dst_port":137,"proto":"UDP","bytes":78,"QueryName":null}
{"@timestamp":1692161651337,"EventID":22,"Channel":"Microsoft-Windows-Sysmon\/Operational","Computer":"192.168.1.41","Image":"UNKNOWN","ParentImage":"UNKNOWN","CommandLine":"UNKNOWN","DestinationIp":null,"DestinationPort":null,"src_ip":"192.168.1.41","src_port":60195,"dst_ip":"192.168.1.4","dst_port":53,"proto":"UDP","bytes":29,"QueryName":"ntp.msn.com"}
{"@timestamp":1692161651366,"EventID":3,"Channel":"Microsoft-Windows-Sysmon\/Operational","Computer":"192.168.1.41","Image":"UNKNOWN","ParentImage":"UNKNOWN","CommandLine":"UNKNOWN","DestinationIp":"192.168.1.255","DestinationPort":"137","src_ip":"192.168.1.41","src_port":137,"dst_ip":"192.168.1.255","dst_port":137,"proto":"UDP","bytes":78,"QueryName":null}
{"@timestamp":1692161651367,"EventID":3,"Channel":"Microsoft-Windows-Sysmon\/Operational","Computer":"192.168.1.41","Image":"UNKNOWN","ParentImage":"UNKNOWN","CommandLine":"UNKNOWN","DestinationIp":"192.168.1.255","DestinationPort":"137","src_ip":"192.168.1.41","src_port":137,"dst_ip":"192.168.1.255","dst_port":137,"proto":"UDP","bytes":78,"QueryName":null}
{"@timestamp":1692161651369,"EventID":3,"Channel":"Microsoft-Windows-Sysmon\/Operational","Computer":"192.168.1.41","Image":"UNKNOWN","ParentImage":"UNKNOWN","CommandLine":"UNKNOWN","DestinationIp":"192.168.1.255","DestinationPort":"137","src_ip":"192.168.1.41","src_port":137,"dst_ip":"192.168.1.255","dst_port":137,"proto":"UDP","bytes":78,"QueryName":null}
{"@timestamp":1692161651387,"EventID":3,"Channel":"Microsoft-Windows-Sysmon\/Operational","Computer":"192.168.1.41","Image":"UNKNOWN","ParentImage":"UNKNOWN","CommandLine":"UNKNOWN","DestinationIp":"192.168.1.255","DestinationPort":"137","src_ip":"192.168.1.41","src_port":137,"dst_ip":"192.168.1.255","dst_port":137,"proto":"UDP","bytes":78,"QueryName":null}
{"@timestamp":1692161651433,"EventID":22,"Channel":"Microsoft-Windows-Sysmon\/Operational","Computer":"192.168.1.41","Image":"UNKNOWN","ParentImage":"UNKNOWN","CommandLine":"UNKNOWN","DestinationIp":null,"DestinationPort":null,"src_ip":"192.168.1.41","src_port":54473,"dst_ip":"192.168.1.4","dst_port":53,"proto":"UDP","bytes":39,"QueryName":"config.edge.skype.com"}
{"@timestamp":1692161651457,"EventID":3,"Channel":"Microsoft-Windows-Sysmon\/Operational","Computer":"192.168.1.41","Image":"UNKNOWN","ParentImage":"UNKNOWN","CommandLine":"UNKNOWN","DestinationIp":"192.168.1.255","DestinationPort":"137","src_ip":"192.168.1.41","src_port":137,"dst_ip":"192.168.1.255","dst_port":137,"proto":"UDP","bytes":78,"QueryName":null}
{"@timestamp":1692161651489,"EventID":22,"Channel":"Microsoft-Windows-Sysmon\/Operational","Computer":"192.168.1.41","Image":"UNKNOWN","ParentImage":"UNKNOWN","CommandLine":"UNKNOWN","DestinationIp":null,"DestinationPort":null,"src_ip":"192.168.1.41","src_port":52748,"dst_ip":"192.168.1.4","dst_port":53,"proto":"UDP","bytes":30,"QueryName":"www.bing.com"}
{"@timestamp":1692161651613,"EventID":3,"Channel":"Microsoft-Windows-Sysmon\/Operational","Computer":"192.168.1.41","Image":"UNKNOWN","ParentImage":"UNKNOWN","CommandLine":"UNKNOWN","DestinationIp":"224.0.0.251","DestinationPort":"5353","src_ip":"192.168.1.41","src_port":5353,"dst_ip":"224.0.0.251","dst_port":5353,"proto":"UDP","bytes":62,"QueryName":null}
{"@timestamp":1692161651672,"EventID":3,"Channel":"Microsoft-Windows-Sysmon\/Operational","Computer":"192.168.1.41","Image":"UNKNOWN","ParentImage":"UNKNOWN","CommandLine":"UNKNOWN","DestinationIp":"224.0.0.251","DestinationPort":"5353","src_ip":"192.168.1.41","src_port":5353,"dst_ip":"224.0.0.251","dst_port":5353,"proto":"UDP","bytes":59,"QueryName":null}
{"@timestamp":1692161651691,"EventID":3,"Channel":"Microsoft-Windows-Sysmon\/Operational","Computer":"192.168.1.41","Image":"UNKNOWN","ParentImage":"UNKNOWN","CommandLine":"UNKNOWN","DestinationIp":"224.0.0.251","DestinationPort":"5353","src_ip":"192.168.1.41","src_port":5353,"dst_ip":"224.0.0.251","dst_port":5353,"proto":"UDP","bytes":66,"QueryName":null}
{"@timestamp":1692161651696,"EventID":3,"Channel":"Microsoft-Windows-Sysmon\/Operational","Computer":"192.168.1.41","Image":"UNKNOWN","ParentImage":"UNKNOWN","CommandLine":"UNKNOWN","DestinationIp":"224.0.0.251","DestinationPort":"5353","src_ip":"192.168.1.41","src_port":5353,"dst_ip":"224.0.0.251","dst_port":5353,"proto":"UDP","bytes":62,"QueryName":null}
{"@timestamp":1692161651708,"EventID":3,"Channel":"Microsoft-Windows-Sysmon\/Operational","Computer":"192.168.1.41","Image":"UNKNOWN","ParentImage":"UNKNOWN","CommandLine":"UNKNOWN","DestinationIp":"224.0.0.251","DestinationPort":"5353","src_ip":"192.168.1.41","src_port":5353,"dst_ip":"224.0.0.251","dst_port":5353,"proto":"UDP","bytes":59,"QueryName":null}
{"@timestamp":1692161651712,"EventID":3,"Channel":"Microsoft-Windows-Sysmon\/Operational","Computer":"192.168.1.41","Image":"UNKNOWN","ParentImage":"UNKNOWN","CommandLine":"UNKNOWN","DestinationIp":"224.0.0.251","DestinationPort":"5353","src_ip":"192.168.1.41","src_port":5353,"dst_ip":"224.0.0.251","dst_port":5353,"proto":"UDP","bytes":66,"QueryName":null}
{"@timestamp":1692161651932,"EventID":22,"Channel":"Microsoft-Windows-Sysmon\/Operational","Computer":"192.168.1.41","Image":"UNKNOWN","ParentImage":"UNKNOWN","CommandLine":"UNKNOWN","DestinationIp":null,"DestinationPort":null,"src_ip":"192.168.1.41","src_port":54336,"dst_ip":"192.168.1.4","dst_port":53,"proto":"UDP","bytes":32,"QueryName":"wpad.home.arpa"}
{"@timestamp":1692161651962,"EventID":22,"Channel":"Microsoft-Windows-Sysmon\/Operational","Computer":"192.168.1.41","Image":"UNKNOWN","ParentImage":"UNKNOWN","CommandLine":"UNKNOWN","DestinationIp":null,"DestinationPort":null,"src_ip":"192.168.1.41","src_port":57844,"dst_ip":"192.168.1.4","dst_port":53,"proto":"UDP","bytes":36,"QueryName":"edge.microsoft.com"}
{"@timestamp":1692161652025,"EventID":3,"Channel":"Microsoft-Windows-Sysmon\/Operational","Computer":"192.168.1.41","Image":"UNKNOWN","ParentImage":"UNKNOWN","CommandLine":"UNKNOWN","DestinationIp":"192.168.1.255","DestinationPort":"137","src_ip":"192.168.1.41","src_port":137,"dst_ip":"192.168.1.255","dst_port":137,"proto":"UDP","bytes":78,"QueryName":null}
{"@timestamp":1692161652125,"EventID":3,"Channel":"Microsoft-Windows-Sysmon\/Operational","Computer":"192.168.1.41","Image":"UNKNOWN","ParentImage":"UNKNOWN","CommandLine":"UNKNOWN","DestinationIp":"192.168.1.255","DestinationPort":"137","src_ip":"192.168.1.41","src_port":137,"dst_ip":"192.168.1.255","dst_port":137,"proto":"UDP","bytes":78,"QueryName":null}
{"@timestamp":1692161652127,"EventID":3,"Channel":"Microsoft-Windows-Sysmon\/Operational","Computer":"192.168.1.41","Image":"UNKNOWN","ParentImage":"UNKNOWN","CommandLine":"UNKNOWN","DestinationIp":"192.168.1.255","DestinationPort":"137","src_ip":"192.168.1.41","src_port":137,"dst_ip":"192.168.1.255","dst_port":137,"proto":"UDP","bytes":78,"QueryName":null}
{"@timestamp":1692161652127,"EventID":3,"Channel":"Microsoft-Windows-Sysmon\/Operational","Computer":"192.168.1.41","Image":"UNKNOWN","ParentImage":"UNKNOWN","CommandLine":"UNKNOWN","DestinationIp":"192.168.1.255","DestinationPort":"137","src_ip":"192.168.1.41","src_port":137,"dst_ip":"192.168.1.255","dst_port":137,"proto":"UDP","bytes":78,"QueryName":null}
{"@timestamp":1692161652145,"EventID":3,"Channel":"Microsoft-Windows-Sysmon\/Operational","Computer":"192.168.1.41","Image":"UNKNOWN","ParentImage":"UNKNOWN","CommandLine":"UNKNOWN","DestinationIp":"192.168.1.255","DestinationPort":"137","src_ip":"192.168.1.41","src_port":137,"dst_ip":"192.168.1.255","dst_port":137,"proto":"UDP","bytes":78,"QueryName":null}
{"@timestamp":1692161652215,"EventID":3,"Channel":"Microsoft-Windows-Sysmon\/Operational","Computer":"192.168.1.41","Image":"UNKNOWN","ParentImage":"UNKNOWN","CommandLine":"UNKNOWN","DestinationIp":"192.168.1.255","DestinationPort":"137","src_ip":"192.168.1.41","src_port":137,"dst_ip":"192.168.1.255","dst_port":137,"proto":"UDP","bytes":78,"QueryName":null}
{"@timestamp":1692161652520,"EventID":22,"Channel":"Microsoft-Windows-Sysmon\/Operational","Computer":"192.168.1.41","Image":"UNKNOWN","ParentImage":"UNKNOWN","CommandLine":"UNKNOWN","DestinationIp":null,"DestinationPort":null,"src_ip":"192.168.1.41","src_port":64466,"dst_ip":"192.168.1.4","dst_port":53,"proto":"UDP","bytes":43,"QueryName":"login.microsoftonline.com"}
{"@timestamp":1692161652916,"EventID":3,"Channel":"Microsoft-Windows-Sysmon\/Operational","Computer":"192.168.1.41","Image":"UNKNOWN","ParentImage":"UNKNOWN","CommandLine":"UNKNOWN","DestinationIp":"224.0.0.251","DestinationPort":"5353","src_ip":"192.168.1.41","src_port":5353,"dst_ip":"224.0.0.251","dst_port":5353,"proto":"UDP","bytes":68,"QueryName":null}
{"@timestamp":1692161653043,"EventID":22,"Channel":"Microsoft-Windows-Sysmon\/Operational","Computer":"192.168.1.41","Image":"UNKNOWN","ParentImage":"UNKNOWN","CommandLine":"UNKNOWN","DestinationIp":null,"DestinationPort":null,"src_ip":"192.168.1.41","src_port":57844,"dst_ip":"192.168.1.4","dst_port":53,"proto":"UDP","bytes":36,"QueryName":"edge.microsoft.com"}
{"@timestamp":1692161653067,"EventID":3,"Channel":"Microsoft-Windows-Sysmon\/Operational","Computer":"192.168.1.4","Image":"UNKNOWN","ParentImage":"UNKNOWN","CommandLine":"UNKNOWN","DestinationIp":"192.168.1.41","DestinationPort":"55002","src_ip":"192.168.1.4","src_port":53,"dst_ip":"192.168.1.41","dst_port":55002,"proto":"UDP","bytes":72,"QueryName":null}
{"@timestamp":1692161653067,"EventID":3,"Channel":"Microsoft-Windows-Sysmon\/Operational","Computer":"192.168.1.4","Image":"UNKNOWN","ParentImage":"UNKNOWN","CommandLine":"UNKNOWN","DestinationIp":"192.168.1.41","DestinationPort":"54473","src_ip":"192.168.1.4","src_port":53,"dst_ip":"192.168.1.41","dst_port":54473,"proto":"UDP","bytes":67,"QueryName":null}
{"@timestamp":1692161653068,"EventID":3,"Channel":"Microsoft-Windows-Sysmon\/Operational","Computer":"192.168.1.4","Image":"UNKNOWN","ParentImage":"UNKNOWN","CommandLine":"UNKNOWN","DestinationIp":"192.168.1.41","DestinationPort":"60195","src_ip":"192.168.1.4","src_port":53,"dst_ip":"192.168.1.41","dst_port":60195,"proto":"UDP","bytes":57,"QueryName":null}
{"@timestamp":1692161653068,"EventID":3,"Channel":"Microsoft-Windows-Sysmon\/Operational","Computer":"192.168.1.4","Image":"UNKNOWN","ParentImage":"UNKNOWN","CommandLine":"UNKNOWN","DestinationIp":"192.168.1.41","DestinationPort":"52748","src_ip":"192.168.1.4","src_port":53,"dst_ip":"192.168.1.41","dst_port":52748,"proto":"UDP","bytes":58,"QueryName":null}
{"@timestamp":1692161653068,"EventID":3,"Channel":"Microsoft-Windows-Sysmon\/Operational","Computer":"192.168.1.4","Image":"UNKNOWN","ParentImage":"UNKNOWN","CommandLine":"UNKNOWN","DestinationIp":"192.168.1.41","DestinationPort":"64875","src_ip":"192.168.1.4","src_port":53,"dst_ip":"192.168.1.41","dst_port":64875,"proto":"UDP","bytes":70,"QueryName":null}
{"@timestamp":1692161653068,"EventID":3,"Channel":"Microsoft-Windows-Sysmon\/Operational","Computer":"192.168.1.4","Image":"UNKNOWN","ParentImage":"UNKNOWN","CommandLine":"UNKNOWN","DestinationIp":"192.168.1.41","DestinationPort":"54613","src_ip":"192.168.1.4","src_port":53,"dst_ip":"192.168.1.41","dst_port":54613,"proto":"UDP","bytes":66,"QueryName":null}
