{"@timestamp":1692161618098,"EventID":3,"Channel":"Microsoft-Windows-Sysmon\/Operational","Computer":"192.168.1.41","Image":"UNKNOWN","ParentImage":"UNKNOWN","CommandLine":"UNKNOWN","DestinationIp":"239.255.255.250","DestinationPort":"1900","src_ip":"192.168.1.41","src_port":51788,"dst_ip":"239.255.255.250","dst_port":1900,"proto":"UDP","bytes":165,"QueryName":null}
{"@timestamp":1692161620182,"EventID":22,"Channel":"Microsoft-Windows-Sysmon\/Operational","Computer":"192.168.1.41","Image":"UNKNOWN","ParentImage":"UNKNOWN","CommandLine":"UNKNOWN","DestinationIp":null,"DestinationPort":null,"src_ip":"192.168.1.41","src_port":52605,"dst_ip":"192.168.1.4","dst_port":53,"proto":"UDP","bytes":34,"QueryName":"dns.msftncsi.com"}
{"@timestamp":1692161621117,"EventID":3,"Channel":"Microsoft-Windows-Sysmon\/Operational","Computer":"192.168.1.41","Image":"UNKNOWN","ParentImage":"UNKNOWN","CommandLine":"UNKNOWN","DestinationIp":"239.255.255.250","DestinationPort":"1900","src_ip":"192.168.1.41","src_port":51788,"dst_ip":"239.255.255.250","dst_port":1900,"proto":"UDP","bytes":165,"QueryName":null}
{"@timestamp":1692161621566,"EventID":22,"Channel":"Microsoft-Windows-Sysmon\/Operational","Computer":"192.168.1.41","Image":"UNKNOWN","ParentImage":"UNKNOWN","CommandLine":"UNKNOWN","DestinationIp":null,"DestinationPort":null,"src_ip":"192.168.1.41","src_port":49556,"dst_ip":"192.168.1.4","dst_port":53,"proto":"UDP","bytes":44,"QueryName":"slscr.update.microsoft.com"}
{"@timestamp":1692161622036,"EventID":3,"Channel":"Microsoft-Windows-Sysmon\/Operational","Computer":"192.168.1.4","Image":"UNKNOWN","ParentImage":"UNKNOWN","CommandLine":"UNKNOWN","DestinationIp":"192.168.1.41","DestinationPort":"52605","src_ip":"192.168.1.4","src_port":53,"dst_ip":"192.168.1.41","dst_port":52605,"proto":"UDP","bytes":62,"QueryName":null}
{"@timestamp":1692161622740,"EventID":22,"Channel":"Microsoft-Windows-Sysmon\/Operational","Computer":"192.168.1.41","Image":"UNKNOWN","ParentImage":"UNKNOWN","CommandLine":"UNKNOWN","DestinationIp":null,"DestinationPort":null,"src_ip":"192.168.1.41","src_port":49556,"dst_ip":"192.168.1.4","dst_port":53,"proto":"UDP","bytes":44,"QueryName":"slscr.update.microsoft.com"}
{"@timestamp":1692161623994,"EventID":22,"Channel":"Microsoft-Windows-Sysmon\/Operational","Computer":"192.168.1.41","Image":"UNKNOWN","ParentImage":"UNKNOWN","CommandLine":"UNKNOWN","DestinationIp":null,"DestinationPort":null,"src_ip":"192.168.1.41","src_port":49556,"dst_ip":"192.168.1.4","dst_port":53,"proto":"UDP","bytes":44,"QueryName":"slscr.update.microsoft.com"}
{"@timestamp":1692161624194,"EventID":3,"Channel":"Microsoft-Windows-Sysmon\/Operational","Computer":"192.168.1.41","Image":"UNKNOWN","ParentImage":"UNKNOWN","CommandLine":"UNKNOWN","DestinationIp":"239.255.255.250","DestinationPort":"1900","src_ip":"192.168.1.41","src_port":51788,"dst_ip":"239.255.255.250","dst_port":1900,"proto":"UDP","bytes":165,"QueryName":null}
{"@timestamp":1692161625999,"EventID":22,"Channel":"Microsoft-Windows-Sysmon\/Operational","Computer":"192.168.1.41","Image":"UNKNOWN","ParentImage":"UNKNOWN","CommandLine":"UNKNOWN","DestinationIp":null,"DestinationPort":null,"src_ip":"192.168.1.41","src_port":49556,"dst_ip":"192.168.1.4","dst_port":53,"proto":"UDP","bytes":44,"QueryName":"slscr.update.microsoft.com"}
{"@timestamp":1692161627178,"EventID":22,"Channel":"Microsoft-Windows-Sysmon\/Operational","Computer":"192.168.1.41","Image":"UNKNOWN","ParentImage":"UNKNOWN","CommandLine":"UNKNOWN","DestinationIp":null,"DestinationPort":null,"src_ip":"192.168.1.41","src_port":63829,"dst_ip":"192.168.1.4","dst_port":53,"proto":"UDP","bytes":34,"QueryName":"dns.msftncsi.com"}
{"@timestamp":1692161627316,"EventID":3,"Channel":"Microsoft-Windows-Sysmon\/Operational","Computer":"192.168.1.41","Image":"UNKNOWN","ParentImage":"UNKNOWN","CommandLine":"UNKNOWN","DestinationIp":"239.255.255.250","DestinationPort":"1900","src_ip":"192.168.1.41","src_port":51788,"dst_ip":"239.255.255.250","dst_port":1900,"proto":"UDP","bytes":165,"QueryName":null}
{"@timestamp":1692161628144,"EventID":22,"Channel":"Microsoft-Windows-Sysmon\/Operational","Computer":"192.168.1.41","Image":"UNKNOWN","ParentImage":"UNKNOWN","CommandLine":"UNKNOWN","DestinationIp":null,"DestinationPort":null,"src_ip":"192.168.1.41","src_port":63829,"dst_ip":"192.168.1.4","dst_port":53,"proto":"UDP","bytes":34,"QueryName":"dns.msftncsi.com"}
{"@timestamp":1692161629312,"EventID":3,"Channel":"Microsoft-Windows-Sysmon\/Operational","Computer":"192.168.1.4","Image":"UNKNOWN","ParentImage":"UNKNOWN","CommandLine":"UNKNOWN","DestinationIp":"192.168.1.41","DestinationPort":"49556","src_ip":"192.168.1.4","src_port":53,"dst_ip":"192.168.1.41","dst_port":49556,"proto":"UDP","bytes":72,"QueryName":null}
{"@timestamp":1692161631417,"EventID":22,"Channel":"Microsoft-Windows-Sysmon\/Operational","Computer":"192.168.1.41","Image":"UNKNOWN","ParentImage":"UNKNOWN","CommandLine":"UNKNOWN","DestinationIp":null,"DestinationPort":null,"src_ip":"192.168.1.41","src_port":63829,"dst_ip":"192.168.1.4","dst_port":53,"proto":"UDP","bytes":34,"QueryName":"dns.msftncsi.com"}
{"@timestamp":1692161631418,"EventID":22,"Channel":"Microsoft-Windows-Sysmon\/Operational","Computer":"192.168.1.41","Image":"UNKNOWN","ParentImage":"UNKNOWN","CommandLine":"UNKNOWN","DestinationIp":null,"DestinationPort":null,"src_ip":"192.168.1.41","src_port":49556,"dst_ip":"192.168.1.4","dst_port":53,"proto":"UDP","bytes":44,"QueryName":"slscr.update.microsoft.com"}
{"@timestamp":1692161631608,"EventID":3,"Channel":"Microsoft-Windows-Sysmon\/Operational","Computer":"192.168.1.41","Image":"UNKNOWN","ParentImage":"UNKNOWN","CommandLine":"UNKNOWN","DestinationIp":"239.255.255.250","DestinationPort":"1900","src_ip":"192.168.1.41","src_port":51788,"dst_ip":"239.255.255.250","dst_port":1900,"proto":"UDP","bytes":165,"QueryName":null}
{"@timestamp":1692161632411,"EventID":22,"Channel":"Microsoft-Windows-Sysmon\/Operational","Computer":"192.168.1.41","Image":"UNKNOWN","ParentImage":"UNKNOWN","CommandLine":"UNKNOWN","DestinationIp":null,"DestinationPort":null,"src_ip":"192.168.1.41","src_port":61988,"dst_ip":"192.168.1.4","dst_port":53,"proto":"UDP","bytes":44,"QueryName":"slscr.update.microsoft.com"}
{"@timestamp":1692161633500,"EventID":22,"Channel":"Microsoft-Windows-Sysmon\/Operational","Computer":"192.168.1.41","Image":"UNKNOWN","ParentImage":"UNKNOWN","CommandLine":"UNKNOWN","DestinationIp":null,"DestinationPort":null,"src_ip":"192.168.1.41","src_port":63829,"dst_ip":"192.168.1.4","dst_port":53,"proto":"UDP","bytes":34,"QueryName":"dns.msftncsi.com"}
{"@timestamp":1692161633501,"EventID":22,"Channel":"Microsoft-Windows-Sysmon\/Operational","Computer":"192.168.1.41","Image":"UNKNOWN","ParentImage":"UNKNOWN","CommandLine":"UNKNOWN","DestinationIp":null,"DestinationPort":null,"src_ip":"192.168.1.41","src_port":61988,"dst_ip":"192.168.1.4","dst_port":53,"proto":"UDP","bytes":44,"QueryName":"slscr.update.microsoft.com"}
{"@timestamp":1692161634550,"EventID":22,"Channel":"Microsoft-Windows-Sysmon\/Operational","Computer":"192.168.1.41","Image":"UNKNOWN","ParentImage":"UNKNOWN","CommandLine":"UNKNOWN","DestinationIp":null,"DestinationPort":null,"src_ip":"192.168.1.41","src_port":61988,"dst_ip":"192.168.1.4","dst_port":53,"proto":"UDP","bytes":44,"QueryName":"slscr.update.microsoft.com"}
{"@timestamp":1692161634743,"EventID":3,"Channel":"Microsoft-Windows-Sysmon\/Operational","Computer":"192.168.1.41","Image":"UNKNOWN","ParentImage":"UNKNOWN","CommandLine":"UNKNOWN","DestinationIp":"239.255.255.250","DestinationPort":"1900","src_ip":"192.168.1.41","src_port":51788,"dst_ip":"239.255.255.250","dst_port":1900,"proto":"UDP","bytes":165,"QueryName":null}
{"@timestamp":1692161636541,"EventID":22,"Channel":"Microsoft-Windows-Sysmon\/Operational","Computer":"192.168.1.41","Image":"UNKNOWN","ParentImage":"UNKNOWN","CommandLine":"UNKNOWN","DestinationIp":null,"DestinationPort":null,"src_ip":"192.168.1.41","src_port":61988,"dst_ip":"192.168.1.4","dst_port":53,"proto":"UDP","bytes":44,"QueryName":"slscr.update.microsoft.com"}
{"@timestamp":1692161636595,"EventID":3,"Channel":"Microsoft-Windows-Sysmon\/Operational","Computer":"192.168.1.4","Image":"UNKNOWN","ParentImage":"UNKNOWN","CommandLine":"UNKNOWN","DestinationIp":"192.168.1.41","DestinationPort":"63829","src_ip":"192.168.1.4","src_port":53,"dst_ip":"192.168.1.41","dst_port":63829,"proto":"UDP","bytes":62,"QueryName":null}
{"@timestamp":1692161639326,"EventID":3,"Channel":"Microsoft-Windows-Sysmon\/Operational","Computer":"192.168.1.4","Image":"UNKNOWN","ParentImage":"UNKNOWN","CommandLine":"UNKNOWN","DestinationIp":"192.168.1.41","DestinationPort":"61988","src_ip":"192.168.1.4","src_port":53,"dst_ip":"192.168.1.41","dst_port":61988,"proto":"UDP","bytes":72,"QueryName":null}
{"@timestamp":1692161639326,"EventID":3,"Channel":"Microsoft-Windows-Sysmon\/Operational","Computer":"192.168.1.4","Image":"UNKNOWN","ParentImage":"UNKNOWN","CommandLine":"UNKNOWN","DestinationIp":"192.168.1.41","DestinationPort":"61988","src_ip":"192.168.1.4","src_port":53,"dst_ip":"192.168.1.41","dst_port":61988,"proto":"UDP","bytes":72,"QueryName":null}
{"@timestamp":1692161639326,"EventID":3,"Channel":"Microsoft-Windows-Sysmon\/Operational","Computer":"192.168.1.4","Image":"UNKNOWN","ParentImage":"UNKNOWN","CommandLine":"UNKNOWN","DestinationIp":"192.168.1.41","DestinationPort":"61988","src_ip":"192.168.1.4","src_port":53,"dst_ip":"192.168.1.41","dst_port":61988,"proto":"UDP","bytes":72,"QueryName":null}
{"@timestamp":1692161639326,"EventID":3,"Channel":"Microsoft-Windows-Sysmon\/Operational","Computer":"192.168.1.4","Image":"UNKNOWN","ParentImage":"UNKNOWN","CommandLine":"UNKNOWN","DestinationIp":"192.168.1.41","DestinationPort":"49556","src_ip":"192.168.1.4","src_port":53,"dst_ip":"192.168.1.41","dst_port":49556,"proto":"UDP","bytes":72,"QueryName":null}
{"@timestamp":1692161641906,"EventID":22,"Channel":"Microsoft-Windows-Sysmon\/Operational","Computer":"192.168.1.41","Image":"UNKNOWN","ParentImage":"UNKNOWN","CommandLine":"UNKNOWN","DestinationIp":null,"DestinationPort":null,"src_ip":"192.168.1.41","src_port":65243,"dst_ip":"192.168.1.4","dst_port":53,"proto":"UDP","bytes":35,"QueryName":"wpad.pandalab.com"}
{"@timestamp":1692161641909,"EventID":3,"Channel":"Microsoft-Windows-Sysmon\/Operational","Computer":"192.168.1.4","Image":"UNKNOWN","ParentImage":"UNKNOWN","CommandLine":"UNKNOWN","DestinationIp":"192.168.1.41","DestinationPort":"65243","src_ip":"192.168.1.4","src_port":53,"dst_ip":"192.168.1.41","dst_port":65243,"proto":"UDP","bytes":127,"QueryName":null}
{"@timestamp":1692161641934,"EventID":22,"Channel":"Microsoft-Windows-Sysmon\/Operational","Computer":"192.168.1.41","Image":"UNKNOWN","ParentImage":"UNKNOWN","CommandLine":"UNKNOWN","DestinationIp":null,"DestinationPort":null,"src_ip":"192.168.1.41","src_port":65224,"dst_ip":"192.168.1.4","dst_port":53,"proto":"UDP","bytes":32,"QueryName":"wpad.home.arpa"}
{"@timestamp":1692161642449,"EventID":22,"Channel":"Microsoft-Windows-Sysmon\/Operational","Computer":"192.168.1.41","Image":"UNKNOWN","ParentImage":"UNKNOWN","CommandLine":"UNKNOWN","DestinationIp":null,"DestinationPort":null,"src_ip":"192.168.1.41","src_port":56739,"dst_ip":"192.168.1.4","dst_port":53,"proto":"UDP","bytes":34,"QueryName":"dns.msftncsi.com"}
{"@timestamp":1692161642524,"EventID":3,"Channel":"Microsoft-Windows-Sysmon\/Operational","Computer":"192.168.1.41","Image":"UNKNOWN","ParentImage":"UNKNOWN","CommandLine":"UNKNOWN","DestinationIp":"239.255.255.250","DestinationPort":"1900","src_ip":"192.168.1.41","src_port":56740,"dst_ip":"239.255.255.250","dst_port":1900,"proto":"UDP","bytes":201,"QueryName":null}
{"@timestamp":1692161642741,"EventID":22,"Channel":"Microsoft-Windows-Sysmon\/Operational","Computer":"192.168.1.41","Image":"UNKNOWN","ParentImage":"UNKNOWN","CommandLine":"UNKNOWN","DestinationIp":null,"DestinationPort":null,"src_ip":"192.168.1.41","src_port":55002,"dst_ip":"192.168.1.4","dst_port":53,"proto":"UDP","bytes":44,"QueryName":"slscr.update.microsoft.com"}
{"@timestamp":1692161642801,"EventID":22,"Channel":"Microsoft-Windows-Sysmon\/Operational","Computer":"192.168.1.41","Image":"UNKNOWN","ParentImage":"UNKNOWN","CommandLine":"UNKNOWN","DestinationIp":null,"DestinationPort":null,"src_ip":"192.168.1.41","src_port":54473,"dst_ip":"192.168.1.4","dst_port":53,"proto":"UDP","bytes":39,"QueryName":"config.edge.skype.com"}
{"@timestamp":1692161642841,"EventID":22,"Channel":"Microsoft-Windows-Sysmon\/Operational","Computer":"192.168.1.41","Image":"UNKNOWN","ParentImage":"UNKNOWN","CommandLine":"UNKNOWN","DestinationIp":null,"DestinationPort":null,"src_ip":"192.168.1.41","src_port":60195,"dst_ip":"192.168.1.4","dst_port":53,"proto":"UDP","bytes":29,"QueryName":"ntp.msn.com"}
{"@timestamp":1692161642848,"EventID":22,"Channel":"Microsoft-Windows-Sysmon\/Operational","Computer":"192.168.1.41","Image":"UNKNOWN","ParentImage":"UNKNOWN","CommandLine":"UNKNOWN","DestinationIp":null,"DestinationPort":null,"src_ip":"192.168.1.41","src_port":52748,"dst_ip":"192.168.1.4","dst_port":53,"proto":"UDP","bytes":30,"QueryName":"www.bing.com"}
{"@timestamp":1692161642936,"EventID":22,"Channel":"Microsoft-Windows-Sysmon\/Operational","Computer":"192.168.1.41","Image":"UNKNOWN","ParentImage":"UNKNOWN","CommandLine":"UNKNOWN","DestinationIp":null,"DestinationPort":null,"src_ip":"192.168.1.41","src_port":51506,"dst_ip":"192.168.1.4","dst_port":53,"proto":"UDP","bytes":45,"QueryName":"tqimoyfjlwqmts.pandalab.com"}
{"@timestamp":1692161642939,"EventID":3,"Channel":"Microsoft-Windows-Sysmon\/Operational","Computer":"192.168.1.4","Image":"UNKNOWN","ParentImage":"UNKNOWN","CommandLine":"UNKNOWN","DestinationIp":"192.168.1.41","DestinationPort":"51506","src_ip":"192.168.1.4","src_port":53,"dst_ip":"192.168.1.41","dst_port":51506,"proto":"UDP","bytes":137,"QueryName":null}
{"@timestamp":1692161642968,"EventID":22,"Channel":"Microsoft-Windows-Sysmon\/Operational","Computer":"192.168.1.41","Image":"UNKNOWN","ParentImage":"UNKNOWN","CommandLine":"UNKNOWN","DestinationIp":null,"DestinationPort":null,"src_ip":"192.168.1.41","src_port":60847,"dst_ip":"192.168.1.4","dst_port":53,"proto":"UDP","bytes":41,"QueryName":"zsvtcebybn.pandalab.com"}
{"@timestamp":1692161642970,"EventID":3,"Channel":"Microsoft-Windows-Sysmon\/Operational","Computer":"192.168.1.4","Image":"UNKNOWN","ParentImage":"UNKNOWN","CommandLine":"UNKNOWN","DestinationIp":"192.168.1.41","DestinationPort":"60847","src_ip":"192.168.1.4","src_port":53,"dst_ip":"192.168.1.41","dst_port":60847,"proto":"UDP","bytes":133,"QueryName":null}
{"@timestamp":1692161642975,"EventID":22,"Channel":"Microsoft-Windows-Sysmon\/Operational","Computer":"192.168.1.41","Image":"UNKNOWN","ParentImage":"UNKNOWN","CommandLine":"UNKNOWN","DestinationIp":null,"DestinationPort":null,"src_ip":"192.168.1.41","src_port":65224,"dst_ip":"192.168.1.4","dst_port":53,"proto":"UDP","bytes":32,"QueryName":"wpad.home.arpa"}
{"@timestamp":1692161642977,"EventID":22,"Channel":"Microsoft-Windows-Sysmon\/Operational","Computer":"192.168.1.41","Image":"UNKNOWN","ParentImage":"UNKNOWN","CommandLine":"UNKNOWN","DestinationIp":null,"DestinationPort":null,"src_ip":"192.168.1.41","src_port":64875,"dst_ip":"192.168.1.4","dst_port":53,"proto":"UDP","bytes":42,"QueryName":"tqimoyfjlwqmts.home.arpa"}
{"@timestamp":1692161642980,"EventID":22,"Channel":"Microsoft-Windows-Sysmon\/Operational","Computer":"192.168.1.41","Image":"UNKNOWN","ParentImage":"UNKNOWN","CommandLine":"UNKNOWN","DestinationIp":null,"DestinationPort":null,"src_ip":"192.168.1.41","src_port":58820,"dst_ip":"192.168.1.4","dst_port":53,"proto":"UDP","bytes":38,"QueryName":"kdbuyqn.pandalab.com"}
{"@timestamp":1692161642983,"EventID":3,"Channel":"Microsoft-Windows-Sysmon\/Operational","Computer":"192.168.1.4","Image":"UNKNOWN","ParentImage":"UNKNOWN","CommandLine":"UNKNOWN","DestinationIp":"192.168.1.41","DestinationPort":"58820","src_ip":"192.168.1.4","src_port":53,"dst_ip":"192.168.1.41","dst_port":58820,"proto":"UDP","bytes":130,"QueryName":null}
{"@timestamp":1692161642986,"EventID":22,"Channel":"Microsoft-Windows-Sysmon\/Operational","Computer":"192.168.1.41","Image":"UNKNOWN","ParentImage":"UNKNOWN","CommandLine":"UNKNOWN","DestinationIp":null,"DestinationPort":null,"src_ip":"192.168.1.41","src_port":54613,"dst_ip":"192.168.1.4","dst_port":53,"proto":"UDP","bytes":38,"QueryName":"zsvtcebybn.home.arpa"}
{"@timestamp":1692161642988,"EventID":22,"Channel":"Microsoft-Windows-Sysmon\/Operational","Computer":"192.168.1.41","Image":"UNKNOWN","ParentImage":"UNKNOWN","CommandLine":"UNKNOWN","DestinationIp":null,"DestinationPort":null,"src_ip":"192.168.1.41","src_port":50955,"dst_ip":"192.168.1.4","dst_port":53,"proto":"UDP","bytes":35,"QueryName":"kdbuyqn.home.arpa"}
{"@timestamp":1692161643527,"EventID":3,"Channel":"Microsoft-Windows-Sysmon\/Operational","Computer":"192.168.1.41","Image":"UNKNOWN","ParentImage":"UNKNOWN","CommandLine":"UNKNOWN","DestinationIp":"239.255.255.250","DestinationPort":"1900","src_ip":"192.168.1.41","src_port":56740,"dst_ip":"239.255.255.250","dst_port":1900,"proto":"UDP","bytes":201,"QueryName":null}
{"@timestamp":1692161643543,"EventID":3,"Channel":"Microsoft-Windows-Sysmon\/Operational","Computer":"192.168.1.41","Image":"UNKNOWN","ParentImage":"UNKNOWN","CommandLine":"UNKNOWN","DestinationIp":"10.0.5.13","DestinationPort":"80","src_ip":"192.168.1.41","src_port":52887,"dst_ip":"10.0.5.13","dst_port":80,"proto":"TCP","bytes":52,"QueryName":null}
{"@timestamp":1692161643545,"EventID":3,"Channel":"Microsoft-Windows-Sysmon\/Operational","Computer":"192.168.1.41","Image":"UNKNOWN","ParentImage":"UNKNOWN","CommandLine":"UNKNOWN","DestinationIp":"10.0.5.13","DestinationPort":"80","src_ip":"192.168.1.41","src_port":55213,"dst_ip":"10.0.5.13","dst_port":80,"proto":"TCP","bytes":52,"QueryName":null}
{"@timestamp":1692161643547,"EventID":3,"Channel":"Microsoft-Windows-Sysmon\/Operational","Computer":"10.0.5.13","Image":"UNKNOWN","ParentImage":"UNKNOWN","CommandLine":"UNKNOWN","DestinationIp":"192.168.1.41","DestinationPort":"52887","src_ip":"10.0.5.13","src_port":80,"dst_ip":"192.168.1.41","dst_port":52887,"proto":"TCP","bytes":52,"QueryName":null}
{"@timestamp":1692161643549,"EventID":3,"Channel":"Microsoft-Windows-Sysmon\/Operational","Computer":"10.0.5.13","Image":"UNKNOWN","ParentImage":"UNKNOWN","CommandLine":"UNKNOWN","DestinationIp":"192.168.1.41","DestinationPort":"55213","src_ip":"10.0.5.13","src_port":80,"dst_ip":"192.168.1.41","dst_port":55213,"proto":"TCP","bytes":52,"QueryName":null}
{"@timestamp":1692161643559,"EventID":3,"Channel":"Microsoft-Windows-Sysmon\/Operational","Computer":"192.168.1.41","Image":"UNKNOWN","ParentImage":"UNKNOWN","CommandLine":"UNKNOWN","DestinationIp":"10.0.5.13","DestinationPort":"80","src_ip":"192.168.1.41","src_port":52887,"dst_ip":"10.0.5.13","dst_port":80,"proto":"TCP","bytes":40,"QueryName":null}
{"@timestamp":1692161643560,"EventID":3,"Channel":"Microsoft-Windows-Sysmon\/Operational","Computer":"192.168.1.41","Image":"UNKNOWN","ParentImage":"UNKNOWN","CommandLine":"UNKNOWN","DestinationIp":"10.0.5.13","DestinationPort":"80","src_ip":"192.168.1.41","src_port":55213,"dst_ip":"10.0.5.13","dst_port":80,"proto":"TCP","bytes":40,"QueryName":null}
{"@timestamp":1692161643727,"EventID":22,"Channel":"Microsoft-Windows-Sysmon\/Operational","Computer":"192.168.1.41","Image":"UNKNOWN","ParentImage":"UNKNOWN","CommandLine":"UNKNOWN","DestinationIp":null,"DestinationPort":null,"src_ip":"192.168.1.41","src_port":56739,"dst_ip":"192.168.1.4","dst_port":53,"proto":"UDP","bytes":34,"QueryName":"dns.msftncsi.com"}
{"@timestamp":1692161643995,"EventID":3,"Channel":"Microsoft-Windows-Sysmon\/Operational","Computer":"192.168.1.41","Image":"UNKNOWN","ParentImage":"UNKNOWN","CommandLine":"UNKNOWN","DestinationIp":"10.0.5.13","DestinationPort":"80","src_ip":"192.168.1.41","src_port":55213,"dst_ip":"10.0.5.13","dst_port":80,"proto":"TCP","bytes":473,"QueryName":null}
{"@timestamp":1692161643998,"EventID":3,"Channel":"Microsoft-Windows-Sysmon\/Operational","Computer":"10.0.5.13","Image":"UNKNOWN","ParentImage":"UNKNOWN","CommandLine":"UNKNOWN","DestinationIp":"192.168.1.41","DestinationPort":"55213","src_ip":"10.0.5.13","src_port":80,"dst_ip":"192.168.1.41","dst_port":55213,"proto":"TCP","bytes":40,"QueryName":null}
{"@timestamp":1692161644001,"EventID":3,"Channel":"Microsoft-Windows-Sysmon\/Operational","Computer":"10.0.5.13","Image":"UNKNOWN","ParentImage":"UNKNOWN","CommandLine":"UNKNOWN","DestinationIp":"192.168.1.41","DestinationPort":"55213","src_ip":"10.0.5.13","src_port":80,"dst_ip":"192.168.1.41","dst_port":55213,"proto":"TCP","bytes":195,"QueryName":null}
{"@timestamp":1692161644002,"EventID":3,"Channel":"Microsoft-Windows-Sysmon\/Operational","Computer":"10.0.5.13","Image":"UNKNOWN","ParentImage":"UNKNOWN","CommandLine":"UNKNOWN","DestinationIp":"192.168.1.41","DestinationPort":"55213","src_ip":"10.0.5.13","src_port":80,"dst_ip":"192.168.1.41","dst_port":55213,"proto":"TCP","bytes":288,"QueryName":null}
{"@timestamp":1692161644008,"EventID":3,"Channel":"Microsoft-Windows-Sysmon\/Operational","Computer":"192.168.1.41","Image":"UNKNOWN","ParentImage":"UNKNOWN","CommandLine":"UNKNOWN","DestinationIp":"10.0.5.13","DestinationPort":"80","src_ip":"192.168.1.41","src_port":55213,"dst_ip":"10.0.5.13","dst_port":80,"proto":"TCP","bytes":40,"QueryName":null}
{"@timestamp":1692161644210,"EventID":22,"Channel":"Microsoft-Windows-Sysmon\/Operational","Computer":"192.168.1.41","Image":"UNKNOWN","ParentImage":"UNKNOWN","CommandLine":"UNKNOWN","DestinationIp":null,"DestinationPort":null,"src_ip":"192.168.1.41","src_port":55002,"dst_ip":"192.168.1.4","dst_port":53,"proto":"UDP","bytes":44,"QueryName":"slscr.update.microsoft.com"}
{"@timestamp":1692161644211,"EventID":22,"Channel":"Microsoft-Windows-Sysmon\/Operational","Computer":"192.168.1.41","Image":"UNKNOWN","ParentImage":"UNKNOWN","CommandLine":"UNKNOWN","DestinationIp":null,"DestinationPort":null,"src_ip":"192.168.1.41","src_port":54473,"dst_ip":"192.168.1.4","dst_port":53,"proto":"UDP","bytes":39,"QueryName":"config.edge.skype.com"}
{"@timestamp":1692161644213,"EventID":22,"Channel":"Microsoft-Windows-Sysmon\/Operational","Computer":"192.168.1.41","Image":"UNKNOWN","ParentImage":"UNKNOWN","CommandLine":"UNKNOWN","DestinationIp":null,"DestinationPort":null,"src_ip":"192.168.1.41","src_port":60195,"dst_ip":"192.168.1.4","dst_port":53,"proto":"UDP","bytes":29,"QueryName":"ntp.msn.com"}
{"@timestamp":1692161644214,"EventID":22,"Channel":"Microsoft-Windows-Sysmon\/Operational","Computer":"192.168.1.41","Image":"UNKNOWN","ParentImage":"UNKNOWN","CommandLine":"UNKNOWN","DestinationIp":null,"DestinationPort":null,"src_ip":"192.168.1.41","src_port":52748,"dst_ip":"192.168.1.4","dst_port":53,"proto":"UDP","bytes":30,"QueryName":"www.bing.com"}
{"@timestamp":1692161644225,"EventID":22,"Channel":"Microsoft-Windows-Sysmon\/Operational","Computer":"192.168.1.41","Image":"UNKNOWN","ParentImage":"UNKNOWN","CommandLine":"UNKNOWN","DestinationIp":null,"DestinationPort":null,"src_ip":"192.168.1.41","src_port":64875,"dst_ip":"192.168.1.4","dst_port":53,"proto":"UDP","bytes":42,"QueryName":"tqimoyfjlwqmts.home.arpa"}
{"@timestamp":1692161644240,"EventID":22,"Channel":"Microsoft-Windows-Sysmon\/Operational","Computer":"192.168.1.41","Image":"UNKNOWN","ParentImage":"UNKNOWN","CommandLine":"UNKNOWN","DestinationIp":null,"DestinationPort":null,"src_ip":"192.168.1.41","src_port":54613,"dst_ip":"192.168.1.4","dst_port":53,"proto":"UDP","bytes":38,"QueryName":"zsvtcebybn.home.arpa"}
{"@timestamp":1692161644241,"EventID":22,"Channel":"Microsoft-Windows-Sysmon\/Operational","Computer":"192.168.1.41","Image":"UNKNOWN","ParentImage":"UNKNOWN","CommandLine":"UNKNOWN","DestinationIp":null,"DestinationPort":null,"src_ip":"192.168.1.41","src_port":50955,"dst_ip":"192.168.1.4","dst_port":53,"proto":"UDP","bytes":35,"QueryName":"kdbuyqn.home.arpa"}
{"@timestamp":1692161644532,"EventID":3,"Channel":"Microsoft-Windows-Sysmon\/Operational","Computer":"192.168.1.41","Image":"UNKNOWN","ParentImage":"UNKNOWN","CommandLine":"UNKNOWN","DestinationIp":"239.255.255.250","DestinationPort":"1900","src_ip":"192.168.1.41","src_port":56740,"dst_ip":"239.255.255.250","dst_port":1900,"proto":"UDP","bytes":201,"QueryName":null}
{"@timestamp":1692161644748,"EventID":3,"Channel":"Microsoft-Windows-Sysmon\/Operational","Computer":"192.168.1.41","Image":"UNKNOWN","ParentImage":"UNKNOWN","CommandLine":"UNKNOWN","DestinationIp":"10.0.5.13","DestinationPort":"80","src_ip":"192.168.1.41","src_port":55213,"dst_ip":"10.0.5.13","dst_port":80,"proto":"TCP","bytes":40,"QueryName":null}
{"@timestamp":1692161644750,"EventID":3,"Channel":"Microsoft-Windows-Sysmon\/Operational","Computer":"10.0.5.13","Image":"UNKNOWN","ParentImage":"UNKNOWN","CommandLine":"UNKNOWN","DestinationIp":"192.168.1.41","DestinationPort":"55213","src_ip":"10.0.5.13","src_port":80,"dst_ip":"192.168.1.41","dst_port":55213,"proto":"TCP","bytes":40,"QueryName":null}
{"@timestamp":1692161644815,"EventID":22,"Channel":"Microsoft-Windows-Sysmon\/Operational","Computer":"192.168.1.41","Image":"UNKNOWN","ParentImage":"UNKNOWN","CommandLine":"UNKNOWN","DestinationIp":null,"DestinationPort":null,"src_ip":"192.168.1.41","src_port":56739,"dst_ip":"192.168.1.4","dst_port":53,"proto":"UDP","bytes":34,"QueryName":"dns.msftncsi.com"}
{"@timestamp":1692161644836,"EventID":3,"Channel":"Microsoft-Windows-Sysmon\/Operational","Computer":"192.168.1.4","Image":"UNKNOWN","ParentImage":"UNKNOWN","CommandLine":"UNKNOWN","DestinationIp":"192.168.1.41","DestinationPort":"55002","src_ip":"192.168.1.4","src_port":53,"dst_ip":"192.168.1.41","dst_port":55002,"proto":"UDP","bytes":72,"QueryName":null}
{"@timestamp":1692161644836,"EventID":3,"Channel":"Microsoft-Windows-Sysmon\/Operational","Computer":"192.168.1.4","Image":"UNKNOWN","ParentImage":"UNKNOWN","CommandLine":"UNKNOWN","DestinationIp":"192.168.1.41","DestinationPort":"61988","src_ip":"192.168.1.4","src_port":53,"dst_ip":"192.168.1.41","dst_port":61988,"proto":"UDP","bytes":72,"QueryName":null}
{"@timestamp":1692161645305,"EventID":22,"Channel":"Microsoft-Windows-Sysmon\/Operational","Computer":"192.168.1.41","Image":"UNKNOWN","ParentImage":"UNKNOWN","CommandLine":"UNKNOWN","DestinationIp":null,"DestinationPort":null,"src_ip":"192.168.1.41","src_port":65224,"dst_ip":"192.168.1.4","dst_port":53,"proto":"UDP","bytes":32,"QueryName":"wpad.home.arpa"}
{"@timestamp":1692161645306,"EventID":22,"Channel":"Microsoft-Windows-Sysmon\/Operational","Computer":"192.168.1.41","Image":"UNKNOWN","ParentImage":"UNKNOWN","CommandLine":"UNKNOWN","DestinationIp":null,"DestinationPort":null,"src_ip":"192.168.1.41","src_port":60195,"dst_ip":"192.168.1.4","dst_port":53,"proto":"UDP","bytes":29,"QueryName":"ntp.msn.com"}
{"@timestamp":1692161645325,"EventID":22,"Channel":"Microsoft-Windows-Sysmon\/Operational","Computer":"192.168.1.41","Image":"UNKNOWN","ParentImage":"UNKNOWN","CommandLine":"UNKNOWN","DestinationIp":null,"DestinationPort":null,"src_ip":"192.168.1.41","src_port":54473,"dst_ip":"192.168.1.4","dst_port":53,"proto":"UDP","bytes":39,"QueryName":"config.edge.skype.com"}
{"@timestamp":1692161645354,"EventID":22,"Channel":"Microsoft-Windows-Sysmon\/Operational","Computer":"192.168.1.41","Image":"UNKNOWN","ParentImage":"UNKNOWN","CommandLine":"UNKNOWN","DestinationIp":null,"DestinationPort":null,"src_ip":"192.168.1.41","src_port":52748,"dst_ip":"192.168.1.4","dst_port":53,"proto":"UDP","bytes":30,"QueryName":"www.bing.com"}
{"@timestamp":1692161645535,"EventID":3,"Channel":"Microsoft-Windows-Sysmon\/Operational","Computer":"192.168.1.41","Image":"UNKNOWN","ParentImage":"UNKNOWN","CommandLine":"UNKNOWN","DestinationIp":"239.255.255.250","DestinationPort":"1900","src_ip":"192.168.1.41","src_port":56740,"dst_ip":"239.255.255.250","dst_port":1900,"proto":"UDP","bytes":201,"QueryName":null}
{"@timestamp":1692161646381,"EventID":22,"Channel":"Microsoft-Windows-Sysmon\/Operational","Computer":"192.168.1.41","Image":"UNKNOWN","ParentImage":"UNKNOWN","CommandLine":"UNKNOWN","DestinationIp":null,"DestinationPort":null,"src_ip":"192.168.1.41","src_port":64875,"dst_ip":"192.168.1.4","dst_port":53,"proto":"UDP","bytes":42,"QueryName":"tqimoyfjlwqmts.home.arpa"}
{"@timestamp":1692161646402,"EventID":22,"Channel":"Microsoft-Windows-Sysmon\/Operational","Computer":"192.168.1.41","Image":"UNKNOWN","ParentImage":"UNKNOWN","CommandLine":"UNKNOWN","DestinationIp":null,"DestinationPort":null,"src_ip":"192.168.1.41","src_port":54613,"dst_ip":"192.168.1.4","dst_port":53,"proto":"UDP","bytes":38,"QueryName":"zsvtcebybn.home.arpa"}
{"@timestamp":1692161646403,"EventID":22,"Channel":"Microsoft-Windows-Sysmon\/Operational","Computer":"192.168.1.41","Image":"UNKNOWN","ParentImage":"UNKNOWN","CommandLine":"UNKNOWN","DestinationIp":null,"DestinationPort":null,"src_ip":"192.168.1.41","src_port":50955,"dst_ip":"192.168.1.4","dst_port":53,"proto":"UDP","bytes":35,"QueryName":"kdbuyqn.home.arpa"}
{"@timestamp":1692161646437,"EventID":3,"Channel":"Microsoft-Windows-Sysmon\/Operational","Computer":"192.168.1.41","Image":"UNKNOWN","ParentImage":"UNKNOWN","CommandLine":"UNKNOWN","DestinationIp":"10.0.5.13","DestinationPort":"80","src_ip":"192.168.1.41","src_port":52887,"dst_ip":"10.0.5.13","dst_port":80,"proto":"TCP","bytes":411,"QueryName":null}
{"@timestamp":1692161646442,"EventID":3,"Channel":"Microsoft-Windows-Sysmon\/Operational","Computer":"10.0.5.13","Image":"UNKNOWN","ParentImage":"UNKNOWN","CommandLine":"UNKNOWN","DestinationIp":"192.168.1.41","DestinationPort":"52887","src_ip":"10.0.5.13","src_port":80,"dst_ip":"192.168.1.41","dst_port":52887,"proto":"TCP","bytes":40,"QueryName":null}
{"@timestamp":1692161646505,"EventID":3,"Channel":"Microsoft-Windows-Sysmon\/Operational","Computer":"10.0.5.13","Image":"UNKNOWN","ParentImage":"UNKNOWN","CommandLine":"UNKNOWN","DestinationIp":"192.168.1.41","DestinationPort":"52887","src_ip":"10.0.5.13","src_port":80,"dst_ip":"192.168.1.41","dst_port":52887,"proto":"TCP","bytes":225,"QueryName":null}
{"@timestamp":1692161646505,"EventID":3,"Channel":"Microsoft-Windows-Sysmon\/Operational","Computer":"10.0.5.13","Image":"UNKNOWN","ParentImage":"UNKNOWN","CommandLine":"UNKNOWN","DestinationIp":"192.168.1.41","DestinationPort":"52887","src_ip":"10.0.5.13","src_port":80,"dst_ip":"192.168.1.41","dst_port":52887,"proto":"TCP","bytes":375,"QueryName":null}
{"@timestamp":1692161646536,"EventID":3,"Channel":"Microsoft-Windows-Sysmon\/Operational","Computer":"192.168.1.41","Image":"UNKNOWN","ParentImage":"UNKNOWN","CommandLine":"UNKNOWN","DestinationIp":"10.0.5.13","DestinationPort":"80","src_ip":"192.168.1.41","src_port":52887,"dst_ip":"10.0.5.13","dst_port":80,"proto":"TCP","bytes":40,"QueryName":null}
{"@timestamp":1692161646576,"EventID":3,"Channel":"Microsoft-Windows-Sysmon\/Operational","Computer":"192.168.1.41","Image":"UNKNOWN","ParentImage":"UNKNOWN","CommandLine":"UNKNOWN","DestinationIp":"10.0.5.13","DestinationPort":"80","src_ip":"192.168.1.41","src_port":52887,"dst_ip":"10.0.5.13","dst_port":80,"proto":"TCP","bytes":40,"QueryName":null}
{"@timestamp":1692161646579,"EventID":3,"Channel":"Microsoft-Windows-Sysmon\/Operational","Computer":"10.0.5.13","Image":"UNKNOWN","ParentImage":"UNKNOWN","CommandLine":"UNKNOWN","DestinationIp":"192.168.1.41","DestinationPort":"52887","src_ip":"10.0.5.13","src_port":80,"dst_ip":"192.168.1.41","dst_port":52887,"proto":"TCP","bytes":40,"QueryName":null}
{"@timestamp":1692161646935,"EventID":22,"Channel":"Microsoft-Windows-Sysmon\/Operational","Computer":"192.168.1.41","Image":"UNKNOWN","ParentImage":"UNKNOWN","CommandLine":"UNKNOWN","DestinationIp":null,"DestinationPort":null,"src_ip":"192.168.1.41","src_port":56739,"dst_ip":"192.168.1.4","dst_port":53,"proto":"UDP","bytes":34,"QueryName":"dns.msftncsi.com"}
{"@timestamp":1692161647329,"EventID":22,"Channel":"Microsoft-Windows-Sysmon\/Operational","Computer":"192.168.1.41","Image":"UNKNOWN","ParentImage":"UNKNOWN","CommandLine":"UNKNOWN","DestinationIp":null,"DestinationPort":null,"src_ip":"192.168.1.41","src_port":60195,"dst_ip":"192.168.1.4","dst_port":53,"proto":"UDP","bytes":29,"QueryName":"ntp.msn.com"}
{"@timestamp":1692161647405,"EventID":22,"Channel":"Microsoft-Windows-Sysmon\/Operational","Computer":"192.168.1.41","Image":"UNKNOWN","ParentImage":"UNKNOWN","CommandLine":"UNKNOWN","DestinationIp":null,"DestinationPort":null,"src_ip":"192.168.1.41","src_port":54473,"dst_ip":"192.168.1.4","dst_port":53,"proto":"UDP","bytes":39,"QueryName":"config.edge.skype.com"}
{"@timestamp":1692161647438,"EventID":3,"Channel":"Microsoft-Windows-Sysmon\/Operational","Computer":"192.168.1.41","Image":"UNKNOWN","ParentImage":"UNKNOWN","CommandLine":"UNKNOWN","DestinationIp":"192.168.1.4","DestinationPort":"135","src_ip":"192.168.1.41","src_port":55214,"dst_ip":"192.168.1.4","dst_port":135,"proto":"TCP","bytes":52,"QueryName":null}
{"@timestamp":1692161647440,"EventID":3,"Channel":"Microsoft-Windows-Sysmon\/Operational","Computer":"192.168.1.4","Image":"UNKNOWN","ParentImage":"UNKNOWN","CommandLine":"UNKNOWN","DestinationIp":"192.168.1.41","DestinationPort":"55214","src_ip":"192.168.1.4","src_port":135,"dst_ip":"192.168.1.41","dst_port":55214,"proto":"TCP","bytes":52,"QueryName":null}
{"@timestamp":1692161647449,"EventID":3,"Channel":"Microsoft-Windows-Sysmon\/Operational","Computer":"192.168.1.41","Image":"UNKNOWN","ParentImage":"UNKNOWN","CommandLine":"UNKNOWN","DestinationIp":"192.168.1.4","DestinationPort":"135","src_ip":"192.168.1.41","src_port":55214,"dst_ip":"192.168.1.4","dst_port":135,"proto":"TCP","bytes":40,"QueryName":null}
{"@timestamp":1692161647460,"EventID":3,"Channel":"Microsoft-Windows-Sysmon\/Operational","Computer":"192.168.1.41","Image":"UNKNOWN","ParentImage":"UNKNOWN","CommandLine":"UNKNOWN","DestinationIp":"192.168.1.4","DestinationPort":"135","src_ip":"192.168.1.41","src_port":55214,"dst_ip":"192.168.1.4","dst_port":135,"proto":"TCP","bytes":200,"QueryName":null}
{"@timestamp":1692161647462,"EventID":3,"Channel":"Microsoft-Windows-Sysmon\/Operational","Computer":"192.168.1.4","Image":"UNKNOWN","ParentImage":"UNKNOWN","CommandLine":"UNKNOWN","DestinationIp":"192.168.1.41","DestinationPort":"55214","src_ip":"192.168.1.4","src_port":135,"dst_ip":"192.168.1.41","dst_port":55214,"proto":"TCP","bytes":148,"QueryName":null}
{"@timestamp":1692161647471,"EventID":3,"Channel":"Microsoft-Windows-Sysmon\/Operational","Computer":"192.168.1.41","Image":"UNKNOWN","ParentImage":"UNKNOWN","CommandLine":"UNKNOWN","DestinationIp":"192.168.1.4","DestinationPort":"135","src_ip":"192.168.1.41","src_port":55214,"dst_ip":"192.168.1.4","dst_port":135,"proto":"TCP","bytes":208,"QueryName":null}
{"@timestamp":1692161647472,"EventID":3,"Channel":"Microsoft-Windows-Sysmon\/Operational","Computer":"192.168.1.4","Image":"UNKNOWN","ParentImage":"UNKNOWN","CommandLine":"UNKNOWN","DestinationIp":"192.168.1.41","DestinationPort":"55214","src_ip":"192.168.1.4","src_port":135,"dst_ip":"192.168.1.41","dst_port":55214,"proto":"TCP","bytes":308,"QueryName":null}
{"@timestamp":1692161647479,"EventID":22,"Channel":"Microsoft-Windows-Sysmon\/Operational","Computer":"192.168.1.41","Image":"UNKNOWN","ParentImage":"UNKNOWN","CommandLine":"UNKNOWN","DestinationIp":null,"DestinationPort":null,"src_ip":"192.168.1.41","src_port":52748,"dst_ip":"192.168.1.4","dst_port":53,"proto":"UDP","bytes":30,"QueryName":"www.bing.com"}
{"@timestamp":1692161647495,"EventID":3,"Channel":"Microsoft-Windows-Sysmon\/Operational","Computer":"192.168.1.41","Image":"UNKNOWN","ParentImage":"UNKNOWN","CommandLine":"UNKNOWN","DestinationIp":"192.168.1.4","DestinationPort":"49669","src_ip":"192.168.1.41","src_port":55215,"dst_ip":"192.168.1.4","dst_port":49669,"proto":"TCP","bytes":52,"QueryName":null}
{"@timestamp":1692161647497,"EventID":3,"Channel":"Microsoft-Windows-Sysmon\/Operational","Computer":"192.168.1.4","Image":"UNKNOWN","ParentImage":"UNKNOWN","CommandLine":"UNKNOWN","DestinationIp":"192.168.1.41","DestinationPort":"55215","src_ip":"192.168.1.4","src_port":49669,"dst_ip":"192.168.1.41","dst_port":55215,"proto":"TCP","bytes":52,"QueryName":null}
{"@timestamp":1692161647498,"EventID":3,"Channel":"Microsoft-Windows-Sysmon\/Operational","Computer":"192.168.1.41","Image":"UNKNOWN","ParentImage":"UNKNOWN","CommandLine":"UNKNOWN","DestinationIp":"192.168.1.4","DestinationPort":"49669","src_ip":"192.168.1.41","src_port":55215,"dst_ip":"192.168.1.4","dst_port":49669,"proto":"TCP","bytes":40,"QueryName":null}
{"@timestamp":1692161647500,"EventID":3,"Channel":"Microsoft-Windows-Sysmon\/Operational","Computer":"192.168.1.41","Image":"UNKNOWN","ParentImage":"UNKNOWN","CommandLine":"UNKNOWN","DestinationIp":"192.168.1.4","DestinationPort":"88","src_ip":"192.168.1.41","src_port":55216,"dst_ip":"192.168.1.4","dst_port":88,"proto":"TCP","bytes":52,"QueryName":null}
{"@timestamp":1692161647502,"EventID":3,"Channel":"Microsoft-Windows-Sysmon\/Operational","Computer":"192.168.1.4","Image":"UNKNOWN","ParentImage":"UNKNOWN","CommandLine":"UNKNOWN","DestinationIp":"192.168.1.41","DestinationPort":"55216","src_ip":"192.168.1.4","src_port":88,"dst_ip":"192.168.1.41","dst_port":55216,"proto":"TCP","bytes":52,"QueryName":null}
{"@timestamp":1692161647503,"EventID":3,"Channel":"Microsoft-Windows-Sysmon\/Operational","Computer":"192.168.1.41","Image":"UNKNOWN","ParentImage":"UNKNOWN","CommandLine":"UNKNOWN","DestinationIp":"192.168.1.4","DestinationPort":"88","src_ip":"192.168.1.41","src_port":55216,"dst_ip":"192.168.1.4","dst_port":88,"proto":"TCP","bytes":40,"QueryName":null}
{"@timestamp":1692161647504,"EventID":3,"Channel":"Microsoft-Windows-Sysmon\/Operational","Computer":"192.168.1.41","Image":"UNKNOWN","ParentImage":"UNKNOWN","CommandLine":"UNKNOWN","DestinationIp":"192.168.1.4","DestinationPort":"88","src_ip":"192.168.1.41","src_port":55216,"dst_ip":"192.168.1.4","dst_port":88,"proto":"TCP","bytes":277,"QueryName":null}
{"@timestamp":1692161647506,"EventID":3,"Channel":"Microsoft-Windows-Sysmon\/Operational","Computer":"192.168.1.4","Image":"UNKNOWN","ParentImage":"UNKNOWN","CommandLine":"UNKNOWN","DestinationIp":"192.168.1.41","DestinationPort":"55216","src_ip":"192.168.1.4","src_port":88,"dst_ip":"192.168.1.41","dst_port":55216,"proto":"TCP","bytes":251,"QueryName":null}
{"@timestamp":1692161647507,"EventID":3,"Channel":"Microsoft-Windows-Sysmon\/Operational","Computer":"192.168.1.41","Image":"UNKNOWN","ParentImage":"UNKNOWN","CommandLine":"UNKNOWN","DestinationIp":"192.168.1.4","DestinationPort":"88","src_ip":"192.168.1.41","src_port":55216,"dst_ip":"192.168.1.4","dst_port":88,"proto":"TCP","bytes":40,"QueryName":null}
{"@timestamp":1692161647509,"EventID":3,"Channel":"Microsoft-Windows-Sysmon\/Operational","Computer":"192.168.1.4","Image":"UNKNOWN","ParentImage":"UNKNOWN","CommandLine":"UNKNOWN","DestinationIp":"192.168.1.41","DestinationPort":"55216","src_ip":"192.168.1.4","src_port":88,"dst_ip":"192.168.1.41","dst_port":55216,"proto":"TCP","bytes":40,"QueryName":null}
{"@timestamp":1692161647509,"EventID":3,"Channel":"Microsoft-Windows-Sysmon\/Operational","Computer":"192.168.1.4","Image":"UNKNOWN","ParentImage":"UNKNOWN","CommandLine":"UNKNOWN","DestinationIp":"192.168.1.41","DestinationPort":"55216","src_ip":"192.168.1.4","src_port":88,"dst_ip":"192.168.1.41","dst_port":55216,"proto":"TCP","bytes":40,"QueryName":null}
{"@timestamp":1692161647510,"EventID":3,"Channel":"Microsoft-Windows-Sysmon\/Operational","Computer":"192.168.1.41","Image":"UNKNOWN","ParentImage":"UNKNOWN","CommandLine":"UNKNOWN","DestinationIp":"192.168.1.4","DestinationPort":"88","src_ip":"192.168.1.41","src_port":55217,"dst_ip":"192.168.1.4","dst_port":88,"proto":"TCP","bytes":52,"QueryName":null}
{"@timestamp":1692161647511,"EventID":3,"Channel":"Microsoft-Windows-Sysmon\/Operational","Computer":"192.168.1.4","Image":"UNKNOWN","ParentImage":"UNKNOWN","CommandLine":"UNKNOWN","DestinationIp":"192.168.1.41","DestinationPort":"55217","src_ip":"192.168.1.4","src_port":88,"dst_ip":"192.168.1.41","dst_port":55217,"proto":"TCP","bytes":52,"QueryName":null}
{"@timestamp":1692161647511,"EventID":3,"Channel":"Microsoft-Windows-Sysmon\/Operational","Computer":"192.168.1.41","Image":"UNKNOWN","ParentImage":"UNKNOWN","CommandLine":"UNKNOWN","DestinationIp":"192.168.1.4","DestinationPort":"88","src_ip":"192.168.1.41","src_port":55217,"dst_ip":"192.168.1.4","dst_port":88,"proto":"TCP","bytes":40,"QueryName":null}
{"@timestamp":1692161647513,"EventID":3,"Channel":"Microsoft-Windows-Sysmon\/Operational","Computer":"192.168.1.41","Image":"UNKNOWN","ParentImage":"UNKNOWN","CommandLine":"UNKNOWN","DestinationIp":"192.168.1.4","DestinationPort":"88","src_ip":"192.168.1.41","src_port":55217,"dst_ip":"192.168.1.4","dst_port":88,"proto":"TCP","bytes":357,"QueryName":null}
{"@timestamp":1692161647516,"EventID":3,"Channel":"Microsoft-Windows-Sysmon\/Operational","Computer":"192.168.1.4","Image":"UNKNOWN","ParentImage":"UNKNOWN","CommandLine":"UNKNOWN","DestinationIp":"192.168.1.41","DestinationPort":"55217","src_ip":"192.168.1.4","src_port":88,"dst_ip":"192.168.1.41","dst_port":55217,"proto":"TCP","bytes":1500,"QueryName":null}
{"@timestamp":1692161647516,"EventID":3,"Channel":"Microsoft-Windows-Sysmon\/Operational","Computer":"192.168.1.4","Image":"UNKNOWN","ParentImage":"UNKNOWN","CommandLine":"UNKNOWN","DestinationIp":"192.168.1.41","DestinationPort":"55217","src_ip":"192.168.1.4","src_port":88,"dst_ip":"192.168.1.41","dst_port":55217,"proto":"TCP","bytes":275,"QueryName":null}
{"@timestamp":1692161647517,"EventID":3,"Channel":"Microsoft-Windows-Sysmon\/Operational","Computer":"192.168.1.41","Image":"UNKNOWN","ParentImage":"UNKNOWN","CommandLine":"UNKNOWN","DestinationIp":"192.168.1.4","DestinationPort":"88","src_ip":"192.168.1.41","src_port":55217,"dst_ip":"192.168.1.4","dst_port":88,"proto":"TCP","bytes":40,"QueryName":null}
{"@timestamp":1692161647518,"EventID":3,"Channel":"Microsoft-Windows-Sysmon\/Operational","Computer":"192.168.1.41","Image":"UNKNOWN","ParentImage":"UNKNOWN","CommandLine":"UNKNOWN","DestinationIp":"192.168.1.4","DestinationPort":"88","src_ip":"192.168.1.41","src_port":55217,"dst_ip":"192.168.1.4","dst_port":88,"proto":"TCP","bytes":40,"QueryName":null}
{"@timestamp":1692161647520,"EventID":3,"Channel":"Microsoft-Windows-Sysmon\/Operational","Computer":"192.168.1.4","Image":"UNKNOWN","ParentImage":"UNKNOWN","CommandLine":"UNKNOWN","DestinationIp":"192.168.1.41","DestinationPort":"55217","src_ip":"192.168.1.4","src_port":88,"dst_ip":"192.168.1.41","dst_port":55217,"proto":"TCP","bytes":40,"QueryName":null}
{"@timestamp":1692161647520,"EventID":3,"Channel":"Microsoft-Windows-Sysmon\/Operational","Computer":"192.168.1.4","Image":"UNKNOWN","ParentImage":"UNKNOWN","CommandLine":"UNKNOWN","DestinationIp":"192.168.1.41","DestinationPort":"55217","src_ip":"192.168.1.4","src_port":88,"dst_ip":"192.168.1.41","dst_port":55217,"proto":"TCP","bytes":40,"QueryName":null}
{"@timestamp":1692161647521,"EventID":3,"Channel":"Microsoft-Windows-Sysmon\/Operational","Computer":"192.168.1.41","Image":"UNKNOWN","ParentImage":"UNKNOWN","CommandLine":"UNKNOWN","DestinationIp":"192.168.1.4","DestinationPort":"88","src_ip":"192.168.1.41","src_port":55218,"dst_ip":"192.168.1.4","dst_port":88,"proto":"TCP","bytes":52,"QueryName":null}
{"@timestamp":1692161647522,"EventID":3,"Channel":"Microsoft-Windows-Sysmon\/Operational","Computer":"192.168.1.4","Image":"UNKNOWN","ParentImage":"UNKNOWN","CommandLine":"UNKNOWN","DestinationIp":"192.168.1.41","DestinationPort":"55218","src_ip":"192.168.1.4","src_port":88,"dst_ip":"192.168.1.41","dst_port":55218,"proto":"TCP","bytes":52,"QueryName":null}
{"@timestamp":1692161647522,"EventID":3,"Channel":"Microsoft-Windows-Sysmon\/Operational","Computer":"192.168.1.41","Image":"UNKNOWN","ParentImage":"UNKNOWN","CommandLine":"UNKNOWN","DestinationIp":"192.168.1.4","DestinationPort":"88","src_ip":"192.168.1.41","src_port":55218,"dst_ip":"192.168.1.4","dst_port":88,"proto":"TCP","bytes":40,"QueryName":null}
{"@timestamp":1692161647523,"EventID":3,"Channel":"Microsoft-Windows-Sysmon\/Operational","Computer":"192.168.1.41","Image":"UNKNOWN","ParentImage":"UNKNOWN","CommandLine":"UNKNOWN","DestinationIp":"192.168.1.4","DestinationPort":"88","src_ip":"192.168.1.41","src_port":55218,"dst_ip":"192.168.1.4","dst_port":88,"proto":"TCP","bytes":1807,"QueryName":null}
{"@timestamp":1692161647524,"EventID":3,"Channel":"Microsoft-Windows-Sysmon\/Operational","Computer":"192.168.1.4","Image":"UNKNOWN","ParentImage":"UNKNOWN","CommandLine":"UNKNOWN","DestinationIp":"192.168.1.41","DestinationPort":"55218","src_ip":"192.168.1.4","src_port":88,"dst_ip":"192.168.1.41","dst_port":55218,"proto":"TCP","bytes":40,"QueryName":null}
{"@timestamp":1692161647527,"EventID":3,"Channel":"Microsoft-Windows-Sysmon\/Operational","Computer":"192.168.1.4","Image":"UNKNOWN","ParentImage":"UNKNOWN","CommandLine":"UNKNOWN","DestinationIp":"192.168.1.41","DestinationPort":"55218","src_ip":"192.168.1.4","src_port":88,"dst_ip":"192.168.1.41","dst_port":55218,"proto":"TCP","bytes":1500,"QueryName":null}
{"@timestamp":1692161647527,"EventID":3,"Channel":"Microsoft-Windows-Sysmon\/Operational","Computer":"192.168.1.4","Image":"UNKNOWN","ParentImage":"UNKNOWN","CommandLine":"UNKNOWN","DestinationIp":"192.168.1.41","DestinationPort":"55218","src_ip":"192.168.1.4","src_port":88,"dst_ip":"192.168.1.41","dst_port":55218,"proto":"TCP","bytes":275,"QueryName":null}
{"@timestamp":1692161647532,"EventID":3,"Channel":"Microsoft-Windows-Sysmon\/Operational","Computer":"192.168.1.41","Image":"UNKNOWN","ParentImage":"UNKNOWN","CommandLine":"UNKNOWN","DestinationIp":"192.168.1.4","DestinationPort":"88","src_ip":"192.168.1.41","src_port":55218,"dst_ip":"192.168.1.4","dst_port":88,"proto":"TCP","bytes":40,"QueryName":null}
{"@timestamp":1692161647557,"EventID":3,"Channel":"Microsoft-Windows-Sysmon\/Operational","Computer":"192.168.1.41","Image":"UNKNOWN","ParentImage":"UNKNOWN","CommandLine":"UNKNOWN","DestinationIp":"192.168.1.4","DestinationPort":"88","src_ip":"192.168.1.41","src_port":55218,"dst_ip":"192.168.1.4","dst_port":88,"proto":"TCP","bytes":40,"QueryName":null}
{"@timestamp":1692161647558,"EventID":3,"Channel":"Microsoft-Windows-Sysmon\/Operational","Computer":"192.168.1.4","Image":"UNKNOWN","ParentImage":"UNKNOWN","CommandLine":"UNKNOWN","DestinationIp":"192.168.1.41","DestinationPort":"55218","src_ip":"192.168.1.4","src_port":88,"dst_ip":"192.168.1.41","dst_port":55218,"proto":"TCP","bytes":40,"QueryName":null}
{"@timestamp":1692161647558,"EventID":3,"Channel":"Microsoft-Windows-Sysmon\/Operational","Computer":"192.168.1.4","Image":"UNKNOWN","ParentImage":"UNKNOWN","CommandLine":"UNKNOWN","DestinationIp":"192.168.1.41","DestinationPort":"55218","src_ip":"192.168.1.4","src_port":88,"dst_ip":"192.168.1.41","dst_port":55218,"proto":"TCP","bytes":40,"QueryName":null}
{"@timestamp":1692161647560,"EventID":3,"Channel":"Microsoft-Windows-Sysmon\/Operational","Computer":"192.168.1.41","Image":"UNKNOWN","ParentImage":"UNKNOWN","CommandLine":"UNKNOWN","DestinationIp":"192.168.1.4","DestinationPort":"49669","src_ip":"192.168.1.41","src_port":55215,"dst_ip":"192.168.1.4","dst_port":49669,"proto":"TCP","bytes":2084,"QueryName":null}
{"@timestamp":1692161647562,"EventID":3,"Channel":"Microsoft-Windows-Sysmon\/Operational","Computer":"192.168.1.4","Image":"UNKNOWN","ParentImage":"UNKNOWN","CommandLine":"UNKNOWN","DestinationIp":"192.168.1.41","DestinationPort":"55215","src_ip":"192.168.1.4","src_port":49669,"dst_ip":"192.168.1.41","dst_port":55215,"proto":"TCP","bytes":40,"QueryName":null}
{"@timestamp":1692161647563,"EventID":3,"Channel":"Microsoft-Windows-Sysmon\/Operational","Computer":"192.168.1.4","Image":"UNKNOWN","ParentImage":"UNKNOWN","CommandLine":"UNKNOWN","DestinationIp":"192.168.1.41","DestinationPort":"55215","src_ip":"192.168.1.4","src_port":49669,"dst_ip":"192.168.1.41","dst_port":55215,"proto":"TCP","bytes":324,"QueryName":null}
{"@timestamp":1692161647575,"EventID":3,"Channel":"Microsoft-Windows-Sysmon\/Operational","Computer":"192.168.1.41","Image":"UNKNOWN","ParentImage":"UNKNOWN","CommandLine":"UNKNOWN","DestinationIp":"192.168.1.4","DestinationPort":"49669","src_ip":"192.168.1.41","src_port":55215,"dst_ip":"192.168.1.4","dst_port":49669,"proto":"TCP","bytes":260,"QueryName":null}
{"@timestamp":1692161647576,"EventID":3,"Channel":"Microsoft-Windows-Sysmon\/Operational","Computer":"192.168.1.4","Image":"UNKNOWN","ParentImage":"UNKNOWN","CommandLine":"UNKNOWN","DestinationIp":"192.168.1.41","DestinationPort":"55215","src_ip":"192.168.1.4","src_port":49669,"dst_ip":"192.168.1.41","dst_port":55215,"proto":"TCP","bytes":145,"QueryName":null}
{"@timestamp":1692161647597,"EventID":3,"Channel":"Microsoft-Windows-Sysmon\/Operational","Computer":"192.168.1.41","Image":"UNKNOWN","ParentImage":"UNKNOWN","CommandLine":"UNKNOWN","DestinationIp":"192.168.1.4","DestinationPort":"49669","src_ip":"192.168.1.41","src_port":55215,"dst_ip":"192.168.1.4","dst_port":49669,"proto":"TCP","bytes":308,"QueryName":null}
{"@timestamp":1692161647598,"EventID":3,"Channel":"Microsoft-Windows-Sysmon\/Operational","Computer":"192.168.1.4","Image":"UNKNOWN","ParentImage":"UNKNOWN","CommandLine":"UNKNOWN","DestinationIp":"192.168.1.41","DestinationPort":"55215","src_ip":"192.168.1.4","src_port":49669,"dst_ip":"192.168.1.41","dst_port":55215,"proto":"TCP","bytes":244,"QueryName":null}
{"@timestamp":1692161647600,"EventID":3,"Channel":"Microsoft-Windows-Sysmon\/Operational","Computer":"192.168.1.41","Image":"UNKNOWN","ParentImage":"UNKNOWN","CommandLine":"UNKNOWN","DestinationIp":"192.168.1.4","DestinationPort":"49669","src_ip":"192.168.1.41","src_port":55215,"dst_ip":"192.168.1.4","dst_port":49669,"proto":"TCP","bytes":292,"QueryName":null}
