{"@timestamp":1692161653068,"EventID":3,"Channel":"Microsoft-Windows-Sysmon\/Operational","Computer":"192.168.1.4","Image":"UNKNOWN","ParentImage":"UNKNOWN","CommandLine":"UNKNOWN","DestinationIp":"192.168.1.41","DestinationPort":"50955","src_ip":"192.168.1.4","src_port":53,"dst_ip":"192.168.1.41","dst_port":50955,"proto":"UDP","bytes":63,"QueryName":null}
{"@timestamp":1692161653922,"EventID":3,"Channel":"Microsoft-Windows-Sysmon\/Operational","Computer":"192.168.1.41","Image":"UNKNOWN","ParentImage":"UNKNOWN","CommandLine":"UNKNOWN","DestinationIp":"224.0.0.251","DestinationPort":"5353","src_ip":"192.168.1.41","src_port":5353,"dst_ip":"224.0.0.251","dst_port":5353,"proto":"UDP","bytes":68,"QueryName":null}
{"@timestamp":1692161654001,"EventID":22,"Channel":"Microsoft-Windows-Sysmon\/Operational","Computer":"192.168.1.41","Image":"UNKNOWN","ParentImage":"UNKNOWN","CommandLine":"UNKNOWN","DestinationIp":null,"DestinationPort":null,"src_ip":"192.168.1.41","src_port":54336,"dst_ip":"192.168.1.4","dst_port":53,"proto":"UDP","bytes":32,"QueryName":"wpad.home.arpa"}
{"@timestamp":1692161654028,"EventID":22,"Channel":"Microsoft-Windows-Sysmon\/Operational","Computer":"192.168.1.41","Image":"UNKNOWN","ParentImage":"UNKNOWN","CommandLine":"UNKNOWN","DestinationIp":null,"DestinationPort":null,"src_ip":"192.168.1.41","src_port":57844,"dst_ip":"192.168.1.4","dst_port":53,"proto":"UDP","bytes":36,"QueryName":"edge.microsoft.com"}
{"@timestamp":1692161655952,"EventID":3,"Channel":"Microsoft-Windows-Sysmon\/Operational","Computer":"192.168.1.41","Image":"UNKNOWN","ParentImage":"UNKNOWN","CommandLine":"UNKNOWN","DestinationIp":"224.0.0.251","DestinationPort":"5353","src_ip":"192.168.1.41","src_port":5353,"dst_ip":"224.0.0.251","dst_port":5353,"proto":"UDP","bytes":68,"QueryName":null}
{"@timestamp":1692161656321,"EventID":22,"Channel":"Microsoft-Windows-Sysmon\/Operational","Computer":"192.168.1.41","Image":"UNKNOWN","ParentImage":"UNKNOWN","CommandLine":"UNKNOWN","DestinationIp":null,"DestinationPort":null,"src_ip":"192.168.1.41","src_port":57844,"dst_ip":"192.168.1.4","dst_port":53,"proto":"UDP","bytes":36,"QueryName":"edge.microsoft.com"}
{"@timestamp":1692161656445,"EventID":22,"Channel":"Microsoft-Windows-Sysmon\/Operational","Computer":"192.168.1.41","Image":"UNKNOWN","ParentImage":"UNKNOWN","CommandLine":"UNKNOWN","DestinationIp":null,"DestinationPort":null,"src_ip":"192.168.1.41","src_port":63620,"dst_ip":"192.168.1.4","dst_port":53,"proto":"UDP","bytes":41,"QueryName":"ctldl.windowsupdate.com"}
{"@timestamp":1692161656584,"EventID":22,"Channel":"Microsoft-Windows-Sysmon\/Operational","Computer":"192.168.1.41","Image":"UNKNOWN","ParentImage":"UNKNOWN","CommandLine":"UNKNOWN","DestinationIp":null,"DestinationPort":null,"src_ip":"192.168.1.41","src_port":64466,"dst_ip":"192.168.1.4","dst_port":53,"proto":"UDP","bytes":43,"QueryName":"login.microsoftonline.com"}
{"@timestamp":1692161656759,"EventID":22,"Channel":"Microsoft-Windows-Sysmon\/Operational","Computer":"192.168.1.41","Image":"UNKNOWN","ParentImage":"UNKNOWN","CommandLine":"UNKNOWN","DestinationIp":null,"DestinationPort":null,"src_ip":"192.168.1.41","src_port":53052,"dst_ip":"192.168.1.4","dst_port":53,"proto":"UDP","bytes":44,"QueryName":"slscr.update.microsoft.com"}
{"@timestamp":1692161657447,"EventID":22,"Channel":"Microsoft-Windows-Sysmon\/Operational","Computer":"192.168.1.41","Image":"UNKNOWN","ParentImage":"UNKNOWN","CommandLine":"UNKNOWN","DestinationIp":null,"DestinationPort":null,"src_ip":"192.168.1.41","src_port":63620,"dst_ip":"192.168.1.4","dst_port":53,"proto":"UDP","bytes":41,"QueryName":"ctldl.windowsupdate.com"}
{"@timestamp":1692161657634,"EventID":3,"Channel":"Microsoft-Windows-Sysmon\/Operational","Computer":"192.168.1.4","Image":"UNKNOWN","ParentImage":"UNKNOWN","CommandLine":"UNKNOWN","DestinationIp":"192.168.1.41","DestinationPort":"64466","src_ip":"192.168.1.4","src_port":53,"dst_ip":"192.168.1.41","dst_port":64466,"proto":"UDP","bytes":71,"QueryName":null}
{"@timestamp":1692161657658,"EventID":22,"Channel":"Microsoft-Windows-Sysmon\/Operational","Computer":"192.168.1.41","Image":"UNKNOWN","ParentImage":"UNKNOWN","CommandLine":"UNKNOWN","DestinationIp":null,"DestinationPort":null,"src_ip":"192.168.1.41","src_port":53052,"dst_ip":"192.168.1.4","dst_port":53,"proto":"UDP","bytes":44,"QueryName":"slscr.update.microsoft.com"}
{"@timestamp":1692161657890,"EventID":3,"Channel":"Microsoft-Windows-Sysmon\/Operational","Computer":"192.168.1.41","Image":"UNKNOWN","ParentImage":"UNKNOWN","CommandLine":"UNKNOWN","DestinationIp":"192.168.1.4","DestinationPort":"135","src_ip":"192.168.1.41","src_port":55214,"dst_ip":"192.168.1.4","dst_port":135,"proto":"TCP","bytes":40,"QueryName":null}
{"@timestamp":1692161657892,"EventID":3,"Channel":"Microsoft-Windows-Sysmon\/Operational","Computer":"192.168.1.41","Image":"UNKNOWN","ParentImage":"UNKNOWN","CommandLine":"UNKNOWN","DestinationIp":"192.168.1.4","DestinationPort":"49669","src_ip":"192.168.1.41","src_port":55215,"dst_ip":"192.168.1.4","dst_port":49669,"proto":"TCP","bytes":40,"QueryName":null}
{"@timestamp":1692161658587,"EventID":22,"Channel":"Microsoft-Windows-Sysmon\/Operational","Computer":"192.168.1.41","Image":"UNKNOWN","ParentImage":"UNKNOWN","CommandLine":"UNKNOWN","DestinationIp":null,"DestinationPort":null,"src_ip":"192.168.1.41","src_port":63620,"dst_ip":"192.168.1.4","dst_port":53,"proto":"UDP","bytes":41,"QueryName":"ctldl.windowsupdate.com"}
{"@timestamp":1692161658714,"EventID":22,"Channel":"Microsoft-Windows-Sysmon\/Operational","Computer":"192.168.1.41","Image":"UNKNOWN","ParentImage":"UNKNOWN","CommandLine":"UNKNOWN","DestinationIp":null,"DestinationPort":null,"src_ip":"192.168.1.41","src_port":53052,"dst_ip":"192.168.1.4","dst_port":53,"proto":"UDP","bytes":44,"QueryName":"slscr.update.microsoft.com"}
{"@timestamp":1692161660337,"EventID":22,"Channel":"Microsoft-Windows-Sysmon\/Operational","Computer":"192.168.1.41","Image":"UNKNOWN","ParentImage":"UNKNOWN","CommandLine":"UNKNOWN","DestinationIp":null,"DestinationPort":null,"src_ip":"192.168.1.41","src_port":57844,"dst_ip":"192.168.1.4","dst_port":53,"proto":"UDP","bytes":36,"QueryName":"edge.microsoft.com"}
{"@timestamp":1692161660381,"EventID":3,"Channel":"Microsoft-Windows-Sysmon\/Operational","Computer":"192.168.1.4","Image":"UNKNOWN","ParentImage":"UNKNOWN","CommandLine":"UNKNOWN","DestinationIp":"192.168.1.41","DestinationPort":"54336","src_ip":"192.168.1.4","src_port":53,"dst_ip":"192.168.1.41","dst_port":54336,"proto":"UDP","bytes":60,"QueryName":null}
{"@timestamp":1692161660725,"EventID":22,"Channel":"Microsoft-Windows-Sysmon\/Operational","Computer":"192.168.1.41","Image":"UNKNOWN","ParentImage":"UNKNOWN","CommandLine":"UNKNOWN","DestinationIp":null,"DestinationPort":null,"src_ip":"192.168.1.41","src_port":63620,"dst_ip":"192.168.1.4","dst_port":53,"proto":"UDP","bytes":41,"QueryName":"ctldl.windowsupdate.com"}
{"@timestamp":1692161660725,"EventID":22,"Channel":"Microsoft-Windows-Sysmon\/Operational","Computer":"192.168.1.41","Image":"UNKNOWN","ParentImage":"UNKNOWN","CommandLine":"UNKNOWN","DestinationIp":null,"DestinationPort":null,"src_ip":"192.168.1.41","src_port":53052,"dst_ip":"192.168.1.4","dst_port":53,"proto":"UDP","bytes":44,"QueryName":"slscr.update.microsoft.com"}
{"@timestamp":1692161661294,"EventID":3,"Channel":"Microsoft-Windows-Sysmon\/Operational","Computer":"192.168.1.4","Image":"UNKNOWN","ParentImage":"UNKNOWN","CommandLine":"UNKNOWN","DestinationIp":"192.168.1.41","DestinationPort":"57844","src_ip":"192.168.1.4","src_port":53,"dst_ip":"192.168.1.41","dst_port":57844,"proto":"UDP","bytes":64,"QueryName":null}
{"@timestamp":1692161663766,"EventID":3,"Channel":"Microsoft-Windows-Sysmon\/Operational","Computer":"192.168.1.41","Image":"UNKNOWN","ParentImage":"UNKNOWN","CommandLine":"UNKNOWN","DestinationIp":"192.168.1.4","DestinationPort":"135","src_ip":"192.168.1.41","src_port":51127,"dst_ip":"192.168.1.4","dst_port":135,"proto":"TCP","bytes":52,"QueryName":null}
{"@timestamp":1692161663767,"EventID":3,"Channel":"Microsoft-Windows-Sysmon\/Operational","Computer":"192.168.1.4","Image":"UNKNOWN","ParentImage":"UNKNOWN","CommandLine":"UNKNOWN","DestinationIp":"192.168.1.41","DestinationPort":"51127","src_ip":"192.168.1.4","src_port":135,"dst_ip":"192.168.1.41","dst_port":51127,"proto":"TCP","bytes":52,"QueryName":null}
{"@timestamp":1692161663773,"EventID":3,"Channel":"Microsoft-Windows-Sysmon\/Operational","Computer":"192.168.1.41","Image":"UNKNOWN","ParentImage":"UNKNOWN","CommandLine":"UNKNOWN","DestinationIp":"192.168.1.4","DestinationPort":"135","src_ip":"192.168.1.41","src_port":51127,"dst_ip":"192.168.1.4","dst_port":135,"proto":"TCP","bytes":40,"QueryName":null}
{"@timestamp":1692161663773,"EventID":3,"Channel":"Microsoft-Windows-Sysmon\/Operational","Computer":"192.168.1.41","Image":"UNKNOWN","ParentImage":"UNKNOWN","CommandLine":"UNKNOWN","DestinationIp":"192.168.1.4","DestinationPort":"135","src_ip":"192.168.1.41","src_port":51127,"dst_ip":"192.168.1.4","dst_port":135,"proto":"TCP","bytes":200,"QueryName":null}
{"@timestamp":1692161663775,"EventID":3,"Channel":"Microsoft-Windows-Sysmon\/Operational","Computer":"192.168.1.4","Image":"UNKNOWN","ParentImage":"UNKNOWN","CommandLine":"UNKNOWN","DestinationIp":"192.168.1.41","DestinationPort":"51127","src_ip":"192.168.1.4","src_port":135,"dst_ip":"192.168.1.41","dst_port":51127,"proto":"TCP","bytes":148,"QueryName":null}
{"@timestamp":1692161663775,"EventID":3,"Channel":"Microsoft-Windows-Sysmon\/Operational","Computer":"192.168.1.41","Image":"UNKNOWN","ParentImage":"UNKNOWN","CommandLine":"UNKNOWN","DestinationIp":"192.168.1.4","DestinationPort":"135","src_ip":"192.168.1.41","src_port":51127,"dst_ip":"192.168.1.4","dst_port":135,"proto":"TCP","bytes":208,"QueryName":null}
{"@timestamp":1692161663776,"EventID":3,"Channel":"Microsoft-Windows-Sysmon\/Operational","Computer":"192.168.1.4","Image":"UNKNOWN","ParentImage":"UNKNOWN","CommandLine":"UNKNOWN","DestinationIp":"192.168.1.41","DestinationPort":"51127","src_ip":"192.168.1.4","src_port":135,"dst_ip":"192.168.1.41","dst_port":51127,"proto":"TCP","bytes":308,"QueryName":null}
{"@timestamp":1692161663778,"EventID":3,"Channel":"Microsoft-Windows-Sysmon\/Operational","Computer":"192.168.1.41","Image":"UNKNOWN","ParentImage":"UNKNOWN","CommandLine":"UNKNOWN","DestinationIp":"192.168.1.4","DestinationPort":"49669","src_ip":"192.168.1.41","src_port":51128,"dst_ip":"192.168.1.4","dst_port":49669,"proto":"TCP","bytes":52,"QueryName":null}
{"@timestamp":1692161663779,"EventID":3,"Channel":"Microsoft-Windows-Sysmon\/Operational","Computer":"192.168.1.4","Image":"UNKNOWN","ParentImage":"UNKNOWN","CommandLine":"UNKNOWN","DestinationIp":"192.168.1.41","DestinationPort":"51128","src_ip":"192.168.1.4","src_port":49669,"dst_ip":"192.168.1.41","dst_port":51128,"proto":"TCP","bytes":52,"QueryName":null}
{"@timestamp":1692161663779,"EventID":3,"Channel":"Microsoft-Windows-Sysmon\/Operational","Computer":"192.168.1.41","Image":"UNKNOWN","ParentImage":"UNKNOWN","CommandLine":"UNKNOWN","DestinationIp":"192.168.1.4","DestinationPort":"49669","src_ip":"192.168.1.41","src_port":51128,"dst_ip":"192.168.1.4","dst_port":49669,"proto":"TCP","bytes":40,"QueryName":null}
{"@timestamp":1692161663780,"EventID":3,"Channel":"Microsoft-Windows-Sysmon\/Operational","Computer":"192.168.1.41","Image":"UNKNOWN","ParentImage":"UNKNOWN","CommandLine":"UNKNOWN","DestinationIp":"192.168.1.4","DestinationPort":"49669","src_ip":"192.168.1.41","src_port":51128,"dst_ip":"192.168.1.4","dst_port":49669,"proto":"TCP","bytes":252,"QueryName":null}
{"@timestamp":1692161663781,"EventID":3,"Channel":"Microsoft-Windows-Sysmon\/Operational","Computer":"192.168.1.4","Image":"UNKNOWN","ParentImage":"UNKNOWN","CommandLine":"UNKNOWN","DestinationIp":"192.168.1.41","DestinationPort":"51128","src_ip":"192.168.1.4","src_port":49669,"dst_ip":"192.168.1.41","dst_port":51128,"proto":"TCP","bytes":168,"QueryName":null}
{"@timestamp":1692161663782,"EventID":3,"Channel":"Microsoft-Windows-Sysmon\/Operational","Computer":"192.168.1.41","Image":"UNKNOWN","ParentImage":"UNKNOWN","CommandLine":"UNKNOWN","DestinationIp":"192.168.1.4","DestinationPort":"49669","src_ip":"192.168.1.41","src_port":51128,"dst_ip":"192.168.1.4","dst_port":49669,"proto":"TCP","bytes":288,"QueryName":null}
{"@timestamp":1692161663783,"EventID":3,"Channel":"Microsoft-Windows-Sysmon\/Operational","Computer":"192.168.1.4","Image":"UNKNOWN","ParentImage":"UNKNOWN","CommandLine":"UNKNOWN","DestinationIp":"192.168.1.41","DestinationPort":"51128","src_ip":"192.168.1.4","src_port":49669,"dst_ip":"192.168.1.41","dst_port":51128,"proto":"TCP","bytes":384,"QueryName":null}
{"@timestamp":1692161663839,"EventID":3,"Channel":"Microsoft-Windows-Sysmon\/Operational","Computer":"192.168.1.4","Image":"UNKNOWN","ParentImage":"UNKNOWN","CommandLine":"UNKNOWN","DestinationIp":"192.168.1.41","DestinationPort":"51127","src_ip":"192.168.1.4","src_port":135,"dst_ip":"192.168.1.41","dst_port":51127,"proto":"TCP","bytes":308,"QueryName":null}
{"@timestamp":1692161663856,"EventID":3,"Channel":"Microsoft-Windows-Sysmon\/Operational","Computer":"192.168.1.41","Image":"UNKNOWN","ParentImage":"UNKNOWN","CommandLine":"UNKNOWN","DestinationIp":"192.168.1.4","DestinationPort":"135","src_ip":"192.168.1.41","src_port":51127,"dst_ip":"192.168.1.4","dst_port":135,"proto":"TCP","bytes":52,"QueryName":null}
{"@timestamp":1692161663862,"EventID":3,"Channel":"Microsoft-Windows-Sysmon\/Operational","Computer":"192.168.1.4","Image":"UNKNOWN","ParentImage":"UNKNOWN","CommandLine":"UNKNOWN","DestinationIp":"192.168.1.41","DestinationPort":"51128","src_ip":"192.168.1.4","src_port":49669,"dst_ip":"192.168.1.41","dst_port":51128,"proto":"TCP","bytes":384,"QueryName":null}
{"@timestamp":1692161663866,"EventID":3,"Channel":"Microsoft-Windows-Sysmon\/Operational","Computer":"192.168.1.41","Image":"UNKNOWN","ParentImage":"UNKNOWN","CommandLine":"UNKNOWN","DestinationIp":"192.168.1.4","DestinationPort":"49669","src_ip":"192.168.1.41","src_port":51128,"dst_ip":"192.168.1.4","dst_port":49669,"proto":"TCP","bytes":52,"QueryName":null}
{"@timestamp":1692161664706,"EventID":22,"Channel":"Microsoft-Windows-Sysmon\/Operational","Computer":"192.168.1.41","Image":"UNKNOWN","ParentImage":"UNKNOWN","CommandLine":"UNKNOWN","DestinationIp":null,"DestinationPort":null,"src_ip":"192.168.1.41","src_port":53052,"dst_ip":"192.168.1.4","dst_port":53,"proto":"UDP","bytes":44,"QueryName":"slscr.update.microsoft.com"}
{"@timestamp":1692161664707,"EventID":22,"Channel":"Microsoft-Windows-Sysmon\/Operational","Computer":"192.168.1.41","Image":"UNKNOWN","ParentImage":"UNKNOWN","CommandLine":"UNKNOWN","DestinationIp":null,"DestinationPort":null,"src_ip":"192.168.1.41","src_port":63620,"dst_ip":"192.168.1.4","dst_port":53,"proto":"UDP","bytes":41,"QueryName":"ctldl.windowsupdate.com"}
{"@timestamp":1692161664930,"EventID":3,"Channel":"Microsoft-Windows-Sysmon\/Operational","Computer":"192.168.1.4","Image":"UNKNOWN","ParentImage":"UNKNOWN","CommandLine":"UNKNOWN","DestinationIp":"192.168.1.41","DestinationPort":"63620","src_ip":"192.168.1.4","src_port":53,"dst_ip":"192.168.1.41","dst_port":63620,"proto":"UDP","bytes":69,"QueryName":null}
{"@timestamp":1692161664958,"EventID":22,"Channel":"Microsoft-Windows-Sysmon\/Operational","Computer":"192.168.1.41","Image":"UNKNOWN","ParentImage":"UNKNOWN","CommandLine":"UNKNOWN","DestinationIp":null,"DestinationPort":null,"src_ip":"192.168.1.41","src_port":51096,"dst_ip":"192.168.1.4","dst_port":53,"proto":"UDP","bytes":35,"QueryName":"ocsp.verisign.com"}
{"@timestamp":1692161665951,"EventID":22,"Channel":"Microsoft-Windows-Sysmon\/Operational","Computer":"192.168.1.41","Image":"UNKNOWN","ParentImage":"UNKNOWN","CommandLine":"UNKNOWN","DestinationIp":null,"DestinationPort":null,"src_ip":"192.168.1.41","src_port":51096,"dst_ip":"192.168.1.4","dst_port":53,"proto":"UDP","bytes":35,"QueryName":"ocsp.verisign.com"}
{"@timestamp":1692161666758,"EventID":3,"Channel":"Microsoft-Windows-Sysmon\/Operational","Computer":"192.168.1.4","Image":"UNKNOWN","ParentImage":"UNKNOWN","CommandLine":"UNKNOWN","DestinationIp":"192.168.1.41","DestinationPort":"53052","src_ip":"192.168.1.4","src_port":53,"dst_ip":"192.168.1.41","dst_port":53052,"proto":"UDP","bytes":72,"QueryName":null}
{"@timestamp":1692161666961,"EventID":22,"Channel":"Microsoft-Windows-Sysmon\/Operational","Computer":"192.168.1.41","Image":"UNKNOWN","ParentImage":"UNKNOWN","CommandLine":"UNKNOWN","DestinationIp":null,"DestinationPort":null,"src_ip":"192.168.1.41","src_port":51096,"dst_ip":"192.168.1.4","dst_port":53,"proto":"UDP","bytes":35,"QueryName":"ocsp.verisign.com"}
{"@timestamp":1692161668551,"EventID":3,"Channel":"Microsoft-Windows-Sysmon\/Operational","Computer":"192.168.1.41","Image":"UNKNOWN","ParentImage":"UNKNOWN","CommandLine":"UNKNOWN","DestinationIp":"192.168.1.4","DestinationPort":"123","src_ip":"192.168.1.41","src_port":123,"dst_ip":"192.168.1.4","dst_port":123,"proto":"UDP","bytes":148,"QueryName":null}
{"@timestamp":1692161668553,"EventID":3,"Channel":"Microsoft-Windows-Sysmon\/Operational","Computer":"192.168.1.4","Image":"UNKNOWN","ParentImage":"UNKNOWN","CommandLine":"UNKNOWN","DestinationIp":"192.168.1.41","DestinationPort":"123","src_ip":"192.168.1.4","src_port":123,"dst_ip":"192.168.1.41","dst_port":123,"proto":"UDP","bytes":148,"QueryName":null}
{"@timestamp":1692161668971,"EventID":22,"Channel":"Microsoft-Windows-Sysmon\/Operational","Computer":"192.168.1.41","Image":"UNKNOWN","ParentImage":"UNKNOWN","CommandLine":"UNKNOWN","DestinationIp":null,"DestinationPort":null,"src_ip":"192.168.1.41","src_port":51096,"dst_ip":"192.168.1.4","dst_port":53,"proto":"UDP","bytes":35,"QueryName":"ocsp.verisign.com"}
{"@timestamp":1692161672195,"EventID":22,"Channel":"Microsoft-Windows-Sysmon\/Operational","Computer":"192.168.1.41","Image":"UNKNOWN","ParentImage":"UNKNOWN","CommandLine":"UNKNOWN","DestinationIp":null,"DestinationPort":null,"src_ip":"192.168.1.41","src_port":62211,"dst_ip":"192.168.1.4","dst_port":53,"proto":"UDP","bytes":34,"QueryName":"dns.msftncsi.com"}
{"@timestamp":1692161673132,"EventID":22,"Channel":"Microsoft-Windows-Sysmon\/Operational","Computer":"192.168.1.41","Image":"UNKNOWN","ParentImage":"UNKNOWN","CommandLine":"UNKNOWN","DestinationIp":null,"DestinationPort":null,"src_ip":"192.168.1.41","src_port":51096,"dst_ip":"192.168.1.4","dst_port":53,"proto":"UDP","bytes":35,"QueryName":"ocsp.verisign.com"}
{"@timestamp":1692161673206,"EventID":22,"Channel":"Microsoft-Windows-Sysmon\/Operational","Computer":"192.168.1.41","Image":"UNKNOWN","ParentImage":"UNKNOWN","CommandLine":"UNKNOWN","DestinationIp":null,"DestinationPort":null,"src_ip":"192.168.1.41","src_port":62211,"dst_ip":"192.168.1.4","dst_port":53,"proto":"UDP","bytes":34,"QueryName":"dns.msftncsi.com"}
{"@timestamp":1692161674241,"EventID":22,"Channel":"Microsoft-Windows-Sysmon\/Operational","Computer":"192.168.1.41","Image":"UNKNOWN","ParentImage":"UNKNOWN","CommandLine":"UNKNOWN","DestinationIp":null,"DestinationPort":null,"src_ip":"192.168.1.41","src_port":62211,"dst_ip":"192.168.1.4","dst_port":53,"proto":"UDP","bytes":34,"QueryName":"dns.msftncsi.com"}
{"@timestamp":1692161674548,"EventID":3,"Channel":"Microsoft-Windows-Sysmon\/Operational","Computer":"192.168.1.41","Image":"UNKNOWN","ParentImage":"UNKNOWN","CommandLine":"UNKNOWN","DestinationIp":"10.0.5.13","DestinationPort":"8080","src_ip":"192.168.1.41","src_port":51129,"dst_ip":"10.0.5.13","dst_port":8080,"proto":"TCP","bytes":52,"QueryName":null}
{"@timestamp":1692161674550,"EventID":3,"Channel":"Microsoft-Windows-Sysmon\/Operational","Computer":"10.0.5.13","Image":"UNKNOWN","ParentImage":"UNKNOWN","CommandLine":"UNKNOWN","DestinationIp":"192.168.1.41","DestinationPort":"51129","src_ip":"10.0.5.13","src_port":8080,"dst_ip":"192.168.1.41","dst_port":51129,"proto":"TCP","bytes":52,"QueryName":null}
{"@timestamp":1692161674552,"EventID":3,"Channel":"Microsoft-Windows-Sysmon\/Operational","Computer":"192.168.1.41","Image":"UNKNOWN","ParentImage":"UNKNOWN","CommandLine":"UNKNOWN","DestinationIp":"10.0.5.13","DestinationPort":"8080","src_ip":"192.168.1.41","src_port":51129,"dst_ip":"10.0.5.13","dst_port":8080,"proto":"TCP","bytes":40,"QueryName":null}
{"@timestamp":1692161674651,"EventID":3,"Channel":"Microsoft-Windows-Sysmon\/Operational","Computer":"192.168.1.41","Image":"UNKNOWN","ParentImage":"UNKNOWN","CommandLine":"UNKNOWN","DestinationIp":"10.0.5.13","DestinationPort":"8080","src_ip":"192.168.1.41","src_port":51129,"dst_ip":"10.0.5.13","dst_port":8080,"proto":"TCP","bytes":198,"QueryName":null}
{"@timestamp":1692161674663,"EventID":3,"Channel":"Microsoft-Windows-Sysmon\/Operational","Computer":"10.0.5.13","Image":"UNKNOWN","ParentImage":"UNKNOWN","CommandLine":"UNKNOWN","DestinationIp":"192.168.1.41","DestinationPort":"51129","src_ip":"10.0.5.13","src_port":8080,"dst_ip":"192.168.1.41","dst_port":51129,"proto":"TCP","bytes":40,"QueryName":null}
{"@timestamp":1692161674667,"EventID":3,"Channel":"Microsoft-Windows-Sysmon\/Operational","Computer":"10.0.5.13","Image":"UNKNOWN","ParentImage":"UNKNOWN","CommandLine":"UNKNOWN","DestinationIp":"192.168.1.41","DestinationPort":"51129","src_ip":"10.0.5.13","src_port":8080,"dst_ip":"192.168.1.41","dst_port":51129,"proto":"TCP","bytes":1426,"QueryName":null}
{"@timestamp":1692161674667,"EventID":3,"Channel":"Microsoft-Windows-Sysmon\/Operational","Computer":"192.168.1.41","Image":"UNKNOWN","ParentImage":"UNKNOWN","CommandLine":"UNKNOWN","DestinationIp":"10.0.5.13","DestinationPort":"8080","src_ip":"192.168.1.41","src_port":51129,"dst_ip":"10.0.5.13","dst_port":8080,"proto":"TCP","bytes":40,"QueryName":null}
{"@timestamp":1692161674980,"EventID":3,"Channel":"Microsoft-Windows-Sysmon\/Operational","Computer":"192.168.1.4","Image":"UNKNOWN","ParentImage":"UNKNOWN","CommandLine":"UNKNOWN","DestinationIp":"192.168.1.41","DestinationPort":"51096","src_ip":"192.168.1.4","src_port":53,"dst_ip":"192.168.1.41","dst_port":51096,"proto":"UDP","bytes":63,"QueryName":null}
{"@timestamp":1692161674995,"EventID":22,"Channel":"Microsoft-Windows-Sysmon\/Operational","Computer":"192.168.1.41","Image":"UNKNOWN","ParentImage":"UNKNOWN","CommandLine":"UNKNOWN","DestinationIp":null,"DestinationPort":null,"src_ip":"192.168.1.41","src_port":53902,"dst_ip":"192.168.1.4","dst_port":53,"proto":"UDP","bytes":34,"QueryName":"crl.verisign.com"}
{"@timestamp":1692161675030,"EventID":22,"Channel":"Microsoft-Windows-Sysmon\/Operational","Computer":"192.168.1.41","Image":"UNKNOWN","ParentImage":"UNKNOWN","CommandLine":"UNKNOWN","DestinationIp":null,"DestinationPort":null,"src_ip":"192.168.1.41","src_port":56028,"dst_ip":"192.168.1.4","dst_port":53,"proto":"UDP","bytes":41,"QueryName":"ctldl.windowsupdate.com"}
{"@timestamp":1692161675805,"EventID":3,"Channel":"Microsoft-Windows-Sysmon\/Operational","Computer":"192.168.1.41","Image":"UNKNOWN","ParentImage":"UNKNOWN","CommandLine":"UNKNOWN","DestinationIp":"192.168.1.4","DestinationPort":"49669","src_ip":"192.168.1.41","src_port":51128,"dst_ip":"192.168.1.4","dst_port":49669,"proto":"TCP","bytes":164,"QueryName":null}
{"@timestamp":1692161675807,"EventID":3,"Channel":"Microsoft-Windows-Sysmon\/Operational","Computer":"192.168.1.4","Image":"UNKNOWN","ParentImage":"UNKNOWN","CommandLine":"UNKNOWN","DestinationIp":"192.168.1.41","DestinationPort":"51128","src_ip":"192.168.1.4","src_port":49669,"dst_ip":"192.168.1.41","dst_port":51128,"proto":"TCP","bytes":116,"QueryName":null}
{"@timestamp":1692161675807,"EventID":3,"Channel":"Microsoft-Windows-Sysmon\/Operational","Computer":"192.168.1.41","Image":"UNKNOWN","ParentImage":"UNKNOWN","CommandLine":"UNKNOWN","DestinationIp":"192.168.1.4","DestinationPort":"49669","src_ip":"192.168.1.41","src_port":51128,"dst_ip":"192.168.1.4","dst_port":49669,"proto":"TCP","bytes":240,"QueryName":null}
{"@timestamp":1692161675810,"EventID":3,"Channel":"Microsoft-Windows-Sysmon\/Operational","Computer":"192.168.1.4","Image":"UNKNOWN","ParentImage":"UNKNOWN","CommandLine":"UNKNOWN","DestinationIp":"192.168.1.41","DestinationPort":"51128","src_ip":"192.168.1.4","src_port":49669,"dst_ip":"192.168.1.41","dst_port":51128,"proto":"TCP","bytes":384,"QueryName":null}
{"@timestamp":1692161675857,"EventID":3,"Channel":"Microsoft-Windows-Sysmon\/Operational","Computer":"192.168.1.41","Image":"UNKNOWN","ParentImage":"UNKNOWN","CommandLine":"UNKNOWN","DestinationIp":"192.168.1.4","DestinationPort":"49669","src_ip":"192.168.1.41","src_port":51128,"dst_ip":"192.168.1.4","dst_port":49669,"proto":"TCP","bytes":40,"QueryName":null}
{"@timestamp":1692161676040,"EventID":22,"Channel":"Microsoft-Windows-Sysmon\/Operational","Computer":"192.168.1.41","Image":"UNKNOWN","ParentImage":"UNKNOWN","CommandLine":"UNKNOWN","DestinationIp":null,"DestinationPort":null,"src_ip":"192.168.1.41","src_port":53902,"dst_ip":"192.168.1.4","dst_port":53,"proto":"UDP","bytes":34,"QueryName":"crl.verisign.com"}
{"@timestamp":1692161676041,"EventID":22,"Channel":"Microsoft-Windows-Sysmon\/Operational","Computer":"192.168.1.41","Image":"UNKNOWN","ParentImage":"UNKNOWN","CommandLine":"UNKNOWN","DestinationIp":null,"DestinationPort":null,"src_ip":"192.168.1.41","src_port":56028,"dst_ip":"192.168.1.4","dst_port":53,"proto":"UDP","bytes":41,"QueryName":"ctldl.windowsupdate.com"}
{"@timestamp":1692161676264,"EventID":22,"Channel":"Microsoft-Windows-Sysmon\/Operational","Computer":"192.168.1.41","Image":"UNKNOWN","ParentImage":"UNKNOWN","CommandLine":"UNKNOWN","DestinationIp":null,"DestinationPort":null,"src_ip":"192.168.1.41","src_port":62211,"dst_ip":"192.168.1.4","dst_port":53,"proto":"UDP","bytes":34,"QueryName":"dns.msftncsi.com"}
{"@timestamp":1692161677044,"EventID":22,"Channel":"Microsoft-Windows-Sysmon\/Operational","Computer":"192.168.1.41","Image":"UNKNOWN","ParentImage":"UNKNOWN","CommandLine":"UNKNOWN","DestinationIp":null,"DestinationPort":null,"src_ip":"192.168.1.41","src_port":56028,"dst_ip":"192.168.1.4","dst_port":53,"proto":"UDP","bytes":41,"QueryName":"ctldl.windowsupdate.com"}
{"@timestamp":1692161677045,"EventID":22,"Channel":"Microsoft-Windows-Sysmon\/Operational","Computer":"192.168.1.41","Image":"UNKNOWN","ParentImage":"UNKNOWN","CommandLine":"UNKNOWN","DestinationIp":null,"DestinationPort":null,"src_ip":"192.168.1.41","src_port":53902,"dst_ip":"192.168.1.4","dst_port":53,"proto":"UDP","bytes":34,"QueryName":"crl.verisign.com"}
{"@timestamp":1692161677198,"EventID":3,"Channel":"Microsoft-Windows-Sysmon\/Operational","Computer":"192.168.1.41","Image":"UNKNOWN","ParentImage":"UNKNOWN","CommandLine":"UNKNOWN","DestinationIp":"192.168.1.4","DestinationPort":"135","src_ip":"192.168.1.41","src_port":51127,"dst_ip":"192.168.1.4","dst_port":135,"proto":"TCP","bytes":40,"QueryName":null}
{"@timestamp":1692161677199,"EventID":3,"Channel":"Microsoft-Windows-Sysmon\/Operational","Computer":"192.168.1.4","Image":"UNKNOWN","ParentImage":"UNKNOWN","CommandLine":"UNKNOWN","DestinationIp":"192.168.1.41","DestinationPort":"51127","src_ip":"192.168.1.4","src_port":135,"dst_ip":"192.168.1.41","dst_port":51127,"proto":"TCP","bytes":40,"QueryName":null}
{"@timestamp":1692161677199,"EventID":3,"Channel":"Microsoft-Windows-Sysmon\/Operational","Computer":"192.168.1.4","Image":"UNKNOWN","ParentImage":"UNKNOWN","CommandLine":"UNKNOWN","DestinationIp":"192.168.1.41","DestinationPort":"51127","src_ip":"192.168.1.4","src_port":135,"dst_ip":"192.168.1.41","dst_port":51127,"proto":"TCP","bytes":40,"QueryName":null}
{"@timestamp":1692161677199,"EventID":3,"Channel":"Microsoft-Windows-Sysmon\/Operational","Computer":"192.168.1.41","Image":"UNKNOWN","ParentImage":"UNKNOWN","CommandLine":"UNKNOWN","DestinationIp":"192.168.1.4","DestinationPort":"135","src_ip":"192.168.1.41","src_port":51127,"dst_ip":"192.168.1.4","dst_port":135,"proto":"TCP","bytes":40,"QueryName":null}
{"@timestamp":1692161678067,"EventID":3,"Channel":"Microsoft-Windows-Sysmon\/Operational","Computer":"10.0.5.13","Image":"UNKNOWN","ParentImage":"UNKNOWN","CommandLine":"UNKNOWN","DestinationIp":"192.168.1.41","DestinationPort":"51129","src_ip":"10.0.5.13","src_port":8080,"dst_ip":"192.168.1.41","dst_port":51129,"proto":"TCP","bytes":40,"QueryName":null}
{"@timestamp":1692161678067,"EventID":3,"Channel":"Microsoft-Windows-Sysmon\/Operational","Computer":"192.168.1.41","Image":"UNKNOWN","ParentImage":"UNKNOWN","CommandLine":"UNKNOWN","DestinationIp":"10.0.5.13","DestinationPort":"8080","src_ip":"192.168.1.41","src_port":51129,"dst_ip":"10.0.5.13","dst_port":8080,"proto":"TCP","bytes":40,"QueryName":null}
{"@timestamp":1692161679049,"EventID":22,"Channel":"Microsoft-Windows-Sysmon\/Operational","Computer":"192.168.1.41","Image":"UNKNOWN","ParentImage":"UNKNOWN","CommandLine":"UNKNOWN","DestinationIp":null,"DestinationPort":null,"src_ip":"192.168.1.41","src_port":53902,"dst_ip":"192.168.1.4","dst_port":53,"proto":"UDP","bytes":34,"QueryName":"crl.verisign.com"}
{"@timestamp":1692161679050,"EventID":22,"Channel":"Microsoft-Windows-Sysmon\/Operational","Computer":"192.168.1.41","Image":"UNKNOWN","ParentImage":"UNKNOWN","CommandLine":"UNKNOWN","DestinationIp":null,"DestinationPort":null,"src_ip":"192.168.1.41","src_port":56028,"dst_ip":"192.168.1.4","dst_port":53,"proto":"UDP","bytes":41,"QueryName":"ctldl.windowsupdate.com"}
{"@timestamp":1692161680360,"EventID":22,"Channel":"Microsoft-Windows-Sysmon\/Operational","Computer":"192.168.1.41","Image":"UNKNOWN","ParentImage":"UNKNOWN","CommandLine":"UNKNOWN","DestinationIp":null,"DestinationPort":null,"src_ip":"192.168.1.41","src_port":62211,"dst_ip":"192.168.1.4","dst_port":53,"proto":"UDP","bytes":34,"QueryName":"dns.msftncsi.com"}
{"@timestamp":1692161680431,"EventID":22,"Channel":"Microsoft-Windows-Sysmon\/Operational","Computer":"192.168.1.41","Image":"UNKNOWN","ParentImage":"UNKNOWN","CommandLine":"UNKNOWN","DestinationIp":null,"DestinationPort":null,"src_ip":"192.168.1.41","src_port":64407,"dst_ip":"192.168.1.4","dst_port":53,"proto":"UDP","bytes":35,"QueryName":"ocsp.verisign.com"}
{"@timestamp":1692161680442,"EventID":3,"Channel":"Microsoft-Windows-Sysmon\/Operational","Computer":"192.168.1.4","Image":"UNKNOWN","ParentImage":"UNKNOWN","CommandLine":"UNKNOWN","DestinationIp":"192.168.1.41","DestinationPort":"62211","src_ip":"192.168.1.4","src_port":53,"dst_ip":"192.168.1.41","dst_port":62211,"proto":"UDP","bytes":62,"QueryName":null}
{"@timestamp":1692161681569,"EventID":22,"Channel":"Microsoft-Windows-Sysmon\/Operational","Computer":"192.168.1.41","Image":"UNKNOWN","ParentImage":"UNKNOWN","CommandLine":"UNKNOWN","DestinationIp":null,"DestinationPort":null,"src_ip":"192.168.1.41","src_port":64407,"dst_ip":"192.168.1.4","dst_port":53,"proto":"UDP","bytes":35,"QueryName":"ocsp.verisign.com"}
{"@timestamp":1692161682611,"EventID":22,"Channel":"Microsoft-Windows-Sysmon\/Operational","Computer":"192.168.1.41","Image":"UNKNOWN","ParentImage":"UNKNOWN","CommandLine":"UNKNOWN","DestinationIp":null,"DestinationPort":null,"src_ip":"192.168.1.41","src_port":64407,"dst_ip":"192.168.1.4","dst_port":53,"proto":"UDP","bytes":35,"QueryName":"ocsp.verisign.com"}
{"@timestamp":1692161683076,"EventID":22,"Channel":"Microsoft-Windows-Sysmon\/Operational","Computer":"192.168.1.41","Image":"UNKNOWN","ParentImage":"UNKNOWN","CommandLine":"UNKNOWN","DestinationIp":null,"DestinationPort":null,"src_ip":"192.168.1.41","src_port":56028,"dst_ip":"192.168.1.4","dst_port":53,"proto":"UDP","bytes":41,"QueryName":"ctldl.windowsupdate.com"}
{"@timestamp":1692161683077,"EventID":22,"Channel":"Microsoft-Windows-Sysmon\/Operational","Computer":"192.168.1.41","Image":"UNKNOWN","ParentImage":"UNKNOWN","CommandLine":"UNKNOWN","DestinationIp":null,"DestinationPort":null,"src_ip":"192.168.1.41","src_port":53902,"dst_ip":"192.168.1.4","dst_port":53,"proto":"UDP","bytes":34,"QueryName":"crl.verisign.com"}
{"@timestamp":1692161683230,"EventID":22,"Channel":"Microsoft-Windows-Sysmon\/Operational","Computer":"192.168.1.41","Image":"UNKNOWN","ParentImage":"UNKNOWN","CommandLine":"UNKNOWN","DestinationIp":null,"DestinationPort":null,"src_ip":"192.168.1.41","src_port":61323,"dst_ip":"192.168.1.4","dst_port":53,"proto":"UDP","bytes":44,"QueryName":"csc3-2010-crl.verisign.com"}
{"@timestamp":1692161684240,"EventID":22,"Channel":"Microsoft-Windows-Sysmon\/Operational","Computer":"192.168.1.41","Image":"UNKNOWN","ParentImage":"UNKNOWN","CommandLine":"UNKNOWN","DestinationIp":null,"DestinationPort":null,"src_ip":"192.168.1.41","src_port":61323,"dst_ip":"192.168.1.4","dst_port":53,"proto":"UDP","bytes":44,"QueryName":"csc3-2010-crl.verisign.com"}
{"@timestamp":1692161684685,"EventID":22,"Channel":"Microsoft-Windows-Sysmon\/Operational","Computer":"192.168.1.41","Image":"UNKNOWN","ParentImage":"UNKNOWN","CommandLine":"UNKNOWN","DestinationIp":null,"DestinationPort":null,"src_ip":"192.168.1.41","src_port":64407,"dst_ip":"192.168.1.4","dst_port":53,"proto":"UDP","bytes":35,"QueryName":"ocsp.verisign.com"}
{"@timestamp":1692161685028,"EventID":3,"Channel":"Microsoft-Windows-Sysmon\/Operational","Computer":"192.168.1.4","Image":"UNKNOWN","ParentImage":"UNKNOWN","CommandLine":"UNKNOWN","DestinationIp":"192.168.1.41","DestinationPort":"53902","src_ip":"192.168.1.4","src_port":53,"dst_ip":"192.168.1.41","dst_port":53902,"proto":"UDP","bytes":62,"QueryName":null}
{"@timestamp":1692161685028,"EventID":3,"Channel":"Microsoft-Windows-Sysmon\/Operational","Computer":"192.168.1.4","Image":"UNKNOWN","ParentImage":"UNKNOWN","CommandLine":"UNKNOWN","DestinationIp":"192.168.1.41","DestinationPort":"56028","src_ip":"192.168.1.4","src_port":53,"dst_ip":"192.168.1.41","dst_port":56028,"proto":"UDP","bytes":69,"QueryName":null}
{"@timestamp":1692161685427,"EventID":3,"Channel":"Microsoft-Windows-Sysmon\/Operational","Computer":"192.168.1.41","Image":"UNKNOWN","ParentImage":"UNKNOWN","CommandLine":"UNKNOWN","DestinationIp":"10.0.5.13","DestinationPort":"8080","src_ip":"192.168.1.41","src_port":51129,"dst_ip":"10.0.5.13","dst_port":8080,"proto":"TCP","bytes":133,"QueryName":null}
{"@timestamp":1692161685428,"EventID":3,"Channel":"Microsoft-Windows-Sysmon\/Operational","Computer":"192.168.1.41","Image":"UNKNOWN","ParentImage":"UNKNOWN","CommandLine":"UNKNOWN","DestinationIp":"10.0.5.13","DestinationPort":"8080","src_ip":"192.168.1.41","src_port":51129,"dst_ip":"10.0.5.13","dst_port":8080,"proto":"TCP","bytes":40,"QueryName":null}
{"@timestamp":1692161685431,"EventID":3,"Channel":"Microsoft-Windows-Sysmon\/Operational","Computer":"10.0.5.13","Image":"UNKNOWN","ParentImage":"UNKNOWN","CommandLine":"UNKNOWN","DestinationIp":"192.168.1.41","DestinationPort":"51129","src_ip":"10.0.5.13","src_port":8080,"dst_ip":"192.168.1.41","dst_port":51129,"proto":"TCP","bytes":40,"QueryName":null}
{"@timestamp":1692161685431,"EventID":3,"Channel":"Microsoft-Windows-Sysmon\/Operational","Computer":"192.168.1.41","Image":"UNKNOWN","ParentImage":"UNKNOWN","CommandLine":"UNKNOWN","DestinationIp":"10.0.5.13","DestinationPort":"8080","src_ip":"192.168.1.41","src_port":51130,"dst_ip":"10.0.5.13","dst_port":8080,"proto":"TCP","bytes":52,"QueryName":null}
{"@timestamp":1692161685432,"EventID":3,"Channel":"Microsoft-Windows-Sysmon\/Operational","Computer":"10.0.5.13","Image":"UNKNOWN","ParentImage":"UNKNOWN","CommandLine":"UNKNOWN","DestinationIp":"192.168.1.41","DestinationPort":"51129","src_ip":"10.0.5.13","src_port":8080,"dst_ip":"192.168.1.41","dst_port":51129,"proto":"TCP","bytes":40,"QueryName":null}
{"@timestamp":1692161685433,"EventID":3,"Channel":"Microsoft-Windows-Sysmon\/Operational","Computer":"10.0.5.13","Image":"UNKNOWN","ParentImage":"UNKNOWN","CommandLine":"UNKNOWN","DestinationIp":"192.168.1.41","DestinationPort":"51130","src_ip":"10.0.5.13","src_port":8080,"dst_ip":"192.168.1.41","dst_port":51130,"proto":"TCP","bytes":52,"QueryName":null}
{"@timestamp":1692161685482,"EventID":3,"Channel":"Microsoft-Windows-Sysmon\/Operational","Computer":"192.168.1.41","Image":"UNKNOWN","ParentImage":"UNKNOWN","CommandLine":"UNKNOWN","DestinationIp":"10.0.5.13","DestinationPort":"8080","src_ip":"192.168.1.41","src_port":51130,"dst_ip":"10.0.5.13","dst_port":8080,"proto":"TCP","bytes":40,"QueryName":null}
{"@timestamp":1692161685525,"EventID":3,"Channel":"Microsoft-Windows-Sysmon\/Operational","Computer":"192.168.1.41","Image":"UNKNOWN","ParentImage":"UNKNOWN","CommandLine":"UNKNOWN","DestinationIp":"10.0.5.13","DestinationPort":"8080","src_ip":"192.168.1.41","src_port":51130,"dst_ip":"10.0.5.13","dst_port":8080,"proto":"TCP","bytes":144,"QueryName":null}
{"@timestamp":1692161685528,"EventID":3,"Channel":"Microsoft-Windows-Sysmon\/Operational","Computer":"10.0.5.13","Image":"UNKNOWN","ParentImage":"UNKNOWN","CommandLine":"UNKNOWN","DestinationIp":"192.168.1.41","DestinationPort":"51130","src_ip":"10.0.5.13","src_port":8080,"dst_ip":"192.168.1.41","dst_port":51130,"proto":"TCP","bytes":40,"QueryName":null}
{"@timestamp":1692161685534,"EventID":22,"Channel":"Microsoft-Windows-Sysmon\/Operational","Computer":"192.168.1.41","Image":"UNKNOWN","ParentImage":"UNKNOWN","CommandLine":"UNKNOWN","DestinationIp":null,"DestinationPort":null,"src_ip":"192.168.1.41","src_port":61323,"dst_ip":"192.168.1.4","dst_port":53,"proto":"UDP","bytes":44,"QueryName":"csc3-2010-crl.verisign.com"}
{"@timestamp":1692161685536,"EventID":3,"Channel":"Microsoft-Windows-Sysmon\/Operational","Computer":"10.0.5.13","Image":"UNKNOWN","ParentImage":"UNKNOWN","CommandLine":"UNKNOWN","DestinationIp":"192.168.1.41","DestinationPort":"51130","src_ip":"10.0.5.13","src_port":8080,"dst_ip":"192.168.1.41","dst_port":51130,"proto":"TCP","bytes":1424,"QueryName":null}
{"@timestamp":1692161685549,"EventID":3,"Channel":"Microsoft-Windows-Sysmon\/Operational","Computer":"192.168.1.41","Image":"UNKNOWN","ParentImage":"UNKNOWN","CommandLine":"UNKNOWN","DestinationIp":"10.0.5.13","DestinationPort":"8080","src_ip":"192.168.1.41","src_port":51130,"dst_ip":"10.0.5.13","dst_port":8080,"proto":"TCP","bytes":40,"QueryName":null}
{"@timestamp":1692161685563,"EventID":3,"Channel":"Microsoft-Windows-Sysmon\/Operational","Computer":"192.168.1.41","Image":"UNKNOWN","ParentImage":"UNKNOWN","CommandLine":"UNKNOWN","DestinationIp":"10.0.5.13","DestinationPort":"8080","src_ip":"192.168.1.41","src_port":51130,"dst_ip":"10.0.5.13","dst_port":8080,"proto":"TCP","bytes":141,"QueryName":null}
{"@timestamp":1692161685567,"EventID":3,"Channel":"Microsoft-Windows-Sysmon\/Operational","Computer":"10.0.5.13","Image":"UNKNOWN","ParentImage":"UNKNOWN","CommandLine":"UNKNOWN","DestinationIp":"192.168.1.41","DestinationPort":"51130","src_ip":"10.0.5.13","src_port":8080,"dst_ip":"192.168.1.41","dst_port":51130,"proto":"TCP","bytes":290,"QueryName":null}
{"@timestamp":1692161685593,"EventID":3,"Channel":"Microsoft-Windows-Sysmon\/Operational","Computer":"192.168.1.41","Image":"UNKNOWN","ParentImage":"UNKNOWN","CommandLine":"UNKNOWN","DestinationIp":"10.0.5.13","DestinationPort":"8080","src_ip":"192.168.1.41","src_port":51130,"dst_ip":"10.0.5.13","dst_port":8080,"proto":"TCP","bytes":40,"QueryName":null}
{"@timestamp":1692161685649,"EventID":3,"Channel":"Microsoft-Windows-Sysmon\/Operational","Computer":"192.168.1.41","Image":"UNKNOWN","ParentImage":"UNKNOWN","CommandLine":"UNKNOWN","DestinationIp":"10.0.5.13","DestinationPort":"8080","src_ip":"192.168.1.41","src_port":51130,"dst_ip":"10.0.5.13","dst_port":8080,"proto":"TCP","bytes":333,"QueryName":null}
{"@timestamp":1692161685702,"EventID":3,"Channel":"Microsoft-Windows-Sysmon\/Operational","Computer":"10.0.5.13","Image":"UNKNOWN","ParentImage":"UNKNOWN","CommandLine":"UNKNOWN","DestinationIp":"192.168.1.41","DestinationPort":"51130","src_ip":"10.0.5.13","src_port":8080,"dst_ip":"192.168.1.41","dst_port":51130,"proto":"TCP","bytes":40,"QueryName":null}
{"@timestamp":1692161685955,"EventID":3,"Channel":"Microsoft-Windows-Sysmon\/Operational","Computer":"10.0.5.13","Image":"UNKNOWN","ParentImage":"UNKNOWN","CommandLine":"UNKNOWN","DestinationIp":"192.168.1.41","DestinationPort":"51130","src_ip":"10.0.5.13","src_port":8080,"dst_ip":"192.168.1.41","dst_port":51130,"proto":"TCP","bytes":1500,"QueryName":null}
{"@timestamp":1692161685956,"EventID":3,"Channel":"Microsoft-Windows-Sysmon\/Operational","Computer":"10.0.5.13","Image":"UNKNOWN","ParentImage":"UNKNOWN","CommandLine":"UNKNOWN","DestinationIp":"192.168.1.41","DestinationPort":"51130","src_ip":"10.0.5.13","src_port":8080,"dst_ip":"192.168.1.41","dst_port":51130,"proto":"TCP","bytes":1500,"QueryName":null}
{"@timestamp":1692161685956,"EventID":3,"Channel":"Microsoft-Windows-Sysmon\/Operational","Computer":"10.0.5.13","Image":"UNKNOWN","ParentImage":"UNKNOWN","CommandLine":"UNKNOWN","DestinationIp":"192.168.1.41","DestinationPort":"51130","src_ip":"10.0.5.13","src_port":8080,"dst_ip":"192.168.1.41","dst_port":51130,"proto":"TCP","bytes":1500,"QueryName":null}
{"@timestamp":1692161685957,"EventID":3,"Channel":"Microsoft-Windows-Sysmon\/Operational","Computer":"10.0.5.13","Image":"UNKNOWN","ParentImage":"UNKNOWN","CommandLine":"UNKNOWN","DestinationIp":"192.168.1.41","DestinationPort":"51130","src_ip":"10.0.5.13","src_port":8080,"dst_ip":"192.168.1.41","dst_port":51130,"proto":"TCP","bytes":1500,"QueryName":null}
{"@timestamp":1692161685957,"EventID":3,"Channel":"Microsoft-Windows-Sysmon\/Operational","Computer":"10.0.5.13","Image":"UNKNOWN","ParentImage":"UNKNOWN","CommandLine":"UNKNOWN","DestinationIp":"192.168.1.41","DestinationPort":"51130","src_ip":"10.0.5.13","src_port":8080,"dst_ip":"192.168.1.41","dst_port":51130,"proto":"TCP","bytes":1500,"QueryName":null}
{"@timestamp":1692161685958,"EventID":3,"Channel":"Microsoft-Windows-Sysmon\/Operational","Computer":"10.0.5.13","Image":"UNKNOWN","ParentImage":"UNKNOWN","CommandLine":"UNKNOWN","DestinationIp":"192.168.1.41","DestinationPort":"51130","src_ip":"10.0.5.13","src_port":8080,"dst_ip":"192.168.1.41","dst_port":51130,"proto":"TCP","bytes":1500,"QueryName":null}
{"@timestamp":1692161685958,"EventID":3,"Channel":"Microsoft-Windows-Sysmon\/Operational","Computer":"10.0.5.13","Image":"UNKNOWN","ParentImage":"UNKNOWN","CommandLine":"UNKNOWN","DestinationIp":"192.168.1.41","DestinationPort":"51130","src_ip":"10.0.5.13","src_port":8080,"dst_ip":"192.168.1.41","dst_port":51130,"proto":"TCP","bytes":1500,"QueryName":null}
{"@timestamp":1692161685959,"EventID":3,"Channel":"Microsoft-Windows-Sysmon\/Operational","Computer":"10.0.5.13","Image":"UNKNOWN","ParentImage":"UNKNOWN","CommandLine":"UNKNOWN","DestinationIp":"192.168.1.41","DestinationPort":"51130","src_ip":"10.0.5.13","src_port":8080,"dst_ip":"192.168.1.41","dst_port":51130,"proto":"TCP","bytes":1500,"QueryName":null}
{"@timestamp":1692161685959,"EventID":3,"Channel":"Microsoft-Windows-Sysmon\/Operational","Computer":"10.0.5.13","Image":"UNKNOWN","ParentImage":"UNKNOWN","CommandLine":"UNKNOWN","DestinationIp":"192.168.1.41","DestinationPort":"51130","src_ip":"10.0.5.13","src_port":8080,"dst_ip":"192.168.1.41","dst_port":51130,"proto":"TCP","bytes":1500,"QueryName":null}
{"@timestamp":1692161685959,"EventID":3,"Channel":"Microsoft-Windows-Sysmon\/Operational","Computer":"10.0.5.13","Image":"UNKNOWN","ParentImage":"UNKNOWN","CommandLine":"UNKNOWN","DestinationIp":"192.168.1.41","DestinationPort":"51130","src_ip":"10.0.5.13","src_port":8080,"dst_ip":"192.168.1.41","dst_port":51130,"proto":"TCP","bytes":1500,"QueryName":null}
{"@timestamp":1692161685972,"EventID":3,"Channel":"Microsoft-Windows-Sysmon\/Operational","Computer":"192.168.1.41","Image":"UNKNOWN","ParentImage":"UNKNOWN","CommandLine":"UNKNOWN","DestinationIp":"10.0.5.13","DestinationPort":"8080","src_ip":"192.168.1.41","src_port":51130,"dst_ip":"10.0.5.13","dst_port":8080,"proto":"TCP","bytes":40,"QueryName":null}
{"@timestamp":1692161685982,"EventID":3,"Channel":"Microsoft-Windows-Sysmon\/Operational","Computer":"10.0.5.13","Image":"UNKNOWN","ParentImage":"UNKNOWN","CommandLine":"UNKNOWN","DestinationIp":"192.168.1.41","DestinationPort":"51130","src_ip":"10.0.5.13","src_port":8080,"dst_ip":"192.168.1.41","dst_port":51130,"proto":"TCP","bytes":1500,"QueryName":null}
{"@timestamp":1692161685983,"EventID":3,"Channel":"Microsoft-Windows-Sysmon\/Operational","Computer":"10.0.5.13","Image":"UNKNOWN","ParentImage":"UNKNOWN","CommandLine":"UNKNOWN","DestinationIp":"192.168.1.41","DestinationPort":"51130","src_ip":"10.0.5.13","src_port":8080,"dst_ip":"192.168.1.41","dst_port":51130,"proto":"TCP","bytes":1500,"QueryName":null}
{"@timestamp":1692161685983,"EventID":3,"Channel":"Microsoft-Windows-Sysmon\/Operational","Computer":"10.0.5.13","Image":"UNKNOWN","ParentImage":"UNKNOWN","CommandLine":"UNKNOWN","DestinationIp":"192.168.1.41","DestinationPort":"51130","src_ip":"10.0.5.13","src_port":8080,"dst_ip":"192.168.1.41","dst_port":51130,"proto":"TCP","bytes":1500,"QueryName":null}
{"@timestamp":1692161685985,"EventID":3,"Channel":"Microsoft-Windows-Sysmon\/Operational","Computer":"10.0.5.13","Image":"UNKNOWN","ParentImage":"UNKNOWN","CommandLine":"UNKNOWN","DestinationIp":"192.168.1.41","DestinationPort":"51130","src_ip":"10.0.5.13","src_port":8080,"dst_ip":"192.168.1.41","dst_port":51130,"proto":"TCP","bytes":1500,"QueryName":null}
{"@timestamp":1692161685985,"EventID":3,"Channel":"Microsoft-Windows-Sysmon\/Operational","Computer":"10.0.5.13","Image":"UNKNOWN","ParentImage":"UNKNOWN","CommandLine":"UNKNOWN","DestinationIp":"192.168.1.41","DestinationPort":"51130","src_ip":"10.0.5.13","src_port":8080,"dst_ip":"192.168.1.41","dst_port":51130,"proto":"TCP","bytes":1500,"QueryName":null}
{"@timestamp":1692161685985,"EventID":3,"Channel":"Microsoft-Windows-Sysmon\/Operational","Computer":"10.0.5.13","Image":"UNKNOWN","ParentImage":"UNKNOWN","CommandLine":"UNKNOWN","DestinationIp":"192.168.1.41","DestinationPort":"51130","src_ip":"10.0.5.13","src_port":8080,"dst_ip":"192.168.1.41","dst_port":51130,"proto":"TCP","bytes":1500,"QueryName":null}
{"@timestamp":1692161685986,"EventID":3,"Channel":"Microsoft-Windows-Sysmon\/Operational","Computer":"10.0.5.13","Image":"UNKNOWN","ParentImage":"UNKNOWN","CommandLine":"UNKNOWN","DestinationIp":"192.168.1.41","DestinationPort":"51130","src_ip":"10.0.5.13","src_port":8080,"dst_ip":"192.168.1.41","dst_port":51130,"proto":"TCP","bytes":1500,"QueryName":null}
{"@timestamp":1692161685986,"EventID":3,"Channel":"Microsoft-Windows-Sysmon\/Operational","Computer":"10.0.5.13","Image":"UNKNOWN","ParentImage":"UNKNOWN","CommandLine":"UNKNOWN","DestinationIp":"192.168.1.41","DestinationPort":"51130","src_ip":"10.0.5.13","src_port":8080,"dst_ip":"192.168.1.41","dst_port":51130,"proto":"TCP","bytes":1500,"QueryName":null}
{"@timestamp":1692161685986,"EventID":3,"Channel":"Microsoft-Windows-Sysmon\/Operational","Computer":"10.0.5.13","Image":"UNKNOWN","ParentImage":"UNKNOWN","CommandLine":"UNKNOWN","DestinationIp":"192.168.1.41","DestinationPort":"51130","src_ip":"10.0.5.13","src_port":8080,"dst_ip":"192.168.1.41","dst_port":51130,"proto":"TCP","bytes":1500,"QueryName":null}
{"@timestamp":1692161685987,"EventID":3,"Channel":"Microsoft-Windows-Sysmon\/Operational","Computer":"192.168.1.41","Image":"UNKNOWN","ParentImage":"UNKNOWN","CommandLine":"UNKNOWN","DestinationIp":"10.0.5.13","DestinationPort":"8080","src_ip":"192.168.1.41","src_port":51130,"dst_ip":"10.0.5.13","dst_port":8080,"proto":"TCP","bytes":40,"QueryName":null}
{"@timestamp":1692161685988,"EventID":3,"Channel":"Microsoft-Windows-Sysmon\/Operational","Computer":"10.0.5.13","Image":"UNKNOWN","ParentImage":"UNKNOWN","CommandLine":"UNKNOWN","DestinationIp":"192.168.1.41","DestinationPort":"51130","src_ip":"10.0.5.13","src_port":8080,"dst_ip":"192.168.1.41","dst_port":51130,"proto":"TCP","bytes":1500,"QueryName":null}
{"@timestamp":1692161685988,"EventID":3,"Channel":"Microsoft-Windows-Sysmon\/Operational","Computer":"192.168.1.41","Image":"UNKNOWN","ParentImage":"UNKNOWN","CommandLine":"UNKNOWN","DestinationIp":"10.0.5.13","DestinationPort":"8080","src_ip":"192.168.1.41","src_port":51130,"dst_ip":"10.0.5.13","dst_port":8080,"proto":"TCP","bytes":40,"QueryName":null}
{"@timestamp":1692161685989,"EventID":3,"Channel":"Microsoft-Windows-Sysmon\/Operational","Computer":"10.0.5.13","Image":"UNKNOWN","ParentImage":"UNKNOWN","CommandLine":"UNKNOWN","DestinationIp":"192.168.1.41","DestinationPort":"51130","src_ip":"10.0.5.13","src_port":8080,"dst_ip":"192.168.1.41","dst_port":51130,"proto":"TCP","bytes":1500,"QueryName":null}
{"@timestamp":1692161685989,"EventID":3,"Channel":"Microsoft-Windows-Sysmon\/Operational","Computer":"10.0.5.13","Image":"UNKNOWN","ParentImage":"UNKNOWN","CommandLine":"UNKNOWN","DestinationIp":"192.168.1.41","DestinationPort":"51130","src_ip":"10.0.5.13","src_port":8080,"dst_ip":"192.168.1.41","dst_port":51130,"proto":"TCP","bytes":1500,"QueryName":null}
{"@timestamp":1692161685990,"EventID":3,"Channel":"Microsoft-Windows-Sysmon\/Operational","Computer":"10.0.5.13","Image":"UNKNOWN","ParentImage":"UNKNOWN","CommandLine":"UNKNOWN","DestinationIp":"192.168.1.41","DestinationPort":"51130","src_ip":"10.0.5.13","src_port":8080,"dst_ip":"192.168.1.41","dst_port":51130,"proto":"TCP","bytes":1500,"QueryName":null}
{"@timestamp":1692161685993,"EventID":3,"Channel":"Microsoft-Windows-Sysmon\/Operational","Computer":"10.0.5.13","Image":"UNKNOWN","ParentImage":"UNKNOWN","CommandLine":"UNKNOWN","DestinationIp":"192.168.1.41","DestinationPort":"51130","src_ip":"10.0.5.13","src_port":8080,"dst_ip":"192.168.1.41","dst_port":51130,"proto":"TCP","bytes":1500,"QueryName":null}
{"@timestamp":1692161685993,"EventID":3,"Channel":"Microsoft-Windows-Sysmon\/Operational","Computer":"10.0.5.13","Image":"UNKNOWN","ParentImage":"UNKNOWN","CommandLine":"UNKNOWN","DestinationIp":"192.168.1.41","DestinationPort":"51130","src_ip":"10.0.5.13","src_port":8080,"dst_ip":"192.168.1.41","dst_port":51130,"proto":"TCP","bytes":1500,"QueryName":null}
